#
# There is insufficient memory for the Java Runtime Environment to continue.
# Native memory allocation (malloc) failed to allocate 1602576 bytes for Chunk::new
# Possible reasons:
#   The system is out of physical RAM or swap space
#   The process is running with CompressedOops enabled, and the Java Heap may be blocking the growth of the native heap
# Possible solutions:
#   Reduce memory load on the system
#   Increase physical memory or swap space
#   Check if swap backing store is full
#   Decrease Java heap size (-Xmx/-Xms)
#   Decrease number of Java threads
#   Decrease Java thread stack sizes (-Xss)
#   Set larger code cache with -XX:ReservedCodeCacheSize=
#   JVM is running with Unscaled Compressed Oops mode in which the Java heap is
#     placed in the first 4GB address space. The Java Heap base address is the
#     maximum limit for the native heap growth. Please use -XX:HeapBaseMinAddress
#     to set the Java Heap base and to place the Java Heap above 4GB virtual address.
# This output file may be truncated or incomplete.
#
#  Out of Memory Error (arena.cpp:189), pid=59744, tid=18068
#
# JRE version: OpenJDK Runtime Environment Temurin-17.0.2+8 (17.0.2+8) (build 17.0.2+8)
# Java VM: OpenJDK 64-Bit Server VM Temurin-17.0.2+8 (17.0.2+8, mixed mode, tiered, compressed oops, compressed class ptrs, g1 gc, windows-amd64)
# No core dump will be written. Minidumps are not enabled by default on client versions of Windows
#

---------------  S U M M A R Y ------------

Command Line: -XX:+ShowCodeDetailsInExceptionMessages com.shop.apigateway.ApiGatewayApplication

Host: Intel(R) Core(TM) i3-7100U CPU @ 2.40GHz, 4 cores, 3G,  Windows 10 , 64 bit Build 19041 (10.0.19041.928)
Time: Tue May 24 09:46:52 2022 India Standard Time elapsed time: 82.191156 seconds (0d 0h 1m 22s)

---------------  T H R E A D  ---------------

Current thread (0x00000250fd96bd00):  JavaThread "C2 CompilerThread0" daemon [_thread_in_native, id=18068, stack(0x000000c95c100000,0x000000c95c200000)]


Current CompileTask:
C2:  82191 5348       4       org.springframework.core.annotation.AnnotationsScanner::process (43 bytes)

Stack: [0x000000c95c100000,0x000000c95c200000]
Native frames: (J=compiled Java code, j=interpreted, Vv=VM code, C=native code)
V  [jvm.dll+0x67564a]
V  [jvm.dll+0x82fc04]
V  [jvm.dll+0x8313ae]
V  [jvm.dll+0x831a13]
V  [jvm.dll+0x245235]
V  [jvm.dll+0xabd7b]
V  [jvm.dll+0xac30c]
V  [jvm.dll+0x3631a2]
V  [jvm.dll+0x32d891]
V  [jvm.dll+0x32cd3a]
V  [jvm.dll+0x2180d1]
V  [jvm.dll+0x2174f1]
V  [jvm.dll+0x1a3a8d]
V  [jvm.dll+0x226ef8]
V  [jvm.dll+0x22503c]
V  [jvm.dll+0x7e596b]
V  [jvm.dll+0x7dff2a]
V  [jvm.dll+0x6744d5]
C  [ucrtbase.dll+0x21bb2]
C  [KERNEL32.DLL+0x17034]
C  [ntdll.dll+0x52651]


---------------  P R O C E S S  ---------------

Threads class SMR info:
_java_thread_list=0x0000025081d534b0, length=22, elements={
0x00000250fd929740, 0x00000250fd92a5b0, 0x00000250fd965130, 0x00000250fd969c10,
0x00000250fd96a5c0, 0x00000250fd96af70, 0x00000250fd96bd00, 0x00000250fd96c7a0,
0x00000250fe410060, 0x00000250fe4f46a0, 0x00000250fe512420, 0x00000250802c6440,
0x00000250feb851e0, 0x00000250825c9230, 0x00000250823375a0, 0x0000025081eb8550,
0x00000250803445f0, 0x00000250828010b0, 0x00000250827fe090, 0x0000025082801580,
0x00000250827ff8a0, 0x00000250827ffd70
}

Java Threads: ( => current thread )
  0x00000250fd929740 JavaThread "Reference Handler" daemon [_thread_blocked, id=95056, stack(0x000000c95bb00000,0x000000c95bc00000)]
  0x00000250fd92a5b0 JavaThread "Finalizer" daemon [_thread_blocked, id=27672, stack(0x000000c95bc00000,0x000000c95bd00000)]
  0x00000250fd965130 JavaThread "Signal Dispatcher" daemon [_thread_blocked, id=39696, stack(0x000000c95bd00000,0x000000c95be00000)]
  0x00000250fd969c10 JavaThread "Attach Listener" daemon [_thread_blocked, id=109608, stack(0x000000c95be00000,0x000000c95bf00000)]
  0x00000250fd96a5c0 JavaThread "Service Thread" daemon [_thread_blocked, id=93324, stack(0x000000c95bf00000,0x000000c95c000000)]
  0x00000250fd96af70 JavaThread "Monitor Deflation Thread" daemon [_thread_blocked, id=51340, stack(0x000000c95c000000,0x000000c95c100000)]
=>0x00000250fd96bd00 JavaThread "C2 CompilerThread0" daemon [_thread_in_native, id=18068, stack(0x000000c95c100000,0x000000c95c200000)]
  0x00000250fd96c7a0 JavaThread "C1 CompilerThread0" daemon [_thread_blocked, id=82968, stack(0x000000c95c200000,0x000000c95c300000)]
  0x00000250fe410060 JavaThread "Sweeper thread" daemon [_thread_blocked, id=115432, stack(0x000000c95c300000,0x000000c95c400000)]
  0x00000250fe4f46a0 JavaThread "Notification Thread" daemon [_thread_blocked, id=19556, stack(0x000000c95c400000,0x000000c95c500000)]
  0x00000250fe512420 JavaThread "Common-Cleaner" daemon [_thread_blocked, id=106024, stack(0x000000c95c600000,0x000000c95c700000)]
  0x00000250802c6440 JavaThread "boundedElastic-evictor-1" daemon [_thread_blocked, id=90668, stack(0x000000c95cb00000,0x000000c95cc00000)]
  0x00000250feb851e0 JavaThread "spring.cloud.inetutils" daemon [_thread_blocked, id=46040, stack(0x000000c95cc00000,0x000000c95cd00000)]
  0x00000250825c9230 JavaThread "AsyncResolver-bootstrap-0" daemon [_thread_blocked, id=30688, stack(0x000000c95cd00000,0x000000c95ce00000)]
  0x00000250823375a0 JavaThread "DiscoveryClient-0" daemon [_thread_blocked, id=71148, stack(0x000000c95ce00000,0x000000c95cf00000)]
  0x0000025081eb8550 JavaThread "DiscoveryClient-1" daemon [_thread_blocked, id=68964, stack(0x000000c95cf00000,0x000000c95d000000)]
  0x00000250803445f0 JavaThread "DiscoveryClient-InstanceInfoReplicator-0" daemon [_thread_blocked, id=94468, stack(0x000000c95d000000,0x000000c95d100000)]
  0x00000250828010b0 JavaThread "reactor-http-nio-1" daemon [_thread_in_native, id=69156, stack(0x000000c95d100000,0x000000c95d200000)]
  0x00000250827fe090 JavaThread "server" [_thread_blocked, id=95972, stack(0x000000c95d200000,0x000000c95d300000)]
  0x0000025082801580 JavaThread "DestroyJavaVM" [_thread_blocked, id=59524, stack(0x000000c95b400000,0x000000c95b500000)]
  0x00000250827ff8a0 JavaThread "DiscoveryClient-HeartbeatExecutor-0" daemon [_thread_blocked, id=99484, stack(0x000000c95d500000,0x000000c95d600000)]
  0x00000250827ffd70 JavaThread "DiscoveryClient-CacheRefreshExecutor-0" daemon [_thread_blocked, id=74984, stack(0x000000c95d600000,0x000000c95d700000)]

Other Threads:
  0x00000250fd90fd50 VMThread "VM Thread" [stack: 0x000000c95ba00000,0x000000c95bb00000] [id=88288]
  0x00000250fe4f4b70 WatcherThread [stack: 0x000000c95c500000,0x000000c95c600000] [id=62296]
  0x00000250e53a7b40 GCTaskThread "GC Thread#0" [stack: 0x000000c95b500000,0x000000c95b600000] [id=1944]
  0x00000250fef47400 GCTaskThread "GC Thread#1" [stack: 0x000000c95c700000,0x000000c95c800000] [id=34264]
  0x00000250fef44980 GCTaskThread "GC Thread#2" [stack: 0x000000c95c800000,0x000000c95c900000] [id=33096]
  0x00000250fef44c30 GCTaskThread "GC Thread#3" [stack: 0x000000c95c900000,0x000000c95ca00000] [id=96204]
  0x00000250e53b07c0 ConcurrentGCThread "G1 Main Marker" [stack: 0x000000c95b600000,0x000000c95b700000] [id=24720]
  0x00000250e53b21e0 ConcurrentGCThread "G1 Conc#0" [stack: 0x000000c95b700000,0x000000c95b800000] [id=79852]
  0x00000250e53f0120 ConcurrentGCThread "G1 Refine#0" [stack: 0x000000c95b800000,0x000000c95b900000] [id=68116]
  0x00000250feaa55d0 ConcurrentGCThread "G1 Refine#1" [stack: 0x000000c95ca00000,0x000000c95cb00000] [id=31492]
  0x00000250e53f0b40 ConcurrentGCThread "G1 Service" [stack: 0x000000c95b900000,0x000000c95ba00000] [id=10128]

Threads with active compile tasks:
C2 CompilerThread0    82280 5348       4       org.springframework.core.annotation.AnnotationsScanner::process (43 bytes)

VM state: not at safepoint (normal execution)

VM Mutex/Monitor currently owned by a thread: None

Heap address: 0x00000000c1600000, size: 1002 MB, Compressed Oops mode: 32-bit

CDS archive(s) not mapped
Compressed class space mapped at: 0x0000000100000000-0x0000000140000000, reserved size: 1073741824
Narrow klass base: 0x0000000000000000, Narrow klass shift: 3, Narrow klass range: 0x140000000

GC Precious Log:
 CPUs: 4 total, 4 available
 Memory: 4007M
 Large Page Support: Disabled
 NUMA Support: Disabled
 Compressed Oops: Enabled (32-bit)
 Heap Region Size: 1M
 Heap Min Capacity: 8M
 Heap Initial Capacity: 64M
 Heap Max Capacity: 1002M
 Pre-touch: Disabled
 Parallel Workers: 4
 Concurrent Workers: 1
 Concurrent Refinement Workers: 4
 Periodic GC: Disabled

Heap:
 garbage-first heap   total 45056K, used 27865K [0x00000000c1600000, 0x0000000100000000)
  region size 1024K, 7 young (7168K), 2 survivors (2048K)
 Metaspace       used 51118K, committed 51520K, reserved 1097728K
  class space    used 6606K, committed 6784K, reserved 1048576K

Heap Regions: E=young(eden), S=young(survivor), O=old, HS=humongous(starts), HC=humongous(continues), CS=collection set, F=free, OA=open archive, CA=closed archive, TAMS=top-at-mark-start (previous, next)
|   0|0x00000000c1600000, 0x00000000c1700000, 0x00000000c1700000|100%| O|  |TAMS 0x00000000c1700000, 0x00000000c1600000| Untracked 
|   1|0x00000000c1700000, 0x00000000c1800000, 0x00000000c1800000|100%| O|  |TAMS 0x00000000c1800000, 0x00000000c1700000| Untracked 
|   2|0x00000000c1800000, 0x00000000c1900000, 0x00000000c1900000|100%| O|  |TAMS 0x00000000c1900000, 0x00000000c1800000| Untracked 
|   3|0x00000000c1900000, 0x00000000c1a00000, 0x00000000c1a00000|100%| O|  |TAMS 0x00000000c1a00000, 0x00000000c1900000| Untracked 
|   4|0x00000000c1a00000, 0x00000000c1b00000, 0x00000000c1b00000|100%| O|  |TAMS 0x00000000c1b00000, 0x00000000c1a00000| Untracked 
|   5|0x00000000c1b00000, 0x00000000c1c00000, 0x00000000c1c00000|100%| O|  |TAMS 0x00000000c1c00000, 0x00000000c1b00000| Untracked 
|   6|0x00000000c1c00000, 0x00000000c1d00000, 0x00000000c1d00000|100%| O|  |TAMS 0x00000000c1d00000, 0x00000000c1c00000| Untracked 
|   7|0x00000000c1d00000, 0x00000000c1e00000, 0x00000000c1e00000|100%| O|  |TAMS 0x00000000c1e00000, 0x00000000c1d00000| Complete 
|   8|0x00000000c1e00000, 0x00000000c1f00000, 0x00000000c1f00000|100%| O|  |TAMS 0x00000000c1f00000, 0x00000000c1e00000| Untracked 
|   9|0x00000000c1f00000, 0x00000000c2000000, 0x00000000c2000000|100%| O|  |TAMS 0x00000000c2000000, 0x00000000c1f00000| Untracked 
|  10|0x00000000c2000000, 0x00000000c2100000, 0x00000000c2100000|100%| O|  |TAMS 0x00000000c2100000, 0x00000000c2000000| Untracked 
|  11|0x00000000c2100000, 0x00000000c2200000, 0x00000000c2200000|100%| O|  |TAMS 0x00000000c2200000, 0x00000000c2100000| Untracked 
|  12|0x00000000c2200000, 0x00000000c2300000, 0x00000000c2300000|100%| O|  |TAMS 0x00000000c2300000, 0x00000000c2200000| Untracked 
|  13|0x00000000c2300000, 0x00000000c2400000, 0x00000000c2400000|100%| O|  |TAMS 0x00000000c2400000, 0x00000000c2300000| Untracked 
|  14|0x00000000c2400000, 0x00000000c2500000, 0x00000000c2500000|100%| O|  |TAMS 0x00000000c2500000, 0x00000000c2400000| Untracked 
|  15|0x00000000c2500000, 0x00000000c2600000, 0x00000000c2600000|100%| O|  |TAMS 0x00000000c2600000, 0x00000000c2500000| Untracked 
|  16|0x00000000c2600000, 0x00000000c2700000, 0x00000000c2700000|100%| O|  |TAMS 0x00000000c2700000, 0x00000000c2600000| Untracked 
|  17|0x00000000c2700000, 0x00000000c2800000, 0x00000000c2800000|100%| O|  |TAMS 0x00000000c2800000, 0x00000000c2700000| Untracked 
|  18|0x00000000c2800000, 0x00000000c2900000, 0x00000000c2900000|100%| O|  |TAMS 0x00000000c2900000, 0x00000000c2800000| Untracked 
|  19|0x00000000c2900000, 0x00000000c2a00000, 0x00000000c2a00000|100%| O|  |TAMS 0x00000000c2a00000, 0x00000000c2900000| Untracked 
|  20|0x00000000c2a00000, 0x00000000c2b00000, 0x00000000c2b00000|100%| O|  |TAMS 0x00000000c2b00000, 0x00000000c2a00000| Untracked 
|  21|0x00000000c2b00000, 0x00000000c2c00000, 0x00000000c2c00000|100%| O|  |TAMS 0x00000000c2c00000, 0x00000000c2b00000| Untracked 
|  22|0x00000000c2c00000, 0x00000000c2cc7200, 0x00000000c2d00000| 77%| O|  |TAMS 0x00000000c2cc7200, 0x00000000c2c00000| Untracked 
|  23|0x00000000c2d00000, 0x00000000c2d00000, 0x00000000c2e00000|  0%| F|  |TAMS 0x00000000c2d00000, 0x00000000c2d00000| Untracked 
|  24|0x00000000c2e00000, 0x00000000c2e00000, 0x00000000c2f00000|  0%| F|  |TAMS 0x00000000c2e00000, 0x00000000c2e00000| Untracked 
|  25|0x00000000c2f00000, 0x00000000c2f00000, 0x00000000c3000000|  0%| F|  |TAMS 0x00000000c2f00000, 0x00000000c2f00000| Untracked 
|  26|0x00000000c3000000, 0x00000000c3000000, 0x00000000c3100000|  0%| F|  |TAMS 0x00000000c3000000, 0x00000000c3000000| Untracked 
|  27|0x00000000c3100000, 0x00000000c3100000, 0x00000000c3200000|  0%| F|  |TAMS 0x00000000c3100000, 0x00000000c3100000| Untracked 
|  28|0x00000000c3200000, 0x00000000c3200000, 0x00000000c3300000|  0%| F|  |TAMS 0x00000000c3200000, 0x00000000c3200000| Untracked 
|  29|0x00000000c3300000, 0x00000000c3300000, 0x00000000c3400000|  0%| F|  |TAMS 0x00000000c3300000, 0x00000000c3300000| Untracked 
|  30|0x00000000c3400000, 0x00000000c346f4a0, 0x00000000c3500000| 43%| S|CS|TAMS 0x00000000c3400000, 0x00000000c3400000| Complete 
|  31|0x00000000c3500000, 0x00000000c3600000, 0x00000000c3600000|100%| S|CS|TAMS 0x00000000c3500000, 0x00000000c3500000| Complete 
|  32|0x00000000c3600000, 0x00000000c3600000, 0x00000000c3700000|  0%| F|  |TAMS 0x00000000c3600000, 0x00000000c3600000| Untracked 
|  33|0x00000000c3700000, 0x00000000c3700000, 0x00000000c3800000|  0%| F|  |TAMS 0x00000000c3700000, 0x00000000c3700000| Untracked 
|  34|0x00000000c3800000, 0x00000000c3800000, 0x00000000c3900000|  0%| F|  |TAMS 0x00000000c3800000, 0x00000000c3800000| Untracked 
|  35|0x00000000c3900000, 0x00000000c3900000, 0x00000000c3a00000|  0%| F|  |TAMS 0x00000000c3900000, 0x00000000c3900000| Untracked 
|  36|0x00000000c3a00000, 0x00000000c3a00000, 0x00000000c3b00000|  0%| F|  |TAMS 0x00000000c3a00000, 0x00000000c3a00000| Untracked 
|  37|0x00000000c3b00000, 0x00000000c3b00000, 0x00000000c3c00000|  0%| F|  |TAMS 0x00000000c3b00000, 0x00000000c3b00000| Untracked 
|  38|0x00000000c3c00000, 0x00000000c3c00000, 0x00000000c3d00000|  0%| F|  |TAMS 0x00000000c3c00000, 0x00000000c3c00000| Untracked 
|  39|0x00000000c3d00000, 0x00000000c3d29808, 0x00000000c3e00000| 16%| E|  |TAMS 0x00000000c3d00000, 0x00000000c3d00000| Complete 
|  43|0x00000000c4100000, 0x00000000c4200000, 0x00000000c4200000|100%| E|CS|TAMS 0x00000000c4100000, 0x00000000c4100000| Complete 
|  44|0x00000000c4200000, 0x00000000c4300000, 0x00000000c4300000|100%| E|CS|TAMS 0x00000000c4200000, 0x00000000c4200000| Complete 
|  45|0x00000000c4300000, 0x00000000c4400000, 0x00000000c4400000|100%| E|CS|TAMS 0x00000000c4300000, 0x00000000c4300000| Complete 
|  63|0x00000000c5500000, 0x00000000c5600000, 0x00000000c5600000|100%| E|  |TAMS 0x00000000c5500000, 0x00000000c5500000| Complete 

Card table byte_map: [0x00000250f8ff0000,0x00000250f91f0000] _byte_map_base: 0x00000250f89e5000

Marking Bits (Prev, Next): (CMBitMap*) 0x00000250e53a8190, (CMBitMap*) 0x00000250e53a8150
 Prev Bits: [0x00000250fa3a0000, 0x00000250fb348000)
 Next Bits: [0x00000250f93f0000, 0x00000250fa398000)

Polling page: 0x00000250e5440000

Metaspace:

Usage:
  Non-class:     43.47 MB used.
      Class:      6.45 MB used.
       Both:     49.92 MB used.

Virtual space:
  Non-class space:       48.00 MB reserved,      43.69 MB ( 91%) committed,  6 nodes.
      Class space:        1.00 GB reserved,       6.62 MB ( <1%) committed,  1 nodes.
             Both:        1.05 GB reserved,      50.31 MB (  5%) committed. 

Chunk freelists:
   Non-Class:  3.67 MB
       Class:  1.35 MB
        Both:  5.01 MB

MaxMetaspaceSize: unlimited
CompressedClassSpaceSize: 1.00 GB
Initial GC threshold: 21.00 MB
Current GC threshold: 82.81 MB
CDS: off
MetaspaceReclaimPolicy: balanced
 - commit_granule_bytes: 65536.
 - commit_granule_words: 8192.
 - virtual_space_node_default_size: 1048576.
 - enlarge_chunks_in_place: 1.
 - new_chunks_are_fully_committed: 0.
 - uncommit_free_chunks: 1.
 - use_allocation_guard: 0.
 - handle_deallocations: 1.


Internal statistics:

num_allocs_failed_limit: 6.
num_arena_births: 450.
num_arena_deaths: 0.
num_vsnodes_births: 7.
num_vsnodes_deaths: 0.
num_space_committed: 805.
num_space_uncommitted: 0.
num_chunks_returned_to_freelist: 6.
num_chunks_taken_from_freelist: 1977.
num_chunk_merges: 6.
num_chunk_splits: 1360.
num_chunks_enlarged: 1027.
num_purges: 0.
num_inconsistent_stats: 0.

CodeHeap 'non-profiled nmethods': size=120000Kb used=2549Kb max_used=2549Kb free=117450Kb
 bounds [0x00000250f1290000, 0x00000250f1510000, 0x00000250f87c0000]
CodeHeap 'profiled nmethods': size=120000Kb used=11395Kb max_used=11395Kb free=108604Kb
 bounds [0x00000250e9d60000, 0x00000250ea890000, 0x00000250f1290000]
CodeHeap 'non-nmethods': size=5760Kb used=1273Kb max_used=1353Kb free=4487Kb
 bounds [0x00000250e97c0000, 0x00000250e9a30000, 0x00000250e9d60000]
 total_blobs=5850 nmethods=5257 adapters=505
 compilation: enabled
              stopped_count=0, restarted_count=0
 full_count=0

Compilation events (20 events):
Event: 81.348 Thread 0x00000250fd96c7a0 nmethod 5344 0x00000250ea87da10 code [0x00000250ea87dba0, 0x00000250ea87dce8]
Event: 81.437 Thread 0x00000250fd96c7a0 5345       1       org.springframework.http.server.PathContainer$Options::separator (5 bytes)
Event: 81.437 Thread 0x00000250fd96c7a0 nmethod 5345 0x00000250f150c590 code [0x00000250f150c720, 0x00000250f150c7f8]
Event: 81.534 Thread 0x00000250fd96c7a0 5347       3       org.springframework.core.SerializableTypeWrapper$MethodInvokeTypeProvider::getType (58 bytes)
Event: 81.536 Thread 0x00000250fd96bd00 5348       4       org.springframework.core.annotation.AnnotationsScanner::process (43 bytes)
Event: 81.544 Thread 0x00000250fd96c7a0 nmethod 5347 0x00000250ea87dd90 code [0x00000250ea87e000, 0x00000250ea87ebc8]
Event: 81.545 Thread 0x00000250fd96c7a0 5351       3       jdk.internal.misc.Unsafe::weakCompareAndSetLong (11 bytes)
Event: 81.545 Thread 0x00000250fd96c7a0 nmethod 5351 0x00000250ea87ef90 code [0x00000250ea87f120, 0x00000250ea87f258]
Event: 81.545 Thread 0x00000250fd96c7a0 5350       1       java.net.URI::getScheme (5 bytes)
Event: 81.546 Thread 0x00000250fd96c7a0 nmethod 5350 0x00000250f150c890 code [0x00000250f150ca20, 0x00000250f150caf8]
Event: 81.546 Thread 0x00000250fd96c7a0 5352       1       org.springframework.boot.context.properties.bind.Bindable::getBoxedType (5 bytes)
Event: 81.547 Thread 0x00000250fd96c7a0 nmethod 5352 0x00000250f150cb90 code [0x00000250f150cd20, 0x00000250f150cdf8]
Event: 81.548 Thread 0x00000250fd96c7a0 5353       1       org.springframework.boot.context.properties.bind.AggregateBinder::getContext (5 bytes)
Event: 81.549 Thread 0x00000250fd96c7a0 nmethod 5353 0x00000250f150ce90 code [0x00000250f150d020, 0x00000250f150d0f8]
Event: 81.549 Thread 0x00000250fd96c7a0 5354       3       org.springframework.boot.context.properties.bind.AbstractBindHandler::onSuccess (15 bytes)
Event: 81.555 Thread 0x00000250fd96c7a0 nmethod 5354 0x00000250ea87f310 code [0x00000250ea87f4c0, 0x00000250ea87f688]
Event: 81.610 Thread 0x00000250fd96c7a0 5357       3       org.springframework.boot.context.properties.bind.Binder::handleBindResult (121 bytes)
Event: 81.617 Thread 0x00000250fd96c7a0 nmethod 5357 0x00000250ea87f790 code [0x00000250ea87fa40, 0x00000250ea880858]
Event: 81.617 Thread 0x00000250fd96c7a0 5358       1       org.springframework.context.event.SimpleApplicationEventMulticaster::getErrorHandler (5 bytes)
Event: 81.617 Thread 0x00000250fd96c7a0 nmethod 5358 0x00000250f150d190 code [0x00000250f150d320, 0x00000250f150d3f8]

GC Heap History (20 events):
Event: 13.231 GC heap before
{Heap before GC invocations=11 (full 0):
 garbage-first heap   total 37888K, used 27327K [0x00000000c1600000, 0x0000000100000000)
  region size 1024K, 14 young (14336K), 2 survivors (2048K)
 Metaspace       used 35506K, committed 35840K, reserved 1081344K
  class space    used 4460K, committed 4608K, reserved 1048576K
}
Event: 13.240 GC heap after
{Heap after GC invocations=12 (full 0):
 garbage-first heap   total 37888K, used 16245K [0x00000000c1600000, 0x0000000100000000)
  region size 1024K, 2 young (2048K), 2 survivors (2048K)
 Metaspace       used 35506K, committed 35840K, reserved 1081344K
  class space    used 4460K, committed 4608K, reserved 1048576K
}
Event: 13.347 GC heap before
{Heap before GC invocations=12 (full 0):
 garbage-first heap   total 37888K, used 18293K [0x00000000c1600000, 0x0000000100000000)
  region size 1024K, 5 young (5120K), 2 survivors (2048K)
 Metaspace       used 35881K, committed 36096K, reserved 1081344K
  class space    used 4520K, committed 4608K, reserved 1048576K
}
Event: 13.352 GC heap after
{Heap after GC invocations=13 (full 0):
 garbage-first heap   total 37888K, used 16398K [0x00000000c1600000, 0x0000000100000000)
  region size 1024K, 1 young (1024K), 1 survivors (1024K)
 Metaspace       used 35881K, committed 36096K, reserved 1081344K
  class space    used 4520K, committed 4608K, reserved 1048576K
}
Event: 14.047 GC heap before
{Heap before GC invocations=14 (full 0):
 garbage-first heap   total 37888K, used 27662K [0x00000000c1600000, 0x0000000100000000)
  region size 1024K, 13 young (13312K), 1 survivors (1024K)
 Metaspace       used 37114K, committed 37440K, reserved 1081344K
  class space    used 4649K, committed 4800K, reserved 1048576K
}
Event: 14.051 GC heap after
{Heap after GC invocations=15 (full 0):
 garbage-first heap   total 37888K, used 16885K [0x00000000c1600000, 0x0000000100000000)
  region size 1024K, 1 young (1024K), 1 survivors (1024K)
 Metaspace       used 37114K, committed 37440K, reserved 1081344K
  class space    used 4649K, committed 4800K, reserved 1048576K
}
Event: 15.223 GC heap before
{Heap before GC invocations=15 (full 0):
 garbage-first heap   total 37888K, used 29173K [0x00000000c1600000, 0x0000000100000000)
  region size 1024K, 13 young (13312K), 1 survivors (1024K)
 Metaspace       used 38829K, committed 39104K, reserved 1089536K
  class space    used 4930K, committed 5056K, reserved 1048576K
}
Event: 15.231 GC heap after
{Heap after GC invocations=16 (full 0):
 garbage-first heap   total 37888K, used 17741K [0x00000000c1600000, 0x0000000100000000)
  region size 1024K, 2 young (2048K), 2 survivors (2048K)
 Metaspace       used 38829K, committed 39104K, reserved 1089536K
  class space    used 4930K, committed 5056K, reserved 1048576K
}
Event: 16.030 GC heap before
{Heap before GC invocations=16 (full 0):
 garbage-first heap   total 37888K, used 30029K [0x00000000c1600000, 0x0000000100000000)
  region size 1024K, 14 young (14336K), 2 survivors (2048K)
 Metaspace       used 40537K, committed 40896K, reserved 1089536K
  class space    used 5173K, committed 5312K, reserved 1048576K
}
Event: 16.040 GC heap after
{Heap after GC invocations=17 (full 0):
 garbage-first heap   total 37888K, used 18767K [0x00000000c1600000, 0x0000000100000000)
  region size 1024K, 2 young (2048K), 2 survivors (2048K)
 Metaspace       used 40537K, committed 40896K, reserved 1089536K
  class space    used 5173K, committed 5312K, reserved 1048576K
}
Event: 17.659 GC heap before
{Heap before GC invocations=17 (full 0):
 garbage-first heap   total 37888K, used 30031K [0x00000000c1600000, 0x0000000100000000)
  region size 1024K, 13 young (13312K), 2 survivors (2048K)
 Metaspace       used 42781K, committed 43136K, reserved 1089536K
  class space    used 5486K, committed 5632K, reserved 1048576K
}
Event: 17.674 GC heap after
{Heap after GC invocations=18 (full 0):
 garbage-first heap   total 37888K, used 19796K [0x00000000c1600000, 0x0000000100000000)
  region size 1024K, 2 young (2048K), 2 survivors (2048K)
 Metaspace       used 42781K, committed 43136K, reserved 1089536K
  class space    used 5486K, committed 5632K, reserved 1048576K
}
Event: 18.326 GC heap before
{Heap before GC invocations=19 (full 0):
 garbage-first heap   total 37888K, used 30036K [0x00000000c1600000, 0x0000000100000000)
  region size 1024K, 12 young (12288K), 2 survivors (2048K)
 Metaspace       used 45120K, committed 45504K, reserved 1089536K
  class space    used 5776K, committed 5952K, reserved 1048576K
}
Event: 18.343 GC heap after
{Heap after GC invocations=20 (full 0):
 garbage-first heap   total 37888K, used 22157K [0x00000000c1600000, 0x0000000100000000)
  region size 1024K, 2 young (2048K), 2 survivors (2048K)
 Metaspace       used 45120K, committed 45504K, reserved 1089536K
  class space    used 5776K, committed 5952K, reserved 1048576K
}
Event: 18.712 GC heap before
{Heap before GC invocations=20 (full 0):
 garbage-first heap   total 37888K, used 29325K [0x00000000c1600000, 0x0000000100000000)
  region size 1024K, 9 young (9216K), 2 survivors (2048K)
 Metaspace       used 46498K, committed 46912K, reserved 1089536K
  class space    used 5988K, committed 6208K, reserved 1048576K
}
Event: 18.720 GC heap after
{Heap after GC invocations=21 (full 0):
 garbage-first heap   total 37888K, used 23024K [0x00000000c1600000, 0x0000000100000000)
  region size 1024K, 1 young (1024K), 1 survivors (1024K)
 Metaspace       used 46498K, committed 46912K, reserved 1089536K
  class space    used 5988K, committed 6208K, reserved 1048576K
}
Event: 19.406 GC heap before
{Heap before GC invocations=22 (full 0):
 garbage-first heap   total 43008K, used 28144K [0x00000000c1600000, 0x0000000100000000)
  region size 1024K, 7 young (7168K), 1 survivors (1024K)
 Metaspace       used 48148K, committed 48512K, reserved 1097728K
  class space    used 6207K, committed 6400K, reserved 1048576K
}
Event: 19.413 GC heap after
{Heap after GC invocations=23 (full 0):
 garbage-first heap   total 43008K, used 24089K [0x00000000c1600000, 0x0000000100000000)
  region size 1024K, 1 young (1024K), 1 survivors (1024K)
 Metaspace       used 48148K, committed 48512K, reserved 1097728K
  class space    used 6207K, committed 6400K, reserved 1048576K
}
Event: 20.995 GC heap before
{Heap before GC invocations=23 (full 0):
 garbage-first heap   total 43008K, used 33305K [0x00000000c1600000, 0x0000000100000000)
  region size 1024K, 10 young (10240K), 1 survivors (1024K)
 Metaspace       used 50275K, committed 50624K, reserved 1097728K
  class space    used 6501K, committed 6656K, reserved 1048576K
}
Event: 21.003 GC heap after
{Heap after GC invocations=24 (full 0):
 garbage-first heap   total 43008K, used 24793K [0x00000000c1600000, 0x0000000100000000)
  region size 1024K, 2 young (2048K), 2 survivors (2048K)
 Metaspace       used 50275K, committed 50624K, reserved 1097728K
  class space    used 6501K, committed 6656K, reserved 1048576K
}

Deoptimization events (20 events):
Event: 19.771 Thread 0x00000250e5371780 Uncommon trap: trap_request=0xffffff45 fr.pc=0x00000250f14413e4 relative=0x0000000000000a24
Event: 19.771 Thread 0x00000250e5371780 Uncommon trap: reason=unstable_if action=reinterpret pc=0x00000250f14413e4 method=org.springframework.boot.context.properties.source.ConfigurationPropertyName.elementsOf(Ljava/lang/CharSequence;ZI)Lorg/springframework/boot/context/properties/source/Config
Event: 19.771 Thread 0x00000250e5371780 DEOPT PACKING pc=0x00000250f14413e4 sp=0x000000c95b4fd050
Event: 19.771 Thread 0x00000250e5371780 DEOPT UNPACKING pc=0x00000250e98123a3 sp=0x000000c95b4fd008 mode 2
Event: 19.771 Thread 0x00000250e5371780 Uncommon trap: trap_request=0xffffff45 fr.pc=0x00000250f13234b4 relative=0x0000000000000894
Event: 19.771 Thread 0x00000250e5371780 Uncommon trap: reason=unstable_if action=reinterpret pc=0x00000250f13234b4 method=org.springframework.boot.context.properties.source.ConfigurationPropertyName.hashCode()I @ 18 c2
Event: 19.771 Thread 0x00000250e5371780 DEOPT PACKING pc=0x00000250f13234b4 sp=0x000000c95b4fce40
Event: 19.771 Thread 0x00000250e5371780 DEOPT UNPACKING pc=0x00000250e98123a3 sp=0x000000c95b4fcdc8 mode 2
Event: 23.217 Thread 0x00000250e5371780 Uncommon trap: trap_request=0xffffff45 fr.pc=0x00000250f1324460 relative=0x0000000000000060
Event: 23.217 Thread 0x00000250e5371780 Uncommon trap: reason=unstable_if action=reinterpret pc=0x00000250f1324460 method=org.springframework.util.ConcurrentReferenceHashMap$Segment.clear()V @ 7 c2
Event: 23.217 Thread 0x00000250e5371780 DEOPT PACKING pc=0x00000250f1324460 sp=0x000000c95b4fe960
Event: 23.217 Thread 0x00000250e5371780 DEOPT UNPACKING pc=0x00000250e98123a3 sp=0x000000c95b4fe8f0 mode 2
Event: 50.630 Thread 0x00000250827ffd70 Uncommon trap: trap_request=0xffffffde fr.pc=0x00000250f13a00fc relative=0x000000000000155c
Event: 50.630 Thread 0x00000250827ffd70 Uncommon trap: reason=class_check action=maybe_recompile pc=0x00000250f13a00fc method=java.util.zip.InflaterInputStream.read([BII)I @ 100 c2
Event: 50.630 Thread 0x00000250827ffd70 DEOPT PACKING pc=0x00000250f13a00fc sp=0x000000c95d6fe680
Event: 50.630 Thread 0x00000250827ffd70 DEOPT UNPACKING pc=0x00000250e98123a3 sp=0x000000c95d6fe6d0 mode 2
Event: 50.632 Thread 0x00000250827ffd70 Uncommon trap: trap_request=0xffffffde fr.pc=0x00000250f13a00fc relative=0x000000000000155c
Event: 50.632 Thread 0x00000250827ffd70 Uncommon trap: reason=class_check action=maybe_recompile pc=0x00000250f13a00fc method=java.util.zip.InflaterInputStream.read([BII)I @ 100 c2
Event: 50.632 Thread 0x00000250827ffd70 DEOPT PACKING pc=0x00000250f13a00fc sp=0x000000c95d6fd670
Event: 50.632 Thread 0x00000250827ffd70 DEOPT UNPACKING pc=0x00000250e98123a3 sp=0x000000c95d6fd6c0 mode 2

Classes unloaded (0 events):
No events

Classes redefined (0 events):
No events

Internal exceptions (20 events):
Event: 14.922 Thread 0x00000250e5371780 Exception <a 'java/lang/NoSuchMethodError'{0x00000000c34e46f8}: 'void java.lang.invoke.DirectMethodHandle$Holder.invokeVirtual(java.lang.Object, java.lang.Object, long)'> (0x00000000c34e46f8) 
thrown [e:\jenkins\tmp\workspace\build\src\src\hotspot\share\interpreter\linkResolver.cpp, line 766]
Event: 15.303 Thread 0x00000250e5371780 Exception <a 'java/lang/IncompatibleClassChangeError'{0x00000000c420eda0}: Found class java.lang.Object, but interface was expected> (0x00000000c420eda0) 
thrown [e:\jenkins\tmp\workspace\build\src\src\hotspot\share\interpreter\linkResolver.cpp, line 833]
Event: 15.393 Thread 0x00000250e5371780 Exception <a 'java/lang/IncompatibleClassChangeError'{0x00000000c4138b10}: Found class java.lang.Object, but interface was expected> (0x00000000c4138b10) 
thrown [e:\jenkins\tmp\workspace\build\src\src\hotspot\share\interpreter\linkResolver.cpp, line 833]
Event: 15.553 Thread 0x00000250e5371780 Exception <a 'java/lang/IncompatibleClassChangeError'{0x00000000c3dcad30}: Found class java.lang.Object, but interface was expected> (0x00000000c3dcad30) 
thrown [e:\jenkins\tmp\workspace\build\src\src\hotspot\share\interpreter\linkResolver.cpp, line 833]
Event: 15.678 Thread 0x00000250e5371780 Exception <a 'java/lang/IncompatibleClassChangeError'{0x00000000c345a868}: Found class java.lang.Object, but interface was expected> (0x00000000c345a868) 
thrown [e:\jenkins\tmp\workspace\build\src\src\hotspot\share\interpreter\linkResolver.cpp, line 833]
Event: 15.724 Thread 0x00000250e5371780 Implicit null exception at 0x00000250f13ef4ec to 0x00000250f13ef634
Event: 17.383 Thread 0x00000250e5371780 Exception <a 'java/lang/NoSuchMethodError'{0x00000000c339ceb8}: 'java.lang.Object java.lang.invoke.DirectMethodHandle$Holder.newInvokeSpecial(java.lang.Object, java.lang.Object, int, java.lang.Object, java.lang.Object)'> (0x00000000c339ceb8) 
thrown [e:\jenkins\tmp\workspace\build\src\src\hotspot\share\interpreter\linkResolver.cpp, line 766]
Event: 17.386 Thread 0x00000250e5371780 Exception <a 'java/lang/NoSuchMethodError'{0x00000000c33a86f8}: 'java.lang.Object java.lang.invoke.DirectMethodHandle$Holder.invokeSpecial(java.lang.Object, java.lang.Object, int, java.lang.Object, int, java.lang.Object)'> (0x00000000c33a86f8) 
thrown [e:\jenkins\tmp\workspace\build\src\src\hotspot\share\interpreter\linkResolver.cpp, line 766]
Event: 17.387 Thread 0x00000250e5371780 Exception <a 'java/lang/NoSuchMethodError'{0x00000000c33b0740}: 'java.lang.Object java.lang.invoke.DirectMethodHandle$Holder.newInvokeSpecial(java.lang.Object, java.lang.Object, int, java.lang.Object, int)'> (0x00000000c33b0740) 
thrown [e:\jenkins\tmp\workspace\build\src\src\hotspot\share\interpreter\linkResolver.cpp, line 766]
Event: 17.388 Thread 0x00000250e5371780 Exception <a 'java/lang/NoSuchMethodError'{0x00000000c33b4840}: 'java.lang.Object java.lang.invoke.DirectMethodHandle$Holder.invokeSpecial(java.lang.Object, java.lang.Object, java.lang.Object, int, java.lang.Object, int)'> (0x00000000c33b4840) 
thrown [e:\jenkins\tmp\workspace\build\src\src\hotspot\share\interpreter\linkResolver.cpp, line 766]
Event: 17.561 Thread 0x00000250e5371780 Exception <a 'java/lang/IncompatibleClassChangeError'{0x00000000c31dc570}: Found class java.lang.Object, but interface was expected> (0x00000000c31dc570) 
thrown [e:\jenkins\tmp\workspace\build\src\src\hotspot\share\interpreter\linkResolver.cpp, line 833]
Event: 17.638 Thread 0x00000250e5371780 Implicit null exception at 0x00000250f1474a6d to 0x00000250f1474c34
Event: 18.094 Thread 0x00000250e5371780 Exception <a 'sun/nio/fs/WindowsException'{0x00000000c35121b0}> (0x00000000c35121b0) 
thrown [e:\jenkins\tmp\workspace\build\src\src\hotspot\share\prims\jni.cpp, line 516]
Event: 18.110 Thread 0x00000250e5371780 Exception <a 'java/lang/NoSuchMethodError'{0x00000000c35311d0}: 'int java.lang.invoke.DirectMethodHandle$Holder.invokeStaticInit(java.lang.Object, java.lang.Object, java.lang.Object, java.lang.Object)'> (0x00000000c35311d0) 
thrown [e:\jenkins\tmp\workspace\build\src\src\hotspot\share\interpreter\linkResolver.cpp, line 766]
Event: 20.225 Thread 0x00000250e5371780 Exception <a 'java/lang/UnsatisfiedLinkError'{0x00000000c38feb70}: 'int io.netty.channel.epoll.Native.offsetofEpollData()'> (0x00000000c38feb70) 
thrown [e:\jenkins\tmp\workspace\build\src\src\hotspot\share\prims\nativeLookup.cpp, line 543]
Event: 20.227 Thread 0x00000250e5371780 Exception <a 'java/lang/ExceptionInInitializerError'{0x00000000c37002d8}> (0x00000000c37002d8) 
thrown [e:\jenkins\tmp\workspace\build\src\src\hotspot\share\oops\instanceKlass.cpp, line 1168]
Event: 20.407 Thread 0x00000250e5371780 Exception <a 'java/lang/NoSuchMethodError'{0x00000000c362d688}: 'java.lang.Object java.lang.invoke.DirectMethodHandle$Holder.newInvokeSpecial(java.lang.Object, java.lang.Object, int, java.lang.Object)'> (0x00000000c362d688) 
thrown [e:\jenkins\tmp\workspace\build\src\src\hotspot\share\interpreter\linkResolver.cpp, line 766]
Event: 20.408 Thread 0x00000250e5371780 Exception <a 'java/lang/NoSuchMethodError'{0x00000000c3631250}: 'java.lang.Object java.lang.invoke.Invokers$Holder.linkToTargetMethod(java.lang.Object, int, java.lang.Object, java.lang.Object)'> (0x00000000c3631250) 
thrown [e:\jenkins\tmp\workspace\build\src\src\hotspot\share\interpreter\linkResolver.cpp, line 766]
Event: 21.276 Thread 0x00000250e5371780 Exception <a 'java/lang/IncompatibleClassChangeError'{0x00000000c43bdc58}: Found class java.lang.Object, but interface was expected> (0x00000000c43bdc58) 
thrown [e:\jenkins\tmp\workspace\build\src\src\hotspot\share\interpreter\linkResolver.cpp, line 833]
Event: 21.277 Thread 0x00000250e5371780 Exception <a 'java/lang/IncompatibleClassChangeError'{0x00000000c43c2f50}: Found class java.lang.Object, but interface was expected> (0x00000000c43c2f50) 
thrown [e:\jenkins\tmp\workspace\build\src\src\hotspot\share\interpreter\linkResolver.cpp, line 833]

VM Operations (20 events):
Event: 20.994 Executing VM operation: G1CollectForAllocation
Event: 21.004 Executing VM operation: G1CollectForAllocation done
Event: 21.105 Executing VM operation: G1Concurrent
Event: 21.123 Executing VM operation: G1Concurrent done
Event: 21.140 Executing VM operation: HandshakeAllThreads
Event: 21.140 Executing VM operation: HandshakeAllThreads done
Event: 21.171 Executing VM operation: G1Concurrent
Event: 21.200 Executing VM operation: G1Concurrent done
Event: 22.208 Executing VM operation: Cleanup
Event: 22.208 Executing VM operation: Cleanup done
Event: 23.223 Executing VM operation: Cleanup
Event: 23.224 Executing VM operation: Cleanup done
Event: 24.234 Executing VM operation: Cleanup
Event: 24.234 Executing VM operation: Cleanup done
Event: 50.482 Executing VM operation: Cleanup
Event: 50.482 Executing VM operation: Cleanup done
Event: 51.485 Executing VM operation: Cleanup
Event: 51.485 Executing VM operation: Cleanup done
Event: 81.839 Executing VM operation: Cleanup
Event: 81.839 Executing VM operation: Cleanup done

Events (20 events):
Event: 21.214 loading class sun/nio/ch/ServerSocketChannelImpl$DefaultOptionsHolder
Event: 21.214 loading class sun/nio/ch/ServerSocketChannelImpl$DefaultOptionsHolder done
Event: 21.221 Thread 0x00000250828010b0 Thread added: 0x00000250828010b0
Event: 21.225 loading class java/util/concurrent/locks/AbstractQueuedSynchronizer$SharedNode
Event: 21.225 loading class java/util/concurrent/locks/AbstractQueuedSynchronizer$SharedNode done
Event: 21.266 loading class sun/nio/ch/SelectionKeyImpl
Event: 21.267 loading class java/nio/channels/spi/AbstractSelectionKey
Event: 21.267 loading class java/nio/channels/spi/AbstractSelectionKey done
Event: 21.267 loading class sun/nio/ch/SelectionKeyImpl done
Event: 21.267 loading class java/lang/invoke/ConstantBootstraps
Event: 21.267 loading class java/lang/invoke/ConstantBootstraps done
Event: 21.276 loading class java/nio/channels/spi/AbstractSelector$1
Event: 21.276 loading class java/nio/channels/spi/AbstractSelector$1 done
Event: 21.371 Thread 0x00000250827fe090 Thread added: 0x00000250827fe090
Event: 23.243 loading class jdk/internal/math/FDBigInteger
Event: 23.244 loading class jdk/internal/math/FDBigInteger done
Event: 23.264 Thread 0x00000250e5371780 Thread exited: 0x00000250e5371780
Event: 23.265 Thread 0x0000025082801580 Thread added: 0x0000025082801580
Event: 49.701 Thread 0x00000250827ff8a0 Thread added: 0x00000250827ff8a0
Event: 49.701 Thread 0x00000250827ffd70 Thread added: 0x00000250827ffd70


Dynamic libraries:
0x00007ff6f01f0000 - 0x00007ff6f01fe000 	C:\Users\User\.vscode\extensions\redhat.java-1.6.0-win32-x64\jre\17.0.2-win32-x86_64\bin\java.exe
0x00007ffe28370000 - 0x00007ffe28565000 	C:\Windows\SYSTEM32\ntdll.dll
0x00007ffe27150000 - 0x00007ffe2720d000 	C:\Windows\System32\KERNEL32.DLL
0x00007ffe25ab0000 - 0x00007ffe25d78000 	C:\Windows\System32\KERNELBASE.dll
0x00007ffe26010000 - 0x00007ffe26110000 	C:\Windows\System32\ucrtbase.dll
0x00007ffe210c0000 - 0x00007ffe210d8000 	C:\Users\User\.vscode\extensions\redhat.java-1.6.0-win32-x64\jre\17.0.2-win32-x86_64\bin\jli.dll
0x00007ffe27210000 - 0x00007ffe273b0000 	C:\Windows\System32\USER32.dll
0x00007ffe25d80000 - 0x00007ffe25da2000 	C:\Windows\System32\win32u.dll
0x00007ffe26bf0000 - 0x00007ffe26c1a000 	C:\Windows\System32\GDI32.dll
0x00007ffe26260000 - 0x00007ffe2636b000 	C:\Windows\System32\gdi32full.dll
0x00007ffe261c0000 - 0x00007ffe2625d000 	C:\Windows\System32\msvcp_win.dll
0x00007ffe1e780000 - 0x00007ffe1e799000 	C:\Users\User\.vscode\extensions\redhat.java-1.6.0-win32-x64\jre\17.0.2-win32-x86_64\bin\VCRUNTIME140.dll
0x00007ffe16760000 - 0x00007ffe169fa000 	C:\Windows\WinSxS\amd64_microsoft.windows.common-controls_6595b64144ccf1df_6.0.19041.844_none_ca00b6081b84eb1d\COMCTL32.dll
0x00007ffe278d0000 - 0x00007ffe2796e000 	C:\Windows\System32\msvcrt.dll
0x00007ffe26f80000 - 0x00007ffe26fb0000 	C:\Windows\System32\IMM32.DLL
0x00007ffe20360000 - 0x00007ffe2036c000 	C:\Users\User\.vscode\extensions\redhat.java-1.6.0-win32-x64\jre\17.0.2-win32-x86_64\bin\vcruntime140_1.dll
0x00007ffe03b20000 - 0x00007ffe03bb1000 	C:\Users\User\.vscode\extensions\redhat.java-1.6.0-win32-x64\jre\17.0.2-win32-x86_64\bin\msvcp140.dll
0x00007ffddf440000 - 0x00007ffde0087000 	C:\Users\User\.vscode\extensions\redhat.java-1.6.0-win32-x64\jre\17.0.2-win32-x86_64\bin\server\jvm.dll
0x00007ffe26fc0000 - 0x00007ffe2706c000 	C:\Windows\System32\ADVAPI32.dll
0x00007ffe26620000 - 0x00007ffe266bb000 	C:\Windows\System32\sechost.dll
0x00007ffe27720000 - 0x00007ffe2784b000 	C:\Windows\System32\RPCRT4.dll
0x00007ffe26be0000 - 0x00007ffe26be8000 	C:\Windows\System32\PSAPI.DLL
0x00007ffe14210000 - 0x00007ffe14219000 	C:\Windows\SYSTEM32\WSOCK32.dll
0x00007ffe270e0000 - 0x00007ffe2714b000 	C:\Windows\System32\WS2_32.dll
0x00007ffe17880000 - 0x00007ffe178a7000 	C:\Windows\SYSTEM32\WINMM.dll
0x00007ffe14100000 - 0x00007ffe1410a000 	C:\Windows\SYSTEM32\VERSION.dll
0x00007ffe24340000 - 0x00007ffe24352000 	C:\Windows\SYSTEM32\kernel.appcore.dll
0x00007ffe1edf0000 - 0x00007ffe1edfa000 	C:\Users\User\.vscode\extensions\redhat.java-1.6.0-win32-x64\jre\17.0.2-win32-x86_64\bin\jimage.dll
0x00007ffe24040000 - 0x00007ffe24224000 	C:\Windows\SYSTEM32\DBGHELP.DLL
0x00007ffe12c60000 - 0x00007ffe12c8c000 	C:\Windows\SYSTEM32\dbgcore.DLL
0x00007ffe26140000 - 0x00007ffe261c0000 	C:\Windows\System32\bcryptPrimitives.dll
0x00007ffe1c400000 - 0x00007ffe1c425000 	C:\Users\User\.vscode\extensions\redhat.java-1.6.0-win32-x64\jre\17.0.2-win32-x86_64\bin\java.dll
0x00007ffe1ccf0000 - 0x00007ffe1cd08000 	C:\Users\User\.vscode\extensions\redhat.java-1.6.0-win32-x64\jre\17.0.2-win32-x86_64\bin\zip.dll
0x00007ffe27be0000 - 0x00007ffe28322000 	C:\Windows\System32\SHELL32.dll
0x00007ffe237f0000 - 0x00007ffe23f80000 	C:\Windows\SYSTEM32\windows.storage.dll
0x00007ffe26c20000 - 0x00007ffe26f75000 	C:\Windows\System32\combase.dll
0x00007ffe25450000 - 0x00007ffe2547c000 	C:\Windows\SYSTEM32\Wldp.dll
0x00007ffe26b30000 - 0x00007ffe26bde000 	C:\Windows\System32\SHCORE.dll
0x00007ffe264f0000 - 0x00007ffe26545000 	C:\Windows\System32\shlwapi.dll
0x00007ffe259f0000 - 0x00007ffe25a0f000 	C:\Windows\SYSTEM32\profapi.dll
0x00007ffe1cc60000 - 0x00007ffe1cc79000 	C:\Users\User\.vscode\extensions\redhat.java-1.6.0-win32-x64\jre\17.0.2-win32-x86_64\bin\net.dll
0x00007ffe16510000 - 0x00007ffe1661b000 	C:\Windows\SYSTEM32\WINHTTP.dll
0x00007ffe25230000 - 0x00007ffe2529a000 	C:\Windows\system32\mswsock.dll
0x00007ffe1b720000 - 0x00007ffe1b735000 	C:\Users\User\.vscode\extensions\redhat.java-1.6.0-win32-x64\jre\17.0.2-win32-x86_64\bin\nio.dll
0x00007ffe1ce00000 - 0x00007ffe1ce10000 	C:\Users\User\.vscode\extensions\redhat.java-1.6.0-win32-x64\jre\17.0.2-win32-x86_64\bin\verify.dll
0x00007ffe24ef0000 - 0x00007ffe24f2b000 	C:\Windows\SYSTEM32\IPHLPAPI.DLL
0x00007ffe27070000 - 0x00007ffe27078000 	C:\Windows\System32\NSI.dll
0x00007ffe18580000 - 0x00007ffe18597000 	C:\Windows\SYSTEM32\dhcpcsvc6.DLL
0x00007ffe1a640000 - 0x00007ffe1a65d000 	C:\Windows\SYSTEM32\dhcpcsvc.DLL
0x00007ffe24f30000 - 0x00007ffe24ffc000 	C:\Windows\SYSTEM32\DNSAPI.dll
0x00007ffe154f0000 - 0x00007ffe154fa000 	C:\Windows\System32\rasadhlp.dll
0x00007ffe16df0000 - 0x00007ffe16e6f000 	C:\Windows\System32\fwpuclnt.dll
0x00007ffe26110000 - 0x00007ffe26137000 	C:\Windows\System32\bcrypt.dll
0x00007ffe1ccb0000 - 0x00007ffe1ccb9000 	C:\Users\User\.vscode\extensions\redhat.java-1.6.0-win32-x64\jre\17.0.2-win32-x86_64\bin\management.dll
0x00007ffe1cca0000 - 0x00007ffe1ccab000 	C:\Users\User\.vscode\extensions\redhat.java-1.6.0-win32-x64\jre\17.0.2-win32-x86_64\bin\management_ext.dll
0x00007ffe04210000 - 0x00007ffe04227000 	C:\Windows\system32\napinsp.dll
0x00007ffe041f0000 - 0x00007ffe0420b000 	C:\Windows\system32\pnrpnsp.dll
0x00007ffe06720000 - 0x00007ffe06735000 	C:\Windows\system32\wshbth.dll
0x00007ffe20d50000 - 0x00007ffe20d6d000 	C:\Windows\system32\NLAapi.dll
0x00007ffe041d0000 - 0x00007ffe041e2000 	C:\Windows\System32\winrnr.dll
0x00007ffe25490000 - 0x00007ffe254a8000 	C:\Windows\SYSTEM32\CRYPTSP.dll
0x00007ffe24b80000 - 0x00007ffe24bb4000 	C:\Windows\system32\rsaenh.dll
0x00007ffe259b0000 - 0x00007ffe259de000 	C:\Windows\SYSTEM32\USERENV.dll
0x00007ffe253b0000 - 0x00007ffe253bc000 	C:\Windows\SYSTEM32\CRYPTBASE.dll
0x00007ffe20e70000 - 0x00007ffe20e7e000 	C:\Users\User\.vscode\extensions\redhat.java-1.6.0-win32-x64\jre\17.0.2-win32-x86_64\bin\sunmscapi.dll
0x00007ffe25eb0000 - 0x00007ffe2600f000 	C:\Windows\System32\CRYPT32.dll
0x00007ffe25590000 - 0x00007ffe255b7000 	C:\Windows\SYSTEM32\ncrypt.dll
0x00007ffe25550000 - 0x00007ffe2558b000 	C:\Windows\SYSTEM32\NTASN1.dll
0x00007ffe1cc90000 - 0x00007ffe1cc97000 	C:\Windows\system32\wshunix.dll

dbghelp: loaded successfully - version: 4.0.5 - missing functions: none
symbol engine: initialized successfully - sym options: 0x614 - pdb path: .;C:\Users\User\.vscode\extensions\redhat.java-1.6.0-win32-x64\jre\17.0.2-win32-x86_64\bin;C:\Windows\SYSTEM32;C:\Windows\WinSxS\amd64_microsoft.windows.common-controls_6595b64144ccf1df_6.0.19041.844_none_ca00b6081b84eb1d;C:\Users\User\.vscode\extensions\redhat.java-1.6.0-win32-x64\jre\17.0.2-win32-x86_64\bin\server

VM Arguments:
jvm_args: -XX:+ShowCodeDetailsInExceptionMessages 
java_command: com.shop.apigateway.ApiGatewayApplication
java_class_path (initial): G:\Capgemni assignments\SHOPPING CART\api-gateway\target\classes;C:\Users\User\.m2\repository\org\springframework\boot\spring-boot-starter-webflux\2.7.0\spring-boot-starter-webflux-2.7.0.jar;C:\Users\User\.m2\repository\org\springframework\boot\spring-boot-starter\2.7.0\spring-boot-starter-2.7.0.jar;C:\Users\User\.m2\repository\org\springframework\boot\spring-boot\2.7.0\spring-boot-2.7.0.jar;C:\Users\User\.m2\repository\org\springframework\spring-context\5.3.20\spring-context-5.3.20.jar;C:\Users\User\.m2\repository\org\springframework\spring-aop\5.3.20\spring-aop-5.3.20.jar;C:\Users\User\.m2\repository\org\springframework\spring-expression\5.3.20\spring-expression-5.3.20.jar;C:\Users\User\.m2\repository\org\springframework\boot\spring-boot-autoconfigure\2.7.0\spring-boot-autoconfigure-2.7.0.jar;C:\Users\User\.m2\repository\org\springframework\boot\spring-boot-starter-logging\2.7.0\spring-boot-starter-logging-2.7.0.jar;C:\Users\User\.m2\repository\ch\qos\logback\logback-classic\1.2.11\logback-classic-1.2.11.jar;C:\Users\User\.m2\repository\ch\qos\logback\logback-core\1.2.11\logback-core-1.2.11.jar;C:\Users\User\.m2\repository\org\apache\logging\log4j\log4j-to-slf4j\2.17.2\log4j-to-slf4j-2.17.2.jar;C:\Users\User\.m2\repository\org\apache\logging\log4j\log4j-api\2.17.2\log4j-api-2.17.2.jar;C:\Users\User\.m2\repository\org\slf4j\jul-to-slf4j\1.7.36\jul-to-slf4j-1.7.36.jar;C:\Users\User\.m2\repository\jakarta\annotation\jakarta.annotation-api\1.3.5\jakarta.annotation-api-1.3.5.jar;C:\Users\User\.m2\repository\org\yaml\snakeyaml\1.30\snakeyaml-1.30.jar;C:\Users\User\.m2\repository\org\springframework\boot\spring-boot-starter-json\2.7.0\spring-boot-starter-json-2.7.0.jar;C:\Users\User\.m2\repository\com\fasterxml\jackson\core\jackson-databind\2.13.3\jackson-databind-2.13.3.jar;C:\Users\User\.m2\repository\com\fasterxml\jackson\datatype\jackson-datatype-jdk8\2.13.3\jackson-datatype-jdk8-2.13.3.jar;C:\Users\User\.m2\repository\com\fasterxml\jacks
Launcher Type: SUN_STANDARD

[Global flags]
     intx CICompilerCount                          = 3                                         {product} {ergonomic}
     uint ConcGCThreads                            = 1                                         {product} {ergonomic}
     uint G1ConcRefinementThreads                  = 4                                         {product} {ergonomic}
   size_t G1HeapRegionSize                         = 1048576                                   {product} {ergonomic}
    uintx GCDrainStackTargetSize                   = 64                                        {product} {ergonomic}
   size_t InitialHeapSize                          = 67108864                                  {product} {ergonomic}
   size_t MarkStackSize                            = 4194304                                   {product} {ergonomic}
   size_t MaxHeapSize                              = 1050673152                                {product} {ergonomic}
   size_t MaxNewSize                               = 630194176                                 {product} {ergonomic}
   size_t MinHeapDeltaBytes                        = 1048576                                   {product} {ergonomic}
   size_t MinHeapSize                              = 8388608                                   {product} {ergonomic}
    uintx NonNMethodCodeHeapSize                   = 5832780                                {pd product} {ergonomic}
    uintx NonProfiledCodeHeapSize                  = 122912730                              {pd product} {ergonomic}
    uintx ProfiledCodeHeapSize                     = 122912730                              {pd product} {ergonomic}
    uintx ReservedCodeCacheSize                    = 251658240                              {pd product} {ergonomic}
     bool SegmentedCodeCache                       = true                                      {product} {ergonomic}
     bool ShowCodeDetailsInExceptionMessages       = true                                   {manageable} {command line}
   size_t SoftMaxHeapSize                          = 1050673152                             {manageable} {ergonomic}
     bool UseCompressedClassPointers               = true                           {product lp64_product} {ergonomic}
     bool UseCompressedOops                        = true                           {product lp64_product} {ergonomic}
     bool UseG1GC                                  = true                                      {product} {ergonomic}
     bool UseLargePagesIndividualAllocation        = false                                  {pd product} {ergonomic}

Logging:
Log output configuration:
 #0: stdout all=warning uptime,level,tags
 #1: stderr all=off uptime,level,tags

Environment Variables:
JAVA_HOME=C:\Program Files\Java\jdk-17.0.2
PATH=C:\Windows\system32;C:\Windows;C:\Windows\System32\Wbem;C:\Windows\System32\WindowsPowerShell\v1.0\;C:\Windows\System32\OpenSSH\;C:\Program Files\Git\cmd;C:\Program Files\Git\mingw64\bin;C:\Program Files\Git\usr\bin;C:\Program Files\Java\jdk-17.0.2\bin;C:\Program Files\nodejs\;C:\ProgramData\chocolatey\bin;;C:\Program Files\Docker\Docker\resources\bin;C:\ProgramData\DockerDesktop\version-bin;C:\Users\User\AppData\Local\Programs\Python\Python310\Scripts\;C:\Users\User\AppData\Local\Programs\Python\Python310\;C:\Users\User\anaconda3;C:\Users\User\anaconda3\Library\mingw-w64\bin;C:\Users\User\anaconda3\Library\usr\bin;C:\Users\User\anaconda3\Library\bin;C:\Users\User\anaconda3\Scripts;C:\Users\User\AppData\Local\Microsoft\WindowsApps;C:\Users\User\AppData\Local\Programs\Microsoft VS Code\bin;C:\MongoDB\mongosh-1.1.9-win32-x64\bin;;C:\Program Files\JetBrains\IntelliJ IDEA Community Edition 2021.3.2\bin;;C:\Users\User\AppData\Roaming\npm
USERNAME=User
LANG=en_US.UTF-8
OS=Windows_NT
PROCESSOR_IDENTIFIER=Intel64 Family 6 Model 142 Stepping 9, GenuineIntel



---------------  S Y S T E M  ---------------

OS:
 Windows 10 , 64 bit Build 19041 (10.0.19041.928)
OS uptime: 10 days 23:32 hours
Hyper-V role detected

CPU: total 4 (initial active 4) (2 cores per cpu, 2 threads per core) family 6 model 142 stepping 9 microcode 0xde, cx8, cmov, fxsr, ht, mmx, 3dnowpref, sse, sse2, sse3, ssse3, sse4.1, sse4.2, popcnt, lzcnt, tsc, tscinvbit, avx, avx2, aes, erms, clmul, bmi1, bmi2, adx, fma, vzeroupper, clflush, clflushopt, hv

Memory: 4k page, system-wide physical 4007M (80M free)
TotalPageFile size 16295M (AvailPageFile size 0M)
current process WorkingSet (physical memory assigned to process): 55M, peak: 184M
current process commit charge ("private bytes"): 204M, peak: 217M

vm_info: OpenJDK 64-Bit Server VM (17.0.2+8) for windows-amd64 JRE (17.0.2+8), built on Jan 20 2022 04:52:34 by "" with MS VC++ 16.7 (VS2019)

END.
