#
# There is insufficient memory for the Java Runtime Environment to continue.
# Native memory allocation (malloc) failed to allocate 2097152 bytes for AllocateHeap
# Possible reasons:
#   The system is out of physical RAM or swap space
#   The process is running with CompressedOops enabled, and the Java Heap may be blocking the growth of the native heap
# Possible solutions:
#   Reduce memory load on the system
#   Increase physical memory or swap space
#   Check if swap backing store is full
#   Decrease Java heap size (-Xmx/-Xms)
#   Decrease number of Java threads
#   Decrease Java thread stack sizes (-Xss)
#   Set larger code cache with -XX:ReservedCodeCacheSize=
#   JVM is running with Unscaled Compressed Oops mode in which the Java heap is
#     placed in the first 4GB address space. The Java Heap base address is the
#     maximum limit for the native heap growth. Please use -XX:HeapBaseMinAddress
#     to set the Java Heap base and to place the Java Heap above 4GB virtual address.
# This output file may be truncated or incomplete.
#
#  Out of Memory Error (allocation.cpp:44), pid=57272, tid=67624
#
# JRE version: OpenJDK Runtime Environment Temurin-17.0.2+8 (17.0.2+8) (build 17.0.2+8)
# Java VM: OpenJDK 64-Bit Server VM Temurin-17.0.2+8 (17.0.2+8, mixed mode, emulated-client, tiered, compressed oops, compressed class ptrs, g1 gc, windows-amd64)
# No core dump will be written. Minidumps are not enabled by default on client versions of Windows
#

---------------  S U M M A R Y ------------

Command Line: -Dsts.lsp.client=vscode -Dsts.log.file=/dev/null -XX:TieredStopAtLevel=1 -Dspring.config.location=file:c:\Users\User\.vscode\extensions\pivotal.vscode-spring-boot-1.33.0\language-server\BOOT-INF\classes\application.properties org.springframework.ide.vscode.boot.app.BootLanguageServerBootApp

Host: Intel(R) Core(TM) i3-7100U CPU @ 2.40GHz, 4 cores, 3G,  Windows 10 , 64 bit Build 19041 (10.0.19041.928)
Time: Sat May 21 11:27:58 2022 India Standard Time elapsed time: 942.678997 seconds (0d 0h 15m 42s)

---------------  T H R E A D  ---------------

Current thread (0x00000160efa6ef00):  VMThread "VM Thread" [stack: 0x0000002507c00000,0x0000002507d00000] [id=67624]

Stack: [0x0000002507c00000,0x0000002507d00000]
Native frames: (J=compiled Java code, j=interpreted, Vv=VM code, C=native code)
V  [jvm.dll+0x67564a]
V  [jvm.dll+0x82fc04]
V  [jvm.dll+0x8313ae]
V  [jvm.dll+0x831a13]
V  [jvm.dll+0x245235]
V  [jvm.dll+0xa6393]
V  [jvm.dll+0x2f52c1]
V  [jvm.dll+0x2f0f70]
V  [jvm.dll+0x2d96c7]
V  [jvm.dll+0x31c6b7]
V  [jvm.dll+0x835ebb]
V  [jvm.dll+0x836bf4]
V  [jvm.dll+0x83710c]
V  [jvm.dll+0x8374e4]
V  [jvm.dll+0x8375b0]
V  [jvm.dll+0x7dff2a]
V  [jvm.dll+0x6744d5]
C  [ucrtbase.dll+0x21bb2]
C  [KERNEL32.DLL+0x17034]
C  [ntdll.dll+0x52651]

VM_Operation (0x0000002508bfeca0): G1CollectFull, mode: safepoint, requested by thread 0x00000160f29323e0


---------------  P R O C E S S  ---------------

Threads class SMR info:
_java_thread_list=0x00000160f1025860, length=16, elements={
0x00000160efabe750, 0x00000160efac05d0, 0x00000160efafa010, 0x00000160efafeb50,
0x00000160efaff500, 0x00000160efaffeb0, 0x00000160efb00910, 0x00000160efb01300,
0x00000160f05da4b0, 0x00000160f05ec010, 0x00000160f29323e0, 0x00000160f0d0ce60,
0x00000160e5650f30, 0x00000160f2b15dd0, 0x00000160f0e4b4a0, 0x00000160f1054ab0
}

Java Threads: ( => current thread )
  0x00000160efabe750 JavaThread "Reference Handler" daemon [_thread_blocked, id=8628, stack(0x0000002507d00000,0x0000002507e00000)]
  0x00000160efac05d0 JavaThread "Finalizer" daemon [_thread_blocked, id=81956, stack(0x0000002507e00000,0x0000002507f00000)]
  0x00000160efafa010 JavaThread "Signal Dispatcher" daemon [_thread_blocked, id=104172, stack(0x0000002507f00000,0x0000002508000000)]
  0x00000160efafeb50 JavaThread "Attach Listener" daemon [_thread_blocked, id=26640, stack(0x0000002508000000,0x0000002508100000)]
  0x00000160efaff500 JavaThread "Service Thread" daemon [_thread_blocked, id=69508, stack(0x0000002508100000,0x0000002508200000)]
  0x00000160efaffeb0 JavaThread "Monitor Deflation Thread" daemon [_thread_blocked, id=41268, stack(0x0000002508200000,0x0000002508300000)]
  0x00000160efb00910 JavaThread "C1 CompilerThread0" daemon [_thread_blocked, id=52548, stack(0x0000002508300000,0x0000002508400000)]
  0x00000160efb01300 JavaThread "Sweeper thread" daemon [_thread_blocked, id=90624, stack(0x0000002508400000,0x0000002508500000)]
  0x00000160f05da4b0 JavaThread "Notification Thread" daemon [_thread_blocked, id=38844, stack(0x0000002508500000,0x0000002508600000)]
  0x00000160f05ec010 JavaThread "Common-Cleaner" daemon [_thread_blocked, id=84272, stack(0x0000002508700000,0x0000002508800000)]
  0x00000160f29323e0 JavaThread "pool-7-thread-1" [_thread_blocked, id=108204, stack(0x0000002508b00000,0x0000002508c00000)]
  0x00000160f0d0ce60 JavaThread "LanguageServerApp-lifecycle" [_thread_blocked, id=12636, stack(0x0000002508c00000,0x0000002508d00000)]
  0x00000160e5650f30 JavaThread "DestroyJavaVM" [_thread_blocked, id=92324, stack(0x0000002507600000,0x0000002507700000)]
  0x00000160f2b15dd0 JavaThread "pool-8-thread-1" [_thread_in_native, id=25312, stack(0x0000002508d00000,0x0000002508e00000)]
  0x00000160f0e4b4a0 JavaThread "Simple-Language-Server main thread" daemon [_thread_blocked, id=61144, stack(0x0000002508e00000,0x0000002508f00000)]
  0x00000160f1054ab0 JavaThread "parallel-1" daemon [_thread_blocked, id=71184, stack(0x0000002508f00000,0x0000002509000000)]

Other Threads:
=>0x00000160efa6ef00 VMThread "VM Thread" [stack: 0x0000002507c00000,0x0000002507d00000] [id=67624]
  0x00000160f05da980 WatcherThread [stack: 0x0000002508600000,0x0000002508700000] [id=21200]
  0x00000160e567f910 GCTaskThread "GC Thread#0" [stack: 0x0000002507700000,0x0000002507800000] [id=86540]
  0x00000160f0afa1d0 GCTaskThread "GC Thread#1" [stack: 0x0000002508800000,0x0000002508900000] [id=49316]
  0x00000160f0c531e0 GCTaskThread "GC Thread#2" [stack: 0x0000002508900000,0x0000002508a00000] [id=93712]
  0x00000160f0c53490 GCTaskThread "GC Thread#3" [stack: 0x0000002508a00000,0x0000002508b00000] [id=34812]
  0x00000160e56895a0 ConcurrentGCThread "G1 Main Marker" [stack: 0x0000002507800000,0x0000002507900000] [id=66988]
  0x00000160e5689fb0 ConcurrentGCThread "G1 Conc#0" [stack: 0x0000002507900000,0x0000002507a00000] [id=35016]
  0x00000160e56d7c00 ConcurrentGCThread "G1 Refine#0" [stack: 0x0000002507a00000,0x0000002507b00000] [id=108252]
  0x00000160e56d9630 ConcurrentGCThread "G1 Service" [stack: 0x0000002507b00000,0x0000002507c00000] [id=61884]

Threads with active compile tasks:

VM state: at safepoint (normal execution)

VM Mutex/Monitor currently owned by a thread:  ([mutex/lock_event])
[0x00000160e3507be0] Threads_lock - owner thread: 0x00000160efa6ef00
[0x00000160e564e440] Heap_lock - owner thread: 0x00000160f29323e0

Heap address: 0x00000000c1600000, size: 1002 MB, Compressed Oops mode: 32-bit

CDS archive(s) not mapped
Compressed class space mapped at: 0x0000000100000000-0x0000000140000000, reserved size: 1073741824
Narrow klass base: 0x0000000000000000, Narrow klass shift: 3, Narrow klass range: 0x140000000

GC Precious Log:
 CPUs: 4 total, 4 available
 Memory: 4007M
 Large Page Support: Disabled
 NUMA Support: Disabled
 Compressed Oops: Enabled (32-bit)
 Heap Region Size: 1M
 Heap Min Capacity: 8M
 Heap Initial Capacity: 64M
 Heap Max Capacity: 1002M
 Pre-touch: Disabled
 Parallel Workers: 4
 Concurrent Workers: 1
 Concurrent Refinement Workers: 4
 Periodic GC: Disabled

Heap:
 garbage-first heap   total 37888K, used 10259K [0x00000000c1600000, 0x0000000100000000)
  region size 1024K, 1 young (1024K), 0 survivors (0K)
 Metaspace       used 28967K, committed 29248K, reserved 1081344K
  class space    used 3870K, committed 3968K, reserved 1048576K

Heap Regions: E=young(eden), S=young(survivor), O=old, HS=humongous(starts), HC=humongous(continues), CS=collection set, F=free, OA=open archive, CA=closed archive, TAMS=top-at-mark-start (previous, next)
|   0|0x00000000c1600000, 0x00000000c1700000, 0x00000000c1700000|100%| O|  |TAMS 0x00000000c1700000, 0x00000000c1600000| Untracked 
|   1|0x00000000c1700000, 0x00000000c17fff28, 0x00000000c1800000| 99%| O|  |TAMS 0x00000000c17fff28, 0x00000000c1700000| Untracked 
|   2|0x00000000c1800000, 0x00000000c1900000, 0x00000000c1900000|100%| O|  |TAMS 0x00000000c1900000, 0x00000000c1800000| Untracked 
|   3|0x00000000c1900000, 0x00000000c19ffff8, 0x00000000c1a00000| 99%| O|  |TAMS 0x00000000c19ffff8, 0x00000000c1900000| Untracked 
|   4|0x00000000c1a00000, 0x00000000c1affe18, 0x00000000c1b00000| 99%| O|  |TAMS 0x00000000c1affe18, 0x00000000c1a00000| Untracked 
|   5|0x00000000c1b00000, 0x00000000c1bfffe8, 0x00000000c1c00000| 99%| O|  |TAMS 0x00000000c1bfffe8, 0x00000000c1b00000| Untracked 
|   6|0x00000000c1c00000, 0x00000000c1cfffc0, 0x00000000c1d00000| 99%| O|  |TAMS 0x00000000c1cfffc0, 0x00000000c1c00000| Untracked 
|   7|0x00000000c1d00000, 0x00000000c1e00000, 0x00000000c1e00000|100%| O|  |TAMS 0x00000000c1e00000, 0x00000000c1d00000| Untracked 
|   8|0x00000000c1e00000, 0x00000000c1effff0, 0x00000000c1f00000| 99%| O|  |TAMS 0x00000000c1effff0, 0x00000000c1e00000| Untracked 
|   9|0x00000000c1f00000, 0x00000000c1ffffd8, 0x00000000c2000000| 99%| O|  |TAMS 0x00000000c1ffffd8, 0x00000000c1f00000| Untracked 
|  10|0x00000000c2000000, 0x00000000c2005100, 0x00000000c2100000|  1%| O|  |TAMS 0x00000000c2000000, 0x00000000c2000000| Untracked 
|  11|0x00000000c2100000, 0x00000000c2100048, 0x00000000c2200000|  0%| O|  |TAMS 0x00000000c2100000, 0x00000000c2100000| Untracked 
|  12|0x00000000c2200000, 0x00000000c2200000, 0x00000000c2300000|  0%| F|  |TAMS 0x00000000c2200000, 0x00000000c2200000| Untracked 
|  13|0x00000000c2300000, 0x00000000c2300000, 0x00000000c2400000|  0%| F|  |TAMS 0x00000000c2300000, 0x00000000c2300000| Untracked 
|  14|0x00000000c2400000, 0x00000000c2400000, 0x00000000c2500000|  0%| F|  |TAMS 0x00000000c2400000, 0x00000000c2400000| Untracked 
|  15|0x00000000c2500000, 0x00000000c2500000, 0x00000000c2600000|  0%| F|  |TAMS 0x00000000c2500000, 0x00000000c2500000| Untracked 
|  16|0x00000000c2600000, 0x00000000c2600000, 0x00000000c2700000|  0%| F|  |TAMS 0x00000000c2600000, 0x00000000c2600000| Untracked 
|  17|0x00000000c2700000, 0x00000000c2700000, 0x00000000c2800000|  0%| F|  |TAMS 0x00000000c2700000, 0x00000000c2700000| Untracked 
|  18|0x00000000c2800000, 0x00000000c2800000, 0x00000000c2900000|  0%| F|  |TAMS 0x00000000c2800000, 0x00000000c2800000| Untracked 
|  19|0x00000000c2900000, 0x00000000c2900000, 0x00000000c2a00000|  0%| F|  |TAMS 0x00000000c2900000, 0x00000000c2900000| Untracked 
|  20|0x00000000c2a00000, 0x00000000c2a00000, 0x00000000c2b00000|  0%| F|  |TAMS 0x00000000c2a00000, 0x00000000c2a00000| Untracked 
|  21|0x00000000c2b00000, 0x00000000c2b00000, 0x00000000c2c00000|  0%| F|  |TAMS 0x00000000c2b00000, 0x00000000c2b00000| Untracked 
|  22|0x00000000c2c00000, 0x00000000c2c00000, 0x00000000c2d00000|  0%| F|  |TAMS 0x00000000c2c00000, 0x00000000c2c00000| Untracked 
|  23|0x00000000c2d00000, 0x00000000c2d00000, 0x00000000c2e00000|  0%| F|  |TAMS 0x00000000c2d00000, 0x00000000c2d00000| Untracked 
|  24|0x00000000c2e00000, 0x00000000c2e00000, 0x00000000c2f00000|  0%| F|  |TAMS 0x00000000c2e00000, 0x00000000c2e00000| Untracked 
|  25|0x00000000c2f00000, 0x00000000c2f00000, 0x00000000c3000000|  0%| F|  |TAMS 0x00000000c2f00000, 0x00000000c2f00000| Untracked 
|  26|0x00000000c3000000, 0x00000000c3000000, 0x00000000c3100000|  0%| F|  |TAMS 0x00000000c3000000, 0x00000000c3000000| Untracked 
|  27|0x00000000c3100000, 0x00000000c3100000, 0x00000000c3200000|  0%| F|  |TAMS 0x00000000c3100000, 0x00000000c3100000| Untracked 
|  28|0x00000000c3200000, 0x00000000c3200000, 0x00000000c3300000|  0%| F|  |TAMS 0x00000000c3200000, 0x00000000c3200000| Untracked 
|  29|0x00000000c3300000, 0x00000000c3300000, 0x00000000c3400000|  0%| F|  |TAMS 0x00000000c3300000, 0x00000000c3300000| Untracked 
|  30|0x00000000c3400000, 0x00000000c3400000, 0x00000000c3500000|  0%| F|  |TAMS 0x00000000c3400000, 0x00000000c3400000| Untracked 
|  31|0x00000000c3500000, 0x00000000c3500000, 0x00000000c3600000|  0%| F|  |TAMS 0x00000000c3500000, 0x00000000c3500000| Untracked 
|  45|0x00000000c4300000, 0x00000000c4300000, 0x00000000c4400000|  0%| F|  |TAMS 0x00000000c4300000, 0x00000000c4300000| Untracked 
|  46|0x00000000c4400000, 0x00000000c4400000, 0x00000000c4500000|  0%| F|  |TAMS 0x00000000c4400000, 0x00000000c4400000| Untracked 
|  47|0x00000000c4500000, 0x00000000c4500000, 0x00000000c4600000|  0%| F|  |TAMS 0x00000000c4500000, 0x00000000c4500000| Untracked 
|  48|0x00000000c4600000, 0x00000000c4600000, 0x00000000c4700000|  0%| F|  |TAMS 0x00000000c4600000, 0x00000000c4600000| Untracked 
|  63|0x00000000c5500000, 0x00000000c550c328, 0x00000000c5600000|  4%| E|  |TAMS 0x00000000c5500000, 0x00000000c5500000| Complete 

Card table byte_map: [0x00000160eb2e0000,0x00000160eb4e0000] _byte_map_base: 0x00000160eacd5000

Marking Bits (Prev, Next): (CMBitMap*) 0x00000160e5680f30, (CMBitMap*) 0x00000160e5680f70
 Prev Bits: [0x00000160eb6e0000, 0x00000160ec688000)
 Next Bits: [0x00000160ec690000, 0x00000160ed638000)

Polling page: 0x00000160e34d0000

Metaspace:

Usage:
  Non-class:     24.51 MB used.
      Class:      3.78 MB used.
       Both:     28.29 MB used.

Virtual space:
  Non-class space:       32.00 MB reserved,      24.69 MB ( 77%) committed,  4 nodes.
      Class space:        1.00 GB reserved,       3.88 MB ( <1%) committed,  1 nodes.
             Both:        1.03 GB reserved,      28.56 MB (  3%) committed. 

Chunk freelists:
   Non-Class:  2.76 MB
       Class:  103.00 KB
        Both:  2.86 MB

MaxMetaspaceSize: unlimited
CompressedClassSpaceSize: 1.00 GB
Initial GC threshold: 21.00 MB
Current GC threshold: 47.44 MB
CDS: off
MetaspaceReclaimPolicy: balanced
 - commit_granule_bytes: 65536.
 - commit_granule_words: 8192.
 - virtual_space_node_default_size: 1048576.
 - enlarge_chunks_in_place: 1.
 - new_chunks_are_fully_committed: 0.
 - uncommit_free_chunks: 1.
 - use_allocation_guard: 0.
 - handle_deallocations: 1.


Internal statistics:

num_allocs_failed_limit: 3.
num_arena_births: 286.
num_arena_deaths: 78.
num_vsnodes_births: 5.
num_vsnodes_deaths: 0.
num_space_committed: 457.
num_space_uncommitted: 0.
num_chunks_returned_to_freelist: 82.
num_chunks_taken_from_freelist: 1074.
num_chunk_merges: 24.
num_chunk_splits: 704.
num_chunks_enlarged: 529.
num_purges: 2.
num_inconsistent_stats: 0.

CodeCache: size=49152Kb used=5533Kb max_used=5533Kb free=43618Kb
 bounds [0x00000160e82e0000, 0x00000160e8850000, 0x00000160eb2e0000]
 total_blobs=3330 nmethods=2843 adapters=414
 compilation: enabled
              stopped_count=0, restarted_count=0
 full_count=0

Compilation events (20 events):
Event: 448.860 Thread 0x00000160efb00910 2836   !   1       java.io.FileInputStream::close (69 bytes)
Event: 448.911 Thread 0x00000160efb00910 nmethod 2836 0x00000160e8843d10 code [0x00000160e8843ee0, 0x00000160e8844258]
Event: 448.911 Thread 0x00000160efb00910 2837       1       java.io.FileInputStream$1::<init> (10 bytes)
Event: 448.911 Thread 0x00000160efb00910 nmethod 2837 0x00000160e8844390 code [0x00000160e8844520, 0x00000160e8844638]
Event: 448.911 Thread 0x00000160efb00910 2838       1       java.io.FileInputStream$1::close (11 bytes)
Event: 448.913 Thread 0x00000160efb00910 nmethod 2838 0x00000160e8844690 code [0x00000160e8844840, 0x00000160e8844b58]
Event: 458.931 Thread 0x00000160efb00910 2839       1       java.lang.ProcessImpl::needsEscaping (169 bytes)
Event: 458.962 Thread 0x00000160efb00910 nmethod 2839 0x00000160e8844d10 code [0x00000160e8844f60, 0x00000160e8845668]
Event: 458.962 Thread 0x00000160efb00910 2840       1       java.lang.ProcessImpl::unQuote (52 bytes)
Event: 458.964 Thread 0x00000160efb00910 nmethod 2840 0x00000160e8845a90 code [0x00000160e8845c60, 0x00000160e8845eb8]
Event: 466.623 Thread 0x00000160efb00910 2841       1       com.google.gson.internal.$Gson$Preconditions::checkArgument (13 bytes)
Event: 466.627 Thread 0x00000160efb00910 nmethod 2841 0x00000160e8846090 code [0x00000160e8846220, 0x00000160e8846348]
Event: 546.104 Thread 0x00000160efb00910 2842       1       java.lang.System::getProperty (25 bytes)
Event: 546.312 Thread 0x00000160efb00910 nmethod 2842 0x00000160e8846410 code [0x00000160e88465e0, 0x00000160e8846858]
Event: 551.627 Thread 0x00000160efb00910 2843       1       com.google.gson.stream.JsonWriter::setSerializeNulls (6 bytes)
Event: 551.628 Thread 0x00000160efb00910 nmethod 2843 0x00000160e8846a10 code [0x00000160e8846ba0, 0x00000160e8846c78]
Event: 589.145 Thread 0x00000160efb00910 2844       1       java.util.concurrent.ThreadPoolExecutor::runStateAtLeast (11 bytes)
Event: 589.146 Thread 0x00000160efb00910 nmethod 2844 0x00000160e8846d10 code [0x00000160e8846ea0, 0x00000160e8846f58]
Event: 682.285 Thread 0x00000160efb00910 2845       1       java.util.concurrent.TimeUnit::toMillis (69 bytes)
Event: 682.291 Thread 0x00000160efb00910 nmethod 2845 0x00000160e8847010 code [0x00000160e88471c0, 0x00000160e88473b8]

GC Heap History (20 events):
Event: 813.165 GC heap before
{Heap before GC invocations=54 (full 47):
 garbage-first heap   total 37888K, used 10259K [0x00000000c1600000, 0x0000000100000000)
  region size 1024K, 1 young (1024K), 0 survivors (0K)
 Metaspace       used 28967K, committed 29248K, reserved 1081344K
  class space    used 3870K, committed 3968K, reserved 1048576K
}
Event: 813.201 GC heap after
{Heap after GC invocations=55 (full 48):
 garbage-first heap   total 37888K, used 10259K [0x00000000c1600000, 0x0000000100000000)
  region size 1024K, 0 young (0K), 0 survivors (0K)
 Metaspace       used 28967K, committed 29248K, reserved 1081344K
  class space    used 3870K, committed 3968K, reserved 1048576K
}
Event: 825.275 GC heap before
{Heap before GC invocations=55 (full 48):
 garbage-first heap   total 37888K, used 10259K [0x00000000c1600000, 0x0000000100000000)
  region size 1024K, 1 young (1024K), 0 survivors (0K)
 Metaspace       used 28967K, committed 29248K, reserved 1081344K
  class space    used 3870K, committed 3968K, reserved 1048576K
}
Event: 825.305 GC heap after
{Heap after GC invocations=56 (full 49):
 garbage-first heap   total 37888K, used 10259K [0x00000000c1600000, 0x0000000100000000)
  region size 1024K, 0 young (0K), 0 survivors (0K)
 Metaspace       used 28967K, committed 29248K, reserved 1081344K
  class space    used 3870K, committed 3968K, reserved 1048576K
}
Event: 835.644 GC heap before
{Heap before GC invocations=56 (full 49):
 garbage-first heap   total 37888K, used 10259K [0x00000000c1600000, 0x0000000100000000)
  region size 1024K, 1 young (1024K), 0 survivors (0K)
 Metaspace       used 28967K, committed 29248K, reserved 1081344K
  class space    used 3870K, committed 3968K, reserved 1048576K
}
Event: 835.671 GC heap after
{Heap after GC invocations=57 (full 50):
 garbage-first heap   total 37888K, used 10259K [0x00000000c1600000, 0x0000000100000000)
  region size 1024K, 0 young (0K), 0 survivors (0K)
 Metaspace       used 28967K, committed 29248K, reserved 1081344K
  class space    used 3870K, committed 3968K, reserved 1048576K
}
Event: 846.900 GC heap before
{Heap before GC invocations=57 (full 50):
 garbage-first heap   total 37888K, used 10259K [0x00000000c1600000, 0x0000000100000000)
  region size 1024K, 1 young (1024K), 0 survivors (0K)
 Metaspace       used 28967K, committed 29248K, reserved 1081344K
  class space    used 3870K, committed 3968K, reserved 1048576K
}
Event: 846.930 GC heap after
{Heap after GC invocations=58 (full 51):
 garbage-first heap   total 37888K, used 10259K [0x00000000c1600000, 0x0000000100000000)
  region size 1024K, 0 young (0K), 0 survivors (0K)
 Metaspace       used 28967K, committed 29248K, reserved 1081344K
  class space    used 3870K, committed 3968K, reserved 1048576K
}
Event: 861.429 GC heap before
{Heap before GC invocations=58 (full 51):
 garbage-first heap   total 37888K, used 10259K [0x00000000c1600000, 0x0000000100000000)
  region size 1024K, 1 young (1024K), 0 survivors (0K)
 Metaspace       used 28967K, committed 29248K, reserved 1081344K
  class space    used 3870K, committed 3968K, reserved 1048576K
}
Event: 861.462 GC heap after
{Heap after GC invocations=59 (full 52):
 garbage-first heap   total 37888K, used 10259K [0x00000000c1600000, 0x0000000100000000)
  region size 1024K, 0 young (0K), 0 survivors (0K)
 Metaspace       used 28967K, committed 29248K, reserved 1081344K
  class space    used 3870K, committed 3968K, reserved 1048576K
}
Event: 875.185 GC heap before
{Heap before GC invocations=59 (full 52):
 garbage-first heap   total 37888K, used 10259K [0x00000000c1600000, 0x0000000100000000)
  region size 1024K, 1 young (1024K), 0 survivors (0K)
 Metaspace       used 28967K, committed 29248K, reserved 1081344K
  class space    used 3870K, committed 3968K, reserved 1048576K
}
Event: 875.243 GC heap after
{Heap after GC invocations=60 (full 53):
 garbage-first heap   total 37888K, used 10259K [0x00000000c1600000, 0x0000000100000000)
  region size 1024K, 0 young (0K), 0 survivors (0K)
 Metaspace       used 28967K, committed 29248K, reserved 1081344K
  class space    used 3870K, committed 3968K, reserved 1048576K
}
Event: 888.737 GC heap before
{Heap before GC invocations=60 (full 53):
 garbage-first heap   total 37888K, used 10259K [0x00000000c1600000, 0x0000000100000000)
  region size 1024K, 1 young (1024K), 0 survivors (0K)
 Metaspace       used 28967K, committed 29248K, reserved 1081344K
  class space    used 3870K, committed 3968K, reserved 1048576K
}
Event: 888.764 GC heap after
{Heap after GC invocations=61 (full 54):
 garbage-first heap   total 37888K, used 10259K [0x00000000c1600000, 0x0000000100000000)
  region size 1024K, 0 young (0K), 0 survivors (0K)
 Metaspace       used 28967K, committed 29248K, reserved 1081344K
  class space    used 3870K, committed 3968K, reserved 1048576K
}
Event: 900.341 GC heap before
{Heap before GC invocations=61 (full 54):
 garbage-first heap   total 37888K, used 10259K [0x00000000c1600000, 0x0000000100000000)
  region size 1024K, 1 young (1024K), 0 survivors (0K)
 Metaspace       used 28967K, committed 29248K, reserved 1081344K
  class space    used 3870K, committed 3968K, reserved 1048576K
}
Event: 900.373 GC heap after
{Heap after GC invocations=62 (full 55):
 garbage-first heap   total 37888K, used 10259K [0x00000000c1600000, 0x0000000100000000)
  region size 1024K, 0 young (0K), 0 survivors (0K)
 Metaspace       used 28967K, committed 29248K, reserved 1081344K
  class space    used 3870K, committed 3968K, reserved 1048576K
}
Event: 911.274 GC heap before
{Heap before GC invocations=62 (full 55):
 garbage-first heap   total 37888K, used 10259K [0x00000000c1600000, 0x0000000100000000)
  region size 1024K, 1 young (1024K), 0 survivors (0K)
 Metaspace       used 28967K, committed 29248K, reserved 1081344K
  class space    used 3870K, committed 3968K, reserved 1048576K
}
Event: 911.308 GC heap after
{Heap after GC invocations=63 (full 56):
 garbage-first heap   total 37888K, used 10259K [0x00000000c1600000, 0x0000000100000000)
  region size 1024K, 0 young (0K), 0 survivors (0K)
 Metaspace       used 28967K, committed 29248K, reserved 1081344K
  class space    used 3870K, committed 3968K, reserved 1048576K
}
Event: 929.044 GC heap before
{Heap before GC invocations=63 (full 56):
 garbage-first heap   total 37888K, used 10259K [0x00000000c1600000, 0x0000000100000000)
  region size 1024K, 1 young (1024K), 0 survivors (0K)
 Metaspace       used 28967K, committed 29248K, reserved 1081344K
  class space    used 3870K, committed 3968K, reserved 1048576K
}
Event: 929.075 GC heap after
{Heap after GC invocations=64 (full 57):
 garbage-first heap   total 37888K, used 10259K [0x00000000c1600000, 0x0000000100000000)
  region size 1024K, 0 young (0K), 0 survivors (0K)
 Metaspace       used 28967K, committed 29248K, reserved 1081344K
  class space    used 3870K, committed 3968K, reserved 1048576K
}

Deoptimization events (10 events):
Event: 11.558 Thread 0x00000160e5650f30 DEOPT PACKING pc=0x00000160e849b5f5 sp=0x00000025076fdce0
Event: 11.558 Thread 0x00000160e5650f30 DEOPT UNPACKING pc=0x00000160e8332b43 sp=0x00000025076fd150 mode 3
Event: 17.653 Thread 0x00000160e5650f30 DEOPT PACKING pc=0x00000160e862b499 sp=0x00000025076fd490
Event: 17.653 Thread 0x00000160e5650f30 DEOPT UNPACKING pc=0x00000160e8332b43 sp=0x00000025076fc970 mode 3
Event: 32.365 Thread 0x00000160e5650f30 DEOPT PACKING pc=0x00000160e875f1f5 sp=0x00000025076fbcc0
Event: 32.365 Thread 0x00000160e5650f30 DEOPT UNPACKING pc=0x00000160e8332b43 sp=0x00000025076fb118 mode 3
Event: 38.558 Thread 0x00000160f0e4b4a0 DEOPT PACKING pc=0x00000160e8823f35 sp=0x0000002508efde00
Event: 38.558 Thread 0x00000160f0e4b4a0 DEOPT UNPACKING pc=0x00000160e8332b43 sp=0x0000002508efd328 mode 3
Event: 79.905 Thread 0x00000160f2b15dd0 DEOPT PACKING pc=0x00000160e8740454 sp=0x0000002508dfedb0
Event: 79.906 Thread 0x00000160f2b15dd0 DEOPT UNPACKING pc=0x00000160e8332b43 sp=0x0000002508dfe258 mode 0

Classes unloaded (20 events):
Event: 122.365 Thread 0x00000160efa6ef00 Unloading class 0x00000001002ecc00 'java/lang/invoke/LambdaForm$MH+0x00000001002ecc00'
Event: 122.365 Thread 0x00000160efa6ef00 Unloading class 0x00000001002ec800 'java/lang/invoke/LambdaForm$MH+0x00000001002ec800'
Event: 122.365 Thread 0x00000160efa6ef00 Unloading class 0x00000001002ec400 'java/lang/invoke/LambdaForm$MH+0x00000001002ec400'
Event: 122.365 Thread 0x00000160efa6ef00 Unloading class 0x00000001002ec000 'java/lang/invoke/LambdaForm$MH+0x00000001002ec000'
Event: 122.365 Thread 0x00000160efa6ef00 Unloading class 0x00000001002e4c00 'java/lang/invoke/LambdaForm$DMH+0x00000001002e4c00'
Event: 122.366 Thread 0x00000160efa6ef00 Unloading class 0x00000001002e4400 'java/lang/invoke/LambdaForm$DMH+0x00000001002e4400'
Event: 122.366 Thread 0x00000160efa6ef00 Unloading class 0x00000001001dec00 'java/lang/invoke/LambdaForm$MH+0x00000001001dec00'
Event: 122.366 Thread 0x00000160efa6ef00 Unloading class 0x00000001001de800 'java/lang/invoke/LambdaForm$MH+0x00000001001de800'
Event: 122.366 Thread 0x00000160efa6ef00 Unloading class 0x00000001001de400 'java/lang/invoke/LambdaForm$MH+0x00000001001de400'
Event: 122.366 Thread 0x00000160efa6ef00 Unloading class 0x00000001001de000 'java/lang/invoke/LambdaForm$MH+0x00000001001de000'
Event: 122.366 Thread 0x00000160efa6ef00 Unloading class 0x00000001001ddc00 'java/lang/invoke/LambdaForm$MH+0x00000001001ddc00'
Event: 122.367 Thread 0x00000160efa6ef00 Unloading class 0x00000001001dd400 'java/lang/invoke/LambdaForm$MH+0x00000001001dd400'
Event: 122.367 Thread 0x00000160efa6ef00 Unloading class 0x00000001000ca800 'java/lang/invoke/LambdaForm$MH+0x00000001000ca800'
Event: 122.367 Thread 0x00000160efa6ef00 Unloading class 0x00000001000ca000 'java/lang/invoke/LambdaForm$MH+0x00000001000ca000'
Event: 122.367 Thread 0x00000160efa6ef00 Unloading class 0x00000001000c9c00 'java/lang/invoke/LambdaForm$MH+0x00000001000c9c00'
Event: 122.367 Thread 0x00000160efa6ef00 Unloading class 0x00000001000c9800 'java/lang/invoke/LambdaForm$MH+0x00000001000c9800'
Event: 122.367 Thread 0x00000160efa6ef00 Unloading class 0x00000001000c9000 'java/lang/invoke/LambdaForm$MH+0x00000001000c9000'
Event: 122.368 Thread 0x00000160efa6ef00 Unloading class 0x00000001000c8c00 'java/lang/invoke/LambdaForm$MH+0x00000001000c8c00'
Event: 122.368 Thread 0x00000160efa6ef00 Unloading class 0x00000001000c8800 'java/lang/invoke/LambdaForm$MH+0x00000001000c8800'
Event: 122.368 Thread 0x00000160efa6ef00 Unloading class 0x00000001000c8000 'java/lang/invoke/LambdaForm$MH+0x00000001000c8000'

Classes redefined (0 events):
No events

Internal exceptions (20 events):
Event: 28.482 Thread 0x00000160e5650f30 Exception <a 'java/lang/NoSuchMethodError'{0x00000000c2f777b0}: 'int java.lang.invoke.DirectMethodHandle$Holder.invokeVirtual(java.lang.Object, java.lang.Object, java.lang.Object)'> (0x00000000c2f777b0) 
thrown [e:\jenkins\tmp\workspace\build\src\src\hotspot\share\interpreter\linkResolver.cpp, line 766]
Event: 29.187 Thread 0x00000160e5650f30 Exception <a 'java/lang/NoSuchMethodError'{0x00000000c2d75880}: 'java.lang.Object java.lang.invoke.DirectMethodHandle$Holder.newInvokeSpecial(java.lang.Object, java.lang.Object, java.lang.Object, int, java.lang.Object)'> (0x00000000c2d75880) 
thrown [e:\jenkins\tmp\workspace\build\src\src\hotspot\share\interpreter\linkResolver.cpp, line 766]
Event: 29.192 Thread 0x00000160e5650f30 Exception <a 'java/lang/NoSuchMethodError'{0x00000000c2d89b08}: 'void java.lang.invoke.DirectMethodHandle$Holder.invokeSpecialIFC(java.lang.Object, java.lang.Object, java.lang.Object)'> (0x00000000c2d89b08) 
thrown [e:\jenkins\tmp\workspace\build\src\src\hotspot\share\interpreter\linkResolver.cpp, line 766]
Event: 31.501 Thread 0x00000160e5650f30 Exception <a 'java/lang/NoSuchMethodError'{0x00000000c463bc78}: 'void java.lang.invoke.DirectMethodHandle$Holder.invokeVirtual(java.lang.Object, java.lang.Object)'> (0x00000000c463bc78) 
thrown [e:\jenkins\tmp\workspace\build\src\src\hotspot\share\interpreter\linkResolver.cpp, line 766]
Event: 32.558 Thread 0x00000160e5650f30 Exception <a 'java/lang/NoSuchMethodError'{0x00000000c44f3ab0}: 'int java.lang.invoke.DirectMethodHandle$Holder.invokeSpecial(java.lang.Object, java.lang.Object, java.lang.Object, java.lang.Object, java.lang.Object)'> (0x00000000c44f3ab0) 
thrown [e:\jenkins\tmp\workspace\build\src\src\hotspot\share\interpreter\linkResolver.cpp, line 766]
Event: 33.966 Thread 0x00000160e5650f30 Exception <a 'java/lang/IncompatibleClassChangeError'{0x00000000c3424bc8}: Found class java.lang.Object, but interface was expected> (0x00000000c3424bc8) 
thrown [e:\jenkins\tmp\workspace\build\src\src\hotspot\share\interpreter\linkResolver.cpp, line 833]
Event: 33.988 Thread 0x00000160e5650f30 Exception <a 'java/lang/NoSuchMethodError'{0x00000000c345da30}: 'java.lang.Object java.lang.invoke.DirectMethodHandle$Holder.invokeVirtual(java.lang.Object, java.lang.Object, java.lang.Object, java.lang.Object)'> (0x00000000c345da30) 
thrown [e:\jenkins\tmp\workspace\build\src\src\hotspot\share\interpreter\linkResolver.cpp, line 766]
Event: 35.213 Thread 0x00000160e5650f30 Exception <a 'java/lang/NoSuchMethodError'{0x00000000c32a8588}: 'java.lang.Object java.lang.invoke.DirectMethodHandle$Holder.newInvokeSpecial(java.lang.Object, java.lang.Object, int, java.lang.Object, java.lang.Object)'> (0x00000000c32a8588) 
thrown [e:\jenkins\tmp\workspace\build\src\src\hotspot\share\interpreter\linkResolver.cpp, line 766]
Event: 38.094 Thread 0x00000160f2b15dd0 Exception <a 'java/lang/NoSuchMethodError'{0x00000000c4357500}: 'java.lang.Object java.lang.invoke.DirectMethodHandle$Holder.invokeStatic(java.lang.Object, java.lang.Object, java.lang.Object, int, java.lang.Object, java.lang.Object)'> (0x00000000c4357500) 
thrown [e:\jenkins\tmp\workspace\build\src\src\hotspot\share\interpreter\linkResolver.cpp, line 766]
Event: 38.137 Thread 0x00000160f2b15dd0 Exception <a 'java/lang/reflect/InvocationTargetException'{0x00000000c43edb38}> (0x00000000c43edb38) 
thrown [e:\jenkins\tmp\workspace\build\src\src\hotspot\share\runtime\reflection.cpp, line 1121]
Event: 38.555 Thread 0x00000160f0e4b4a0 Exception <a 'java/lang/NoSuchMethodError'{0x00000000c3534b98}: 'java.lang.Object java.lang.invoke.DirectMethodHandle$Holder.invokeStatic(java.lang.Object, int, java.lang.Object)'> (0x00000000c3534b98) 
thrown [e:\jenkins\tmp\workspace\build\src\src\hotspot\share\interpreter\linkResolver.cpp, line 766]
Event: 39.849 Thread 0x00000160f0e4b4a0 Exception <a 'java/lang/NoSuchMethodError'{0x00000000c32118d8}: 'int java.lang.invoke.DirectMethodHandle$Holder.invokeStatic(java.lang.Object)'> (0x00000000c32118d8) 
thrown [e:\jenkins\tmp\workspace\build\src\src\hotspot\share\interpreter\linkResolver.cpp, line 766]
Event: 39.849 Thread 0x00000160f0e4b4a0 Exception <a 'java/lang/NoSuchMethodError'{0x00000000c3215030}: 'int java.lang.invoke.DirectMethodHandle$Holder.invokeStaticInit(java.lang.Object)'> (0x00000000c3215030) 
thrown [e:\jenkins\tmp\workspace\build\src\src\hotspot\share\interpreter\linkResolver.cpp, line 766]
Event: 39.999 Thread 0x00000160f2b15dd0 Exception <a 'java/lang/NoSuchMethodError'{0x00000000c328d610}: 'int java.lang.invoke.DirectMethodHandle$Holder.invokeVirtual(java.lang.Object, java.lang.Object)'> (0x00000000c328d610) 
thrown [e:\jenkins\tmp\workspace\build\src\src\hotspot\share\interpreter\linkResolver.cpp, line 766]
Event: 76.146 Thread 0x00000160f29323e0 Exception <a 'java/lang/NoSuchMethodError'{0x00000000c32f7518}: 'void java.lang.invoke.DirectMethodHandle$Holder.invokeStatic(java.lang.Object, long)'> (0x00000000c32f7518) 
thrown [e:\jenkins\tmp\workspace\build\src\src\hotspot\share\interpreter\linkResolver.cpp, line 766]
Event: 76.160 Thread 0x00000160f29323e0 Exception <a 'java/lang/NoSuchMethodError'{0x00000000c32fc8f0}: 'java.lang.Object java.lang.invoke.DirectMethodHandle$Holder.newInvokeSpecial(java.lang.Object, long)'> (0x00000000c32fc8f0) 
thrown [e:\jenkins\tmp\workspace\build\src\src\hotspot\share\interpreter\linkResolver.cpp, line 766]
Event: 76.191 Thread 0x00000160f29323e0 Exception <a 'java/lang/NoSuchMethodError'{0x00000000c31034b8}: 'java.lang.Object java.lang.invoke.DirectMethodHandle$Holder.invokeStatic(java.lang.Object, java.lang.Object, long, java.lang.Object)'> (0x00000000c31034b8) 
thrown [e:\jenkins\tmp\workspace\build\src\src\hotspot\share\interpreter\linkResolver.cpp, line 766]
Event: 76.193 Thread 0x00000160f29323e0 Exception <a 'java/lang/NoSuchMethodError'{0x00000000c3106f50}: 'java.lang.Object java.lang.invoke.DirectMethodHandle$Holder.invokeStaticInit(java.lang.Object, java.lang.Object, long, java.lang.Object)'> (0x00000000c3106f50) 
thrown [e:\jenkins\tmp\workspace\build\src\src\hotspot\share\interpreter\linkResolver.cpp, line 766]
Event: 76.199 Thread 0x00000160f29323e0 Exception <a 'java/lang/NoSuchMethodError'{0x00000000c310d280}: 'java.lang.Object java.lang.invoke.DirectMethodHandle$Holder.newInvokeSpecial(java.lang.Object, java.lang.Object, long)'> (0x00000000c310d280) 
thrown [e:\jenkins\tmp\workspace\build\src\src\hotspot\share\interpreter\linkResolver.cpp, line 766]
Event: 76.200 Thread 0x00000160f29323e0 Exception <a 'java/lang/NoSuchMethodError'{0x00000000c3110e08}: 'java.lang.Object java.lang.invoke.Invokers$Holder.linkToTargetMethod(java.lang.Object, long, java.lang.Object)'> (0x00000000c3110e08) 
thrown [e:\jenkins\tmp\workspace\build\src\src\hotspot\share\interpreter\linkResolver.cpp, line 766]

VM Operations (20 events):
Event: 813.201 Executing VM operation: G1CollectFull done
Event: 825.275 Executing VM operation: G1CollectFull
Event: 825.305 Executing VM operation: G1CollectFull done
Event: 835.644 Executing VM operation: G1CollectFull
Event: 835.671 Executing VM operation: G1CollectFull done
Event: 846.899 Executing VM operation: G1CollectFull
Event: 846.930 Executing VM operation: G1CollectFull done
Event: 861.428 Executing VM operation: G1CollectFull
Event: 861.462 Executing VM operation: G1CollectFull done
Event: 875.184 Executing VM operation: G1CollectFull
Event: 875.243 Executing VM operation: G1CollectFull done
Event: 888.736 Executing VM operation: G1CollectFull
Event: 888.764 Executing VM operation: G1CollectFull done
Event: 900.341 Executing VM operation: G1CollectFull
Event: 900.373 Executing VM operation: G1CollectFull done
Event: 911.274 Executing VM operation: G1CollectFull
Event: 911.308 Executing VM operation: G1CollectFull done
Event: 929.044 Executing VM operation: G1CollectFull
Event: 929.075 Executing VM operation: G1CollectFull done
Event: 942.324 Executing VM operation: G1CollectFull

Events (20 events):
Event: 111.787 loading class sun/util/cldr/CLDRTimeZoneNameProviderImpl done
Event: 111.794 loading class sun/util/locale/provider/BaseLocaleDataMetaInfo
Event: 111.796 loading class sun/util/locale/provider/BaseLocaleDataMetaInfo done
Event: 111.823 loading class sun/util/resources/cldr/TimeZoneNames
Event: 111.826 loading class sun/util/resources/TimeZoneNamesBundle
Event: 111.828 loading class sun/util/resources/OpenListResourceBundle
Event: 111.829 loading class sun/util/resources/OpenListResourceBundle done
Event: 111.829 loading class sun/util/resources/TimeZoneNamesBundle done
Event: 111.829 loading class sun/util/resources/cldr/TimeZoneNames done
Event: 111.833 loading class sun/util/resources/cldr/TimeZoneNames_en
Event: 111.881 loading class sun/util/resources/cldr/TimeZoneNames_en done
Event: 111.884 loading class sun/util/resources/cldr/TimeZoneNames_en_US
Event: 111.884 loading class sun/util/resources/cldr/TimeZoneNames_en_US done
Event: 111.909 loading class sun/util/resources/TimeZoneNames
Event: 111.914 loading class sun/util/resources/TimeZoneNames done
Event: 111.914 loading class sun/util/resources/TimeZoneNames_en
Event: 111.915 loading class sun/util/resources/TimeZoneNames_en done
Event: 140.011 Thread 0x00000160f0b23a50 Thread exited: 0x00000160f0b23a50
Event: 466.679 Thread 0x00000160f0b23a50 Thread added: 0x00000160f0b23a50
Event: 611.660 Thread 0x00000160f0b23a50 Thread exited: 0x00000160f0b23a50


Dynamic libraries:
0x00007ff61ea20000 - 0x00007ff61ea2e000 	c:\Users\User\.vscode\extensions\redhat.java-1.6.0-win32-x64\jre\17.0.2-win32-x86_64\bin\java.exe
0x00007ffe28370000 - 0x00007ffe28565000 	C:\Windows\SYSTEM32\ntdll.dll
0x00007ffe27150000 - 0x00007ffe2720d000 	C:\Windows\System32\KERNEL32.DLL
0x00007ffe25ab0000 - 0x00007ffe25d78000 	C:\Windows\System32\KERNELBASE.dll
0x00007ffe26010000 - 0x00007ffe26110000 	C:\Windows\System32\ucrtbase.dll
0x00007ffe1aff0000 - 0x00007ffe1b008000 	c:\Users\User\.vscode\extensions\redhat.java-1.6.0-win32-x64\jre\17.0.2-win32-x86_64\bin\jli.dll
0x00007ffe27210000 - 0x00007ffe273b0000 	C:\Windows\System32\USER32.dll
0x00007ffe25d80000 - 0x00007ffe25da2000 	C:\Windows\System32\win32u.dll
0x00007ffe26bf0000 - 0x00007ffe26c1a000 	C:\Windows\System32\GDI32.dll
0x00007ffe26260000 - 0x00007ffe2636b000 	C:\Windows\System32\gdi32full.dll
0x00007ffe261c0000 - 0x00007ffe2625d000 	C:\Windows\System32\msvcp_win.dll
0x00007ffe0aa00000 - 0x00007ffe0aa19000 	c:\Users\User\.vscode\extensions\redhat.java-1.6.0-win32-x64\jre\17.0.2-win32-x86_64\bin\VCRUNTIME140.dll
0x00007ffe16760000 - 0x00007ffe169fa000 	C:\Windows\WinSxS\amd64_microsoft.windows.common-controls_6595b64144ccf1df_6.0.19041.844_none_ca00b6081b84eb1d\COMCTL32.dll
0x00007ffe278d0000 - 0x00007ffe2796e000 	C:\Windows\System32\msvcrt.dll
0x00007ffe26f80000 - 0x00007ffe26fb0000 	C:\Windows\System32\IMM32.DLL
0x00007ffe210c0000 - 0x00007ffe210cc000 	c:\Users\User\.vscode\extensions\redhat.java-1.6.0-win32-x64\jre\17.0.2-win32-x86_64\bin\vcruntime140_1.dll
0x00007ffdf1830000 - 0x00007ffdf18c1000 	c:\Users\User\.vscode\extensions\redhat.java-1.6.0-win32-x64\jre\17.0.2-win32-x86_64\bin\msvcp140.dll
0x00007ffde05b0000 - 0x00007ffde11f7000 	c:\Users\User\.vscode\extensions\redhat.java-1.6.0-win32-x64\jre\17.0.2-win32-x86_64\bin\server\jvm.dll
0x00007ffe26fc0000 - 0x00007ffe2706c000 	C:\Windows\System32\ADVAPI32.dll
0x00007ffe26620000 - 0x00007ffe266bb000 	C:\Windows\System32\sechost.dll
0x00007ffe27720000 - 0x00007ffe2784b000 	C:\Windows\System32\RPCRT4.dll
0x00007ffe26be0000 - 0x00007ffe26be8000 	C:\Windows\System32\PSAPI.DLL
0x00007ffe14210000 - 0x00007ffe14219000 	C:\Windows\SYSTEM32\WSOCK32.dll
0x00007ffe270e0000 - 0x00007ffe2714b000 	C:\Windows\System32\WS2_32.dll
0x00007ffe17880000 - 0x00007ffe178a7000 	C:\Windows\SYSTEM32\WINMM.dll
0x00007ffe14100000 - 0x00007ffe1410a000 	C:\Windows\SYSTEM32\VERSION.dll
0x00007ffe24340000 - 0x00007ffe24352000 	C:\Windows\SYSTEM32\kernel.appcore.dll
0x00007ffe20950000 - 0x00007ffe2095a000 	c:\Users\User\.vscode\extensions\redhat.java-1.6.0-win32-x64\jre\17.0.2-win32-x86_64\bin\jimage.dll
0x00007ffe24040000 - 0x00007ffe24224000 	C:\Windows\SYSTEM32\DBGHELP.DLL
0x00007ffe12c60000 - 0x00007ffe12c8c000 	C:\Windows\SYSTEM32\dbgcore.DLL
0x00007ffe26140000 - 0x00007ffe261c0000 	C:\Windows\System32\bcryptPrimitives.dll
0x00007ffdff170000 - 0x00007ffdff195000 	c:\Users\User\.vscode\extensions\redhat.java-1.6.0-win32-x64\jre\17.0.2-win32-x86_64\bin\java.dll
0x00007ffe089a0000 - 0x00007ffe089b8000 	c:\Users\User\.vscode\extensions\redhat.java-1.6.0-win32-x64\jre\17.0.2-win32-x86_64\bin\zip.dll
0x00007ffe27be0000 - 0x00007ffe28322000 	C:\Windows\System32\SHELL32.dll
0x00007ffe237f0000 - 0x00007ffe23f80000 	C:\Windows\SYSTEM32\windows.storage.dll
0x00007ffe26c20000 - 0x00007ffe26f75000 	C:\Windows\System32\combase.dll
0x00007ffe25450000 - 0x00007ffe2547c000 	C:\Windows\SYSTEM32\Wldp.dll
0x00007ffe26b30000 - 0x00007ffe26bde000 	C:\Windows\System32\SHCORE.dll
0x00007ffe264f0000 - 0x00007ffe26545000 	C:\Windows\System32\shlwapi.dll
0x00007ffe259f0000 - 0x00007ffe25a0f000 	C:\Windows\SYSTEM32\profapi.dll
0x00007ffe08c40000 - 0x00007ffe08c59000 	C:\Users\User\.vscode\extensions\redhat.java-1.6.0-win32-x64\jre\17.0.2-win32-x86_64\bin\net.dll
0x00007ffe16510000 - 0x00007ffe1661b000 	C:\Windows\SYSTEM32\WINHTTP.dll
0x00007ffe25230000 - 0x00007ffe2529a000 	C:\Windows\system32\mswsock.dll
0x00007ffe06760000 - 0x00007ffe06775000 	C:\Users\User\.vscode\extensions\redhat.java-1.6.0-win32-x64\jre\17.0.2-win32-x86_64\bin\nio.dll
0x00007ffe1cc40000 - 0x00007ffe1cc50000 	c:\Users\User\.vscode\extensions\redhat.java-1.6.0-win32-x64\jre\17.0.2-win32-x86_64\bin\verify.dll
0x00007ffe1bf80000 - 0x00007ffe1bf89000 	C:\Users\User\.vscode\extensions\redhat.java-1.6.0-win32-x64\jre\17.0.2-win32-x86_64\bin\management.dll
0x00007ffe1a7d0000 - 0x00007ffe1a7db000 	C:\Users\User\.vscode\extensions\redhat.java-1.6.0-win32-x64\jre\17.0.2-win32-x86_64\bin\management_ext.dll
0x00007ffe04210000 - 0x00007ffe04227000 	C:\Windows\system32\napinsp.dll
0x00007ffe041f0000 - 0x00007ffe0420b000 	C:\Windows\system32\pnrpnsp.dll
0x00007ffe06720000 - 0x00007ffe06735000 	C:\Windows\system32\wshbth.dll
0x00007ffe20d50000 - 0x00007ffe20d6d000 	C:\Windows\system32\NLAapi.dll
0x00007ffe24ef0000 - 0x00007ffe24f2b000 	C:\Windows\SYSTEM32\IPHLPAPI.DLL
0x00007ffe24f30000 - 0x00007ffe24ffc000 	C:\Windows\SYSTEM32\DNSAPI.dll
0x00007ffe27070000 - 0x00007ffe27078000 	C:\Windows\System32\NSI.dll
0x00007ffe041d0000 - 0x00007ffe041e2000 	C:\Windows\System32\winrnr.dll
0x00007ffe154f0000 - 0x00007ffe154fa000 	C:\Windows\System32\rasadhlp.dll
0x00007ffe16df0000 - 0x00007ffe16e6f000 	C:\Windows\System32\fwpuclnt.dll
0x00007ffe26110000 - 0x00007ffe26137000 	C:\Windows\System32\bcrypt.dll
0x00007ffe25490000 - 0x00007ffe254a8000 	C:\Windows\SYSTEM32\CRYPTSP.dll
0x00007ffe24b80000 - 0x00007ffe24bb4000 	C:\Windows\system32\rsaenh.dll
0x00007ffe259b0000 - 0x00007ffe259de000 	C:\Windows\SYSTEM32\USERENV.dll
0x00007ffe253b0000 - 0x00007ffe253bc000 	C:\Windows\SYSTEM32\CRYPTBASE.dll
0x00007ffe18580000 - 0x00007ffe18597000 	C:\Windows\SYSTEM32\dhcpcsvc6.DLL
0x00007ffe1a640000 - 0x00007ffe1a65d000 	C:\Windows\SYSTEM32\dhcpcsvc.DLL

dbghelp: loaded successfully - version: 4.0.5 - missing functions: none
symbol engine: initialized successfully - sym options: 0x614 - pdb path: .;c:\Users\User\.vscode\extensions\redhat.java-1.6.0-win32-x64\jre\17.0.2-win32-x86_64\bin;C:\Windows\SYSTEM32;C:\Windows\WinSxS\amd64_microsoft.windows.common-controls_6595b64144ccf1df_6.0.19041.844_none_ca00b6081b84eb1d;c:\Users\User\.vscode\extensions\redhat.java-1.6.0-win32-x64\jre\17.0.2-win32-x86_64\bin\server

VM Arguments:
jvm_args: -Dsts.lsp.client=vscode -Dsts.log.file=/dev/null -XX:TieredStopAtLevel=1 -Dspring.config.location=file:c:\Users\User\.vscode\extensions\pivotal.vscode-spring-boot-1.33.0\language-server\BOOT-INF\classes\application.properties 
java_command: org.springframework.ide.vscode.boot.app.BootLanguageServerBootApp
java_class_path (initial): c:\Users\User\.vscode\extensions\pivotal.vscode-spring-boot-1.33.0\language-server\BOOT-INF\classes;c:\Users\User\.vscode\extensions\pivotal.vscode-spring-boot-1.33.0\language-server\BOOT-INF\lib\antlr4-runtime-4.5.3.jar;c:\Users\User\.vscode\extensions\pivotal.vscode-spring-boot-1.33.0\language-server\BOOT-INF\lib\byte-buddy-1.10.18.jar;c:\Users\User\.vscode\extensions\pivotal.vscode-spring-boot-1.33.0\language-server\BOOT-INF\lib\commons-codec-1.14.jar;c:\Users\User\.vscode\extensions\pivotal.vscode-spring-boot-1.33.0\language-server\BOOT-INF\lib\commons-io-2.4.jar;c:\Users\User\.vscode\extensions\pivotal.vscode-spring-boot-1.33.0\language-server\BOOT-INF\lib\commons-java-1.33.0-SNAPSHOT.jar;c:\Users\User\.vscode\extensions\pivotal.vscode-spring-boot-1.33.0\language-server\BOOT-INF\lib\commons-lang3-3.10.jar;c:\Users\User\.vscode\extensions\pivotal.vscode-spring-boot-1.33.0\language-server\BOOT-INF\lib\commons-language-server-1.33.0-SNAPSHOT.jar;c:\Users\User\.vscode\extensions\pivotal.vscode-spring-boot-1.33.0\language-server\BOOT-INF\lib\commons-lsp-extensions-1.33.0-SNAPSHOT.jar;c:\Users\User\.vscode\extensions\pivotal.vscode-spring-boot-1.33.0\language-server\BOOT-INF\lib\commons-util-1.33.0-SNAPSHOT.jar;c:\Users\User\.vscode\extensions\pivotal.vscode-spring-boot-1.33.0\language-server\BOOT-INF\lib\commons-yaml-1.33.0-SNAPSHOT.jar;c:\Users\User\.vscode\extensions\pivotal.vscode-spring-boot-1.33.0\language-server\BOOT-INF\lib\gson-2.8.6.jar;c:\Users\User\.vscode\extensions\pivotal.vscode-spring-boot-1.33.0\language-server\BOOT-INF\lib\guava-19.0.jar;c:\Users\User\.vscode\extensions\pivotal.vscode-spring-boot-1.33.0\language-server\BOOT-INF\lib\jakarta.annotation-api-1.3.5.jar;c:\Users\User\.vscode\extensions\pivotal.vscode-spring-boot-1.33.0\language-server\BOOT-INF\lib\jandex-2.0.5.Final.jar;c:\Users\User\.vscode\extensions\pivotal.vscode-spring-boot-1.33.0\language-server\BOOT-INF\lib\java-properties-1.33.0-SNAPSHOT.jar;c:\Users\U
Launcher Type: SUN_STANDARD

[Global flags]
     intx CICompilerCount                          = 3                                         {product} {ergonomic}
     uint ConcGCThreads                            = 1                                         {product} {ergonomic}
     uint G1ConcRefinementThreads                  = 4                                         {product} {ergonomic}
   size_t G1HeapRegionSize                         = 1048576                                   {product} {ergonomic}
    uintx GCDrainStackTargetSize                   = 64                                        {product} {ergonomic}
   size_t InitialHeapSize                          = 67108864                                  {product} {ergonomic}
   size_t MarkStackSize                            = 4194304                                   {product} {ergonomic}
   size_t MaxHeapSize                              = 1050673152                                {product} {ergonomic}
   size_t MaxNewSize                               = 630194176                                 {product} {ergonomic}
   size_t MinHeapDeltaBytes                        = 1048576                                   {product} {ergonomic}
   size_t MinHeapSize                              = 8388608                                   {product} {ergonomic}
    uintx NonProfiledCodeHeapSize                  = 0                                      {pd product} {ergonomic}
     bool ProfileInterpreter                       = false                                  {pd product} {command line}
    uintx ProfiledCodeHeapSize                     = 0                                      {pd product} {ergonomic}
   size_t SoftMaxHeapSize                          = 1050673152                             {manageable} {ergonomic}
     intx TieredStopAtLevel                        = 1                                         {product} {command line}
     bool UseCompressedClassPointers               = true                           {product lp64_product} {ergonomic}
     bool UseCompressedOops                        = true                           {product lp64_product} {ergonomic}
     bool UseG1GC                                  = true                                      {product} {ergonomic}
     bool UseLargePagesIndividualAllocation        = false                                  {pd product} {ergonomic}

Logging:
Log output configuration:
 #0: stdout all=warning uptime,level,tags
 #1: stderr all=off uptime,level,tags

Environment Variables:
JAVA_HOME=C:\Program Files\Java\jdk-17.0.2
PATH=C:\Windows\system32;C:\Windows;C:\Windows\System32\Wbem;C:\Windows\System32\WindowsPowerShell\v1.0\;C:\Windows\System32\OpenSSH\;C:\Program Files\Git\cmd;C:\Program Files\Git\mingw64\bin;C:\Program Files\Git\usr\bin;C:\Program Files\Java\jdk-17.0.2\bin;C:\Program Files\nodejs\;C:\ProgramData\chocolatey\bin;;C:\Program Files\Docker\Docker\resources\bin;C:\ProgramData\DockerDesktop\version-bin;C:\Users\User\AppData\Local\Programs\Python\Python310\Scripts\;C:\Users\User\AppData\Local\Programs\Python\Python310\;C:\Users\User\anaconda3;C:\Users\User\anaconda3\Library\mingw-w64\bin;C:\Users\User\anaconda3\Library\usr\bin;C:\Users\User\anaconda3\Library\bin;C:\Users\User\anaconda3\Scripts;C:\Users\User\AppData\Local\Microsoft\WindowsApps;C:\Users\User\AppData\Local\Programs\Microsoft VS Code\bin;C:\MongoDB\mongosh-1.1.9-win32-x64\bin;;C:\Program Files\JetBrains\IntelliJ IDEA Community Edition 2021.3.2\bin;;C:\Users\User\AppData\Roaming\npm
USERNAME=User
OS=Windows_NT
PROCESSOR_IDENTIFIER=Intel64 Family 6 Model 142 Stepping 9, GenuineIntel



---------------  S Y S T E M  ---------------

OS:
 Windows 10 , 64 bit Build 19041 (10.0.19041.928)
OS uptime: 8 days 1:13 hours
Hyper-V role detected

CPU: total 4 (initial active 4) (2 cores per cpu, 2 threads per core) family 6 model 142 stepping 9 microcode 0xde, cx8, cmov, fxsr, ht, mmx, 3dnowpref, sse, sse2, sse3, ssse3, sse4.1, sse4.2, popcnt, lzcnt, tsc, tscinvbit, avx, avx2, aes, erms, clmul, bmi1, bmi2, adx, fma, vzeroupper, clflush, clflushopt, hv

Memory: 4k page, system-wide physical 4007M (14M free)
TotalPageFile size 16295M (AvailPageFile size 4M)
current process WorkingSet (physical memory assigned to process): 27M, peak: 96M
current process commit charge ("private bytes"): 140M, peak: 152M

vm_info: OpenJDK 64-Bit Server VM (17.0.2+8) for windows-amd64 JRE (17.0.2+8), built on Jan 20 2022 04:52:34 by "" with MS VC++ 16.7 (VS2019)

END.
