#
# There is insufficient memory for the Java Runtime Environment to continue.
# Native memory allocation (mmap) failed to map 65536 bytes for Failed to commit metaspace.
# Possible reasons:
#   The system is out of physical RAM or swap space
#   The process is running with CompressedOops enabled, and the Java Heap may be blocking the growth of the native heap
# Possible solutions:
#   Reduce memory load on the system
#   Increase physical memory or swap space
#   Check if swap backing store is full
#   Decrease Java heap size (-Xmx/-Xms)
#   Decrease number of Java threads
#   Decrease Java thread stack sizes (-Xss)
#   Set larger code cache with -XX:ReservedCodeCacheSize=
#   JVM is running with Unscaled Compressed Oops mode in which the Java heap is
#     placed in the first 4GB address space. The Java Heap base address is the
#     maximum limit for the native heap growth. Please use -XX:HeapBaseMinAddress
#     to set the Java Heap base and to place the Java Heap above 4GB virtual address.
# This output file may be truncated or incomplete.
#
#  Out of Memory Error (virtualSpaceNode.cpp:110), pid=59088, tid=58388
#
# JRE version: OpenJDK Runtime Environment Temurin-17.0.3+7 (17.0.3+7) (build 17.0.3+7)
# Java VM: OpenJDK 64-Bit Server VM Temurin-17.0.3+7 (17.0.3+7, mixed mode, emulated-client, tiered, compressed oops, compressed class ptrs, g1 gc, windows-amd64)
# No core dump will be written. Minidumps are not enabled by default on client versions of Windows
#

---------------  S U M M A R Y ------------

Command Line: -Dsts.lsp.client=vscode -Dsts.log.file=/dev/null -XX:TieredStopAtLevel=1 -Dspring.config.location=file:c:\Users\User\.vscode\extensions\pivotal.vscode-spring-boot-1.33.0\language-server\BOOT-INF\classes\application.properties org.springframework.ide.vscode.boot.app.BootLanguageServerBootApp

Host: Intel(R) Core(TM) i3-7100U CPU @ 2.40GHz, 4 cores, 3G,  Windows 10 , 64 bit Build 19041 (10.0.19041.928)
Time: Fri Jun 10 14:54:30 2022 India Standard Time elapsed time: 12.176377 seconds (0d 0h 0m 12s)

---------------  T H R E A D  ---------------

Current thread (0x00000262f94cf1a0):  JavaThread "main" [_thread_in_vm, id=58388, stack(0x000000a2f2800000,0x000000a2f2900000)]

Stack: [0x000000a2f2800000,0x000000a2f2900000]
Native frames: (J=compiled Java code, j=interpreted, Vv=VM code, C=native code)
V  [jvm.dll+0x675efa]
V  [jvm.dll+0x830a24]
V  [jvm.dll+0x8321ce]
V  [jvm.dll+0x832833]
V  [jvm.dll+0x2454b5]
V  [jvm.dll+0x82c9cb]
V  [jvm.dll+0x61ab26]
V  [jvm.dll+0x61ab8a]
V  [jvm.dll+0x61d3aa]
V  [jvm.dll+0x61b4c6]
V  [jvm.dll+0x625317]
V  [jvm.dll+0x1ea19b]
V  [jvm.dll+0x1ea6d5]
V  [jvm.dll+0x1eb10f]
V  [jvm.dll+0x1e05b1]
V  [jvm.dll+0x53bb80]
V  [jvm.dll+0x1f0da7]
V  [jvm.dll+0x7aae5b]
V  [jvm.dll+0x7ac202]
V  [jvm.dll+0x7ac538]
V  [jvm.dll+0x23d79e]
V  [jvm.dll+0x37ed5e]
C  0x0000026280019a6e

Java frames: (J=compiled Java code, j=interpreted, Vv=VM code)
j  jdk.internal.module.ServicesCatalog.<clinit>()V+0 java.base
v  ~StubRoutines::call_stub
j  jdk.internal.loader.ArchivedClassLoaders.<init>()V+42 java.base
j  jdk.internal.loader.ArchivedClassLoaders.archive()V+4 java.base
j  jdk.internal.loader.ClassLoaders.<clinit>()V+192 java.base
v  ~StubRoutines::call_stub
j  jdk.internal.loader.BootLoader.loadModule(Ljava/lang/module/ModuleReference;)V+0 java.base
j  jdk.internal.module.ModuleBootstrap.boot2()Ljava/lang/ModuleLayer;+355 java.base
j  jdk.internal.module.ModuleBootstrap.boot()Ljava/lang/ModuleLayer;+64 java.base
j  java.lang.System.initPhase2(ZZ)I+0 java.base
v  ~StubRoutines::call_stub

---------------  P R O C E S S  ---------------

Threads class SMR info:
_java_thread_list=0x00000262ff8f8b70, length=9, elements={
0x00000262f94cf1a0, 0x00000262ff8ed750, 0x00000262ff8ef5d0, 0x00000262ff929130,
0x00000262ff92cec0, 0x00000262ff92e880, 0x00000262ff92f230, 0x00000262ff92fbe0,
0x00000262ff953910
}

Java Threads: ( => current thread )
=>0x00000262f94cf1a0 JavaThread "main" [_thread_in_vm, id=58388, stack(0x000000a2f2800000,0x000000a2f2900000)]
  0x00000262ff8ed750 JavaThread "Reference Handler" daemon [_thread_blocked, id=57272, stack(0x000000a2f2f00000,0x000000a2f3000000)]
  0x00000262ff8ef5d0 JavaThread "Finalizer" daemon [_thread_blocked, id=55484, stack(0x000000a2f3000000,0x000000a2f3100000)]
  0x00000262ff929130 JavaThread "Signal Dispatcher" daemon [_thread_blocked, id=8528, stack(0x000000a2f3100000,0x000000a2f3200000)]
  0x00000262ff92cec0 JavaThread "Attach Listener" daemon [_thread_blocked, id=59056, stack(0x000000a2f3200000,0x000000a2f3300000)]
  0x00000262ff92e880 JavaThread "Service Thread" daemon [_thread_blocked, id=57048, stack(0x000000a2f3300000,0x000000a2f3400000)]
  0x00000262ff92f230 JavaThread "Monitor Deflation Thread" daemon [_thread_blocked, id=54496, stack(0x000000a2f3400000,0x000000a2f3500000)]
  0x00000262ff92fbe0 JavaThread "C1 CompilerThread0" daemon [_thread_blocked, id=58164, stack(0x000000a2f3500000,0x000000a2f3600000)]
  0x00000262ff953910 JavaThread "Sweeper thread" daemon [_thread_blocked, id=56048, stack(0x000000a2f3600000,0x000000a2f3700000)]

Other Threads:
  0x00000262f959da20 VMThread "VM Thread" [stack: 0x000000a2f2e00000,0x000000a2f2f00000] [id=59296]
  0x00000262f950cc20 GCTaskThread "GC Thread#0" [stack: 0x000000a2f2900000,0x000000a2f2a00000] [id=55852]
  0x00000262f95168c0 ConcurrentGCThread "G1 Main Marker" [stack: 0x000000a2f2a00000,0x000000a2f2b00000] [id=52544]
  0x00000262f95172d0 ConcurrentGCThread "G1 Conc#0" [stack: 0x000000a2f2b00000,0x000000a2f2c00000] [id=56836]
  0x00000262f9566710 ConcurrentGCThread "G1 Refine#0" [stack: 0x000000a2f2c00000,0x000000a2f2d00000] [id=38016]
  0x00000262f9568140 ConcurrentGCThread "G1 Service" [stack: 0x000000a2f2d00000,0x000000a2f2e00000] [id=55432]

Threads with active compile tasks:

VM state: not at safepoint (normal execution)

VM Mutex/Monitor currently owned by a thread:  ([mutex/lock_event])
[0x00000262f93d6bf0] Metaspace_lock - owner thread: 0x00000262f94cf1a0

Heap address: 0x00000000c1600000, size: 1002 MB, Compressed Oops mode: 32-bit

CDS archive(s) not mapped
Compressed class space mapped at: 0x0000000100000000-0x0000000140000000, reserved size: 1073741824
Narrow klass base: 0x0000000000000000, Narrow klass shift: 3, Narrow klass range: 0x140000000

GC Precious Log:
 CPUs: 4 total, 4 available
 Memory: 4007M
 Large Page Support: Disabled
 NUMA Support: Disabled
 Compressed Oops: Enabled (32-bit)
 Heap Region Size: 1M
 Heap Min Capacity: 8M
 Heap Initial Capacity: 64M
 Heap Max Capacity: 1002M
 Pre-touch: Disabled
 Parallel Workers: 4
 Concurrent Workers: 1
 Concurrent Refinement Workers: 4
 Periodic GC: Disabled

Heap:
 garbage-first heap   total 65536K, used 0K [0x00000000c1600000, 0x0000000100000000)
  region size 1024K, 1 young (1024K), 0 survivors (0K)
 Metaspace       used 2882K, committed 2944K, reserved 1056768K
  class space    used 258K, committed 320K, reserved 1048576K

Heap Regions: E=young(eden), S=young(survivor), O=old, HS=humongous(starts), HC=humongous(continues), CS=collection set, F=free, OA=open archive, CA=closed archive, TAMS=top-at-mark-start (previous, next)
|   0|0x00000000c1600000, 0x00000000c1600000, 0x00000000c1700000|  0%| F|  |TAMS 0x00000000c1600000, 0x00000000c1600000| Untracked 
|   1|0x00000000c1700000, 0x00000000c1700000, 0x00000000c1800000|  0%| F|  |TAMS 0x00000000c1700000, 0x00000000c1700000| Untracked 
|   2|0x00000000c1800000, 0x00000000c1800000, 0x00000000c1900000|  0%| F|  |TAMS 0x00000000c1800000, 0x00000000c1800000| Untracked 
|   3|0x00000000c1900000, 0x00000000c1900000, 0x00000000c1a00000|  0%| F|  |TAMS 0x00000000c1900000, 0x00000000c1900000| Untracked 
|   4|0x00000000c1a00000, 0x00000000c1a00000, 0x00000000c1b00000|  0%| F|  |TAMS 0x00000000c1a00000, 0x00000000c1a00000| Untracked 
|   5|0x00000000c1b00000, 0x00000000c1b00000, 0x00000000c1c00000|  0%| F|  |TAMS 0x00000000c1b00000, 0x00000000c1b00000| Untracked 
|   6|0x00000000c1c00000, 0x00000000c1c00000, 0x00000000c1d00000|  0%| F|  |TAMS 0x00000000c1c00000, 0x00000000c1c00000| Untracked 
|   7|0x00000000c1d00000, 0x00000000c1d00000, 0x00000000c1e00000|  0%| F|  |TAMS 0x00000000c1d00000, 0x00000000c1d00000| Untracked 
|   8|0x00000000c1e00000, 0x00000000c1e00000, 0x00000000c1f00000|  0%| F|  |TAMS 0x00000000c1e00000, 0x00000000c1e00000| Untracked 
|   9|0x00000000c1f00000, 0x00000000c1f00000, 0x00000000c2000000|  0%| F|  |TAMS 0x00000000c1f00000, 0x00000000c1f00000| Untracked 
|  10|0x00000000c2000000, 0x00000000c2000000, 0x00000000c2100000|  0%| F|  |TAMS 0x00000000c2000000, 0x00000000c2000000| Untracked 
|  11|0x00000000c2100000, 0x00000000c2100000, 0x00000000c2200000|  0%| F|  |TAMS 0x00000000c2100000, 0x00000000c2100000| Untracked 
|  12|0x00000000c2200000, 0x00000000c2200000, 0x00000000c2300000|  0%| F|  |TAMS 0x00000000c2200000, 0x00000000c2200000| Untracked 
|  13|0x00000000c2300000, 0x00000000c2300000, 0x00000000c2400000|  0%| F|  |TAMS 0x00000000c2300000, 0x00000000c2300000| Untracked 
|  14|0x00000000c2400000, 0x00000000c2400000, 0x00000000c2500000|  0%| F|  |TAMS 0x00000000c2400000, 0x00000000c2400000| Untracked 
|  15|0x00000000c2500000, 0x00000000c2500000, 0x00000000c2600000|  0%| F|  |TAMS 0x00000000c2500000, 0x00000000c2500000| Untracked 
|  16|0x00000000c2600000, 0x00000000c2600000, 0x00000000c2700000|  0%| F|  |TAMS 0x00000000c2600000, 0x00000000c2600000| Untracked 
|  17|0x00000000c2700000, 0x00000000c2700000, 0x00000000c2800000|  0%| F|  |TAMS 0x00000000c2700000, 0x00000000c2700000| Untracked 
|  18|0x00000000c2800000, 0x00000000c2800000, 0x00000000c2900000|  0%| F|  |TAMS 0x00000000c2800000, 0x00000000c2800000| Untracked 
|  19|0x00000000c2900000, 0x00000000c2900000, 0x00000000c2a00000|  0%| F|  |TAMS 0x00000000c2900000, 0x00000000c2900000| Untracked 
|  20|0x00000000c2a00000, 0x00000000c2a00000, 0x00000000c2b00000|  0%| F|  |TAMS 0x00000000c2a00000, 0x00000000c2a00000| Untracked 
|  21|0x00000000c2b00000, 0x00000000c2b00000, 0x00000000c2c00000|  0%| F|  |TAMS 0x00000000c2b00000, 0x00000000c2b00000| Untracked 
|  22|0x00000000c2c00000, 0x00000000c2c00000, 0x00000000c2d00000|  0%| F|  |TAMS 0x00000000c2c00000, 0x00000000c2c00000| Untracked 
|  23|0x00000000c2d00000, 0x00000000c2d00000, 0x00000000c2e00000|  0%| F|  |TAMS 0x00000000c2d00000, 0x00000000c2d00000| Untracked 
|  24|0x00000000c2e00000, 0x00000000c2e00000, 0x00000000c2f00000|  0%| F|  |TAMS 0x00000000c2e00000, 0x00000000c2e00000| Untracked 
|  25|0x00000000c2f00000, 0x00000000c2f00000, 0x00000000c3000000|  0%| F|  |TAMS 0x00000000c2f00000, 0x00000000c2f00000| Untracked 
|  26|0x00000000c3000000, 0x00000000c3000000, 0x00000000c3100000|  0%| F|  |TAMS 0x00000000c3000000, 0x00000000c3000000| Untracked 
|  27|0x00000000c3100000, 0x00000000c3100000, 0x00000000c3200000|  0%| F|  |TAMS 0x00000000c3100000, 0x00000000c3100000| Untracked 
|  28|0x00000000c3200000, 0x00000000c3200000, 0x00000000c3300000|  0%| F|  |TAMS 0x00000000c3200000, 0x00000000c3200000| Untracked 
|  29|0x00000000c3300000, 0x00000000c3300000, 0x00000000c3400000|  0%| F|  |TAMS 0x00000000c3300000, 0x00000000c3300000| Untracked 
|  30|0x00000000c3400000, 0x00000000c3400000, 0x00000000c3500000|  0%| F|  |TAMS 0x00000000c3400000, 0x00000000c3400000| Untracked 
|  31|0x00000000c3500000, 0x00000000c3500000, 0x00000000c3600000|  0%| F|  |TAMS 0x00000000c3500000, 0x00000000c3500000| Untracked 
|  32|0x00000000c3600000, 0x00000000c3600000, 0x00000000c3700000|  0%| F|  |TAMS 0x00000000c3600000, 0x00000000c3600000| Untracked 
|  33|0x00000000c3700000, 0x00000000c3700000, 0x00000000c3800000|  0%| F|  |TAMS 0x00000000c3700000, 0x00000000c3700000| Untracked 
|  34|0x00000000c3800000, 0x00000000c3800000, 0x00000000c3900000|  0%| F|  |TAMS 0x00000000c3800000, 0x00000000c3800000| Untracked 
|  35|0x00000000c3900000, 0x00000000c3900000, 0x00000000c3a00000|  0%| F|  |TAMS 0x00000000c3900000, 0x00000000c3900000| Untracked 
|  36|0x00000000c3a00000, 0x00000000c3a00000, 0x00000000c3b00000|  0%| F|  |TAMS 0x00000000c3a00000, 0x00000000c3a00000| Untracked 
|  37|0x00000000c3b00000, 0x00000000c3b00000, 0x00000000c3c00000|  0%| F|  |TAMS 0x00000000c3b00000, 0x00000000c3b00000| Untracked 
|  38|0x00000000c3c00000, 0x00000000c3c00000, 0x00000000c3d00000|  0%| F|  |TAMS 0x00000000c3c00000, 0x00000000c3c00000| Untracked 
|  39|0x00000000c3d00000, 0x00000000c3d00000, 0x00000000c3e00000|  0%| F|  |TAMS 0x00000000c3d00000, 0x00000000c3d00000| Untracked 
|  40|0x00000000c3e00000, 0x00000000c3e00000, 0x00000000c3f00000|  0%| F|  |TAMS 0x00000000c3e00000, 0x00000000c3e00000| Untracked 
|  41|0x00000000c3f00000, 0x00000000c3f00000, 0x00000000c4000000|  0%| F|  |TAMS 0x00000000c3f00000, 0x00000000c3f00000| Untracked 
|  42|0x00000000c4000000, 0x00000000c4000000, 0x00000000c4100000|  0%| F|  |TAMS 0x00000000c4000000, 0x00000000c4000000| Untracked 
|  43|0x00000000c4100000, 0x00000000c4100000, 0x00000000c4200000|  0%| F|  |TAMS 0x00000000c4100000, 0x00000000c4100000| Untracked 
|  44|0x00000000c4200000, 0x00000000c4200000, 0x00000000c4300000|  0%| F|  |TAMS 0x00000000c4200000, 0x00000000c4200000| Untracked 
|  45|0x00000000c4300000, 0x00000000c4300000, 0x00000000c4400000|  0%| F|  |TAMS 0x00000000c4300000, 0x00000000c4300000| Untracked 
|  46|0x00000000c4400000, 0x00000000c4400000, 0x00000000c4500000|  0%| F|  |TAMS 0x00000000c4400000, 0x00000000c4400000| Untracked 
|  47|0x00000000c4500000, 0x00000000c4500000, 0x00000000c4600000|  0%| F|  |TAMS 0x00000000c4500000, 0x00000000c4500000| Untracked 
|  48|0x00000000c4600000, 0x00000000c4600000, 0x00000000c4700000|  0%| F|  |TAMS 0x00000000c4600000, 0x00000000c4600000| Untracked 
|  49|0x00000000c4700000, 0x00000000c4700000, 0x00000000c4800000|  0%| F|  |TAMS 0x00000000c4700000, 0x00000000c4700000| Untracked 
|  50|0x00000000c4800000, 0x00000000c4800000, 0x00000000c4900000|  0%| F|  |TAMS 0x00000000c4800000, 0x00000000c4800000| Untracked 
|  51|0x00000000c4900000, 0x00000000c4900000, 0x00000000c4a00000|  0%| F|  |TAMS 0x00000000c4900000, 0x00000000c4900000| Untracked 
|  52|0x00000000c4a00000, 0x00000000c4a00000, 0x00000000c4b00000|  0%| F|  |TAMS 0x00000000c4a00000, 0x00000000c4a00000| Untracked 
|  53|0x00000000c4b00000, 0x00000000c4b00000, 0x00000000c4c00000|  0%| F|  |TAMS 0x00000000c4b00000, 0x00000000c4b00000| Untracked 
|  54|0x00000000c4c00000, 0x00000000c4c00000, 0x00000000c4d00000|  0%| F|  |TAMS 0x00000000c4c00000, 0x00000000c4c00000| Untracked 
|  55|0x00000000c4d00000, 0x00000000c4d00000, 0x00000000c4e00000|  0%| F|  |TAMS 0x00000000c4d00000, 0x00000000c4d00000| Untracked 
|  56|0x00000000c4e00000, 0x00000000c4e00000, 0x00000000c4f00000|  0%| F|  |TAMS 0x00000000c4e00000, 0x00000000c4e00000| Untracked 
|  57|0x00000000c4f00000, 0x00000000c4f00000, 0x00000000c5000000|  0%| F|  |TAMS 0x00000000c4f00000, 0x00000000c4f00000| Untracked 
|  58|0x00000000c5000000, 0x00000000c5000000, 0x00000000c5100000|  0%| F|  |TAMS 0x00000000c5000000, 0x00000000c5000000| Untracked 
|  59|0x00000000c5100000, 0x00000000c5100000, 0x00000000c5200000|  0%| F|  |TAMS 0x00000000c5100000, 0x00000000c5100000| Untracked 
|  60|0x00000000c5200000, 0x00000000c5200000, 0x00000000c5300000|  0%| F|  |TAMS 0x00000000c5200000, 0x00000000c5200000| Untracked 
|  61|0x00000000c5300000, 0x00000000c5300000, 0x00000000c5400000|  0%| F|  |TAMS 0x00000000c5300000, 0x00000000c5300000| Untracked 
|  62|0x00000000c5400000, 0x00000000c5400000, 0x00000000c5500000|  0%| F|  |TAMS 0x00000000c5400000, 0x00000000c5400000| Untracked 
|  63|0x00000000c5500000, 0x00000000c55c7c78, 0x00000000c5600000| 78%| E|  |TAMS 0x00000000c5500000, 0x00000000c5500000| Complete 

Card table byte_map: [0x00000262fdf90000,0x00000262fe190000] _byte_map_base: 0x00000262fd985000

Marking Bits (Prev, Next): (CMBitMap*) 0x00000262f950e250, (CMBitMap*) 0x00000262f950e290
 Prev Bits: [0x00000262fe390000, 0x00000262ff338000)
 Next Bits: [0x0000026283000000, 0x0000026283fa8000)

Polling page: 0x00000262f9330000

Metaspace:

Usage:
  Non-class:      2.56 MB used.
      Class:    258.09 KB used.
       Both:      2.81 MB used.

Virtual space:
  Non-class space:        8.00 MB reserved,       2.56 MB ( 32%) committed,  1 nodes.
      Class space:        1.00 GB reserved,     320.00 KB ( <1%) committed,  1 nodes.
             Both:        1.01 GB reserved,       2.88 MB ( <1%) committed. 

Chunk freelists:
   Non-Class:  0 bytes
       Class:  3.62 MB
        Both:  3.62 MB

MaxMetaspaceSize: unlimited
CompressedClassSpaceSize: 1.00 GB
Initial GC threshold: 21.00 MB
Current GC threshold: 21.00 MB
CDS: off
MetaspaceReclaimPolicy: balanced
 - commit_granule_bytes: 65536.
 - commit_granule_words: 8192.
 - virtual_space_node_default_size: 1048576.
 - enlarge_chunks_in_place: 1.
 - new_chunks_are_fully_committed: 0.
 - uncommit_free_chunks: 1.
 - use_allocation_guard: 0.
 - handle_deallocations: 1.


Internal statistics:

num_allocs_failed_limit: 0.
num_arena_births: 2.
num_arena_deaths: 0.
num_vsnodes_births: 2.
num_vsnodes_deaths: 0.
num_space_committed: 46.
num_space_uncommitted: 0.
num_chunks_returned_to_freelist: 0.
num_chunks_taken_from_freelist: 4.
num_chunk_merges: 0.
num_chunk_splits: 1.
num_chunks_enlarged: 0.
num_purges: 0.
num_inconsistent_stats: 0.

CodeCache: size=49152Kb used=1044Kb max_used=1044Kb free=48107Kb
 bounds [0x0000026280000000, 0x0000026280270000, 0x0000026283000000]
 total_blobs=306 nmethods=37 adapters=197
 compilation: enabled
              stopped_count=0, restarted_count=0
 full_count=0

Compilation events (20 events):
Event: 8.708 Thread 0x00000262ff92fbe0   28       1       java.io.File::getPath (5 bytes)
Event: 8.708 Thread 0x00000262ff92fbe0 nmethod 28 0x0000026280102990 code [0x0000026280102b20, 0x0000026280102bf8]
Event: 9.310 Thread 0x00000262ff92fbe0   29       1       java.lang.String::isEmpty (14 bytes)
Event: 9.311 Thread 0x00000262ff92fbe0 nmethod 29 0x0000026280102c90 code [0x0000026280102e20, 0x0000026280102ef8]
Event: 9.885 Thread 0x00000262ff92fbe0   30       1       java.lang.StringLatin1::canEncode (13 bytes)
Event: 9.885 Thread 0x00000262ff92fbe0 nmethod 30 0x0000026280102f90 code [0x0000026280103120, 0x00000262801031d8]
Event: 10.441 Thread 0x00000262ff92fbe0   31       1       java.lang.String::indexOf (7 bytes)
Event: 10.441 Thread 0x00000262ff92fbe0 nmethod 31 0x0000026280103290 code [0x0000026280103440, 0x0000026280103598]
Event: 10.441 Thread 0x00000262ff92fbe0   32       1       java.lang.String::indexOf (29 bytes)
Event: 10.442 Thread 0x00000262ff92fbe0 nmethod 32 0x0000026280103690 code [0x0000026280103840, 0x0000026280103998]
Event: 10.442 Thread 0x00000262ff92fbe0   33       1       java.lang.StringLatin1::indexOf (36 bytes)
Event: 10.442 Thread 0x00000262ff92fbe0 nmethod 33 0x0000026280103a10 code [0x0000026280103ba0, 0x0000026280103d38]
Event: 11.091 Thread 0x00000262ff92fbe0   34       1       java.lang.StringLatin1::lastIndexOf (125 bytes)
Event: 11.092 Thread 0x00000262ff92fbe0 nmethod 34 0x0000026280103e10 code [0x0000026280103fc0, 0x00000262801041f8]
Event: 11.108 Thread 0x00000262ff92fbe0   35       1       java.lang.Math::min (11 bytes)
Event: 11.108 Thread 0x00000262ff92fbe0 nmethod 35 0x0000026280104410 code [0x00000262801045a0, 0x0000026280104658]
Event: 12.153 Thread 0x00000262ff92fbe0   36       1       java.io.File::getPrefixLength (5 bytes)
Event: 12.153 Thread 0x00000262ff92fbe0 nmethod 36 0x0000026280104710 code [0x00000262801048a0, 0x0000026280104978]
Event: 12.154 Thread 0x00000262ff92fbe0   37       1       java.io.WinNTFileSystem::isLetter (30 bytes)
Event: 12.154 Thread 0x00000262ff92fbe0 nmethod 37 0x0000026280104a10 code [0x0000026280104ba0, 0x0000026280104cb8]

GC Heap History (0 events):
No events

Deoptimization events (0 events):
No events

Classes unloaded (0 events):
No events

Classes redefined (0 events):
No events

Internal exceptions (0 events):
No events

VM Operations (2 events):
Event: 5.168 Executing VM operation: Cleanup
Event: 7.629 Executing VM operation: Cleanup done

Events (20 events):
Event: 7.631 loading class jdk/internal/access/JavaNetURLAccess
Event: 7.631 loading class jdk/internal/access/JavaNetURLAccess done
Event: 7.631 loading class java/net/URL$3 done
Event: 7.632 loading class java/io/File$PathStatus
Event: 7.632 loading class java/io/File$PathStatus done
Event: 7.637 loading class sun/net/www/ParseUtil
Event: 7.638 loading class sun/net/www/ParseUtil done
Event: 7.638 loading class java/util/HexFormat
Event: 7.639 loading class java/util/HexFormat done
Event: 7.641 loading class sun/net/www/protocol/file/Handler
Event: 7.641 loading class java/net/URLStreamHandler
Event: 7.641 loading class java/net/URLStreamHandler done
Event: 7.641 loading class sun/net/www/protocol/file/Handler done
Event: 7.641 loading class sun/net/util/IPAddressUtil
Event: 7.642 loading class sun/net/util/IPAddressUtil done
Event: 12.170 loading class jdk/internal/util/Preconditions
Event: 12.171 loading class jdk/internal/util/Preconditions done
Event: 12.171 loading class jdk/internal/module/ServicesCatalog
Event: 12.171 loading class jdk/internal/module/ServicesCatalog done
Event: 12.171 loading class jdk/internal/loader/ClassLoaderValue


Dynamic libraries:
0x00007ff70f7e0000 - 0x00007ff70f7ee000 	c:\Users\User\.vscode\extensions\redhat.java-1.7.0-win32-x64\jre\17.0.3-win32-x86_64\bin\java.exe
0x00007ffba0e30000 - 0x00007ffba1025000 	C:\Windows\SYSTEM32\ntdll.dll
0x00007ffb9fe00000 - 0x00007ffb9febd000 	C:\Windows\System32\KERNEL32.DLL
0x00007ffb9e7f0000 - 0x00007ffb9eab8000 	C:\Windows\System32\KERNELBASE.dll
0x00007ffb9ebd0000 - 0x00007ffb9ecd0000 	C:\Windows\System32\ucrtbase.dll
0x00007ffb973a0000 - 0x00007ffb973b8000 	c:\Users\User\.vscode\extensions\redhat.java-1.7.0-win32-x64\jre\17.0.3-win32-x86_64\bin\jli.dll
0x00007ffb9f870000 - 0x00007ffb9fa10000 	C:\Windows\System32\USER32.dll
0x00007ffb9e720000 - 0x00007ffb9e742000 	C:\Windows\System32\win32u.dll
0x00007ffba0050000 - 0x00007ffba007a000 	C:\Windows\System32\GDI32.dll
0x00007ffb9eac0000 - 0x00007ffb9ebcb000 	C:\Windows\System32\gdi32full.dll
0x00007ffb9e750000 - 0x00007ffb9e7ed000 	C:\Windows\System32\msvcp_win.dll
0x00007ffb8ef10000 - 0x00007ffb8ef29000 	c:\Users\User\.vscode\extensions\redhat.java-1.7.0-win32-x64\jre\17.0.3-win32-x86_64\bin\VCRUNTIME140.dll
0x00007ffb8f530000 - 0x00007ffb8f7ca000 	C:\Windows\WinSxS\amd64_microsoft.windows.common-controls_6595b64144ccf1df_6.0.19041.844_none_ca00b6081b84eb1d\COMCTL32.dll
0x00007ffb9fd60000 - 0x00007ffb9fdfe000 	C:\Windows\System32\msvcrt.dll
0x00007ffba0dc0000 - 0x00007ffba0df0000 	C:\Windows\System32\IMM32.DLL
0x00007ffb98ed0000 - 0x00007ffb98edc000 	c:\Users\User\.vscode\extensions\redhat.java-1.7.0-win32-x64\jre\17.0.3-win32-x86_64\bin\vcruntime140_1.dll
0x00007ffb4bca0000 - 0x00007ffb4bd31000 	c:\Users\User\.vscode\extensions\redhat.java-1.7.0-win32-x64\jre\17.0.3-win32-x86_64\bin\msvcp140.dll
0x00007ffb40ab0000 - 0x00007ffb416f8000 	c:\Users\User\.vscode\extensions\redhat.java-1.7.0-win32-x64\jre\17.0.3-win32-x86_64\bin\server\jvm.dll
0x00007ffb9f010000 - 0x00007ffb9f0bc000 	C:\Windows\System32\ADVAPI32.dll
0x00007ffb9eea0000 - 0x00007ffb9ef3b000 	C:\Windows\System32\sechost.dll
0x00007ffba0440000 - 0x00007ffba056b000 	C:\Windows\System32\RPCRT4.dll
0x00007ffb9ee90000 - 0x00007ffb9ee98000 	C:\Windows\System32\PSAPI.DLL
0x00007ffb8ca40000 - 0x00007ffb8ca49000 	C:\Windows\SYSTEM32\WSOCK32.dll
0x00007ffb9fec0000 - 0x00007ffb9ff2b000 	C:\Windows\System32\WS2_32.dll
0x00007ffb8e3f0000 - 0x00007ffb8e417000 	C:\Windows\SYSTEM32\WINMM.dll
0x00007ffb8c370000 - 0x00007ffb8c37a000 	C:\Windows\SYSTEM32\VERSION.dll
0x00007ffb9ce00000 - 0x00007ffb9ce12000 	C:\Windows\SYSTEM32\kernel.appcore.dll
0x00007ffb98d50000 - 0x00007ffb98d5a000 	c:\Users\User\.vscode\extensions\redhat.java-1.7.0-win32-x64\jre\17.0.3-win32-x86_64\bin\jimage.dll
0x00007ffb9cb00000 - 0x00007ffb9cce4000 	C:\Windows\SYSTEM32\DBGHELP.DLL
0x00007ffb8b8e0000 - 0x00007ffb8b90c000 	C:\Windows\SYSTEM32\dbgcore.DLL
0x00007ffb9e5c0000 - 0x00007ffb9e640000 	C:\Windows\System32\bcryptPrimitives.dll
0x00007ffb8edb0000 - 0x00007ffb8edd5000 	c:\Users\User\.vscode\extensions\redhat.java-1.7.0-win32-x64\jre\17.0.3-win32-x86_64\bin\java.dll
0x00007ffb8e420000 - 0x00007ffb8e438000 	c:\Users\User\.vscode\extensions\redhat.java-1.7.0-win32-x64\jre\17.0.3-win32-x86_64\bin\zip.dll
0x00007ffb9f120000 - 0x00007ffb9f862000 	C:\Windows\System32\SHELL32.dll
0x00007ffb9c2b0000 - 0x00007ffb9ca40000 	C:\Windows\SYSTEM32\windows.storage.dll
0x00007ffba0570000 - 0x00007ffba08c5000 	C:\Windows\System32\combase.dll
0x00007ffb9df10000 - 0x00007ffb9df3c000 	C:\Windows\SYSTEM32\Wldp.dll
0x00007ffb9fc20000 - 0x00007ffb9fcce000 	C:\Windows\System32\SHCORE.dll
0x00007ffb9fa10000 - 0x00007ffb9fa65000 	C:\Windows\System32\shlwapi.dll
0x00007ffb9e4b0000 - 0x00007ffb9e4cf000 	C:\Windows\SYSTEM32\profapi.dll

dbghelp: loaded successfully - version: 4.0.5 - missing functions: none
symbol engine: initialized successfully - sym options: 0x614 - pdb path: .;c:\Users\User\.vscode\extensions\redhat.java-1.7.0-win32-x64\jre\17.0.3-win32-x86_64\bin;C:\Windows\SYSTEM32;C:\Windows\WinSxS\amd64_microsoft.windows.common-controls_6595b64144ccf1df_6.0.19041.844_none_ca00b6081b84eb1d;c:\Users\User\.vscode\extensions\redhat.java-1.7.0-win32-x64\jre\17.0.3-win32-x86_64\bin\server

VM Arguments:
jvm_args: -Dsts.lsp.client=vscode -Dsts.log.file=/dev/null -XX:TieredStopAtLevel=1 -Dspring.config.location=file:c:\Users\User\.vscode\extensions\pivotal.vscode-spring-boot-1.33.0\language-server\BOOT-INF\classes\application.properties 
java_command: org.springframework.ide.vscode.boot.app.BootLanguageServerBootApp
java_class_path (initial): c:\Users\User\.vscode\extensions\pivotal.vscode-spring-boot-1.33.0\language-server\BOOT-INF\classes;c:\Users\User\.vscode\extensions\pivotal.vscode-spring-boot-1.33.0\language-server\BOOT-INF\lib\antlr4-runtime-4.5.3.jar;c:\Users\User\.vscode\extensions\pivotal.vscode-spring-boot-1.33.0\language-server\BOOT-INF\lib\byte-buddy-1.10.18.jar;c:\Users\User\.vscode\extensions\pivotal.vscode-spring-boot-1.33.0\language-server\BOOT-INF\lib\commons-codec-1.14.jar;c:\Users\User\.vscode\extensions\pivotal.vscode-spring-boot-1.33.0\language-server\BOOT-INF\lib\commons-io-2.4.jar;c:\Users\User\.vscode\extensions\pivotal.vscode-spring-boot-1.33.0\language-server\BOOT-INF\lib\commons-java-1.33.0-SNAPSHOT.jar;c:\Users\User\.vscode\extensions\pivotal.vscode-spring-boot-1.33.0\language-server\BOOT-INF\lib\commons-lang3-3.10.jar;c:\Users\User\.vscode\extensions\pivotal.vscode-spring-boot-1.33.0\language-server\BOOT-INF\lib\commons-language-server-1.33.0-SNAPSHOT.jar;c:\Users\User\.vscode\extensions\pivotal.vscode-spring-boot-1.33.0\language-server\BOOT-INF\lib\commons-lsp-extensions-1.33.0-SNAPSHOT.jar;c:\Users\User\.vscode\extensions\pivotal.vscode-spring-boot-1.33.0\language-server\BOOT-INF\lib\commons-util-1.33.0-SNAPSHOT.jar;c:\Users\User\.vscode\extensions\pivotal.vscode-spring-boot-1.33.0\language-server\BOOT-INF\lib\commons-yaml-1.33.0-SNAPSHOT.jar;c:\Users\User\.vscode\extensions\pivotal.vscode-spring-boot-1.33.0\language-server\BOOT-INF\lib\gson-2.8.6.jar;c:\Users\User\.vscode\extensions\pivotal.vscode-spring-boot-1.33.0\language-server\BOOT-INF\lib\guava-19.0.jar;c:\Users\User\.vscode\extensions\pivotal.vscode-spring-boot-1.33.0\language-server\BOOT-INF\lib\jakarta.annotation-api-1.3.5.jar;c:\Users\User\.vscode\extensions\pivotal.vscode-spring-boot-1.33.0\language-server\BOOT-INF\lib\jandex-2.0.5.Final.jar;c:\Users\User\.vscode\extensions\pivotal.vscode-spring-boot-1.33.0\language-server\BOOT-INF\lib\java-properties-1.33.0-SNAPSHOT.jar;c:\Users\U
Launcher Type: SUN_STANDARD

[Global flags]
     intx CICompilerCount                          = 3                                         {product} {ergonomic}
     uint ConcGCThreads                            = 1                                         {product} {ergonomic}
     uint G1ConcRefinementThreads                  = 4                                         {product} {ergonomic}
   size_t G1HeapRegionSize                         = 1048576                                   {product} {ergonomic}
    uintx GCDrainStackTargetSize                   = 64                                        {product} {ergonomic}
   size_t InitialHeapSize                          = 67108864                                  {product} {ergonomic}
   size_t MarkStackSize                            = 4194304                                   {product} {ergonomic}
   size_t MaxHeapSize                              = 1050673152                                {product} {ergonomic}
   size_t MaxNewSize                               = 630194176                                 {product} {ergonomic}
   size_t MinHeapDeltaBytes                        = 1048576                                   {product} {ergonomic}
   size_t MinHeapSize                              = 8388608                                   {product} {ergonomic}
    uintx NonProfiledCodeHeapSize                  = 0                                      {pd product} {ergonomic}
     bool ProfileInterpreter                       = false                                  {pd product} {command line}
    uintx ProfiledCodeHeapSize                     = 0                                      {pd product} {ergonomic}
   size_t SoftMaxHeapSize                          = 1050673152                             {manageable} {ergonomic}
     intx TieredStopAtLevel                        = 1                                         {product} {command line}
     bool UseCompressedClassPointers               = true                           {product lp64_product} {ergonomic}
     bool UseCompressedOops                        = true                           {product lp64_product} {ergonomic}
     bool UseG1GC                                  = true                                      {product} {ergonomic}
     bool UseLargePagesIndividualAllocation        = false                                  {pd product} {ergonomic}

Logging:
Log output configuration:
 #0: stdout all=warning uptime,level,tags
 #1: stderr all=off uptime,level,tags

Environment Variables:
JAVA_HOME=C:\Program Files\Java\jdk-17.0.2
PATH=C:\Windows\system32;C:\Windows;C:\Windows\System32\Wbem;C:\Windows\System32\WindowsPowerShell\v1.0\;C:\Windows\System32\OpenSSH\;C:\Program Files\Git\cmd;C:\Program Files\Git\mingw64\bin;C:\Program Files\Git\usr\bin;C:\Program Files\Java\jdk-17.0.2\bin;C:\Program Files\nodejs\;C:\ProgramData\chocolatey\bin;;C:\Program Files\Docker\Docker\resources\bin;C:\ProgramData\DockerDesktop\version-bin;C:\Users\User\AppData\Local\Programs\Python\Python310\Scripts\;C:\Users\User\AppData\Local\Programs\Python\Python310\;C:\Users\User\anaconda3;C:\Users\User\anaconda3\Library\mingw-w64\bin;C:\Users\User\anaconda3\Library\usr\bin;C:\Users\User\anaconda3\Library\bin;C:\Users\User\anaconda3\Scripts;C:\Users\User\AppData\Local\Microsoft\WindowsApps;C:\Users\User\AppData\Local\Programs\Microsoft VS Code\bin;C:\MongoDB\mongosh-1.1.9-win32-x64\bin;;C:\Program Files\JetBrains\IntelliJ IDEA Community Edition 2021.3.2\bin;;C:\Users\User\AppData\Roaming\npm
USERNAME=User
OS=Windows_NT
PROCESSOR_IDENTIFIER=Intel64 Family 6 Model 142 Stepping 9, GenuineIntel



---------------  S Y S T E M  ---------------

OS:
 Windows 10 , 64 bit Build 19041 (10.0.19041.928)
OS uptime: 0 days 7:24 hours
Hyper-V role detected

CPU: total 4 (initial active 4) (2 cores per cpu, 2 threads per core) family 6 model 142 stepping 9 microcode 0xde, cx8, cmov, fxsr, ht, mmx, 3dnowpref, sse, sse2, sse3, ssse3, sse4.1, sse4.2, popcnt, lzcnt, tsc, tscinvbit, avx, avx2, aes, erms, clmul, bmi1, bmi2, adx, fma, vzeroupper, clflush, clflushopt, hv

Memory: 4k page, system-wide physical 4007M (54M free)
TotalPageFile size 16295M (AvailPageFile size 212M)
current process WorkingSet (physical memory assigned to process): 16M, peak: 21M
current process commit charge ("private bytes"): 119M, peak: 119M

vm_info: OpenJDK 64-Bit Server VM (17.0.3+7) for windows-amd64 JRE (17.0.3+7), built on Apr 19 2022 16:55:35 by "" with MS VC++ 16.7 (VS2019)

END.
