#
# There is insufficient memory for the Java Runtime Environment to continue.
# Native memory allocation (malloc) failed to allocate 1048576 bytes for AllocateHeap
# Possible reasons:
#   The system is out of physical RAM or swap space
#   The process is running with CompressedOops enabled, and the Java Heap may be blocking the growth of the native heap
# Possible solutions:
#   Reduce memory load on the system
#   Increase physical memory or swap space
#   Check if swap backing store is full
#   Decrease Java heap size (-Xmx/-Xms)
#   Decrease number of Java threads
#   Decrease Java thread stack sizes (-Xss)
#   Set larger code cache with -XX:ReservedCodeCacheSize=
#   JVM is running with Unscaled Compressed Oops mode in which the Java heap is
#     placed in the first 4GB address space. The Java Heap base address is the
#     maximum limit for the native heap growth. Please use -XX:HeapBaseMinAddress
#     to set the Java Heap base and to place the Java Heap above 4GB virtual address.
# This output file may be truncated or incomplete.
#
#  Out of Memory Error (allocation.cpp:44), pid=78904, tid=113992
#
# JRE version: OpenJDK Runtime Environment Temurin-17.0.2+8 (17.0.2+8) (build 17.0.2+8)
# Java VM: OpenJDK 64-Bit Server VM Temurin-17.0.2+8 (17.0.2+8, mixed mode, emulated-client, tiered, compressed oops, compressed class ptrs, g1 gc, windows-amd64)
# No core dump will be written. Minidumps are not enabled by default on client versions of Windows
#

---------------  S U M M A R Y ------------

Command Line: -Dsts.lsp.client=vscode -Dsts.log.file=/dev/null -XX:TieredStopAtLevel=1 -Dspring.config.location=file:c:\Users\User\.vscode\extensions\pivotal.vscode-spring-boot-1.33.0\language-server\BOOT-INF\classes\application.properties org.springframework.ide.vscode.boot.app.BootLanguageServerBootApp

Host: Intel(R) Core(TM) i3-7100U CPU @ 2.40GHz, 4 cores, 3G,  Windows 10 , 64 bit Build 19041 (10.0.19041.928)
Time: Sat May 21 11:47:25 2022 India Standard Time elapsed time: 237.356054 seconds (0d 0h 3m 57s)

---------------  T H R E A D  ---------------

Current thread (0x0000023167619800):  VMThread "VM Thread" [stack: 0x0000009ae3000000,0x0000009ae3100000] [id=113992]

Stack: [0x0000009ae3000000,0x0000009ae3100000]
Native frames: (J=compiled Java code, j=interpreted, Vv=VM code, C=native code)
V  [jvm.dll+0x67564a]
V  [jvm.dll+0x82fc04]
V  [jvm.dll+0x8313ae]
V  [jvm.dll+0x831a13]
V  [jvm.dll+0x245235]
V  [jvm.dll+0xa6393]
V  [jvm.dll+0x2f5233]
V  [jvm.dll+0x2f0f70]
V  [jvm.dll+0x2d96c7]
V  [jvm.dll+0x31c6b7]
V  [jvm.dll+0x835ebb]
V  [jvm.dll+0x836bf4]
V  [jvm.dll+0x83710c]
V  [jvm.dll+0x8374e4]
V  [jvm.dll+0x8375b0]
V  [jvm.dll+0x7dff2a]
V  [jvm.dll+0x6744d5]
C  [ucrtbase.dll+0x21bb2]
C  [KERNEL32.DLL+0x17034]
C  [ntdll.dll+0x52651]

VM_Operation (0x0000009ae41feca0): G1CollectFull, mode: safepoint, requested by thread 0x000002316a5fc430


---------------  P R O C E S S  ---------------

Threads class SMR info:
_java_thread_list=0x0000023168547140, length=16, elements={
0x000002316762f750, 0x00000231676315d0, 0x000002316766a130, 0x000002316766dec0,
0x000002316766f880, 0x0000023167670230, 0x0000023167670be0, 0x00000231676950b0,
0x00000231680e3b50, 0x00000231680f9ad0, 0x000002316a5fc430, 0x000002316a617030,
0x000002315d1c0f30, 0x0000023168ac88d0, 0x0000023168555b10, 0x0000023168557710
}

Java Threads: ( => current thread )
  0x000002316762f750 JavaThread "Reference Handler" daemon [_thread_blocked, id=93444, stack(0x0000009ae3100000,0x0000009ae3200000)]
  0x00000231676315d0 JavaThread "Finalizer" daemon [_thread_blocked, id=66452, stack(0x0000009ae3200000,0x0000009ae3300000)]
  0x000002316766a130 JavaThread "Signal Dispatcher" daemon [_thread_blocked, id=70148, stack(0x0000009ae3300000,0x0000009ae3400000)]
  0x000002316766dec0 JavaThread "Attach Listener" daemon [_thread_blocked, id=87296, stack(0x0000009ae3400000,0x0000009ae3500000)]
  0x000002316766f880 JavaThread "Service Thread" daemon [_thread_blocked, id=4412, stack(0x0000009ae3500000,0x0000009ae3600000)]
  0x0000023167670230 JavaThread "Monitor Deflation Thread" daemon [_thread_blocked, id=114604, stack(0x0000009ae3600000,0x0000009ae3700000)]
  0x0000023167670be0 JavaThread "C1 CompilerThread0" daemon [_thread_blocked, id=58352, stack(0x0000009ae3700000,0x0000009ae3800000)]
  0x00000231676950b0 JavaThread "Sweeper thread" daemon [_thread_blocked, id=41044, stack(0x0000009ae3800000,0x0000009ae3900000)]
  0x00000231680e3b50 JavaThread "Notification Thread" daemon [_thread_blocked, id=104164, stack(0x0000009ae3b00000,0x0000009ae3c00000)]
  0x00000231680f9ad0 JavaThread "Common-Cleaner" daemon [_thread_blocked, id=73108, stack(0x0000009ae3d00000,0x0000009ae3e00000)]
  0x000002316a5fc430 JavaThread "pool-7-thread-1" [_thread_blocked, id=12460, stack(0x0000009ae4100000,0x0000009ae4200000)]
  0x000002316a617030 JavaThread "LanguageServerApp-lifecycle" [_thread_blocked, id=94892, stack(0x0000009ae4200000,0x0000009ae4300000)]
  0x000002315d1c0f30 JavaThread "DestroyJavaVM" [_thread_blocked, id=79448, stack(0x0000009ae2a00000,0x0000009ae2b00000)]
  0x0000023168ac88d0 JavaThread "pool-8-thread-1" [_thread_in_native, id=29580, stack(0x0000009ae4300000,0x0000009ae4400000)]
  0x0000023168555b10 JavaThread "Simple-Language-Server main thread" daemon [_thread_blocked, id=28664, stack(0x0000009ae4400000,0x0000009ae4500000)]
  0x0000023168557710 JavaThread "parallel-1" daemon [_thread_blocked, id=100224, stack(0x0000009ae4500000,0x0000009ae4600000)]

Other Threads:
=>0x0000023167619800 VMThread "VM Thread" [stack: 0x0000009ae3000000,0x0000009ae3100000] [id=113992]
  0x00000231680e6030 WatcherThread [stack: 0x0000009ae3c00000,0x0000009ae3d00000] [id=21156]
  0x000002315d1f08d0 GCTaskThread "GC Thread#0" [stack: 0x0000009ae2b00000,0x0000009ae2c00000] [id=113724]
  0x0000023168813fa0 GCTaskThread "GC Thread#1" [stack: 0x0000009ae3e00000,0x0000009ae3f00000] [id=78212]
  0x00000231687f6460 GCTaskThread "GC Thread#2" [stack: 0x0000009ae3f00000,0x0000009ae4000000] [id=44248]
  0x00000231687f6710 GCTaskThread "GC Thread#3" [stack: 0x0000009ae4000000,0x0000009ae4100000] [id=44344]
  0x000002315d1fa560 ConcurrentGCThread "G1 Main Marker" [stack: 0x0000009ae2c00000,0x0000009ae2d00000] [id=76084]
  0x000002315d1faf70 ConcurrentGCThread "G1 Conc#0" [stack: 0x0000009ae2d00000,0x0000009ae2e00000] [id=97512]
  0x000002315d248bc0 ConcurrentGCThread "G1 Refine#0" [stack: 0x0000009ae2e00000,0x0000009ae2f00000] [id=11184]
  0x000002315d24a5f0 ConcurrentGCThread "G1 Service" [stack: 0x0000009ae2f00000,0x0000009ae3000000] [id=111204]

Threads with active compile tasks:
C1 CompilerThread0   237444 2937  s!   1       java.io.FileDescriptor::closeAll (163 bytes)

VM state: at safepoint (normal execution)

VM Mutex/Monitor currently owned by a thread:  ([mutex/lock_event])
[0x000002315b0261a0] Threads_lock - owner thread: 0x0000023167619800
[0x000002315d1bdfc0] Heap_lock - owner thread: 0x000002316a5fc430

Heap address: 0x00000000c1600000, size: 1002 MB, Compressed Oops mode: 32-bit

CDS archive(s) not mapped
Compressed class space mapped at: 0x0000000100000000-0x0000000140000000, reserved size: 1073741824
Narrow klass base: 0x0000000000000000, Narrow klass shift: 3, Narrow klass range: 0x140000000

GC Precious Log:
 CPUs: 4 total, 4 available
 Memory: 4007M
 Large Page Support: Disabled
 NUMA Support: Disabled
 Compressed Oops: Enabled (32-bit)
 Heap Region Size: 1M
 Heap Min Capacity: 8M
 Heap Initial Capacity: 64M
 Heap Max Capacity: 1002M
 Pre-touch: Disabled
 Parallel Workers: 4
 Concurrent Workers: 1
 Concurrent Refinement Workers: 4
 Periodic GC: Disabled

Heap:
 garbage-first heap   total 37888K, used 9979K [0x00000000c1600000, 0x0000000100000000)
  region size 1024K, 1 young (1024K), 0 survivors (0K)
 Metaspace       used 28792K, committed 29120K, reserved 1081344K
  class space    used 3847K, committed 3968K, reserved 1048576K

Heap Regions: E=young(eden), S=young(survivor), O=old, HS=humongous(starts), HC=humongous(continues), CS=collection set, F=free, OA=open archive, CA=closed archive, TAMS=top-at-mark-start (previous, next)
|   0|0x00000000c1600000, 0x00000000c16fffe0, 0x00000000c1700000| 99%| O|  |TAMS 0x00000000c16fffe0, 0x00000000c1600000| Untracked 
|   1|0x00000000c1700000, 0x00000000c17ffff0, 0x00000000c1800000| 99%| O|  |TAMS 0x00000000c17ffff0, 0x00000000c1700000| Untracked 
|   2|0x00000000c1800000, 0x00000000c1900000, 0x00000000c1900000|100%| O|  |TAMS 0x00000000c1900000, 0x00000000c1800000| Untracked 
|   3|0x00000000c1900000, 0x00000000c1a00000, 0x00000000c1a00000|100%| O|  |TAMS 0x00000000c1a00000, 0x00000000c1900000| Untracked 
|   4|0x00000000c1a00000, 0x00000000c1afffe8, 0x00000000c1b00000| 99%| O|  |TAMS 0x00000000c1afffe8, 0x00000000c1a00000| Untracked 
|   5|0x00000000c1b00000, 0x00000000c1bfffd0, 0x00000000c1c00000| 99%| O|  |TAMS 0x00000000c1bfffd0, 0x00000000c1b00000| Untracked 
|   6|0x00000000c1c00000, 0x00000000c1cffff0, 0x00000000c1d00000| 99%| O|  |TAMS 0x00000000c1cffff0, 0x00000000c1c00000| Untracked 
|   7|0x00000000c1d00000, 0x00000000c1dffff0, 0x00000000c1e00000| 99%| O|  |TAMS 0x00000000c1dffff0, 0x00000000c1d00000| Untracked 
|   8|0x00000000c1e00000, 0x00000000c1eb62e0, 0x00000000c1f00000| 71%| O|  |TAMS 0x00000000c1e00000, 0x00000000c1e00000| Untracked 
|   9|0x00000000c1f00000, 0x00000000c1ffffd8, 0x00000000c2000000| 99%| O|  |TAMS 0x00000000c1ffffd8, 0x00000000c1f00000| Untracked 
|  10|0x00000000c2000000, 0x00000000c2008d68, 0x00000000c2100000|  3%| O|  |TAMS 0x00000000c2000000, 0x00000000c2000000| Untracked 
|  11|0x00000000c2100000, 0x00000000c2100000, 0x00000000c2200000|  0%| F|  |TAMS 0x00000000c2100000, 0x00000000c2100000| Untracked 
|  12|0x00000000c2200000, 0x00000000c2200000, 0x00000000c2300000|  0%| F|  |TAMS 0x00000000c2200000, 0x00000000c2200000| Untracked 
|  13|0x00000000c2300000, 0x00000000c2300000, 0x00000000c2400000|  0%| F|  |TAMS 0x00000000c2300000, 0x00000000c2300000| Untracked 
|  14|0x00000000c2400000, 0x00000000c2400000, 0x00000000c2500000|  0%| F|  |TAMS 0x00000000c2400000, 0x00000000c2400000| Untracked 
|  15|0x00000000c2500000, 0x00000000c2500000, 0x00000000c2600000|  0%| F|  |TAMS 0x00000000c2500000, 0x00000000c2500000| Untracked 
|  16|0x00000000c2600000, 0x00000000c2600000, 0x00000000c2700000|  0%| F|  |TAMS 0x00000000c2600000, 0x00000000c2600000| Untracked 
|  17|0x00000000c2700000, 0x00000000c2700000, 0x00000000c2800000|  0%| F|  |TAMS 0x00000000c2700000, 0x00000000c2700000| Untracked 
|  18|0x00000000c2800000, 0x00000000c2800000, 0x00000000c2900000|  0%| F|  |TAMS 0x00000000c2800000, 0x00000000c2800000| Untracked 
|  19|0x00000000c2900000, 0x00000000c2900000, 0x00000000c2a00000|  0%| F|  |TAMS 0x00000000c2900000, 0x00000000c2900000| Untracked 
|  20|0x00000000c2a00000, 0x00000000c2a00000, 0x00000000c2b00000|  0%| F|  |TAMS 0x00000000c2a00000, 0x00000000c2a00000| Untracked 
|  21|0x00000000c2b00000, 0x00000000c2b00000, 0x00000000c2c00000|  0%| F|  |TAMS 0x00000000c2b00000, 0x00000000c2b00000| Untracked 
|  22|0x00000000c2c00000, 0x00000000c2c00000, 0x00000000c2d00000|  0%| F|  |TAMS 0x00000000c2c00000, 0x00000000c2c00000| Untracked 
|  23|0x00000000c2d00000, 0x00000000c2d00000, 0x00000000c2e00000|  0%| F|  |TAMS 0x00000000c2d00000, 0x00000000c2d00000| Untracked 
|  24|0x00000000c2e00000, 0x00000000c2e00000, 0x00000000c2f00000|  0%| F|  |TAMS 0x00000000c2e00000, 0x00000000c2e00000| Untracked 
|  25|0x00000000c2f00000, 0x00000000c2f00000, 0x00000000c3000000|  0%| F|  |TAMS 0x00000000c2f00000, 0x00000000c2f00000| Untracked 
|  26|0x00000000c3000000, 0x00000000c3000000, 0x00000000c3100000|  0%| F|  |TAMS 0x00000000c3000000, 0x00000000c3000000| Untracked 
|  27|0x00000000c3100000, 0x00000000c3100000, 0x00000000c3200000|  0%| F|  |TAMS 0x00000000c3100000, 0x00000000c3100000| Untracked 
|  28|0x00000000c3200000, 0x00000000c3200000, 0x00000000c3300000|  0%| F|  |TAMS 0x00000000c3200000, 0x00000000c3200000| Untracked 
|  29|0x00000000c3300000, 0x00000000c3300000, 0x00000000c3400000|  0%| F|  |TAMS 0x00000000c3300000, 0x00000000c3300000| Untracked 
|  30|0x00000000c3400000, 0x00000000c3400000, 0x00000000c3500000|  0%| F|  |TAMS 0x00000000c3400000, 0x00000000c3400000| Untracked 
|  31|0x00000000c3500000, 0x00000000c3500000, 0x00000000c3600000|  0%| F|  |TAMS 0x00000000c3500000, 0x00000000c3500000| Untracked 
|  32|0x00000000c3600000, 0x00000000c3600000, 0x00000000c3700000|  0%| F|  |TAMS 0x00000000c3600000, 0x00000000c3600000| Untracked 
|  33|0x00000000c3700000, 0x00000000c3700000, 0x00000000c3800000|  0%| F|  |TAMS 0x00000000c3700000, 0x00000000c3700000| Untracked 
|  34|0x00000000c3800000, 0x00000000c3800000, 0x00000000c3900000|  0%| F|  |TAMS 0x00000000c3800000, 0x00000000c3800000| Untracked 
|  35|0x00000000c3900000, 0x00000000c3900000, 0x00000000c3a00000|  0%| F|  |TAMS 0x00000000c3900000, 0x00000000c3900000| Untracked 
|  36|0x00000000c3a00000, 0x00000000c3a099b0, 0x00000000c3b00000|  3%| E|  |TAMS 0x00000000c3a00000, 0x00000000c3a00000| Complete 

Card table byte_map: [0x0000023162e50000,0x0000023163050000] _byte_map_base: 0x0000023162845000

Marking Bits (Prev, Next): (CMBitMap*) 0x000002315d1f1f30, (CMBitMap*) 0x000002315d1f1ef0
 Prev Bits: [0x0000023164200000, 0x00000231651a8000)
 Next Bits: [0x0000023163250000, 0x00000231641f8000)

Polling page: 0x000002315c9a0000

Metaspace:

Usage:
  Non-class:     24.36 MB used.
      Class:      3.76 MB used.
       Both:     28.12 MB used.

Virtual space:
  Non-class space:       32.00 MB reserved,      24.56 MB ( 77%) committed,  4 nodes.
      Class space:        1.00 GB reserved,       3.88 MB ( <1%) committed,  1 nodes.
             Both:        1.03 GB reserved,      28.44 MB (  3%) committed. 

Chunk freelists:
   Non-Class:  2.86 MB
       Class:  105.00 KB
        Both:  2.96 MB

MaxMetaspaceSize: unlimited
CompressedClassSpaceSize: 1.00 GB
Initial GC threshold: 21.00 MB
Current GC threshold: 47.44 MB
CDS: off
MetaspaceReclaimPolicy: balanced
 - commit_granule_bytes: 65536.
 - commit_granule_words: 8192.
 - virtual_space_node_default_size: 1048576.
 - enlarge_chunks_in_place: 1.
 - new_chunks_are_fully_committed: 0.
 - uncommit_free_chunks: 1.
 - use_allocation_guard: 0.
 - handle_deallocations: 1.


Internal statistics:

num_allocs_failed_limit: 3.
num_arena_births: 288.
num_arena_deaths: 78.
num_vsnodes_births: 5.
num_vsnodes_deaths: 0.
num_space_committed: 455.
num_space_uncommitted: 0.
num_chunks_returned_to_freelist: 82.
num_chunks_taken_from_freelist: 1071.
num_chunk_merges: 24.
num_chunk_splits: 702.
num_chunks_enlarged: 531.
num_purges: 2.
num_inconsistent_stats: 0.

CodeCache: size=49152Kb used=5680Kb max_used=6793Kb free=43471Kb
 bounds [0x000002315fe50000, 0x0000023160500000, 0x0000023162e50000]
 total_blobs=3422 nmethods=2935 adapters=414
 compilation: enabled
              stopped_count=0, restarted_count=0
 full_count=0

Compilation events (20 events):
Event: 19.124 Thread 0x0000023167670be0 nmethod 2920 0x00000231604f1a10 code [0x00000231604f1ba0, 0x00000231604f1c78]
Event: 19.130 Thread 0x00000231680cecc0 2922       1       java.util.Spliterators$ArraySpliterator::<init> (33 bytes)
Event: 19.131 Thread 0x00000231680cecc0 nmethod 2922 0x00000231604f1d10 code [0x00000231604f1ea0, 0x00000231604f1fb8]
Event: 19.165 Thread 0x00000231680d51f0 2923       1       java.text.NumberFormat::isGroupingUsed (5 bytes)
Event: 19.166 Thread 0x00000231680d51f0 nmethod 2923 0x00000231604f2010 code [0x00000231604f21a0, 0x00000231604f2278]
Event: 19.166 Thread 0x00000231680cecc0 2924       1       java.text.DontCareFieldPosition$1::formatted (1 bytes)
Event: 19.166 Thread 0x00000231680cecc0 nmethod 2924 0x00000231604f2310 code [0x00000231604f24a0, 0x00000231604f2558]
Event: 57.025 Thread 0x0000023167670be0 2925       1       java.lang.invoke.LambdaFormBuffer::indexOf (33 bytes)
Event: 57.027 Thread 0x0000023167670be0 nmethod 2925 0x000002315ffeea10 code [0x000002315ffeebc0, 0x000002315ffeed38]
Event: 57.099 Thread 0x0000023167670be0 2930       1       java.util.Arrays::copyOfRange (90 bytes)
Event: 57.102 Thread 0x0000023167670be0 nmethod 2930 0x000002315ffed210 code [0x000002315ffed440, 0x000002315ffedb18]
Event: 121.026 Thread 0x0000023167670be0 2932  s    1       java.io.FileDescriptor::close (9 bytes)
Event: 121.061 Thread 0x0000023167670be0 nmethod 2932 0x000002315ffec490 code [0x000002315ffec640, 0x000002315ffec8f8]
Event: 121.062 Thread 0x0000023167670be0 2933  s    1       java.io.FileDescriptor::unregisterCleanup (20 bytes)
Event: 121.062 Thread 0x0000023167670be0 nmethod 2933 0x000002315ffec090 code [0x000002315ffec240, 0x000002315ffec408]
Event: 121.062 Thread 0x0000023167670be0 2934       1       jdk.internal.ref.PhantomCleanable::clear (12 bytes)
Event: 121.063 Thread 0x0000023167670be0 nmethod 2934 0x000002315ffebd10 code [0x000002315ffebec0, 0x000002315ffebfd8]
Event: 225.915 Thread 0x0000023167670be0 2936       1       java.lang.System::checkKey (34 bytes)
Event: 225.927 Thread 0x0000023167670be0 nmethod 2936 0x000002315ffeb810 code [0x000002315ffeb9c0, 0x000002315ffebbb8]
Event: 237.226 Thread 0x0000023167670be0 2937  s!   1       java.io.FileDescriptor::closeAll (163 bytes)

GC Heap History (20 events):
Event: 121.026 GC heap before
{Heap before GC invocations=13 (full 6):
 garbage-first heap   total 37888K, used 9979K [0x00000000c1600000, 0x0000000100000000)
  region size 1024K, 1 young (1024K), 0 survivors (0K)
 Metaspace       used 28792K, committed 29120K, reserved 1081344K
  class space    used 3847K, committed 3968K, reserved 1048576K
}
Event: 121.054 GC heap after
{Heap after GC invocations=14 (full 7):
 garbage-first heap   total 37888K, used 9979K [0x00000000c1600000, 0x0000000100000000)
  region size 1024K, 0 young (0K), 0 survivors (0K)
 Metaspace       used 28792K, committed 29120K, reserved 1081344K
  class space    used 3847K, committed 3968K, reserved 1048576K
}
Event: 132.953 GC heap before
{Heap before GC invocations=14 (full 7):
 garbage-first heap   total 37888K, used 9979K [0x00000000c1600000, 0x0000000100000000)
  region size 1024K, 1 young (1024K), 0 survivors (0K)
 Metaspace       used 28792K, committed 29120K, reserved 1081344K
  class space    used 3847K, committed 3968K, reserved 1048576K
}
Event: 132.986 GC heap after
{Heap after GC invocations=15 (full 8):
 garbage-first heap   total 37888K, used 9979K [0x00000000c1600000, 0x0000000100000000)
  region size 1024K, 0 young (0K), 0 survivors (0K)
 Metaspace       used 28792K, committed 29120K, reserved 1081344K
  class space    used 3847K, committed 3968K, reserved 1048576K
}
Event: 144.166 GC heap before
{Heap before GC invocations=15 (full 8):
 garbage-first heap   total 37888K, used 9979K [0x00000000c1600000, 0x0000000100000000)
  region size 1024K, 1 young (1024K), 0 survivors (0K)
 Metaspace       used 28792K, committed 29120K, reserved 1081344K
  class space    used 3847K, committed 3968K, reserved 1048576K
}
Event: 144.196 GC heap after
{Heap after GC invocations=16 (full 9):
 garbage-first heap   total 37888K, used 9979K [0x00000000c1600000, 0x0000000100000000)
  region size 1024K, 0 young (0K), 0 survivors (0K)
 Metaspace       used 28792K, committed 29120K, reserved 1081344K
  class space    used 3847K, committed 3968K, reserved 1048576K
}
Event: 154.620 GC heap before
{Heap before GC invocations=16 (full 9):
 garbage-first heap   total 37888K, used 9979K [0x00000000c1600000, 0x0000000100000000)
  region size 1024K, 1 young (1024K), 0 survivors (0K)
 Metaspace       used 28792K, committed 29120K, reserved 1081344K
  class space    used 3847K, committed 3968K, reserved 1048576K
}
Event: 154.653 GC heap after
{Heap after GC invocations=17 (full 10):
 garbage-first heap   total 37888K, used 9979K [0x00000000c1600000, 0x0000000100000000)
  region size 1024K, 0 young (0K), 0 survivors (0K)
 Metaspace       used 28792K, committed 29120K, reserved 1081344K
  class space    used 3847K, committed 3968K, reserved 1048576K
}
Event: 167.574 GC heap before
{Heap before GC invocations=17 (full 10):
 garbage-first heap   total 37888K, used 9979K [0x00000000c1600000, 0x0000000100000000)
  region size 1024K, 1 young (1024K), 0 survivors (0K)
 Metaspace       used 28792K, committed 29120K, reserved 1081344K
  class space    used 3847K, committed 3968K, reserved 1048576K
}
Event: 167.612 GC heap after
{Heap after GC invocations=18 (full 11):
 garbage-first heap   total 37888K, used 9979K [0x00000000c1600000, 0x0000000100000000)
  region size 1024K, 0 young (0K), 0 survivors (0K)
 Metaspace       used 28792K, committed 29120K, reserved 1081344K
  class space    used 3847K, committed 3968K, reserved 1048576K
}
Event: 180.925 GC heap before
{Heap before GC invocations=18 (full 11):
 garbage-first heap   total 37888K, used 9979K [0x00000000c1600000, 0x0000000100000000)
  region size 1024K, 1 young (1024K), 0 survivors (0K)
 Metaspace       used 28792K, committed 29120K, reserved 1081344K
  class space    used 3847K, committed 3968K, reserved 1048576K
}
Event: 180.974 GC heap after
{Heap after GC invocations=19 (full 12):
 garbage-first heap   total 37888K, used 9979K [0x00000000c1600000, 0x0000000100000000)
  region size 1024K, 0 young (0K), 0 survivors (0K)
 Metaspace       used 28792K, committed 29120K, reserved 1081344K
  class space    used 3847K, committed 3968K, reserved 1048576K
}
Event: 192.201 GC heap before
{Heap before GC invocations=19 (full 12):
 garbage-first heap   total 37888K, used 9979K [0x00000000c1600000, 0x0000000100000000)
  region size 1024K, 1 young (1024K), 0 survivors (0K)
 Metaspace       used 28792K, committed 29120K, reserved 1081344K
  class space    used 3847K, committed 3968K, reserved 1048576K
}
Event: 192.228 GC heap after
{Heap after GC invocations=20 (full 13):
 garbage-first heap   total 37888K, used 9979K [0x00000000c1600000, 0x0000000100000000)
  region size 1024K, 0 young (0K), 0 survivors (0K)
 Metaspace       used 28792K, committed 29120K, reserved 1081344K
  class space    used 3847K, committed 3968K, reserved 1048576K
}
Event: 204.392 GC heap before
{Heap before GC invocations=20 (full 13):
 garbage-first heap   total 37888K, used 9979K [0x00000000c1600000, 0x0000000100000000)
  region size 1024K, 1 young (1024K), 0 survivors (0K)
 Metaspace       used 28792K, committed 29120K, reserved 1081344K
  class space    used 3847K, committed 3968K, reserved 1048576K
}
Event: 204.418 GC heap after
{Heap after GC invocations=21 (full 14):
 garbage-first heap   total 37888K, used 9979K [0x00000000c1600000, 0x0000000100000000)
  region size 1024K, 0 young (0K), 0 survivors (0K)
 Metaspace       used 28792K, committed 29120K, reserved 1081344K
  class space    used 3847K, committed 3968K, reserved 1048576K
}
Event: 215.822 GC heap before
{Heap before GC invocations=21 (full 14):
 garbage-first heap   total 37888K, used 9979K [0x00000000c1600000, 0x0000000100000000)
  region size 1024K, 1 young (1024K), 0 survivors (0K)
 Metaspace       used 28792K, committed 29120K, reserved 1081344K
  class space    used 3847K, committed 3968K, reserved 1048576K
}
Event: 215.850 GC heap after
{Heap after GC invocations=22 (full 15):
 garbage-first heap   total 37888K, used 9979K [0x00000000c1600000, 0x0000000100000000)
  region size 1024K, 0 young (0K), 0 survivors (0K)
 Metaspace       used 28792K, committed 29120K, reserved 1081344K
  class space    used 3847K, committed 3968K, reserved 1048576K
}
Event: 226.965 GC heap before
{Heap before GC invocations=22 (full 15):
 garbage-first heap   total 37888K, used 9979K [0x00000000c1600000, 0x0000000100000000)
  region size 1024K, 1 young (1024K), 0 survivors (0K)
 Metaspace       used 28792K, committed 29120K, reserved 1081344K
  class space    used 3847K, committed 3968K, reserved 1048576K
}
Event: 227.003 GC heap after
{Heap after GC invocations=23 (full 16):
 garbage-first heap   total 37888K, used 9979K [0x00000000c1600000, 0x0000000100000000)
  region size 1024K, 0 young (0K), 0 survivors (0K)
 Metaspace       used 28792K, committed 29120K, reserved 1081344K
  class space    used 3847K, committed 3968K, reserved 1048576K
}

Deoptimization events (8 events):
Event: 5.794 Thread 0x000002315d1c0f30 DEOPT PACKING pc=0x00000231601bd275 sp=0x0000009ae2afd7f0
Event: 5.794 Thread 0x000002315d1c0f30 DEOPT UNPACKING pc=0x000002315fea2b43 sp=0x0000009ae2afcc60 mode 3
Event: 10.260 Thread 0x000002315d1c0f30 DEOPT PACKING pc=0x00000231602c3319 sp=0x0000009ae2afd060
Event: 10.261 Thread 0x000002315d1c0f30 DEOPT UNPACKING pc=0x000002315fea2b43 sp=0x0000009ae2afc540 mode 3
Event: 12.197 Thread 0x000002315d1c0f30 DEOPT PACKING pc=0x000002316038c7f5 sp=0x0000009ae2afcd30
Event: 12.197 Thread 0x000002315d1c0f30 DEOPT UNPACKING pc=0x000002315fea2b43 sp=0x0000009ae2afc1a0 mode 3
Event: 18.628 Thread 0x0000023168555b10 DEOPT PACKING pc=0x00000231604dd735 sp=0x0000009ae44fda40
Event: 18.629 Thread 0x0000023168555b10 DEOPT UNPACKING pc=0x000002315fea2b43 sp=0x0000009ae44fcf68 mode 3

Classes unloaded (20 events):
Event: 68.405 Thread 0x0000023167619800 Unloading class 0x00000001002ecc00 'java/lang/invoke/LambdaForm$MH+0x00000001002ecc00'
Event: 68.405 Thread 0x0000023167619800 Unloading class 0x00000001002ec800 'java/lang/invoke/LambdaForm$MH+0x00000001002ec800'
Event: 68.405 Thread 0x0000023167619800 Unloading class 0x00000001002ec400 'java/lang/invoke/LambdaForm$MH+0x00000001002ec400'
Event: 68.405 Thread 0x0000023167619800 Unloading class 0x00000001002ec000 'java/lang/invoke/LambdaForm$MH+0x00000001002ec000'
Event: 68.405 Thread 0x0000023167619800 Unloading class 0x00000001002e4c00 'java/lang/invoke/LambdaForm$DMH+0x00000001002e4c00'
Event: 68.405 Thread 0x0000023167619800 Unloading class 0x00000001002e4400 'java/lang/invoke/LambdaForm$DMH+0x00000001002e4400'
Event: 68.405 Thread 0x0000023167619800 Unloading class 0x00000001001dec00 'java/lang/invoke/LambdaForm$MH+0x00000001001dec00'
Event: 68.405 Thread 0x0000023167619800 Unloading class 0x00000001001de800 'java/lang/invoke/LambdaForm$MH+0x00000001001de800'
Event: 68.405 Thread 0x0000023167619800 Unloading class 0x00000001001de400 'java/lang/invoke/LambdaForm$MH+0x00000001001de400'
Event: 68.405 Thread 0x0000023167619800 Unloading class 0x00000001001de000 'java/lang/invoke/LambdaForm$MH+0x00000001001de000'
Event: 68.405 Thread 0x0000023167619800 Unloading class 0x00000001001ddc00 'java/lang/invoke/LambdaForm$MH+0x00000001001ddc00'
Event: 68.405 Thread 0x0000023167619800 Unloading class 0x00000001001dd400 'java/lang/invoke/LambdaForm$MH+0x00000001001dd400'
Event: 68.405 Thread 0x0000023167619800 Unloading class 0x00000001000ca800 'java/lang/invoke/LambdaForm$MH+0x00000001000ca800'
Event: 68.405 Thread 0x0000023167619800 Unloading class 0x00000001000ca000 'java/lang/invoke/LambdaForm$MH+0x00000001000ca000'
Event: 68.405 Thread 0x0000023167619800 Unloading class 0x00000001000c9c00 'java/lang/invoke/LambdaForm$MH+0x00000001000c9c00'
Event: 68.406 Thread 0x0000023167619800 Unloading class 0x00000001000c9800 'java/lang/invoke/LambdaForm$MH+0x00000001000c9800'
Event: 68.406 Thread 0x0000023167619800 Unloading class 0x00000001000c9000 'java/lang/invoke/LambdaForm$MH+0x00000001000c9000'
Event: 68.406 Thread 0x0000023167619800 Unloading class 0x00000001000c8c00 'java/lang/invoke/LambdaForm$MH+0x00000001000c8c00'
Event: 68.406 Thread 0x0000023167619800 Unloading class 0x00000001000c8800 'java/lang/invoke/LambdaForm$MH+0x00000001000c8800'
Event: 68.406 Thread 0x0000023167619800 Unloading class 0x00000001000c8000 'java/lang/invoke/LambdaForm$MH+0x00000001000c8000'

Classes redefined (0 events):
No events

Internal exceptions (20 events):
Event: 15.558 Thread 0x000002315d1c0f30 Exception <a 'java/lang/NoSuchMethodError'{0x00000000c277afb0}: 'void java.lang.invoke.DirectMethodHandle$Holder.invokeVirtual(java.lang.Object, java.lang.Object)'> (0x00000000c277afb0) 
thrown [e:\jenkins\tmp\workspace\build\src\src\hotspot\share\interpreter\linkResolver.cpp, line 766]
Event: 15.937 Thread 0x000002315d1c0f30 Exception <a 'java/lang/NoSuchMethodError'{0x00000000c4732500}: 'int java.lang.invoke.DirectMethodHandle$Holder.invokeSpecial(java.lang.Object, java.lang.Object, java.lang.Object, java.lang.Object, java.lang.Object)'> (0x00000000c4732500) 
thrown [e:\jenkins\tmp\workspace\build\src\src\hotspot\share\interpreter\linkResolver.cpp, line 766]
Event: 16.540 Thread 0x000002315d1c0f30 Exception <a 'java/lang/IncompatibleClassChangeError'{0x00000000c3a6e448}: Found class java.lang.Object, but interface was expected> (0x00000000c3a6e448) 
thrown [e:\jenkins\tmp\workspace\build\src\src\hotspot\share\interpreter\linkResolver.cpp, line 833]
Event: 16.558 Thread 0x000002315d1c0f30 Exception <a 'java/lang/NoSuchMethodError'{0x00000000c3aa6ee0}: 'java.lang.Object java.lang.invoke.DirectMethodHandle$Holder.invokeVirtual(java.lang.Object, java.lang.Object, java.lang.Object, java.lang.Object)'> (0x00000000c3aa6ee0) 
thrown [e:\jenkins\tmp\workspace\build\src\src\hotspot\share\interpreter\linkResolver.cpp, line 766]
Event: 16.949 Thread 0x000002315d1c0f30 Exception <a 'java/lang/NoSuchMethodError'{0x00000000c3711fb8}: 'java.lang.Object java.lang.invoke.DirectMethodHandle$Holder.newInvokeSpecial(java.lang.Object, java.lang.Object, int, java.lang.Object, java.lang.Object)'> (0x00000000c3711fb8) 
thrown [e:\jenkins\tmp\workspace\build\src\src\hotspot\share\interpreter\linkResolver.cpp, line 766]
Event: 18.487 Thread 0x0000023168ac88d0 Exception <a 'java/lang/NoSuchMethodError'{0x00000000c30c6cc8}: 'java.lang.Object java.lang.invoke.DirectMethodHandle$Holder.invokeStatic(java.lang.Object, java.lang.Object, java.lang.Object, int, java.lang.Object, java.lang.Object)'> (0x00000000c30c6cc8) 
thrown [e:\jenkins\tmp\workspace\build\src\src\hotspot\share\interpreter\linkResolver.cpp, line 766]
Event: 18.531 Thread 0x0000023168ac88d0 Exception <a 'java/lang/reflect/InvocationTargetException'{0x00000000c2f623f0}> (0x00000000c2f623f0) 
thrown [e:\jenkins\tmp\workspace\build\src\src\hotspot\share\runtime\reflection.cpp, line 1121]
Event: 18.587 Thread 0x0000023168ac88d0 Exception <a 'java/lang/reflect/InvocationTargetException'{0x00000000c2f9cff8}> (0x00000000c2f9cff8) 
thrown [e:\jenkins\tmp\workspace\build\src\src\hotspot\share\runtime\reflection.cpp, line 1121]
Event: 18.590 Thread 0x0000023168ac88d0 Exception <a 'java/lang/reflect/InvocationTargetException'{0x00000000c2fc3330}> (0x00000000c2fc3330) 
thrown [e:\jenkins\tmp\workspace\build\src\src\hotspot\share\runtime\reflection.cpp, line 1121]
Event: 18.632 Thread 0x0000023168555b10 Exception <a 'java/lang/NoSuchMethodError'{0x00000000c551e538}: 'java.lang.Object java.lang.invoke.DirectMethodHandle$Holder.invokeStatic(java.lang.Object, int, java.lang.Object)'> (0x00000000c551e538) 
thrown [e:\jenkins\tmp\workspace\build\src\src\hotspot\share\interpreter\linkResolver.cpp, line 766]
Event: 18.650 Thread 0x0000023168ac88d0 Exception <a 'java/lang/reflect/InvocationTargetException'{0x00000000c5500230}> (0x00000000c5500230) 
thrown [e:\jenkins\tmp\workspace\build\src\src\hotspot\share\runtime\reflection.cpp, line 1121]
Event: 19.017 Thread 0x0000023168555b10 Exception <a 'java/lang/NoSuchMethodError'{0x00000000c3a25cf8}: 'int java.lang.invoke.DirectMethodHandle$Holder.invokeStatic(java.lang.Object)'> (0x00000000c3a25cf8) 
thrown [e:\jenkins\tmp\workspace\build\src\src\hotspot\share\interpreter\linkResolver.cpp, line 766]
Event: 19.018 Thread 0x0000023168555b10 Exception <a 'java/lang/NoSuchMethodError'{0x00000000c3a29450}: 'int java.lang.invoke.DirectMethodHandle$Holder.invokeStaticInit(java.lang.Object)'> (0x00000000c3a29450) 
thrown [e:\jenkins\tmp\workspace\build\src\src\hotspot\share\interpreter\linkResolver.cpp, line 766]
Event: 19.097 Thread 0x0000023168ac88d0 Exception <a 'java/lang/NoSuchMethodError'{0x00000000c3a95b80}: 'int java.lang.invoke.DirectMethodHandle$Holder.invokeVirtual(java.lang.Object, java.lang.Object)'> (0x00000000c3a95b80) 
thrown [e:\jenkins\tmp\workspace\build\src\src\hotspot\share\interpreter\linkResolver.cpp, line 766]
Event: 57.079 Thread 0x000002316a5fc430 Exception <a 'java/lang/NoSuchMethodError'{0x00000000c3902be0}: 'void java.lang.invoke.DirectMethodHandle$Holder.invokeStatic(java.lang.Object, long)'> (0x00000000c3902be0) 
thrown [e:\jenkins\tmp\workspace\build\src\src\hotspot\share\interpreter\linkResolver.cpp, line 766]
Event: 57.084 Thread 0x000002316a5fc430 Exception <a 'java/lang/NoSuchMethodError'{0x00000000c3907f88}: 'java.lang.Object java.lang.invoke.DirectMethodHandle$Holder.newInvokeSpecial(java.lang.Object, long)'> (0x00000000c3907f88) 
thrown [e:\jenkins\tmp\workspace\build\src\src\hotspot\share\interpreter\linkResolver.cpp, line 766]
Event: 57.094 Thread 0x000002316a5fc430 Exception <a 'java/lang/NoSuchMethodError'{0x00000000c390eb40}: 'java.lang.Object java.lang.invoke.DirectMethodHandle$Holder.invokeStatic(java.lang.Object, java.lang.Object, long, java.lang.Object)'> (0x00000000c390eb40) 
thrown [e:\jenkins\tmp\workspace\build\src\src\hotspot\share\interpreter\linkResolver.cpp, line 766]
Event: 57.095 Thread 0x000002316a5fc430 Exception <a 'java/lang/NoSuchMethodError'{0x00000000c39125d8}: 'java.lang.Object java.lang.invoke.DirectMethodHandle$Holder.invokeStaticInit(java.lang.Object, java.lang.Object, long, java.lang.Object)'> (0x00000000c39125d8) 
thrown [e:\jenkins\tmp\workspace\build\src\src\hotspot\share\interpreter\linkResolver.cpp, line 766]
Event: 57.098 Thread 0x000002316a5fc430 Exception <a 'java/lang/NoSuchMethodError'{0x00000000c3918928}: 'java.lang.Object java.lang.invoke.DirectMethodHandle$Holder.newInvokeSpecial(java.lang.Object, java.lang.Object, long)'> (0x00000000c3918928) 
thrown [e:\jenkins\tmp\workspace\build\src\src\hotspot\share\interpreter\linkResolver.cpp, line 766]
Event: 57.099 Thread 0x000002316a5fc430 Exception <a 'java/lang/NoSuchMethodError'{0x00000000c391c4d0}: 'java.lang.Object java.lang.invoke.Invokers$Holder.linkToTargetMethod(java.lang.Object, long, java.lang.Object)'> (0x00000000c391c4d0) 
thrown [e:\jenkins\tmp\workspace\build\src\src\hotspot\share\interpreter\linkResolver.cpp, line 766]

VM Operations (20 events):
Event: 121.054 Executing VM operation: G1CollectFull done
Event: 132.952 Executing VM operation: G1CollectFull
Event: 132.986 Executing VM operation: G1CollectFull done
Event: 144.166 Executing VM operation: G1CollectFull
Event: 144.196 Executing VM operation: G1CollectFull done
Event: 154.620 Executing VM operation: G1CollectFull
Event: 154.653 Executing VM operation: G1CollectFull done
Event: 167.574 Executing VM operation: G1CollectFull
Event: 167.612 Executing VM operation: G1CollectFull done
Event: 180.924 Executing VM operation: G1CollectFull
Event: 180.975 Executing VM operation: G1CollectFull done
Event: 192.201 Executing VM operation: G1CollectFull
Event: 192.228 Executing VM operation: G1CollectFull done
Event: 204.392 Executing VM operation: G1CollectFull
Event: 204.419 Executing VM operation: G1CollectFull done
Event: 215.821 Executing VM operation: G1CollectFull
Event: 215.850 Executing VM operation: G1CollectFull done
Event: 226.965 Executing VM operation: G1CollectFull
Event: 227.003 Executing VM operation: G1CollectFull done
Event: 237.231 Executing VM operation: G1CollectFull

Events (20 events):
Event: 24.176 Thread 0x00000231680d51f0 Thread exited: 0x00000231680d51f0
Event: 29.180 Thread 0x00000231680cecc0 Thread exited: 0x00000231680cecc0
Event: 57.038 loading class java/lang/ProcessBuilder
Event: 57.053 loading class java/lang/ProcessBuilder done
Event: 57.054 loading class java/lang/ProcessImpl
Event: 57.059 loading class java/lang/Process
Event: 57.060 loading class java/lang/Process done
Event: 57.060 loading class java/lang/ProcessImpl done
Event: 57.086 loading class java/lang/ProcessHandleImpl
Event: 57.088 loading class java/lang/ProcessHandle
Event: 57.088 loading class java/lang/ProcessHandle done
Event: 57.088 loading class java/lang/ProcessHandleImpl done
Event: 57.103 loading class java/lang/ProcessImpl$2
Event: 57.103 loading class java/lang/ProcessImpl$2 done
Event: 57.104 loading class java/lang/Process$PipeInputStream
Event: 57.105 loading class java/lang/Process$PipeInputStream done
Event: 57.117 loading class jdk/internal/event/ProcessStartEvent
Event: 57.117 loading class jdk/internal/event/ProcessStartEvent done
Event: 57.607 loading class java/io/FileOutputStream$1
Event: 57.607 loading class java/io/FileOutputStream$1 done


Dynamic libraries:
0x00007ff61ea20000 - 0x00007ff61ea2e000 	c:\Users\User\.vscode\extensions\redhat.java-1.6.0-win32-x64\jre\17.0.2-win32-x86_64\bin\java.exe
0x00007ffe28370000 - 0x00007ffe28565000 	C:\Windows\SYSTEM32\ntdll.dll
0x00007ffe27150000 - 0x00007ffe2720d000 	C:\Windows\System32\KERNEL32.DLL
0x00007ffe25ab0000 - 0x00007ffe25d78000 	C:\Windows\System32\KERNELBASE.dll
0x00007ffe26010000 - 0x00007ffe26110000 	C:\Windows\System32\ucrtbase.dll
0x00007ffe1aff0000 - 0x00007ffe1b008000 	c:\Users\User\.vscode\extensions\redhat.java-1.6.0-win32-x64\jre\17.0.2-win32-x86_64\bin\jli.dll
0x00007ffe27210000 - 0x00007ffe273b0000 	C:\Windows\System32\USER32.dll
0x00007ffe25d80000 - 0x00007ffe25da2000 	C:\Windows\System32\win32u.dll
0x00007ffe26bf0000 - 0x00007ffe26c1a000 	C:\Windows\System32\GDI32.dll
0x00007ffe26260000 - 0x00007ffe2636b000 	C:\Windows\System32\gdi32full.dll
0x00007ffe261c0000 - 0x00007ffe2625d000 	C:\Windows\System32\msvcp_win.dll
0x00007ffe0aa00000 - 0x00007ffe0aa19000 	c:\Users\User\.vscode\extensions\redhat.java-1.6.0-win32-x64\jre\17.0.2-win32-x86_64\bin\VCRUNTIME140.dll
0x00007ffe16760000 - 0x00007ffe169fa000 	C:\Windows\WinSxS\amd64_microsoft.windows.common-controls_6595b64144ccf1df_6.0.19041.844_none_ca00b6081b84eb1d\COMCTL32.dll
0x00007ffe278d0000 - 0x00007ffe2796e000 	C:\Windows\System32\msvcrt.dll
0x00007ffe26f80000 - 0x00007ffe26fb0000 	C:\Windows\System32\IMM32.DLL
0x00007ffe210c0000 - 0x00007ffe210cc000 	c:\Users\User\.vscode\extensions\redhat.java-1.6.0-win32-x64\jre\17.0.2-win32-x86_64\bin\vcruntime140_1.dll
0x00007ffdf1830000 - 0x00007ffdf18c1000 	c:\Users\User\.vscode\extensions\redhat.java-1.6.0-win32-x64\jre\17.0.2-win32-x86_64\bin\msvcp140.dll
0x00007ffde05b0000 - 0x00007ffde11f7000 	c:\Users\User\.vscode\extensions\redhat.java-1.6.0-win32-x64\jre\17.0.2-win32-x86_64\bin\server\jvm.dll
0x00007ffe26fc0000 - 0x00007ffe2706c000 	C:\Windows\System32\ADVAPI32.dll
0x00007ffe26620000 - 0x00007ffe266bb000 	C:\Windows\System32\sechost.dll
0x00007ffe27720000 - 0x00007ffe2784b000 	C:\Windows\System32\RPCRT4.dll
0x00007ffe26be0000 - 0x00007ffe26be8000 	C:\Windows\System32\PSAPI.DLL
0x00007ffe14210000 - 0x00007ffe14219000 	C:\Windows\SYSTEM32\WSOCK32.dll
0x00007ffe270e0000 - 0x00007ffe2714b000 	C:\Windows\System32\WS2_32.dll
0x00007ffe17880000 - 0x00007ffe178a7000 	C:\Windows\SYSTEM32\WINMM.dll
0x00007ffe14100000 - 0x00007ffe1410a000 	C:\Windows\SYSTEM32\VERSION.dll
0x00007ffe24340000 - 0x00007ffe24352000 	C:\Windows\SYSTEM32\kernel.appcore.dll
0x00007ffe20950000 - 0x00007ffe2095a000 	c:\Users\User\.vscode\extensions\redhat.java-1.6.0-win32-x64\jre\17.0.2-win32-x86_64\bin\jimage.dll
0x00007ffe24040000 - 0x00007ffe24224000 	C:\Windows\SYSTEM32\DBGHELP.DLL
0x00007ffe12c60000 - 0x00007ffe12c8c000 	C:\Windows\SYSTEM32\dbgcore.DLL
0x00007ffe26140000 - 0x00007ffe261c0000 	C:\Windows\System32\bcryptPrimitives.dll
0x00007ffdff170000 - 0x00007ffdff195000 	c:\Users\User\.vscode\extensions\redhat.java-1.6.0-win32-x64\jre\17.0.2-win32-x86_64\bin\java.dll
0x00007ffe089a0000 - 0x00007ffe089b8000 	c:\Users\User\.vscode\extensions\redhat.java-1.6.0-win32-x64\jre\17.0.2-win32-x86_64\bin\zip.dll
0x00007ffe27be0000 - 0x00007ffe28322000 	C:\Windows\System32\SHELL32.dll
0x00007ffe237f0000 - 0x00007ffe23f80000 	C:\Windows\SYSTEM32\windows.storage.dll
0x00007ffe26c20000 - 0x00007ffe26f75000 	C:\Windows\System32\combase.dll
0x00007ffe25450000 - 0x00007ffe2547c000 	C:\Windows\SYSTEM32\Wldp.dll
0x00007ffe26b30000 - 0x00007ffe26bde000 	C:\Windows\System32\SHCORE.dll
0x00007ffe264f0000 - 0x00007ffe26545000 	C:\Windows\System32\shlwapi.dll
0x00007ffe259f0000 - 0x00007ffe25a0f000 	C:\Windows\SYSTEM32\profapi.dll
0x00007ffe08c40000 - 0x00007ffe08c59000 	C:\Users\User\.vscode\extensions\redhat.java-1.6.0-win32-x64\jre\17.0.2-win32-x86_64\bin\net.dll
0x00007ffe16510000 - 0x00007ffe1661b000 	C:\Windows\SYSTEM32\WINHTTP.dll
0x00007ffe25230000 - 0x00007ffe2529a000 	C:\Windows\system32\mswsock.dll
0x00007ffe06760000 - 0x00007ffe06775000 	C:\Users\User\.vscode\extensions\redhat.java-1.6.0-win32-x64\jre\17.0.2-win32-x86_64\bin\nio.dll
0x00007ffe1cc40000 - 0x00007ffe1cc50000 	c:\Users\User\.vscode\extensions\redhat.java-1.6.0-win32-x64\jre\17.0.2-win32-x86_64\bin\verify.dll
0x00007ffe1bf80000 - 0x00007ffe1bf89000 	C:\Users\User\.vscode\extensions\redhat.java-1.6.0-win32-x64\jre\17.0.2-win32-x86_64\bin\management.dll
0x00007ffe1a7d0000 - 0x00007ffe1a7db000 	C:\Users\User\.vscode\extensions\redhat.java-1.6.0-win32-x64\jre\17.0.2-win32-x86_64\bin\management_ext.dll
0x00007ffe04210000 - 0x00007ffe04227000 	C:\Windows\system32\napinsp.dll
0x00007ffe041f0000 - 0x00007ffe0420b000 	C:\Windows\system32\pnrpnsp.dll
0x00007ffe06720000 - 0x00007ffe06735000 	C:\Windows\system32\wshbth.dll
0x00007ffe20d50000 - 0x00007ffe20d6d000 	C:\Windows\system32\NLAapi.dll
0x00007ffe24ef0000 - 0x00007ffe24f2b000 	C:\Windows\SYSTEM32\IPHLPAPI.DLL
0x00007ffe24f30000 - 0x00007ffe24ffc000 	C:\Windows\SYSTEM32\DNSAPI.dll
0x00007ffe27070000 - 0x00007ffe27078000 	C:\Windows\System32\NSI.dll
0x00007ffe041d0000 - 0x00007ffe041e2000 	C:\Windows\System32\winrnr.dll
0x00007ffe154f0000 - 0x00007ffe154fa000 	C:\Windows\System32\rasadhlp.dll
0x00007ffe16df0000 - 0x00007ffe16e6f000 	C:\Windows\System32\fwpuclnt.dll
0x00007ffe26110000 - 0x00007ffe26137000 	C:\Windows\System32\bcrypt.dll
0x00007ffe25490000 - 0x00007ffe254a8000 	C:\Windows\SYSTEM32\CRYPTSP.dll
0x00007ffe24b80000 - 0x00007ffe24bb4000 	C:\Windows\system32\rsaenh.dll
0x00007ffe259b0000 - 0x00007ffe259de000 	C:\Windows\SYSTEM32\USERENV.dll
0x00007ffe253b0000 - 0x00007ffe253bc000 	C:\Windows\SYSTEM32\CRYPTBASE.dll
0x00007ffe18580000 - 0x00007ffe18597000 	C:\Windows\SYSTEM32\dhcpcsvc6.DLL
0x00007ffe1a640000 - 0x00007ffe1a65d000 	C:\Windows\SYSTEM32\dhcpcsvc.DLL

dbghelp: loaded successfully - version: 4.0.5 - missing functions: none
symbol engine: initialized successfully - sym options: 0x614 - pdb path: .;c:\Users\User\.vscode\extensions\redhat.java-1.6.0-win32-x64\jre\17.0.2-win32-x86_64\bin;C:\Windows\SYSTEM32;C:\Windows\WinSxS\amd64_microsoft.windows.common-controls_6595b64144ccf1df_6.0.19041.844_none_ca00b6081b84eb1d;c:\Users\User\.vscode\extensions\redhat.java-1.6.0-win32-x64\jre\17.0.2-win32-x86_64\bin\server

VM Arguments:
jvm_args: -Dsts.lsp.client=vscode -Dsts.log.file=/dev/null -XX:TieredStopAtLevel=1 -Dspring.config.location=file:c:\Users\User\.vscode\extensions\pivotal.vscode-spring-boot-1.33.0\language-server\BOOT-INF\classes\application.properties 
java_command: org.springframework.ide.vscode.boot.app.BootLanguageServerBootApp
java_class_path (initial): c:\Users\User\.vscode\extensions\pivotal.vscode-spring-boot-1.33.0\language-server\BOOT-INF\classes;c:\Users\User\.vscode\extensions\pivotal.vscode-spring-boot-1.33.0\language-server\BOOT-INF\lib\antlr4-runtime-4.5.3.jar;c:\Users\User\.vscode\extensions\pivotal.vscode-spring-boot-1.33.0\language-server\BOOT-INF\lib\byte-buddy-1.10.18.jar;c:\Users\User\.vscode\extensions\pivotal.vscode-spring-boot-1.33.0\language-server\BOOT-INF\lib\commons-codec-1.14.jar;c:\Users\User\.vscode\extensions\pivotal.vscode-spring-boot-1.33.0\language-server\BOOT-INF\lib\commons-io-2.4.jar;c:\Users\User\.vscode\extensions\pivotal.vscode-spring-boot-1.33.0\language-server\BOOT-INF\lib\commons-java-1.33.0-SNAPSHOT.jar;c:\Users\User\.vscode\extensions\pivotal.vscode-spring-boot-1.33.0\language-server\BOOT-INF\lib\commons-lang3-3.10.jar;c:\Users\User\.vscode\extensions\pivotal.vscode-spring-boot-1.33.0\language-server\BOOT-INF\lib\commons-language-server-1.33.0-SNAPSHOT.jar;c:\Users\User\.vscode\extensions\pivotal.vscode-spring-boot-1.33.0\language-server\BOOT-INF\lib\commons-lsp-extensions-1.33.0-SNAPSHOT.jar;c:\Users\User\.vscode\extensions\pivotal.vscode-spring-boot-1.33.0\language-server\BOOT-INF\lib\commons-util-1.33.0-SNAPSHOT.jar;c:\Users\User\.vscode\extensions\pivotal.vscode-spring-boot-1.33.0\language-server\BOOT-INF\lib\commons-yaml-1.33.0-SNAPSHOT.jar;c:\Users\User\.vscode\extensions\pivotal.vscode-spring-boot-1.33.0\language-server\BOOT-INF\lib\gson-2.8.6.jar;c:\Users\User\.vscode\extensions\pivotal.vscode-spring-boot-1.33.0\language-server\BOOT-INF\lib\guava-19.0.jar;c:\Users\User\.vscode\extensions\pivotal.vscode-spring-boot-1.33.0\language-server\BOOT-INF\lib\jakarta.annotation-api-1.3.5.jar;c:\Users\User\.vscode\extensions\pivotal.vscode-spring-boot-1.33.0\language-server\BOOT-INF\lib\jandex-2.0.5.Final.jar;c:\Users\User\.vscode\extensions\pivotal.vscode-spring-boot-1.33.0\language-server\BOOT-INF\lib\java-properties-1.33.0-SNAPSHOT.jar;c:\Users\U
Launcher Type: SUN_STANDARD

[Global flags]
     intx CICompilerCount                          = 3                                         {product} {ergonomic}
     uint ConcGCThreads                            = 1                                         {product} {ergonomic}
     uint G1ConcRefinementThreads                  = 4                                         {product} {ergonomic}
   size_t G1HeapRegionSize                         = 1048576                                   {product} {ergonomic}
    uintx GCDrainStackTargetSize                   = 64                                        {product} {ergonomic}
   size_t InitialHeapSize                          = 67108864                                  {product} {ergonomic}
   size_t MarkStackSize                            = 4194304                                   {product} {ergonomic}
   size_t MaxHeapSize                              = 1050673152                                {product} {ergonomic}
   size_t MaxNewSize                               = 630194176                                 {product} {ergonomic}
   size_t MinHeapDeltaBytes                        = 1048576                                   {product} {ergonomic}
   size_t MinHeapSize                              = 8388608                                   {product} {ergonomic}
    uintx NonProfiledCodeHeapSize                  = 0                                      {pd product} {ergonomic}
     bool ProfileInterpreter                       = false                                  {pd product} {command line}
    uintx ProfiledCodeHeapSize                     = 0                                      {pd product} {ergonomic}
   size_t SoftMaxHeapSize                          = 1050673152                             {manageable} {ergonomic}
     intx TieredStopAtLevel                        = 1                                         {product} {command line}
     bool UseCompressedClassPointers               = true                           {product lp64_product} {ergonomic}
     bool UseCompressedOops                        = true                           {product lp64_product} {ergonomic}
     bool UseG1GC                                  = true                                      {product} {ergonomic}
     bool UseLargePagesIndividualAllocation        = false                                  {pd product} {ergonomic}

Logging:
Log output configuration:
 #0: stdout all=warning uptime,level,tags
 #1: stderr all=off uptime,level,tags

Environment Variables:
JAVA_HOME=C:\Program Files\Java\jdk-17.0.2
PATH=C:\Windows\system32;C:\Windows;C:\Windows\System32\Wbem;C:\Windows\System32\WindowsPowerShell\v1.0\;C:\Windows\System32\OpenSSH\;C:\Program Files\Git\cmd;C:\Program Files\Git\mingw64\bin;C:\Program Files\Git\usr\bin;C:\Program Files\Java\jdk-17.0.2\bin;C:\Program Files\nodejs\;C:\ProgramData\chocolatey\bin;;C:\Program Files\Docker\Docker\resources\bin;C:\ProgramData\DockerDesktop\version-bin;C:\Users\User\AppData\Local\Programs\Python\Python310\Scripts\;C:\Users\User\AppData\Local\Programs\Python\Python310\;C:\Users\User\anaconda3;C:\Users\User\anaconda3\Library\mingw-w64\bin;C:\Users\User\anaconda3\Library\usr\bin;C:\Users\User\anaconda3\Library\bin;C:\Users\User\anaconda3\Scripts;C:\Users\User\AppData\Local\Microsoft\WindowsApps;C:\Users\User\AppData\Local\Programs\Microsoft VS Code\bin;C:\MongoDB\mongosh-1.1.9-win32-x64\bin;;C:\Program Files\JetBrains\IntelliJ IDEA Community Edition 2021.3.2\bin;;C:\Users\User\AppData\Roaming\npm
USERNAME=User
OS=Windows_NT
PROCESSOR_IDENTIFIER=Intel64 Family 6 Model 142 Stepping 9, GenuineIntel



---------------  S Y S T E M  ---------------

OS:
 Windows 10 , 64 bit Build 19041 (10.0.19041.928)
OS uptime: 8 days 1:33 hours
Hyper-V role detected

CPU: total 4 (initial active 4) (2 cores per cpu, 2 threads per core) family 6 model 142 stepping 9 microcode 0xde, cx8, cmov, fxsr, ht, mmx, 3dnowpref, sse, sse2, sse3, ssse3, sse4.1, sse4.2, popcnt, lzcnt, tsc, tscinvbit, avx, avx2, aes, erms, clmul, bmi1, bmi2, adx, fma, vzeroupper, clflush, clflushopt, hv

Memory: 4k page, system-wide physical 4007M (148M free)
TotalPageFile size 16294M (AvailPageFile size 17M)
current process WorkingSet (physical memory assigned to process): 30M, peak: 111M
current process commit charge ("private bytes"): 137M, peak: 153M

vm_info: OpenJDK 64-Bit Server VM (17.0.2+8) for windows-amd64 JRE (17.0.2+8), built on Jan 20 2022 04:52:34 by "" with MS VC++ 16.7 (VS2019)

END.
