#
# There is insufficient memory for the Java Runtime Environment to continue.
# Native memory allocation (malloc) failed to allocate 953216 bytes for Chunk::new
# Possible reasons:
#   The system is out of physical RAM or swap space
#   The process is running with CompressedOops enabled, and the Java Heap may be blocking the growth of the native heap
# Possible solutions:
#   Reduce memory load on the system
#   Increase physical memory or swap space
#   Check if swap backing store is full
#   Decrease Java heap size (-Xmx/-Xms)
#   Decrease number of Java threads
#   Decrease Java thread stack sizes (-Xss)
#   Set larger code cache with -XX:ReservedCodeCacheSize=
#   JVM is running with Unscaled Compressed Oops mode in which the Java heap is
#     placed in the first 4GB address space. The Java Heap base address is the
#     maximum limit for the native heap growth. Please use -XX:HeapBaseMinAddress
#     to set the Java Heap base and to place the Java Heap above 4GB virtual address.
# This output file may be truncated or incomplete.
#
#  Out of Memory Error (arena.cpp:189), pid=35324, tid=36752
#
# JRE version: OpenJDK Runtime Environment Temurin-17.0.2+8 (17.0.2+8) (build 17.0.2+8)
# Java VM: OpenJDK 64-Bit Server VM Temurin-17.0.2+8 (17.0.2+8, mixed mode, tiered, compressed oops, compressed class ptrs, parallel gc, windows-amd64)
# No core dump will be written. Minidumps are not enabled by default on client versions of Windows
#

---------------  S U M M A R Y ------------

Command Line: --add-modules=ALL-SYSTEM --add-opens=java.base/java.util=ALL-UNNAMED --add-opens=java.base/java.lang=ALL-UNNAMED --add-opens=java.base/sun.nio.fs=ALL-UNNAMED -Declipse.application=org.eclipse.jdt.ls.core.id1 -Dosgi.bundles.defaultStartLevel=4 -Declipse.product=org.eclipse.jdt.ls.core.product -Djava.import.generatesMetadataFilesAtProjectRoot=false -Dfile.encoding=utf8 -DwatchParentProcess=false -XX:+UseParallelGC -XX:GCTimeRatio=4 -XX:AdaptiveSizePolicyWeight=90 -Dsun.zip.disableMemoryMapping=true -Xmx1G -Xms100m -javaagent:c:\Users\User\.vscode\extensions\gabrielbb.vscode-lombok-1.0.1\server\lombok.jar -XX:+HeapDumpOnOutOfMemoryError -XX:HeapDumpPath=c:\Users\User\AppData\Roaming\Code\User\workspaceStorage\d52a1b559a55d7e2d6c58c7b3e64fd5d\redhat.java c:\Users\User\.vscode\extensions\redhat.java-1.6.0-win32-x64\server\plugins\org.eclipse.equinox.launcher_1.6.400.v20210924-0641.jar -configuration c:\Users\User\AppData\Roaming\Code\User\globalStorage\redhat.java\1.6.0\config_win -data c:\Users\User\AppData\Roaming\Code\User\workspaceStorage\d52a1b559a55d7e2d6c58c7b3e64fd5d\redhat.java\jdt_ws

Host: Intel(R) Core(TM) i3-7100U CPU @ 2.40GHz, 4 cores, 3G,  Windows 10 , 64 bit Build 19041 (10.0.19041.928)
Time: Tue May 24 09:37:46 2022 India Standard Time elapsed time: 21.933942 seconds (0d 0h 0m 21s)

---------------  T H R E A D  ---------------

Current thread (0x000001715a733060):  JavaThread "C2 CompilerThread0" daemon [_thread_in_native, id=36752, stack(0x0000004fa5900000,0x0000004fa5a00000)]


Current CompileTask:
C2:  21934 2751       4       org.objectweb.asm.ClassReader::readMethod (1052 bytes)

Stack: [0x0000004fa5900000,0x0000004fa5a00000]
Native frames: (J=compiled Java code, j=interpreted, Vv=VM code, C=native code)
V  [jvm.dll+0x67564a]
V  [jvm.dll+0x82fc04]
V  [jvm.dll+0x8313ae]
V  [jvm.dll+0x831a13]
V  [jvm.dll+0x245235]
V  [jvm.dll+0xabd7b]
V  [jvm.dll+0xac30c]
V  [jvm.dll+0x2ac33f]
V  [jvm.dll+0x57c559]
V  [jvm.dll+0x2202ed]
V  [jvm.dll+0x2206cf]
V  [jvm.dll+0x219f25]
V  [jvm.dll+0x2173eb]
V  [jvm.dll+0x1a3a8d]
V  [jvm.dll+0x226ef8]
V  [jvm.dll+0x22503c]
V  [jvm.dll+0x7e596b]
V  [jvm.dll+0x7dff2a]
V  [jvm.dll+0x6744d5]
C  [ucrtbase.dll+0x21bb2]
C  [KERNEL32.DLL+0x17034]
C  [ntdll.dll+0x52651]


---------------  P R O C E S S  ---------------

Threads class SMR info:
_java_thread_list=0x000001715c735610, length=21, elements={
0x00000171449a1aa0, 0x000001715a705750, 0x000001715a7064d0, 0x000001715a72a260,
0x000001715a72ee00, 0x000001715a72f980, 0x000001715a7323c0, 0x000001715a733060,
0x000001715a7504c0, 0x000001715c120020, 0x0000017144a640d0, 0x000001715c4379f0,
0x000001715c8af4e0, 0x000001715ca38c80, 0x000001715ca39150, 0x000001715ca10d30,
0x000001715dbd74b0, 0x000001715dcdb760, 0x000001715c7b0030, 0x000001715dbbe860,
0x000001715c56eed0
}

Java Threads: ( => current thread )
  0x00000171449a1aa0 JavaThread "main" [_thread_blocked, id=101544, stack(0x0000004fa5000000,0x0000004fa5100000)]
  0x000001715a705750 JavaThread "Reference Handler" daemon [_thread_blocked, id=20600, stack(0x0000004fa5300000,0x0000004fa5400000)]
  0x000001715a7064d0 JavaThread "Finalizer" daemon [_thread_blocked, id=1620, stack(0x0000004fa5400000,0x0000004fa5500000)]
  0x000001715a72a260 JavaThread "Signal Dispatcher" daemon [_thread_blocked, id=11480, stack(0x0000004fa5500000,0x0000004fa5600000)]
  0x000001715a72ee00 JavaThread "Attach Listener" daemon [_thread_blocked, id=89164, stack(0x0000004fa5600000,0x0000004fa5700000)]
  0x000001715a72f980 JavaThread "Service Thread" daemon [_thread_blocked, id=104044, stack(0x0000004fa5700000,0x0000004fa5800000)]
  0x000001715a7323c0 JavaThread "Monitor Deflation Thread" daemon [_thread_blocked, id=108692, stack(0x0000004fa5800000,0x0000004fa5900000)]
=>0x000001715a733060 JavaThread "C2 CompilerThread0" daemon [_thread_in_native, id=36752, stack(0x0000004fa5900000,0x0000004fa5a00000)]
  0x000001715a7504c0 JavaThread "C1 CompilerThread0" daemon [_thread_blocked, id=32780, stack(0x0000004fa5a00000,0x0000004fa5b00000)]
  0x000001715c120020 JavaThread "Sweeper thread" daemon [_thread_blocked, id=29340, stack(0x0000004fa5b00000,0x0000004fa5c00000)]
  0x0000017144a640d0 JavaThread "Common-Cleaner" daemon [_thread_blocked, id=38436, stack(0x0000004fa5c00000,0x0000004fa5d00000)]
  0x000001715c4379f0 JavaThread "Notification Thread" daemon [_thread_blocked, id=74528, stack(0x0000004fa5d00000,0x0000004fa5e00000)]
  0x000001715c8af4e0 JavaThread "Active Thread: Equinox Container: 688e5aac-2c73-434b-8701-f72413ee1ba7" [_thread_blocked, id=33080, stack(0x0000004fa6200000,0x0000004fa6300000)]
  0x000001715ca38c80 JavaThread "Framework Event Dispatcher: Equinox Container: 688e5aac-2c73-434b-8701-f72413ee1ba7" daemon [_thread_blocked, id=73204, stack(0x0000004fa6300000,0x0000004fa6400000)]
  0x000001715ca39150 JavaThread "Start Level: Equinox Container: 688e5aac-2c73-434b-8701-f72413ee1ba7" daemon [_thread_in_vm, id=51004, stack(0x0000004fa6400000,0x0000004fa6500000)]
  0x000001715ca10d30 JavaThread "SCR Component Actor" daemon [_thread_blocked, id=106184, stack(0x0000004fa6500000,0x0000004fa6600000)]
  0x000001715dbd74b0 JavaThread "Bundle File Closer" daemon [_thread_blocked, id=79908, stack(0x0000004fa6700000,0x0000004fa6800000)]
  0x000001715dcdb760 JavaThread "Worker-JM" [_thread_blocked, id=40528, stack(0x0000004fa6800000,0x0000004fa6900000)]
  0x000001715c7b0030 JavaThread "Worker-0" [_thread_blocked, id=62596, stack(0x0000004fa6600000,0x0000004fa6700000)]
  0x000001715dbbe860 JavaThread "Worker-1" [_thread_blocked, id=101096, stack(0x0000004fa6900000,0x0000004fa6a00000)]
  0x000001715c56eed0 JavaThread "Worker-2" [_thread_blocked, id=62688, stack(0x0000004fa6a00000,0x0000004fa6b00000)]

Other Threads:
  0x000001715a6ebd60 VMThread "VM Thread" [stack: 0x0000004fa5200000,0x0000004fa5300000] [id=87988]
  0x000001715c439050 WatcherThread [stack: 0x0000004fa5e00000,0x0000004fa5f00000] [id=94044]
  0x00000171449b8130 GCTaskThread "GC Thread#0" [stack: 0x0000004fa5100000,0x0000004fa5200000] [id=27316]
  0x000001715c96c040 GCTaskThread "GC Thread#1" [stack: 0x0000004fa5f00000,0x0000004fa6000000] [id=41828]
  0x000001715c819ff0 GCTaskThread "GC Thread#2" [stack: 0x0000004fa6000000,0x0000004fa6100000] [id=88240]
  0x000001715c9443b0 GCTaskThread "GC Thread#3" [stack: 0x0000004fa6100000,0x0000004fa6200000] [id=105272]

Threads with active compile tasks:
C2 CompilerThread0    22001 2751       4       org.objectweb.asm.ClassReader::readMethod (1052 bytes)

VM state: not at safepoint (normal execution)

VM Mutex/Monitor currently owned by a thread: None

Heap address: 0x00000000c0000000, size: 1024 MB, Compressed Oops mode: 32-bit

CDS archive(s) not mapped
Compressed class space mapped at: 0x0000000100000000-0x0000000140000000, reserved size: 1073741824
Narrow klass base: 0x0000000000000000, Narrow klass shift: 3, Narrow klass range: 0x140000000

GC Precious Log:
 CPUs: 4 total, 4 available
 Memory: 4007M
 Large Page Support: Disabled
 NUMA Support: Disabled
 Compressed Oops: Enabled (32-bit)
 Alignments: Space 512K, Generation 512K, Heap 2M
 Heap Min Capacity: 100M
 Heap Initial Capacity: 100M
 Heap Max Capacity: 1G
 Pre-touch: Disabled
 Parallel Workers: 4

Heap:
 PSYoungGen      total 25600K, used 7165K [0x00000000eab00000, 0x00000000ec880000, 0x0000000100000000)
  eden space 25088K, 27% used [0x00000000eab00000,0x00000000eb1b76e8,0x00000000ec380000)
  from space 512K, 56% used [0x00000000ec400000,0x00000000ec448000,0x00000000ec480000)
  to   space 2560K, 0% used [0x00000000ec600000,0x00000000ec600000,0x00000000ec880000)
 ParOldGen       total 68608K, used 10231K [0x00000000c0000000, 0x00000000c4300000, 0x00000000eab00000)
  object space 68608K, 14% used [0x00000000c0000000,0x00000000c09fdc40,0x00000000c4300000)
 Metaspace       used 25827K, committed 26304K, reserved 1073152K
  class space    used 2475K, committed 2688K, reserved 1048576K

Card table byte_map: [0x0000017157ff0000,0x0000017158200000] _byte_map_base: 0x00000171579f0000

Marking Bits: (ParMarkBitMap*) 0x00007ffddffc3af0
 Begin Bits: [0x0000017158360000, 0x0000017159360000)
 End Bits:   [0x0000017159360000, 0x000001715a360000)

Polling page: 0x0000017144a80000

Metaspace:

Usage:
  Non-class:     22.80 MB used.
      Class:      2.42 MB used.
       Both:     25.22 MB used.

Virtual space:
  Non-class space:       24.00 MB reserved,      23.06 MB ( 96%) committed,  3 nodes.
      Class space:        1.00 GB reserved,       2.62 MB ( <1%) committed,  1 nodes.
             Both:        1.02 GB reserved,      25.69 MB (  2%) committed. 

Chunk freelists:
   Non-Class:  96.00 KB
       Class:  1.42 MB
        Both:  1.52 MB

MaxMetaspaceSize: unlimited
CompressedClassSpaceSize: 1.00 GB
Initial GC threshold: 21.00 MB
Current GC threshold: 35.00 MB
CDS: off
MetaspaceReclaimPolicy: balanced
 - commit_granule_bytes: 65536.
 - commit_granule_words: 8192.
 - virtual_space_node_default_size: 1048576.
 - enlarge_chunks_in_place: 1.
 - new_chunks_are_fully_committed: 0.
 - uncommit_free_chunks: 1.
 - use_allocation_guard: 0.
 - handle_deallocations: 1.


Internal statistics:

num_allocs_failed_limit: 3.
num_arena_births: 142.
num_arena_deaths: 0.
num_vsnodes_births: 4.
num_vsnodes_deaths: 0.
num_space_committed: 411.
num_space_uncommitted: 0.
num_chunks_returned_to_freelist: 3.
num_chunks_taken_from_freelist: 795.
num_chunk_merges: 3.
num_chunk_splits: 547.
num_chunks_enlarged: 392.
num_purges: 0.
num_inconsistent_stats: 0.

CodeHeap 'non-profiled nmethods': size=120000Kb used=1002Kb max_used=1002Kb free=118997Kb
 bounds [0x00000171508e0000, 0x0000017150b50000, 0x0000017157e10000]
CodeHeap 'profiled nmethods': size=120000Kb used=5890Kb max_used=5890Kb free=114109Kb
 bounds [0x00000171493b0000, 0x0000017149980000, 0x00000171508e0000]
CodeHeap 'non-nmethods': size=5760Kb used=1221Kb max_used=1227Kb free=4538Kb
 bounds [0x0000017148e10000, 0x0000017149080000, 0x00000171493b0000]
 total_blobs=3270 nmethods=2742 adapters=442
 compilation: enabled
              stopped_count=0, restarted_count=0
 full_count=0

Compilation events (20 events):
Event: 21.648 Thread 0x000001715a7504c0 nmethod 2745 0x000001714996c810 code [0x000001714996c9a0, 0x000001714996cb18]
Event: 21.648 Thread 0x000001715a7504c0 2746       3       org.objectweb.asm.ClassReader::createLabel (21 bytes)
Event: 21.649 Thread 0x000001715a7504c0 nmethod 2746 0x000001714996cc10 code [0x000001714996cde0, 0x000001714996d218]
Event: 21.649 Thread 0x000001715a7504c0 2747       3       org.objectweb.asm.MethodVisitor::visitLineNumber (17 bytes)
Event: 21.650 Thread 0x000001715a7504c0 nmethod 2747 0x000001714996d410 code [0x000001714996d5c0, 0x000001714996d7c8]
Event: 21.650 Thread 0x000001715a7504c0 2748       3       org.objectweb.asm.MethodWriter::visitInsn (115 bytes)
Event: 21.651 Thread 0x000001715a7504c0 nmethod 2748 0x000001714996d890 code [0x000001714996da60, 0x000001714996dee8]
Event: 21.651 Thread 0x000001715a7504c0 2749       3       org.objectweb.asm.MethodVisitor::visitInsn (16 bytes)
Event: 21.651 Thread 0x000001715a7504c0 nmethod 2749 0x000001714996e090 code [0x000001714996e240, 0x000001714996e448]
Event: 21.652 Thread 0x000001715a7504c0 2750       3       org.objectweb.asm.MethodWriter::visitLineNumber (50 bytes)
Event: 21.652 Thread 0x000001715a7504c0 nmethod 2750 0x000001714996e510 code [0x000001714996e6e0, 0x000001714996ead8]
Event: 21.654 Thread 0x000001715a733060 2751       4       org.objectweb.asm.ClassReader::readMethod (1052 bytes)
Event: 21.704 Thread 0x000001715a7504c0 2752       3       org.objectweb.asm.ClassReader::readLong (29 bytes)
Event: 21.704 Thread 0x000001715a7504c0 nmethod 2752 0x000001714996ec90 code [0x000001714996ee40, 0x000001714996eff8]
Event: 21.707 Thread 0x000001715a7504c0 2754       3       java.util.regex.Pattern$GroupTail::match (111 bytes)
Event: 21.708 Thread 0x000001715a7504c0 nmethod 2754 0x000001714996f110 code [0x000001714996f2e0, 0x000001714996f688]
Event: 21.708 Thread 0x000001715a7504c0 2755       3       java.util.regex.Pattern$BmpCharPropertyGreedy::match (89 bytes)
Event: 21.709 Thread 0x000001715a7504c0 nmethod 2755 0x000001714996f890 code [0x000001714996fa80, 0x00000171499700c8]
Event: 21.709 Thread 0x000001715a7504c0 2756       3       java.util.regex.Matcher::<init> (95 bytes)
Event: 21.709 Thread 0x000001715a7504c0 nmethod 2756 0x0000017149970310 code [0x00000171499704e0, 0x00000171499709a8]

GC Heap History (12 events):
Event: 4.114 GC heap before
{Heap before GC invocations=1 (full 0):
 PSYoungGen      total 29696K, used 25600K [0x00000000eab00000, 0x00000000ecc00000, 0x0000000100000000)
  eden space 25600K, 100% used [0x00000000eab00000,0x00000000ec400000,0x00000000ec400000)
  from space 4096K, 0% used [0x00000000ec800000,0x00000000ec800000,0x00000000ecc00000)
  to   space 4096K, 0% used [0x00000000ec400000,0x00000000ec400000,0x00000000ec800000)
 ParOldGen       total 68608K, used 0K [0x00000000c0000000, 0x00000000c4300000, 0x00000000eab00000)
  object space 68608K, 0% used [0x00000000c0000000,0x00000000c0000000,0x00000000c4300000)
 Metaspace       used 10009K, committed 10176K, reserved 1064960K
  class space    used 1007K, committed 1088K, reserved 1048576K
}
Event: 4.144 GC heap after
{Heap after GC invocations=1 (full 0):
 PSYoungGen      total 29696K, used 2946K [0x00000000eab00000, 0x00000000ecc00000, 0x0000000100000000)
  eden space 25600K, 0% used [0x00000000eab00000,0x00000000eab00000,0x00000000ec400000)
  from space 4096K, 71% used [0x00000000ec400000,0x00000000ec6e08a0,0x00000000ec800000)
  to   space 4096K, 0% used [0x00000000ec800000,0x00000000ec800000,0x00000000ecc00000)
 ParOldGen       total 68608K, used 0K [0x00000000c0000000, 0x00000000c4300000, 0x00000000eab00000)
  object space 68608K, 0% used [0x00000000c0000000,0x00000000c0000000,0x00000000c4300000)
 Metaspace       used 10009K, committed 10176K, reserved 1064960K
  class space    used 1007K, committed 1088K, reserved 1048576K
}
Event: 7.240 GC heap before
{Heap before GC invocations=2 (full 0):
 PSYoungGen      total 29696K, used 28546K [0x00000000eab00000, 0x00000000ecc00000, 0x0000000100000000)
  eden space 25600K, 100% used [0x00000000eab00000,0x00000000ec400000,0x00000000ec400000)
  from space 4096K, 71% used [0x00000000ec400000,0x00000000ec6e08a0,0x00000000ec800000)
  to   space 4096K, 0% used [0x00000000ec800000,0x00000000ec800000,0x00000000ecc00000)
 ParOldGen       total 68608K, used 0K [0x00000000c0000000, 0x00000000c4300000, 0x00000000eab00000)
  object space 68608K, 0% used [0x00000000c0000000,0x00000000c0000000,0x00000000c4300000)
 Metaspace       used 14001K, committed 14272K, reserved 1064960K
  class space    used 1407K, committed 1536K, reserved 1048576K
}
Event: 7.252 GC heap after
{Heap after GC invocations=2 (full 0):
 PSYoungGen      total 29696K, used 4079K [0x00000000eab00000, 0x00000000ecc00000, 0x0000000100000000)
  eden space 25600K, 0% used [0x00000000eab00000,0x00000000eab00000,0x00000000ec400000)
  from space 4096K, 99% used [0x00000000ec800000,0x00000000ecbfbf58,0x00000000ecc00000)
  to   space 4096K, 0% used [0x00000000ec400000,0x00000000ec400000,0x00000000ec800000)
 ParOldGen       total 68608K, used 1255K [0x00000000c0000000, 0x00000000c4300000, 0x00000000eab00000)
  object space 68608K, 1% used [0x00000000c0000000,0x00000000c0139fe8,0x00000000c4300000)
 Metaspace       used 14001K, committed 14272K, reserved 1064960K
  class space    used 1407K, committed 1536K, reserved 1048576K
}
Event: 11.837 GC heap before
{Heap before GC invocations=3 (full 0):
 PSYoungGen      total 29696K, used 29679K [0x00000000eab00000, 0x00000000ecc00000, 0x0000000100000000)
  eden space 25600K, 100% used [0x00000000eab00000,0x00000000ec400000,0x00000000ec400000)
  from space 4096K, 99% used [0x00000000ec800000,0x00000000ecbfbf58,0x00000000ecc00000)
  to   space 4096K, 0% used [0x00000000ec400000,0x00000000ec400000,0x00000000ec800000)
 ParOldGen       total 68608K, used 1255K [0x00000000c0000000, 0x00000000c4300000, 0x00000000eab00000)
  object space 68608K, 1% used [0x00000000c0000000,0x00000000c0139fe8,0x00000000c4300000)
 Metaspace       used 17981K, committed 18240K, reserved 1073152K
  class space    used 1821K, committed 1920K, reserved 1048576K
}
Event: 11.852 GC heap after
{Heap after GC invocations=3 (full 0):
 PSYoungGen      total 29696K, used 4088K [0x00000000eab00000, 0x00000000ecc00000, 0x0000000100000000)
  eden space 25600K, 0% used [0x00000000eab00000,0x00000000eab00000,0x00000000ec400000)
  from space 4096K, 99% used [0x00000000ec400000,0x00000000ec7fe328,0x00000000ec800000)
  to   space 4096K, 0% used [0x00000000ec800000,0x00000000ec800000,0x00000000ecc00000)
 ParOldGen       total 68608K, used 5271K [0x00000000c0000000, 0x00000000c4300000, 0x00000000eab00000)
  object space 68608K, 7% used [0x00000000c0000000,0x00000000c0525fb0,0x00000000c4300000)
 Metaspace       used 17981K, committed 18240K, reserved 1073152K
  class space    used 1821K, committed 1920K, reserved 1048576K
}
Event: 16.876 GC heap before
{Heap before GC invocations=4 (full 0):
 PSYoungGen      total 29696K, used 20000K [0x00000000eab00000, 0x00000000ecc00000, 0x0000000100000000)
  eden space 25600K, 62% used [0x00000000eab00000,0x00000000eba89f68,0x00000000ec400000)
  from space 4096K, 99% used [0x00000000ec400000,0x00000000ec7fe328,0x00000000ec800000)
  to   space 4096K, 0% used [0x00000000ec800000,0x00000000ec800000,0x00000000ecc00000)
 ParOldGen       total 68608K, used 5271K [0x00000000c0000000, 0x00000000c4300000, 0x00000000eab00000)
  object space 68608K, 7% used [0x00000000c0000000,0x00000000c0525fb0,0x00000000c4300000)
 Metaspace       used 21115K, committed 21504K, reserved 1073152K
  class space    used 2132K, committed 2304K, reserved 1048576K
}
Event: 16.890 GC heap after
{Heap after GC invocations=4 (full 0):
 PSYoungGen      total 29696K, used 4077K [0x00000000eab00000, 0x00000000ecc00000, 0x0000000100000000)
  eden space 25600K, 0% used [0x00000000eab00000,0x00000000eab00000,0x00000000ec400000)
  from space 4096K, 99% used [0x00000000ec800000,0x00000000ecbfb4d0,0x00000000ecc00000)
  to   space 4096K, 0% used [0x00000000ec400000,0x00000000ec400000,0x00000000ec800000)
 ParOldGen       total 68608K, used 6378K [0x00000000c0000000, 0x00000000c4300000, 0x00000000eab00000)
  object space 68608K, 9% used [0x00000000c0000000,0x00000000c063ab90,0x00000000c4300000)
 Metaspace       used 21115K, committed 21504K, reserved 1073152K
  class space    used 2132K, committed 2304K, reserved 1048576K
}
Event: 16.890 GC heap before
{Heap before GC invocations=5 (full 1):
 PSYoungGen      total 29696K, used 4077K [0x00000000eab00000, 0x00000000ecc00000, 0x0000000100000000)
  eden space 25600K, 0% used [0x00000000eab00000,0x00000000eab00000,0x00000000ec400000)
  from space 4096K, 99% used [0x00000000ec800000,0x00000000ecbfb4d0,0x00000000ecc00000)
  to   space 4096K, 0% used [0x00000000ec400000,0x00000000ec400000,0x00000000ec800000)
 ParOldGen       total 68608K, used 6378K [0x00000000c0000000, 0x00000000c4300000, 0x00000000eab00000)
  object space 68608K, 9% used [0x00000000c0000000,0x00000000c063ab90,0x00000000c4300000)
 Metaspace       used 21115K, committed 21504K, reserved 1073152K
  class space    used 2132K, committed 2304K, reserved 1048576K
}
Event: 16.953 GC heap after
{Heap after GC invocations=5 (full 1):
 PSYoungGen      total 29696K, used 0K [0x00000000eab00000, 0x00000000ecc00000, 0x0000000100000000)
  eden space 25600K, 0% used [0x00000000eab00000,0x00000000eab00000,0x00000000ec400000)
  from space 4096K, 0% used [0x00000000ec800000,0x00000000ec800000,0x00000000ecc00000)
  to   space 4096K, 0% used [0x00000000ec400000,0x00000000ec400000,0x00000000ec800000)
 ParOldGen       total 68608K, used 10223K [0x00000000c0000000, 0x00000000c4300000, 0x00000000eab00000)
  object space 68608K, 14% used [0x00000000c0000000,0x00000000c09fbc40,0x00000000c4300000)
 Metaspace       used 21115K, committed 21504K, reserved 1073152K
  class space    used 2132K, committed 2304K, reserved 1048576K
}
Event: 20.386 GC heap before
{Heap before GC invocations=6 (full 1):
 PSYoungGen      total 29696K, used 25600K [0x00000000eab00000, 0x00000000ecc00000, 0x0000000100000000)
  eden space 25600K, 100% used [0x00000000eab00000,0x00000000ec400000,0x00000000ec400000)
  from space 4096K, 0% used [0x00000000ec800000,0x00000000ec800000,0x00000000ecc00000)
  to   space 4096K, 0% used [0x00000000ec400000,0x00000000ec400000,0x00000000ec800000)
 ParOldGen       total 68608K, used 10223K [0x00000000c0000000, 0x00000000c4300000, 0x00000000eab00000)
  object space 68608K, 14% used [0x00000000c0000000,0x00000000c09fbc40,0x00000000c4300000)
 Metaspace       used 24929K, committed 25408K, reserved 1073152K
  class space    used 2408K, committed 2624K, reserved 1048576K
}
Event: 20.388 GC heap after
{Heap after GC invocations=6 (full 1):
 PSYoungGen      total 25600K, used 288K [0x00000000eab00000, 0x00000000ec880000, 0x0000000100000000)
  eden space 25088K, 0% used [0x00000000eab00000,0x00000000eab00000,0x00000000ec380000)
  from space 512K, 56% used [0x00000000ec400000,0x00000000ec448000,0x00000000ec480000)
  to   space 2560K, 0% used [0x00000000ec600000,0x00000000ec600000,0x00000000ec880000)
 ParOldGen       total 68608K, used 10231K [0x00000000c0000000, 0x00000000c4300000, 0x00000000eab00000)
  object space 68608K, 14% used [0x00000000c0000000,0x00000000c09fdc40,0x00000000c4300000)
 Metaspace       used 24929K, committed 25408K, reserved 1073152K
  class space    used 2408K, committed 2624K, reserved 1048576K
}

Deoptimization events (20 events):
Event: 13.503 Thread 0x000001715ca39150 DEOPT PACKING pc=0x0000017149885c9e sp=0x0000004fa64f9160
Event: 13.503 Thread 0x000001715ca39150 DEOPT UNPACKING pc=0x0000017148e62843 sp=0x0000004fa64f8658 mode 0
Event: 14.980 Thread 0x000001715ca39150 DEOPT PACKING pc=0x0000017149885c9e sp=0x0000004fa64f9c70
Event: 14.980 Thread 0x000001715ca39150 DEOPT UNPACKING pc=0x0000017148e62843 sp=0x0000004fa64f9168 mode 0
Event: 14.981 Thread 0x000001715ca39150 Uncommon trap: trap_request=0xffffff45 fr.pc=0x00000171509b0628 relative=0x00000000000000e8
Event: 14.981 Thread 0x000001715ca39150 Uncommon trap: reason=unstable_if action=reinterpret pc=0x00000171509b0628 method=org.eclipse.core.internal.localstore.SafeChunkyInputStream.read()I @ 4 c2
Event: 14.981 Thread 0x000001715ca39150 DEOPT PACKING pc=0x00000171509b0628 sp=0x0000004fa64f9b30
Event: 14.981 Thread 0x000001715ca39150 DEOPT UNPACKING pc=0x0000017148e620a3 sp=0x0000004fa64f9ad0 mode 2
Event: 15.272 Thread 0x000001715ca39150 Uncommon trap: trap_request=0xffffff45 fr.pc=0x00000171509b15b4 relative=0x0000000000000ab4
Event: 15.272 Thread 0x000001715ca39150 Uncommon trap: reason=unstable_if action=reinterpret pc=0x00000171509b15b4 method=java.io.DataInputStream.readInt()I @ 41 c2
Event: 15.272 Thread 0x000001715ca39150 DEOPT PACKING pc=0x00000171509b15b4 sp=0x0000004fa64f9d30
Event: 15.272 Thread 0x000001715ca39150 DEOPT UNPACKING pc=0x0000017148e620a3 sp=0x0000004fa64f9d00 mode 2
Event: 16.119 Thread 0x000001715ca39150 Uncommon trap: trap_request=0xffffff45 fr.pc=0x00000171509470ec relative=0x00000000000001cc
Event: 16.119 Thread 0x000001715ca39150 Uncommon trap: reason=unstable_if action=reinterpret pc=0x00000171509470ec method=java.net.URI$Parser.scan(IIJJ)I @ 42 c2
Event: 16.119 Thread 0x000001715ca39150 DEOPT PACKING pc=0x00000171509470ec sp=0x0000004fa64f9800
Event: 16.119 Thread 0x000001715ca39150 DEOPT UNPACKING pc=0x0000017148e620a3 sp=0x0000004fa64f9780 mode 2
Event: 18.132 Thread 0x000001715ca39150 Uncommon trap: trap_request=0xffffff45 fr.pc=0x00000171509c1788 relative=0x00000000000006c8
Event: 18.132 Thread 0x000001715ca39150 Uncommon trap: reason=unstable_if action=reinterpret pc=0x00000171509c1788 method=org.objectweb.asm.ClassReader.readUTF8(I[C)Ljava/lang/String; @ 11 c2
Event: 18.132 Thread 0x000001715ca39150 DEOPT PACKING pc=0x00000171509c1788 sp=0x0000004fa64ef740
Event: 18.133 Thread 0x000001715ca39150 DEOPT UNPACKING pc=0x0000017148e620a3 sp=0x0000004fa64ef708 mode 2

Classes unloaded (0 events):
No events

Classes redefined (0 events):
No events

Internal exceptions (20 events):
Event: 4.224 Thread 0x00000171449a1aa0 Exception <a 'java/lang/NoSuchMethodError'{0x00000000eac97e78}: 'java.lang.Object java.lang.invoke.DirectMethodHandle$Holder.invokeInterface(java.lang.Object, java.lang.Object)'> (0x00000000eac97e78) 
thrown [e:\jenkins\tmp\workspace\build\src\src\hotspot\share\interpreter\linkResolver.cpp, line 766]
Event: 4.225 Thread 0x00000171449a1aa0 Exception <a 'java/lang/IncompatibleClassChangeError'{0x00000000eac9b670}: Found class java.lang.Object, but interface was expected> (0x00000000eac9b670) 
thrown [e:\jenkins\tmp\workspace\build\src\src\hotspot\share\interpreter\linkResolver.cpp, line 833]
Event: 4.227 Thread 0x00000171449a1aa0 Exception <a 'java/lang/NoSuchMethodError'{0x00000000eaca1010}: 'void java.lang.invoke.DirectMethodHandle$Holder.invokeStatic(java.lang.Object, java.lang.Object)'> (0x00000000eaca1010) 
thrown [e:\jenkins\tmp\workspace\build\src\src\hotspot\share\interpreter\linkResolver.cpp, line 766]
Event: 4.229 Thread 0x00000171449a1aa0 Exception <a 'java/lang/NoSuchMethodError'{0x00000000eaca4810}: 'void java.lang.invoke.DirectMethodHandle$Holder.invokeStaticInit(java.lang.Object, java.lang.Object)'> (0x00000000eaca4810) 
thrown [e:\jenkins\tmp\workspace\build\src\src\hotspot\share\interpreter\linkResolver.cpp, line 766]
Event: 4.234 Thread 0x00000171449a1aa0 Exception <a 'java/lang/NoSuchMethodError'{0x00000000eacad1d0}: 'int java.lang.invoke.DirectMethodHandle$Holder.invokeStaticInit(java.lang.Object, java.lang.Object)'> (0x00000000eacad1d0) 
thrown [e:\jenkins\tmp\workspace\build\src\src\hotspot\share\interpreter\linkResolver.cpp, line 766]
Event: 4.318 Thread 0x00000171449a1aa0 Exception <a 'java/lang/NoSuchMethodError'{0x00000000ead86610}: 'java.lang.Object java.lang.invoke.DirectMethodHandle$Holder.invokeStaticInit(java.lang.Object, int, int, int, int)'> (0x00000000ead86610) 
thrown [e:\jenkins\tmp\workspace\build\src\src\hotspot\share\interpreter\linkResolver.cpp, line 766]
Event: 4.619 Thread 0x00000171449a1aa0 Exception <a 'java/lang/NoSuchMethodError'{0x00000000eaed1d30}: 'java.lang.Object java.lang.invoke.DirectMethodHandle$Holder.invokeStaticInit(java.lang.Object, java.lang.Object, int, int, int, int)'> (0x00000000eaed1d30) 
thrown [e:\jenkins\tmp\workspace\build\src\src\hotspot\share\interpreter\linkResolver.cpp, line 766]
Event: 4.705 Thread 0x00000171449a1aa0 Exception <a 'java/lang/NoSuchMethodError'{0x00000000eafa9380}: 'void java.lang.invoke.DirectMethodHandle$Holder.invokeSpecial(java.lang.Object, java.lang.Object, java.lang.Object)'> (0x00000000eafa9380) 
thrown [e:\jenkins\tmp\workspace\build\src\src\hotspot\share\interpreter\linkResolver.cpp, line 766]
Event: 6.058 Thread 0x00000171449a1aa0 Exception <a 'java/lang/NoSuchMethodError'{0x00000000ebc35918}: 'java.lang.Object java.lang.invoke.DirectMethodHandle$Holder.newInvokeSpecial(java.lang.Object, int, java.lang.Object)'> (0x00000000ebc35918) 
thrown [e:\jenkins\tmp\workspace\build\src\src\hotspot\share\interpreter\linkResolver.cpp, line 766]
Event: 6.796 Thread 0x00000171449a1aa0 Exception <a 'java/lang/UnsatisfiedLinkError'{0x00000000ec13a850}: 'void org.eclipse.equinox.launcher.JNIBridge._update_splash()'> (0x00000000ec13a850) 
thrown [e:\jenkins\tmp\workspace\build\src\src\hotspot\share\prims\nativeLookup.cpp, line 543]
Event: 7.144 Thread 0x000001715ca39150 Exception <a 'java/lang/NoSuchMethodError'{0x00000000ec394ab8}: 'java.lang.Object java.lang.invoke.DirectMethodHandle$Holder.invokeStaticInit(java.lang.Object)'> (0x00000000ec394ab8) 
thrown [e:\jenkins\tmp\workspace\build\src\src\hotspot\share\interpreter\linkResolver.cpp, line 766]
Event: 7.963 Thread 0x000001715ca39150 Exception <a 'java/io/FileNotFoundException'{0x00000000eb381300}> (0x00000000eb381300) 
thrown [e:\jenkins\tmp\workspace\build\src\src\hotspot\share\prims\jni.cpp, line 516]
Event: 12.592 Thread 0x000001715ca39150 Exception <a 'java/lang/NoSuchMethodError'{0x00000000eadf8bb8}: 'void java.lang.invoke.DirectMethodHandle$Holder.invokeInterface(java.lang.Object, java.lang.Object, java.lang.Object)'> (0x00000000eadf8bb8) 
thrown [e:\jenkins\tmp\workspace\build\src\src\hotspot\share\interpreter\linkResolver.cpp, line 766]
Event: 13.527 Thread 0x000001715ca39150 Exception <a 'java/lang/NoSuchMethodError'{0x00000000eb0c0928}: 'java.lang.Object java.lang.invoke.Invokers$Holder.invokeExact_MT(java.lang.Object, java.lang.Object, java.lang.Object, java.lang.Object, java.lang.Object, java.lang.Object)'> (0x00000000eb0c0928) 
thrown [e:\jenkins\tmp\workspace\build\src\src\hotspot\share\interpreter\linkResolver.cpp, line 766]
Event: 14.531 Thread 0x000001715ca39150 Exception <a 'java/io/FileNotFoundException'{0x00000000eb24fa90}> (0x00000000eb24fa90) 
thrown [e:\jenkins\tmp\workspace\build\src\src\hotspot\share\prims\jni.cpp, line 516]
Event: 16.690 Thread 0x000001715ca39150 Exception <a 'java/lang/NoSuchMethodError'{0x00000000eb9706b0}: 'int java.lang.invoke.DirectMethodHandle$Holder.invokeStaticInit(java.lang.Object, java.lang.Object, java.lang.Object)'> (0x00000000eb9706b0) 
thrown [e:\jenkins\tmp\workspace\build\src\src\hotspot\share\interpreter\linkResolver.cpp, line 766]
Event: 16.714 Thread 0x000001715ca39150 Exception <a 'java/lang/IncompatibleClassChangeError'{0x00000000eb9f2dc8}: Found class java.lang.Object, but interface was expected> (0x00000000eb9f2dc8) 
thrown [e:\jenkins\tmp\workspace\build\src\src\hotspot\share\interpreter\linkResolver.cpp, line 833]
Event: 18.714 Thread 0x000001715ca39150 Exception <a 'java/io/FileNotFoundException'{0x00000000ebabbeb0}> (0x00000000ebabbeb0) 
thrown [e:\jenkins\tmp\workspace\build\src\src\hotspot\share\prims\jni.cpp, line 516]
Event: 18.715 Thread 0x000001715ca39150 Exception <a 'java/io/FileNotFoundException'{0x00000000ebabcfe8}> (0x00000000ebabcfe8) 
thrown [e:\jenkins\tmp\workspace\build\src\src\hotspot\share\prims\jni.cpp, line 516]
Event: 18.717 Thread 0x000001715ca39150 Exception <a 'java/io/FileNotFoundException'{0x00000000ebabe128}> (0x00000000ebabe128) 
thrown [e:\jenkins\tmp\workspace\build\src\src\hotspot\share\prims\jni.cpp, line 516]

VM Operations (20 events):
Event: 12.468 Executing VM operation: HandshakeAllThreads
Event: 12.468 Executing VM operation: HandshakeAllThreads done
Event: 13.468 Executing VM operation: Cleanup
Event: 13.471 Executing VM operation: Cleanup done
Event: 14.471 Executing VM operation: Cleanup
Event: 14.527 Executing VM operation: Cleanup done
Event: 15.527 Executing VM operation: Cleanup
Event: 15.528 Executing VM operation: Cleanup done
Event: 16.529 Executing VM operation: Cleanup
Event: 16.537 Executing VM operation: Cleanup done
Event: 16.865 Executing VM operation: CollectForMetadataAllocation
Event: 16.954 Executing VM operation: CollectForMetadataAllocation done
Event: 17.960 Executing VM operation: Cleanup
Event: 18.083 Executing VM operation: Cleanup done
Event: 19.093 Executing VM operation: Cleanup
Event: 19.209 Executing VM operation: Cleanup done
Event: 20.386 Executing VM operation: ParallelGCFailedAllocation
Event: 20.389 Executing VM operation: ParallelGCFailedAllocation done
Event: 21.403 Executing VM operation: Cleanup
Event: 21.722 Executing VM operation: Cleanup done

Events (20 events):
Event: 17.190 loading class java/util/zip/GZIPInputStream done
Event: 17.352 loading class java/io/StringReader
Event: 17.352 loading class java/io/StringReader done
Event: 17.368 loading class java/net/SocketTimeoutException
Event: 17.368 loading class java/io/InterruptedIOException
Event: 17.368 loading class java/io/InterruptedIOException done
Event: 17.368 loading class java/net/SocketTimeoutException done
Event: 17.368 loading class java/net/SocketException
Event: 17.368 loading class java/net/SocketException done
Event: 17.368 loading class java/net/UnknownHostException
Event: 17.368 loading class java/net/UnknownHostException done
Event: 17.368 loading class java/net/ProtocolException
Event: 17.368 loading class java/net/ProtocolException done
Event: 17.883 loading class java/util/regex/PatternSyntaxException
Event: 17.883 loading class java/util/regex/PatternSyntaxException done
Event: 17.905 loading class java/io/FileWriter
Event: 17.905 loading class java/io/FileWriter done
Event: 17.905 loading class java/lang/NegativeArraySizeException
Event: 17.905 loading class java/lang/NegativeArraySizeException done
Event: 18.112 Thread 0x000001715c56eed0 Thread added: 0x000001715c56eed0


Dynamic libraries:
0x00007ff6f01f0000 - 0x00007ff6f01fe000 	c:\Users\User\.vscode\extensions\redhat.java-1.6.0-win32-x64\jre\17.0.2-win32-x86_64\bin\java.exe
0x00007ffe28370000 - 0x00007ffe28565000 	C:\Windows\SYSTEM32\ntdll.dll
0x00007ffe27150000 - 0x00007ffe2720d000 	C:\Windows\System32\KERNEL32.DLL
0x00007ffe25ab0000 - 0x00007ffe25d78000 	C:\Windows\System32\KERNELBASE.dll
0x00007ffe26010000 - 0x00007ffe26110000 	C:\Windows\System32\ucrtbase.dll
0x00007ffe210c0000 - 0x00007ffe210d8000 	c:\Users\User\.vscode\extensions\redhat.java-1.6.0-win32-x64\jre\17.0.2-win32-x86_64\bin\jli.dll
0x00007ffe27210000 - 0x00007ffe273b0000 	C:\Windows\System32\USER32.dll
0x00007ffe25d80000 - 0x00007ffe25da2000 	C:\Windows\System32\win32u.dll
0x00007ffe26bf0000 - 0x00007ffe26c1a000 	C:\Windows\System32\GDI32.dll
0x00007ffe26260000 - 0x00007ffe2636b000 	C:\Windows\System32\gdi32full.dll
0x00007ffe261c0000 - 0x00007ffe2625d000 	C:\Windows\System32\msvcp_win.dll
0x00007ffe1e780000 - 0x00007ffe1e799000 	c:\Users\User\.vscode\extensions\redhat.java-1.6.0-win32-x64\jre\17.0.2-win32-x86_64\bin\VCRUNTIME140.dll
0x00007ffe16760000 - 0x00007ffe169fa000 	C:\Windows\WinSxS\amd64_microsoft.windows.common-controls_6595b64144ccf1df_6.0.19041.844_none_ca00b6081b84eb1d\COMCTL32.dll
0x00007ffe278d0000 - 0x00007ffe2796e000 	C:\Windows\System32\msvcrt.dll
0x00007ffe26f80000 - 0x00007ffe26fb0000 	C:\Windows\System32\IMM32.DLL
0x00007ffe20360000 - 0x00007ffe2036c000 	c:\Users\User\.vscode\extensions\redhat.java-1.6.0-win32-x64\jre\17.0.2-win32-x86_64\bin\vcruntime140_1.dll
0x00007ffe03b20000 - 0x00007ffe03bb1000 	c:\Users\User\.vscode\extensions\redhat.java-1.6.0-win32-x64\jre\17.0.2-win32-x86_64\bin\msvcp140.dll
0x00007ffddf440000 - 0x00007ffde0087000 	c:\Users\User\.vscode\extensions\redhat.java-1.6.0-win32-x64\jre\17.0.2-win32-x86_64\bin\server\jvm.dll
0x00007ffe26fc0000 - 0x00007ffe2706c000 	C:\Windows\System32\ADVAPI32.dll
0x00007ffe26620000 - 0x00007ffe266bb000 	C:\Windows\System32\sechost.dll
0x00007ffe27720000 - 0x00007ffe2784b000 	C:\Windows\System32\RPCRT4.dll
0x00007ffe26be0000 - 0x00007ffe26be8000 	C:\Windows\System32\PSAPI.DLL
0x00007ffe14210000 - 0x00007ffe14219000 	C:\Windows\SYSTEM32\WSOCK32.dll
0x00007ffe270e0000 - 0x00007ffe2714b000 	C:\Windows\System32\WS2_32.dll
0x00007ffe17880000 - 0x00007ffe178a7000 	C:\Windows\SYSTEM32\WINMM.dll
0x00007ffe14100000 - 0x00007ffe1410a000 	C:\Windows\SYSTEM32\VERSION.dll
0x00007ffe24340000 - 0x00007ffe24352000 	C:\Windows\SYSTEM32\kernel.appcore.dll
0x00007ffe1edf0000 - 0x00007ffe1edfa000 	c:\Users\User\.vscode\extensions\redhat.java-1.6.0-win32-x64\jre\17.0.2-win32-x86_64\bin\jimage.dll
0x00007ffe24040000 - 0x00007ffe24224000 	C:\Windows\SYSTEM32\DBGHELP.DLL
0x00007ffe12c60000 - 0x00007ffe12c8c000 	C:\Windows\SYSTEM32\dbgcore.DLL
0x00007ffe26140000 - 0x00007ffe261c0000 	C:\Windows\System32\bcryptPrimitives.dll
0x00007ffe1e770000 - 0x00007ffe1e77e000 	c:\Users\User\.vscode\extensions\redhat.java-1.6.0-win32-x64\jre\17.0.2-win32-x86_64\bin\instrument.dll
0x00007ffe1c400000 - 0x00007ffe1c425000 	c:\Users\User\.vscode\extensions\redhat.java-1.6.0-win32-x64\jre\17.0.2-win32-x86_64\bin\java.dll
0x00007ffe1ccf0000 - 0x00007ffe1cd08000 	c:\Users\User\.vscode\extensions\redhat.java-1.6.0-win32-x64\jre\17.0.2-win32-x86_64\bin\zip.dll
0x00007ffe27be0000 - 0x00007ffe28322000 	C:\Windows\System32\SHELL32.dll
0x00007ffe237f0000 - 0x00007ffe23f80000 	C:\Windows\SYSTEM32\windows.storage.dll
0x00007ffe26c20000 - 0x00007ffe26f75000 	C:\Windows\System32\combase.dll
0x00007ffe25450000 - 0x00007ffe2547c000 	C:\Windows\SYSTEM32\Wldp.dll
0x00007ffe26b30000 - 0x00007ffe26bde000 	C:\Windows\System32\SHCORE.dll
0x00007ffe264f0000 - 0x00007ffe26545000 	C:\Windows\System32\shlwapi.dll
0x00007ffe259f0000 - 0x00007ffe25a0f000 	C:\Windows\SYSTEM32\profapi.dll
0x00007ffe1cc60000 - 0x00007ffe1cc79000 	C:\Users\User\.vscode\extensions\redhat.java-1.6.0-win32-x64\jre\17.0.2-win32-x86_64\bin\net.dll
0x00007ffe16510000 - 0x00007ffe1661b000 	C:\Windows\SYSTEM32\WINHTTP.dll
0x00007ffe25230000 - 0x00007ffe2529a000 	C:\Windows\system32\mswsock.dll
0x00007ffe1b720000 - 0x00007ffe1b735000 	C:\Users\User\.vscode\extensions\redhat.java-1.6.0-win32-x64\jre\17.0.2-win32-x86_64\bin\nio.dll
0x00007ffe1ce00000 - 0x00007ffe1ce10000 	c:\Users\User\.vscode\extensions\redhat.java-1.6.0-win32-x64\jre\17.0.2-win32-x86_64\bin\verify.dll
0x00007ffe25490000 - 0x00007ffe254a8000 	C:\Windows\SYSTEM32\CRYPTSP.dll
0x00007ffe24b80000 - 0x00007ffe24bb4000 	C:\Windows\system32\rsaenh.dll
0x00007ffe26110000 - 0x00007ffe26137000 	C:\Windows\System32\bcrypt.dll
0x00007ffe259b0000 - 0x00007ffe259de000 	C:\Windows\SYSTEM32\USERENV.dll
0x00007ffe253b0000 - 0x00007ffe253bc000 	C:\Windows\SYSTEM32\CRYPTBASE.dll
0x00007ffe24ef0000 - 0x00007ffe24f2b000 	C:\Windows\SYSTEM32\IPHLPAPI.DLL
0x00007ffe27070000 - 0x00007ffe27078000 	C:\Windows\System32\NSI.dll
0x00007ffe18580000 - 0x00007ffe18597000 	C:\Windows\SYSTEM32\dhcpcsvc6.DLL
0x00007ffe1a640000 - 0x00007ffe1a65d000 	C:\Windows\SYSTEM32\dhcpcsvc.DLL
0x00007ffe24f30000 - 0x00007ffe24ffc000 	C:\Windows\SYSTEM32\DNSAPI.dll
0x00007ffe1a810000 - 0x00007ffe1a84e000 	C:\Users\User\AppData\Roaming\Code\User\globalStorage\redhat.java\1.6.0\config_win\org.eclipse.equinox.launcher\org.eclipse.equinox.launcher.win32.win32.x86_64_1.2.400.v20211117-0650\eclipse_11602.dll
0x00007ffe275f0000 - 0x00007ffe2771a000 	C:\Windows\System32\ole32.dll

dbghelp: loaded successfully - version: 4.0.5 - missing functions: none
symbol engine: initialized successfully - sym options: 0x614 - pdb path: .;c:\Users\User\.vscode\extensions\redhat.java-1.6.0-win32-x64\jre\17.0.2-win32-x86_64\bin;C:\Windows\SYSTEM32;C:\Windows\WinSxS\amd64_microsoft.windows.common-controls_6595b64144ccf1df_6.0.19041.844_none_ca00b6081b84eb1d;c:\Users\User\.vscode\extensions\redhat.java-1.6.0-win32-x64\jre\17.0.2-win32-x86_64\bin\server;C:\Users\User\AppData\Roaming\Code\User\globalStorage\redhat.java\1.6.0\config_win\org.eclipse.equinox.launcher\org.eclipse.equinox.launcher.win32.win32.x86_64_1.2.400.v20211117-0650

VM Arguments:
jvm_args: --add-modules=ALL-SYSTEM --add-opens=java.base/java.util=ALL-UNNAMED --add-opens=java.base/java.lang=ALL-UNNAMED --add-opens=java.base/sun.nio.fs=ALL-UNNAMED -Declipse.application=org.eclipse.jdt.ls.core.id1 -Dosgi.bundles.defaultStartLevel=4 -Declipse.product=org.eclipse.jdt.ls.core.product -Djava.import.generatesMetadataFilesAtProjectRoot=false -Dfile.encoding=utf8 -DwatchParentProcess=false -XX:+UseParallelGC -XX:GCTimeRatio=4 -XX:AdaptiveSizePolicyWeight=90 -Dsun.zip.disableMemoryMapping=true -Xmx1G -Xms100m -javaagent:c:\Users\User\.vscode\extensions\gabrielbb.vscode-lombok-1.0.1\server\lombok.jar -XX:+HeapDumpOnOutOfMemoryError -XX:HeapDumpPath=c:\Users\User\AppData\Roaming\Code\User\workspaceStorage\d52a1b559a55d7e2d6c58c7b3e64fd5d\redhat.java 
java_command: c:\Users\User\.vscode\extensions\redhat.java-1.6.0-win32-x64\server\plugins\org.eclipse.equinox.launcher_1.6.400.v20210924-0641.jar -configuration c:\Users\User\AppData\Roaming\Code\User\globalStorage\redhat.java\1.6.0\config_win -data c:\Users\User\AppData\Roaming\Code\User\workspaceStorage\d52a1b559a55d7e2d6c58c7b3e64fd5d\redhat.java\jdt_ws
java_class_path (initial): c:\Users\User\.vscode\extensions\redhat.java-1.6.0-win32-x64\server\plugins\org.eclipse.equinox.launcher_1.6.400.v20210924-0641.jar
Launcher Type: SUN_STANDARD

[Global flags]
    uintx AdaptiveSizePolicyWeight                 = 90                                        {product} {command line}
     intx CICompilerCount                          = 3                                         {product} {ergonomic}
    uintx GCTimeRatio                              = 4                                         {product} {command line}
     bool HeapDumpOnOutOfMemoryError               = true                                   {manageable} {command line}
    ccstr HeapDumpPath                             = c:\Users\User\AppData\Roaming\Code\User\workspaceStorage\d52a1b559a55d7e2d6c58c7b3e64fd5d\redhat.java         {manageable} {command line}
   size_t InitialHeapSize                          = 104857600                                 {product} {command line}
   size_t MaxHeapSize                              = 1073741824                                {product} {command line}
   size_t MaxNewSize                               = 357564416                                 {product} {ergonomic}
   size_t MinHeapDeltaBytes                        = 524288                                    {product} {ergonomic}
   size_t MinHeapSize                              = 104857600                                 {product} {command line}
   size_t NewSize                                  = 34603008                                  {product} {ergonomic}
    uintx NonNMethodCodeHeapSize                   = 5832780                                {pd product} {ergonomic}
    uintx NonProfiledCodeHeapSize                  = 122912730                              {pd product} {ergonomic}
   size_t OldSize                                  = 70254592                                  {product} {ergonomic}
    uintx ProfiledCodeHeapSize                     = 122912730                              {pd product} {ergonomic}
    uintx ReservedCodeCacheSize                    = 251658240                              {pd product} {ergonomic}
     bool SegmentedCodeCache                       = true                                      {product} {ergonomic}
   size_t SoftMaxHeapSize                          = 1073741824                             {manageable} {ergonomic}
     bool UseCompressedClassPointers               = true                           {product lp64_product} {ergonomic}
     bool UseCompressedOops                        = true                           {product lp64_product} {ergonomic}
     bool UseLargePagesIndividualAllocation        = false                                  {pd product} {ergonomic}
     bool UseParallelGC                            = true                                      {product} {command line}

Logging:
Log output configuration:
 #0: stdout all=warning uptime,level,tags
 #1: stderr all=off uptime,level,tags

Environment Variables:
JAVA_HOME=C:\Program Files\Java\jdk-17.0.2
PATH=C:\Windows\system32;C:\Windows;C:\Windows\System32\Wbem;C:\Windows\System32\WindowsPowerShell\v1.0\;C:\Windows\System32\OpenSSH\;C:\Program Files\Git\cmd;C:\Program Files\Git\mingw64\bin;C:\Program Files\Git\usr\bin;C:\Program Files\Java\jdk-17.0.2\bin;C:\Program Files\nodejs\;C:\ProgramData\chocolatey\bin;;C:\Program Files\Docker\Docker\resources\bin;C:\ProgramData\DockerDesktop\version-bin;C:\Users\User\AppData\Local\Programs\Python\Python310\Scripts\;C:\Users\User\AppData\Local\Programs\Python\Python310\;C:\Users\User\anaconda3;C:\Users\User\anaconda3\Library\mingw-w64\bin;C:\Users\User\anaconda3\Library\usr\bin;C:\Users\User\anaconda3\Library\bin;C:\Users\User\anaconda3\Scripts;C:\Users\User\AppData\Local\Microsoft\WindowsApps;C:\Users\User\AppData\Local\Programs\Microsoft VS Code\bin;C:\MongoDB\mongosh-1.1.9-win32-x64\bin;;C:\Program Files\JetBrains\IntelliJ IDEA Community Edition 2021.3.2\bin;;C:\Users\User\AppData\Roaming\npm
USERNAME=User
OS=Windows_NT
PROCESSOR_IDENTIFIER=Intel64 Family 6 Model 142 Stepping 9, GenuineIntel



---------------  S Y S T E M  ---------------

OS:
 Windows 10 , 64 bit Build 19041 (10.0.19041.928)
OS uptime: 10 days 23:23 hours
Hyper-V role detected

CPU: total 4 (initial active 4) (2 cores per cpu, 2 threads per core) family 6 model 142 stepping 9 microcode 0xde, cx8, cmov, fxsr, ht, mmx, 3dnowpref, sse, sse2, sse3, ssse3, sse4.1, sse4.2, popcnt, lzcnt, tsc, tscinvbit, avx, avx2, aes, erms, clmul, bmi1, bmi2, adx, fma, vzeroupper, clflush, clflushopt, hv

Memory: 4k page, system-wide physical 4007M (72M free)
TotalPageFile size 16295M (AvailPageFile size 23M)
current process WorkingSet (physical memory assigned to process): 126M, peak: 126M
current process commit charge ("private bytes"): 218M, peak: 220M

vm_info: OpenJDK 64-Bit Server VM (17.0.2+8) for windows-amd64 JRE (17.0.2+8), built on Jan 20 2022 04:52:34 by "" with MS VC++ 16.7 (VS2019)

END.
