#
# There is insufficient memory for the Java Runtime Environment to continue.
# Native memory allocation (malloc) failed to allocate 953296 bytes for Chunk::new
# Possible reasons:
#   The system is out of physical RAM or swap space
#   The process is running with CompressedOops enabled, and the Java Heap may be blocking the growth of the native heap
# Possible solutions:
#   Reduce memory load on the system
#   Increase physical memory or swap space
#   Check if swap backing store is full
#   Decrease Java heap size (-Xmx/-Xms)
#   Decrease number of Java threads
#   Decrease Java thread stack sizes (-Xss)
#   Set larger code cache with -XX:ReservedCodeCacheSize=
#   JVM is running with Unscaled Compressed Oops mode in which the Java heap is
#     placed in the first 4GB address space. The Java Heap base address is the
#     maximum limit for the native heap growth. Please use -XX:HeapBaseMinAddress
#     to set the Java Heap base and to place the Java Heap above 4GB virtual address.
# This output file may be truncated or incomplete.
#
#  Out of Memory Error (arena.cpp:189), pid=52788, tid=107600
#
# JRE version: OpenJDK Runtime Environment Temurin-17.0.2+8 (17.0.2+8) (build 17.0.2+8)
# Java VM: OpenJDK 64-Bit Server VM Temurin-17.0.2+8 (17.0.2+8, mixed mode, tiered, compressed oops, compressed class ptrs, g1 gc, windows-amd64)
# No core dump will be written. Minidumps are not enabled by default on client versions of Windows
#

---------------  S U M M A R Y ------------

Command Line: -XX:+ShowCodeDetailsInExceptionMessages -Dspring.jmx.enabled=true -Dspring.application.admin.enabled=true -Dspring.boot.project.name=product com.shop.product.ProductApplication

Host: Intel(R) Core(TM) i3-7100U CPU @ 2.40GHz, 4 cores, 3G,  Windows 10 , 64 bit Build 19041 (10.0.19041.928)
Time: Sat May 21 11:43:20 2022 India Standard Time elapsed time: 125.203482 seconds (0d 0h 2m 5s)

---------------  T H R E A D  ---------------

Current thread (0x000001f47648d840):  JavaThread "C2 CompilerThread0" daemon [_thread_in_native, id=107600, stack(0x0000006320c00000,0x0000006320d00000)]


Current CompileTask:
C2: 125203 6640       4       org.springframework.beans.factory.support.AbstractBeanFactory::isTypeMatch (607 bytes)

Stack: [0x0000006320c00000,0x0000006320d00000]
Native frames: (J=compiled Java code, j=interpreted, Vv=VM code, C=native code)
V  [jvm.dll+0x67564a]
V  [jvm.dll+0x82fc04]
V  [jvm.dll+0x8313ae]
V  [jvm.dll+0x831a13]
V  [jvm.dll+0x245235]
V  [jvm.dll+0xabd7b]
V  [jvm.dll+0xac30c]
V  [jvm.dll+0x2ac33f]
V  [jvm.dll+0x57c559]
V  [jvm.dll+0x2202ed]
V  [jvm.dll+0x219ab9]
V  [jvm.dll+0x2173eb]
V  [jvm.dll+0x1a3a8d]
V  [jvm.dll+0x226ef8]
V  [jvm.dll+0x22503c]
V  [jvm.dll+0x7e596b]
V  [jvm.dll+0x7dff2a]
V  [jvm.dll+0x6744d5]
C  [ucrtbase.dll+0x21bb2]
C  [KERNEL32.DLL+0x17034]
C  [ntdll.dll+0x52651]


---------------  P R O C E S S  ---------------

Threads class SMR info:
_java_thread_list=0x000001f478b426b0, length=29, elements={
0x000001f45dd9bf90, 0x000001f47644a750, 0x000001f47644b4d0, 0x000001f476487130,
0x000001f47648aa10, 0x000001f47648c2e0, 0x000001f47648cba0, 0x000001f47648d840,
0x000001f4764b1530, 0x000001f477010060, 0x000001f4771003b0, 0x000001f47710e520,
0x000001f4786ef680, 0x000001f477f4d2e0, 0x000001f4772da7e0, 0x000001f4787847c0,
0x000001f4779ff840, 0x000001f47acc8070, 0x000001f478a88310, 0x000001f477b7fcb0,
0x000001f47898ba30, 0x000001f478988070, 0x000001f47898b560, 0x000001f478988a10,
0x000001f478988ee0, 0x000001f478988540, 0x000001f478989880, 0x000001f478989d50,
0x000001f47898a6f0
}

Java Threads: ( => current thread )
  0x000001f45dd9bf90 JavaThread "main" [_thread_blocked, id=11228, stack(0x000000631ff00000,0x0000006320000000)]
  0x000001f47644a750 JavaThread "Reference Handler" daemon [_thread_blocked, id=60948, stack(0x0000006320600000,0x0000006320700000)]
  0x000001f47644b4d0 JavaThread "Finalizer" daemon [_thread_blocked, id=9348, stack(0x0000006320700000,0x0000006320800000)]
  0x000001f476487130 JavaThread "Signal Dispatcher" daemon [_thread_blocked, id=41276, stack(0x0000006320800000,0x0000006320900000)]
  0x000001f47648aa10 JavaThread "Attach Listener" daemon [_thread_blocked, id=71708, stack(0x0000006320900000,0x0000006320a00000)]
  0x000001f47648c2e0 JavaThread "Service Thread" daemon [_thread_blocked, id=65348, stack(0x0000006320a00000,0x0000006320b00000)]
  0x000001f47648cba0 JavaThread "Monitor Deflation Thread" daemon [_thread_blocked, id=87492, stack(0x0000006320b00000,0x0000006320c00000)]
=>0x000001f47648d840 JavaThread "C2 CompilerThread0" daemon [_thread_in_native, id=107600, stack(0x0000006320c00000,0x0000006320d00000)]
  0x000001f4764b1530 JavaThread "C1 CompilerThread0" daemon [_thread_blocked, id=69232, stack(0x0000006320d00000,0x0000006320e00000)]
  0x000001f477010060 JavaThread "Sweeper thread" daemon [_thread_blocked, id=54164, stack(0x0000006320e00000,0x0000006320f00000)]
  0x000001f4771003b0 JavaThread "Notification Thread" daemon [_thread_blocked, id=44400, stack(0x0000006320f00000,0x0000006321000000)]
  0x000001f47710e520 JavaThread "Common-Cleaner" daemon [_thread_blocked, id=57684, stack(0x0000006321100000,0x0000006321200000)]
  0x000001f4786ef680 JavaThread "Thread-0" [_thread_blocked, id=54816, stack(0x0000006321700000,0x0000006321800000)]
  0x000001f477f4d2e0 JavaThread "restartedMain" [_thread_in_vm, id=104980, stack(0x0000006321800000,0x0000006321900000)]
  0x000001f4772da7e0 JavaThread "Catalina-utility-1" [_thread_blocked, id=94144, stack(0x0000006321b00000,0x0000006321c00000)]
  0x000001f4787847c0 JavaThread "Catalina-utility-2" [_thread_blocked, id=60828, stack(0x0000006321c00000,0x0000006321d00000)]
  0x000001f4779ff840 JavaThread "container-0" [_thread_blocked, id=17424, stack(0x0000006321d00000,0x0000006321e00000)]
  0x000001f47acc8070 JavaThread "Thread-5" daemon [_thread_in_native, id=88712, stack(0x000000631fe00000,0x000000631ff00000)]
  0x000001f478a88310 JavaThread "cluster-ClusterId{value='628882cb542de71dbdc5a70f', description='null'}-srv-mongop.bylir.mongodb.net" daemon [_thread_blocked, id=63760, stack(0x0000006321e00000,0x0000006321f00000)]
  0x000001f477b7fcb0 JavaThread "cluster-ClusterId{value='628882cb542de71dbdc5a70f', description='null'}-mongop-shard-00-01.bylir.mongodb.net:27017" daemon [_thread_in_native, id=42828, stack(0x0000006321f00000,0x0000006322000000)]
  0x000001f47898ba30 JavaThread "cluster-rtt-ClusterId{value='628882cb542de71dbdc5a70f', description='null'}-mongop-shard-00-01.bylir.mongodb.net:27017" daemon [_thread_blocked, id=93188, stack(0x0000006322000000,0x0000006322100000)]
  0x000001f478988070 JavaThread "cluster-ClusterId{value='628882cb542de71dbdc5a70f', description='null'}-mongop-shard-00-02.bylir.mongodb.net:27017" daemon [_thread_in_native, id=38000, stack(0x0000006322100000,0x0000006322200000)]
  0x000001f47898b560 JavaThread "cluster-rtt-ClusterId{value='628882cb542de71dbdc5a70f', description='null'}-mongop-shard-00-02.bylir.mongodb.net:27017" daemon [_thread_blocked, id=39820, stack(0x0000006322200000,0x0000006322300000)]
  0x000001f478988a10 JavaThread "cluster-ClusterId{value='628882cb542de71dbdc5a70f', description='null'}-mongop-shard-00-00.bylir.mongodb.net:27017" daemon [_thread_in_native, id=3812, stack(0x0000006322300000,0x0000006322400000)]
  0x000001f478988ee0 JavaThread "cluster-rtt-ClusterId{value='628882cb542de71dbdc5a70f', description='null'}-mongop-shard-00-00.bylir.mongodb.net:27017" daemon [_thread_blocked, id=39508, stack(0x0000006322400000,0x0000006322500000)]
  0x000001f478988540 JavaThread "Live Reload Server" daemon [_thread_in_native, id=25072, stack(0x0000006322600000,0x0000006322700000)]
  0x000001f478989880 JavaThread "MaintenanceTimer-2-thread-1" daemon [_thread_blocked, id=26320, stack(0x0000006322700000,0x0000006322800000)]
  0x000001f478989d50 JavaThread "MaintenanceTimer-1-thread-1" daemon [_thread_blocked, id=33508, stack(0x0000006322800000,0x0000006322900000)]
  0x000001f47898a6f0 JavaThread "MaintenanceTimer-3-thread-1" daemon [_thread_blocked, id=105528, stack(0x0000006322900000,0x0000006322a00000)]

Other Threads:
  0x000001f4764334f0 VMThread "VM Thread" [stack: 0x0000006320500000,0x0000006320600000] [id=102648]
  0x000001f477102890 WatcherThread [stack: 0x0000006321000000,0x0000006321100000] [id=76872]
  0x000001f45fe197c0 GCTaskThread "GC Thread#0" [stack: 0x0000006320000000,0x0000006320100000] [id=78252]
  0x000001f477826c90 GCTaskThread "GC Thread#1" [stack: 0x0000006321300000,0x0000006321400000] [id=55160]
  0x000001f477d84d80 GCTaskThread "GC Thread#2" [stack: 0x0000006321400000,0x0000006321500000] [id=12988]
  0x000001f47787d860 GCTaskThread "GC Thread#3" [stack: 0x0000006321500000,0x0000006321600000] [id=39604]
  0x000001f45fe24370 ConcurrentGCThread "G1 Main Marker" [stack: 0x0000006320100000,0x0000006320200000] [id=98532]
  0x000001f45fe24c90 ConcurrentGCThread "G1 Conc#0" [stack: 0x0000006320200000,0x0000006320300000] [id=16252]
  0x000001f45fe61ad0 ConcurrentGCThread "G1 Refine#0" [stack: 0x0000006320300000,0x0000006320400000] [id=27852]
  0x000001f477c2c890 ConcurrentGCThread "G1 Refine#1" [stack: 0x0000006321600000,0x0000006321700000] [id=75348]
  0x000001f45fe62400 ConcurrentGCThread "G1 Service" [stack: 0x0000006320400000,0x0000006320500000] [id=56928]

Threads with active compile tasks:
C2 CompilerThread0   125264 6640       4       org.springframework.beans.factory.support.AbstractBeanFactory::isTypeMatch (607 bytes)

VM state: not at safepoint (normal execution)

VM Mutex/Monitor currently owned by a thread: None

Heap address: 0x00000000c1600000, size: 1002 MB, Compressed Oops mode: 32-bit

CDS archive(s) not mapped
Compressed class space mapped at: 0x0000000100000000-0x0000000140000000, reserved size: 1073741824
Narrow klass base: 0x0000000000000000, Narrow klass shift: 3, Narrow klass range: 0x140000000

GC Precious Log:
 CPUs: 4 total, 4 available
 Memory: 4007M
 Large Page Support: Disabled
 NUMA Support: Disabled
 Compressed Oops: Enabled (32-bit)
 Heap Region Size: 1M
 Heap Min Capacity: 8M
 Heap Initial Capacity: 64M
 Heap Max Capacity: 1002M
 Pre-touch: Disabled
 Parallel Workers: 4
 Concurrent Workers: 1
 Concurrent Refinement Workers: 4
 Periodic GC: Disabled

Heap:
 garbage-first heap   total 174080K, used 93020K [0x00000000c1600000, 0x0000000100000000)
  region size 1024K, 47 young (48128K), 3 survivors (3072K)
 Metaspace       used 58503K, committed 58880K, reserved 1105920K
  class space    used 7493K, committed 7680K, reserved 1048576K

Heap Regions: E=young(eden), S=young(survivor), O=old, HS=humongous(starts), HC=humongous(continues), CS=collection set, F=free, OA=open archive, CA=closed archive, TAMS=top-at-mark-start (previous, next)
|   0|0x00000000c1600000, 0x00000000c1700000, 0x00000000c1700000|100%| O|  |TAMS 0x00000000c1700000, 0x00000000c1600000| Untracked 
|   1|0x00000000c1700000, 0x00000000c1800000, 0x00000000c1800000|100%| O|  |TAMS 0x00000000c1800000, 0x00000000c1700000| Untracked 
|   2|0x00000000c1800000, 0x00000000c1900000, 0x00000000c1900000|100%| O|  |TAMS 0x00000000c1900000, 0x00000000c1800000| Untracked 
|   3|0x00000000c1900000, 0x00000000c1a00000, 0x00000000c1a00000|100%| O|  |TAMS 0x00000000c1a00000, 0x00000000c1900000| Untracked 
|   4|0x00000000c1a00000, 0x00000000c1b00000, 0x00000000c1b00000|100%| O|  |TAMS 0x00000000c1b00000, 0x00000000c1a00000| Untracked 
|   5|0x00000000c1b00000, 0x00000000c1c00000, 0x00000000c1c00000|100%| O|  |TAMS 0x00000000c1c00000, 0x00000000c1b00000| Untracked 
|   6|0x00000000c1c00000, 0x00000000c1d00000, 0x00000000c1d00000|100%| O|  |TAMS 0x00000000c1d00000, 0x00000000c1c00000| Untracked 
|   7|0x00000000c1d00000, 0x00000000c1e00000, 0x00000000c1e00000|100%| O|  |TAMS 0x00000000c1e00000, 0x00000000c1d00000| Untracked 
|   8|0x00000000c1e00000, 0x00000000c1f00000, 0x00000000c1f00000|100%| O|  |TAMS 0x00000000c1f00000, 0x00000000c1e00000| Untracked 
|   9|0x00000000c1f00000, 0x00000000c2000000, 0x00000000c2000000|100%| O|  |TAMS 0x00000000c2000000, 0x00000000c1f00000| Untracked 
|  10|0x00000000c2000000, 0x00000000c2100000, 0x00000000c2100000|100%| O|  |TAMS 0x00000000c2100000, 0x00000000c2000000| Untracked 
|  11|0x00000000c2100000, 0x00000000c2200000, 0x00000000c2200000|100%| O|  |TAMS 0x00000000c2200000, 0x00000000c2100000| Untracked 
|  12|0x00000000c2200000, 0x00000000c2300000, 0x00000000c2300000|100%| O|  |TAMS 0x00000000c2300000, 0x00000000c2200000| Untracked 
|  13|0x00000000c2300000, 0x00000000c2400000, 0x00000000c2400000|100%| O|  |TAMS 0x00000000c2400000, 0x00000000c2300000| Untracked 
|  14|0x00000000c2400000, 0x00000000c2500000, 0x00000000c2500000|100%| O|  |TAMS 0x00000000c2500000, 0x00000000c2400000| Untracked 
|  15|0x00000000c2500000, 0x00000000c2600000, 0x00000000c2600000|100%| O|  |TAMS 0x00000000c2600000, 0x00000000c2500000| Untracked 
|  16|0x00000000c2600000, 0x00000000c2700000, 0x00000000c2700000|100%| O|  |TAMS 0x00000000c2700000, 0x00000000c2600000| Untracked 
|  17|0x00000000c2700000, 0x00000000c2800000, 0x00000000c2800000|100%| O|  |TAMS 0x00000000c2800000, 0x00000000c2700000| Untracked 
|  18|0x00000000c2800000, 0x00000000c2900000, 0x00000000c2900000|100%| O|  |TAMS 0x00000000c2900000, 0x00000000c2800000| Untracked 
|  19|0x00000000c2900000, 0x00000000c2a00000, 0x00000000c2a00000|100%| O|  |TAMS 0x00000000c2a00000, 0x00000000c2900000| Untracked 
|  20|0x00000000c2a00000, 0x00000000c2b00000, 0x00000000c2b00000|100%| O|  |TAMS 0x00000000c2b00000, 0x00000000c2a00000| Untracked 
|  21|0x00000000c2b00000, 0x00000000c2c00000, 0x00000000c2c00000|100%| O|  |TAMS 0x00000000c2c00000, 0x00000000c2b00000| Untracked 
|  22|0x00000000c2c00000, 0x00000000c2d00000, 0x00000000c2d00000|100%| O|  |TAMS 0x00000000c2d00000, 0x00000000c2c00000| Untracked 
|  23|0x00000000c2d00000, 0x00000000c2e00000, 0x00000000c2e00000|100%| O|  |TAMS 0x00000000c2e00000, 0x00000000c2d00000| Untracked 
|  24|0x00000000c2e00000, 0x00000000c2f00000, 0x00000000c2f00000|100%| O|  |TAMS 0x00000000c2f00000, 0x00000000c2e00000| Untracked 
|  25|0x00000000c2f00000, 0x00000000c3000000, 0x00000000c3000000|100%| O|  |TAMS 0x00000000c3000000, 0x00000000c2f00000| Untracked 
|  26|0x00000000c3000000, 0x00000000c3100000, 0x00000000c3100000|100%| O|  |TAMS 0x00000000c3100000, 0x00000000c3000000| Untracked 
|  27|0x00000000c3100000, 0x00000000c3200000, 0x00000000c3200000|100%| O|  |TAMS 0x00000000c3200000, 0x00000000c3100000| Untracked 
|  28|0x00000000c3200000, 0x00000000c3300000, 0x00000000c3300000|100%| O|  |TAMS 0x00000000c3300000, 0x00000000c3200000| Untracked 
|  29|0x00000000c3300000, 0x00000000c3400000, 0x00000000c3400000|100%| O|  |TAMS 0x00000000c3400000, 0x00000000c3300000| Untracked 
|  30|0x00000000c3400000, 0x00000000c3500000, 0x00000000c3500000|100%| O|  |TAMS 0x00000000c3500000, 0x00000000c3400000| Untracked 
|  31|0x00000000c3500000, 0x00000000c3600000, 0x00000000c3600000|100%| O|  |TAMS 0x00000000c3600000, 0x00000000c3500000| Untracked 
|  32|0x00000000c3600000, 0x00000000c3700000, 0x00000000c3700000|100%| O|  |TAMS 0x00000000c3700000, 0x00000000c3600000| Untracked 
|  33|0x00000000c3700000, 0x00000000c3800000, 0x00000000c3800000|100%| O|  |TAMS 0x00000000c3800000, 0x00000000c3700000| Complete 
|  34|0x00000000c3800000, 0x00000000c3900000, 0x00000000c3900000|100%| O|  |TAMS 0x00000000c3900000, 0x00000000c3800000| Untracked 
|  35|0x00000000c3900000, 0x00000000c3a00000, 0x00000000c3a00000|100%| O|  |TAMS 0x00000000c3900000, 0x00000000c3900000| Untracked 
|  36|0x00000000c3a00000, 0x00000000c3b00000, 0x00000000c3b00000|100%| O|  |TAMS 0x00000000c3b00000, 0x00000000c3a00000| Untracked 
|  37|0x00000000c3b00000, 0x00000000c3c00000, 0x00000000c3c00000|100%| O|  |TAMS 0x00000000c3b00000, 0x00000000c3b00000| Untracked 
|  38|0x00000000c3c00000, 0x00000000c3d00000, 0x00000000c3d00000|100%| O|  |TAMS 0x00000000c3c00000, 0x00000000c3c00000| Untracked 
|  39|0x00000000c3d00000, 0x00000000c3dd7200, 0x00000000c3e00000| 84%| O|  |TAMS 0x00000000c3d00000, 0x00000000c3d00000| Untracked 
|  40|0x00000000c3e00000, 0x00000000c3f00000, 0x00000000c3f00000|100%|HS|  |TAMS 0x00000000c3e00000, 0x00000000c3e00000| Complete 
|  41|0x00000000c3f00000, 0x00000000c3f00000, 0x00000000c4000000|  0%| F|  |TAMS 0x00000000c3f00000, 0x00000000c3f00000| Untracked 
|  42|0x00000000c4000000, 0x00000000c4000000, 0x00000000c4100000|  0%| F|  |TAMS 0x00000000c4000000, 0x00000000c4000000| Untracked 
|  43|0x00000000c4100000, 0x00000000c4200000, 0x00000000c4200000|100%| O|  |TAMS 0x00000000c4200000, 0x00000000c4100000| Untracked 
|  44|0x00000000c4200000, 0x00000000c4300000, 0x00000000c4300000|100%| O|  |TAMS 0x00000000c4300000, 0x00000000c4200000| Untracked 
|  45|0x00000000c4300000, 0x00000000c4300000, 0x00000000c4400000|  0%| F|  |TAMS 0x00000000c4300000, 0x00000000c4300000| Untracked 
|  46|0x00000000c4400000, 0x00000000c4400000, 0x00000000c4500000|  0%| F|  |TAMS 0x00000000c4400000, 0x00000000c4400000| Untracked 
|  47|0x00000000c4500000, 0x00000000c4600000, 0x00000000c4600000|100%| O|  |TAMS 0x00000000c4600000, 0x00000000c4500000| Untracked 
|  48|0x00000000c4600000, 0x00000000c4700000, 0x00000000c4700000|100%| O|  |TAMS 0x00000000c4700000, 0x00000000c4600000| Untracked 
|  49|0x00000000c4700000, 0x00000000c4800000, 0x00000000c4800000|100%| O|  |TAMS 0x00000000c47bf000, 0x00000000c4700000| Untracked 
|  50|0x00000000c4800000, 0x00000000c4800000, 0x00000000c4900000|  0%| F|  |TAMS 0x00000000c4800000, 0x00000000c4800000| Untracked 
|  51|0x00000000c4900000, 0x00000000c4900000, 0x00000000c4a00000|  0%| F|  |TAMS 0x00000000c4900000, 0x00000000c4900000| Untracked 
|  52|0x00000000c4a00000, 0x00000000c4a00000, 0x00000000c4b00000|  0%| F|  |TAMS 0x00000000c4a00000, 0x00000000c4a00000| Untracked 
|  53|0x00000000c4b00000, 0x00000000c4b00000, 0x00000000c4c00000|  0%| F|  |TAMS 0x00000000c4b00000, 0x00000000c4b00000| Untracked 
|  54|0x00000000c4c00000, 0x00000000c4c00000, 0x00000000c4d00000|  0%| F|  |TAMS 0x00000000c4c00000, 0x00000000c4c00000| Untracked 
|  55|0x00000000c4d00000, 0x00000000c4d00000, 0x00000000c4e00000|  0%| F|  |TAMS 0x00000000c4d00000, 0x00000000c4d00000| Untracked 
|  56|0x00000000c4e00000, 0x00000000c4e00000, 0x00000000c4f00000|  0%| F|  |TAMS 0x00000000c4e00000, 0x00000000c4e00000| Untracked 
|  57|0x00000000c4f00000, 0x00000000c4f00000, 0x00000000c5000000|  0%| F|  |TAMS 0x00000000c4f00000, 0x00000000c4f00000| Untracked 
|  58|0x00000000c5000000, 0x00000000c5000000, 0x00000000c5100000|  0%| F|  |TAMS 0x00000000c5000000, 0x00000000c5000000| Untracked 
|  59|0x00000000c5100000, 0x00000000c5100000, 0x00000000c5200000|  0%| F|  |TAMS 0x00000000c5100000, 0x00000000c5100000| Untracked 
|  60|0x00000000c5200000, 0x00000000c5200000, 0x00000000c5300000|  0%| F|  |TAMS 0x00000000c5200000, 0x00000000c5200000| Untracked 
|  61|0x00000000c5300000, 0x00000000c5400000, 0x00000000c5400000|100%| S|CS|TAMS 0x00000000c5300000, 0x00000000c5300000| Complete 
|  62|0x00000000c5400000, 0x00000000c5500000, 0x00000000c5500000|100%| S|CS|TAMS 0x00000000c5400000, 0x00000000c5400000| Complete 
|  63|0x00000000c5500000, 0x00000000c5600000, 0x00000000c5600000|100%| S|CS|TAMS 0x00000000c5500000, 0x00000000c5500000| Complete 
|  64|0x00000000c5600000, 0x00000000c5600000, 0x00000000c5700000|  0%| F|  |TAMS 0x00000000c5600000, 0x00000000c5600000| Untracked 
|  65|0x00000000c5700000, 0x00000000c5700000, 0x00000000c5800000|  0%| F|  |TAMS 0x00000000c5700000, 0x00000000c5700000| Untracked 
|  66|0x00000000c5800000, 0x00000000c5800000, 0x00000000c5900000|  0%| F|  |TAMS 0x00000000c5800000, 0x00000000c5800000| Untracked 
|  67|0x00000000c5900000, 0x00000000c5900000, 0x00000000c5a00000|  0%| F|  |TAMS 0x00000000c5900000, 0x00000000c5900000| Untracked 
|  68|0x00000000c5a00000, 0x00000000c5a00000, 0x00000000c5b00000|  0%| F|  |TAMS 0x00000000c5a00000, 0x00000000c5a00000| Untracked 
|  69|0x00000000c5b00000, 0x00000000c5b00000, 0x00000000c5c00000|  0%| F|  |TAMS 0x00000000c5b00000, 0x00000000c5b00000| Untracked 
|  70|0x00000000c5c00000, 0x00000000c5c00000, 0x00000000c5d00000|  0%| F|  |TAMS 0x00000000c5c00000, 0x00000000c5c00000| Untracked 
|  71|0x00000000c5d00000, 0x00000000c5d00000, 0x00000000c5e00000|  0%| F|  |TAMS 0x00000000c5d00000, 0x00000000c5d00000| Untracked 
|  72|0x00000000c5e00000, 0x00000000c5e00000, 0x00000000c5f00000|  0%| F|  |TAMS 0x00000000c5e00000, 0x00000000c5e00000| Untracked 
|  73|0x00000000c5f00000, 0x00000000c5f00000, 0x00000000c6000000|  0%| F|  |TAMS 0x00000000c5f00000, 0x00000000c5f00000| Untracked 
|  74|0x00000000c6000000, 0x00000000c6000000, 0x00000000c6100000|  0%| F|  |TAMS 0x00000000c6000000, 0x00000000c6000000| Untracked 
|  75|0x00000000c6100000, 0x00000000c6100000, 0x00000000c6200000|  0%| F|  |TAMS 0x00000000c6100000, 0x00000000c6100000| Untracked 
|  76|0x00000000c6200000, 0x00000000c6200000, 0x00000000c6300000|  0%| F|  |TAMS 0x00000000c6200000, 0x00000000c6200000| Untracked 
|  77|0x00000000c6300000, 0x00000000c6300000, 0x00000000c6400000|  0%| F|  |TAMS 0x00000000c6300000, 0x00000000c6300000| Untracked 
|  78|0x00000000c6400000, 0x00000000c6400000, 0x00000000c6500000|  0%| F|  |TAMS 0x00000000c6400000, 0x00000000c6400000| Untracked 
|  79|0x00000000c6500000, 0x00000000c6500000, 0x00000000c6600000|  0%| F|  |TAMS 0x00000000c6500000, 0x00000000c6500000| Untracked 
|  80|0x00000000c6600000, 0x00000000c6600000, 0x00000000c6700000|  0%| F|  |TAMS 0x00000000c6600000, 0x00000000c6600000| Untracked 
|  81|0x00000000c6700000, 0x00000000c6700000, 0x00000000c6800000|  0%| F|  |TAMS 0x00000000c6700000, 0x00000000c6700000| Untracked 
|  82|0x00000000c6800000, 0x00000000c6800000, 0x00000000c6900000|  0%| F|  |TAMS 0x00000000c6800000, 0x00000000c6800000| Untracked 
|  83|0x00000000c6900000, 0x00000000c6900000, 0x00000000c6a00000|  0%| F|  |TAMS 0x00000000c6900000, 0x00000000c6900000| Untracked 
|  84|0x00000000c6a00000, 0x00000000c6a00000, 0x00000000c6b00000|  0%| F|  |TAMS 0x00000000c6a00000, 0x00000000c6a00000| Untracked 
|  85|0x00000000c6b00000, 0x00000000c6b00000, 0x00000000c6c00000|  0%| F|  |TAMS 0x00000000c6b00000, 0x00000000c6b00000| Untracked 
|  86|0x00000000c6c00000, 0x00000000c6c00000, 0x00000000c6d00000|  0%| F|  |TAMS 0x00000000c6c00000, 0x00000000c6c00000| Untracked 
|  87|0x00000000c6d00000, 0x00000000c6d00000, 0x00000000c6e00000|  0%| F|  |TAMS 0x00000000c6d00000, 0x00000000c6d00000| Untracked 
|  88|0x00000000c6e00000, 0x00000000c6e00000, 0x00000000c6f00000|  0%| F|  |TAMS 0x00000000c6e00000, 0x00000000c6e00000| Untracked 
|  89|0x00000000c6f00000, 0x00000000c6f00000, 0x00000000c7000000|  0%| F|  |TAMS 0x00000000c6f00000, 0x00000000c6f00000| Untracked 
|  90|0x00000000c7000000, 0x00000000c7000000, 0x00000000c7100000|  0%| F|  |TAMS 0x00000000c7000000, 0x00000000c7000000| Untracked 
|  91|0x00000000c7100000, 0x00000000c7100000, 0x00000000c7200000|  0%| F|  |TAMS 0x00000000c7100000, 0x00000000c7100000| Untracked 
|  92|0x00000000c7200000, 0x00000000c7200000, 0x00000000c7300000|  0%| F|  |TAMS 0x00000000c7200000, 0x00000000c7200000| Untracked 
|  93|0x00000000c7300000, 0x00000000c7300000, 0x00000000c7400000|  0%| F|  |TAMS 0x00000000c7300000, 0x00000000c7300000| Untracked 
|  94|0x00000000c7400000, 0x00000000c7400000, 0x00000000c7500000|  0%| F|  |TAMS 0x00000000c7400000, 0x00000000c7400000| Untracked 
|  95|0x00000000c7500000, 0x00000000c7500000, 0x00000000c7600000|  0%| F|  |TAMS 0x00000000c7500000, 0x00000000c7500000| Untracked 
|  96|0x00000000c7600000, 0x00000000c7600000, 0x00000000c7700000|  0%| F|  |TAMS 0x00000000c7600000, 0x00000000c7600000| Untracked 
|  97|0x00000000c7700000, 0x00000000c7700000, 0x00000000c7800000|  0%| F|  |TAMS 0x00000000c7700000, 0x00000000c7700000| Untracked 
|  98|0x00000000c7800000, 0x00000000c7800000, 0x00000000c7900000|  0%| F|  |TAMS 0x00000000c7800000, 0x00000000c7800000| Untracked 
|  99|0x00000000c7900000, 0x00000000c7900000, 0x00000000c7a00000|  0%| F|  |TAMS 0x00000000c7900000, 0x00000000c7900000| Untracked 
| 100|0x00000000c7a00000, 0x00000000c7a00000, 0x00000000c7b00000|  0%| F|  |TAMS 0x00000000c7a00000, 0x00000000c7a00000| Untracked 
| 101|0x00000000c7b00000, 0x00000000c7b00000, 0x00000000c7c00000|  0%| F|  |TAMS 0x00000000c7b00000, 0x00000000c7b00000| Untracked 
| 102|0x00000000c7c00000, 0x00000000c7c00000, 0x00000000c7d00000|  0%| F|  |TAMS 0x00000000c7c00000, 0x00000000c7c00000| Untracked 
| 103|0x00000000c7d00000, 0x00000000c7d00000, 0x00000000c7e00000|  0%| F|  |TAMS 0x00000000c7d00000, 0x00000000c7d00000| Untracked 
| 104|0x00000000c7e00000, 0x00000000c7e00000, 0x00000000c7f00000|  0%| F|  |TAMS 0x00000000c7e00000, 0x00000000c7e00000| Untracked 
| 105|0x00000000c7f00000, 0x00000000c7f00000, 0x00000000c8000000|  0%| F|  |TAMS 0x00000000c7f00000, 0x00000000c7f00000| Untracked 
| 106|0x00000000c8000000, 0x00000000c8000000, 0x00000000c8100000|  0%| F|  |TAMS 0x00000000c8000000, 0x00000000c8000000| Untracked 
| 107|0x00000000c8100000, 0x00000000c8100000, 0x00000000c8200000|  0%| F|  |TAMS 0x00000000c8100000, 0x00000000c8100000| Untracked 
| 108|0x00000000c8200000, 0x00000000c8200000, 0x00000000c8300000|  0%| F|  |TAMS 0x00000000c8200000, 0x00000000c8200000| Untracked 
| 109|0x00000000c8300000, 0x00000000c8300000, 0x00000000c8400000|  0%| F|  |TAMS 0x00000000c8300000, 0x00000000c8300000| Untracked 
| 110|0x00000000c8400000, 0x00000000c8400000, 0x00000000c8500000|  0%| F|  |TAMS 0x00000000c8400000, 0x00000000c8400000| Untracked 
| 111|0x00000000c8500000, 0x00000000c8500000, 0x00000000c8600000|  0%| F|  |TAMS 0x00000000c8500000, 0x00000000c8500000| Untracked 
| 112|0x00000000c8600000, 0x00000000c8600000, 0x00000000c8700000|  0%| F|  |TAMS 0x00000000c8600000, 0x00000000c8600000| Untracked 
| 113|0x00000000c8700000, 0x00000000c8700000, 0x00000000c8800000|  0%| F|  |TAMS 0x00000000c8700000, 0x00000000c8700000| Untracked 
| 114|0x00000000c8800000, 0x00000000c8800000, 0x00000000c8900000|  0%| F|  |TAMS 0x00000000c8800000, 0x00000000c8800000| Untracked 
| 115|0x00000000c8900000, 0x00000000c8900000, 0x00000000c8a00000|  0%| F|  |TAMS 0x00000000c8900000, 0x00000000c8900000| Untracked 
| 116|0x00000000c8a00000, 0x00000000c8a00000, 0x00000000c8b00000|  0%| F|  |TAMS 0x00000000c8a00000, 0x00000000c8a00000| Untracked 
| 117|0x00000000c8b00000, 0x00000000c8b00000, 0x00000000c8c00000|  0%| F|  |TAMS 0x00000000c8b00000, 0x00000000c8b00000| Untracked 
| 118|0x00000000c8c00000, 0x00000000c8c00000, 0x00000000c8d00000|  0%| F|  |TAMS 0x00000000c8c00000, 0x00000000c8c00000| Untracked 
| 119|0x00000000c8d00000, 0x00000000c8d00000, 0x00000000c8e00000|  0%| F|  |TAMS 0x00000000c8d00000, 0x00000000c8d00000| Untracked 
| 120|0x00000000c8e00000, 0x00000000c8e00000, 0x00000000c8f00000|  0%| F|  |TAMS 0x00000000c8e00000, 0x00000000c8e00000| Untracked 
| 121|0x00000000c8f00000, 0x00000000c8f00000, 0x00000000c9000000|  0%| F|  |TAMS 0x00000000c8f00000, 0x00000000c8f00000| Untracked 
| 122|0x00000000c9000000, 0x00000000c9000000, 0x00000000c9100000|  0%| F|  |TAMS 0x00000000c9000000, 0x00000000c9000000| Untracked 
| 123|0x00000000c9100000, 0x00000000c9100000, 0x00000000c9200000|  0%| F|  |TAMS 0x00000000c9100000, 0x00000000c9100000| Untracked 
| 124|0x00000000c9200000, 0x00000000c9200000, 0x00000000c9300000|  0%| F|  |TAMS 0x00000000c9200000, 0x00000000c9200000| Untracked 
| 125|0x00000000c9300000, 0x00000000c9300000, 0x00000000c9400000|  0%| F|  |TAMS 0x00000000c9300000, 0x00000000c9300000| Untracked 
| 126|0x00000000c9400000, 0x00000000c9500000, 0x00000000c9500000|100%| E|  |TAMS 0x00000000c9400000, 0x00000000c9400000| Complete 
| 127|0x00000000c9500000, 0x00000000c9600000, 0x00000000c9600000|100%| E|CS|TAMS 0x00000000c9500000, 0x00000000c9500000| Complete 
| 128|0x00000000c9600000, 0x00000000c9700000, 0x00000000c9700000|100%| E|CS|TAMS 0x00000000c9600000, 0x00000000c9600000| Complete 
| 129|0x00000000c9700000, 0x00000000c9800000, 0x00000000c9800000|100%| E|CS|TAMS 0x00000000c9700000, 0x00000000c9700000| Complete 
| 130|0x00000000c9800000, 0x00000000c9900000, 0x00000000c9900000|100%| E|CS|TAMS 0x00000000c9800000, 0x00000000c9800000| Complete 
| 131|0x00000000c9900000, 0x00000000c9a00000, 0x00000000c9a00000|100%| E|CS|TAMS 0x00000000c9900000, 0x00000000c9900000| Complete 
| 132|0x00000000c9a00000, 0x00000000c9b00000, 0x00000000c9b00000|100%| E|CS|TAMS 0x00000000c9a00000, 0x00000000c9a00000| Complete 
| 133|0x00000000c9b00000, 0x00000000c9c00000, 0x00000000c9c00000|100%| E|CS|TAMS 0x00000000c9b00000, 0x00000000c9b00000| Complete 
| 134|0x00000000c9c00000, 0x00000000c9d00000, 0x00000000c9d00000|100%| E|CS|TAMS 0x00000000c9c00000, 0x00000000c9c00000| Complete 
| 135|0x00000000c9d00000, 0x00000000c9e00000, 0x00000000c9e00000|100%| E|CS|TAMS 0x00000000c9d00000, 0x00000000c9d00000| Complete 
| 136|0x00000000c9e00000, 0x00000000c9f00000, 0x00000000c9f00000|100%| E|CS|TAMS 0x00000000c9e00000, 0x00000000c9e00000| Complete 
| 137|0x00000000c9f00000, 0x00000000ca000000, 0x00000000ca000000|100%| E|CS|TAMS 0x00000000c9f00000, 0x00000000c9f00000| Complete 
| 138|0x00000000ca000000, 0x00000000ca100000, 0x00000000ca100000|100%| E|CS|TAMS 0x00000000ca000000, 0x00000000ca000000| Complete 
| 139|0x00000000ca100000, 0x00000000ca200000, 0x00000000ca200000|100%| E|CS|TAMS 0x00000000ca100000, 0x00000000ca100000| Complete 
| 140|0x00000000ca200000, 0x00000000ca300000, 0x00000000ca300000|100%| E|CS|TAMS 0x00000000ca200000, 0x00000000ca200000| Complete 
| 141|0x00000000ca300000, 0x00000000ca400000, 0x00000000ca400000|100%| E|CS|TAMS 0x00000000ca300000, 0x00000000ca300000| Complete 
| 142|0x00000000ca400000, 0x00000000ca500000, 0x00000000ca500000|100%| E|CS|TAMS 0x00000000ca400000, 0x00000000ca400000| Complete 
| 143|0x00000000ca500000, 0x00000000ca600000, 0x00000000ca600000|100%| E|CS|TAMS 0x00000000ca500000, 0x00000000ca500000| Complete 
| 144|0x00000000ca600000, 0x00000000ca700000, 0x00000000ca700000|100%| E|CS|TAMS 0x00000000ca600000, 0x00000000ca600000| Complete 
| 145|0x00000000ca700000, 0x00000000ca800000, 0x00000000ca800000|100%| E|CS|TAMS 0x00000000ca700000, 0x00000000ca700000| Complete 
| 146|0x00000000ca800000, 0x00000000ca900000, 0x00000000ca900000|100%| E|CS|TAMS 0x00000000ca800000, 0x00000000ca800000| Complete 
| 147|0x00000000ca900000, 0x00000000caa00000, 0x00000000caa00000|100%| E|CS|TAMS 0x00000000ca900000, 0x00000000ca900000| Complete 
| 148|0x00000000caa00000, 0x00000000cab00000, 0x00000000cab00000|100%| E|CS|TAMS 0x00000000caa00000, 0x00000000caa00000| Complete 
| 149|0x00000000cab00000, 0x00000000cac00000, 0x00000000cac00000|100%| E|CS|TAMS 0x00000000cab00000, 0x00000000cab00000| Complete 
| 150|0x00000000cac00000, 0x00000000cad00000, 0x00000000cad00000|100%| E|CS|TAMS 0x00000000cac00000, 0x00000000cac00000| Complete 
| 151|0x00000000cad00000, 0x00000000cae00000, 0x00000000cae00000|100%| E|  |TAMS 0x00000000cad00000, 0x00000000cad00000| Complete 
| 152|0x00000000cae00000, 0x00000000caf00000, 0x00000000caf00000|100%| E|CS|TAMS 0x00000000cae00000, 0x00000000cae00000| Complete 
| 153|0x00000000caf00000, 0x00000000cb000000, 0x00000000cb000000|100%| E|CS|TAMS 0x00000000caf00000, 0x00000000caf00000| Complete 
| 154|0x00000000cb000000, 0x00000000cb100000, 0x00000000cb100000|100%| E|CS|TAMS 0x00000000cb000000, 0x00000000cb000000| Complete 
| 155|0x00000000cb100000, 0x00000000cb200000, 0x00000000cb200000|100%| E|CS|TAMS 0x00000000cb100000, 0x00000000cb100000| Complete 
| 156|0x00000000cb200000, 0x00000000cb300000, 0x00000000cb300000|100%| E|CS|TAMS 0x00000000cb200000, 0x00000000cb200000| Complete 
| 157|0x00000000cb300000, 0x00000000cb400000, 0x00000000cb400000|100%| E|CS|TAMS 0x00000000cb300000, 0x00000000cb300000| Complete 
| 158|0x00000000cb400000, 0x00000000cb500000, 0x00000000cb500000|100%| E|CS|TAMS 0x00000000cb400000, 0x00000000cb400000| Complete 
| 159|0x00000000cb500000, 0x00000000cb600000, 0x00000000cb600000|100%| E|CS|TAMS 0x00000000cb500000, 0x00000000cb500000| Complete 
| 160|0x00000000cb600000, 0x00000000cb700000, 0x00000000cb700000|100%| E|CS|TAMS 0x00000000cb600000, 0x00000000cb600000| Complete 
| 161|0x00000000cb700000, 0x00000000cb800000, 0x00000000cb800000|100%| E|CS|TAMS 0x00000000cb700000, 0x00000000cb700000| Complete 
| 162|0x00000000cb800000, 0x00000000cb900000, 0x00000000cb900000|100%| E|CS|TAMS 0x00000000cb800000, 0x00000000cb800000| Complete 
| 163|0x00000000cb900000, 0x00000000cba00000, 0x00000000cba00000|100%| E|CS|TAMS 0x00000000cb900000, 0x00000000cb900000| Complete 
| 164|0x00000000cba00000, 0x00000000cbb00000, 0x00000000cbb00000|100%| E|CS|TAMS 0x00000000cba00000, 0x00000000cba00000| Complete 
| 165|0x00000000cbb00000, 0x00000000cbc00000, 0x00000000cbc00000|100%| E|CS|TAMS 0x00000000cbb00000, 0x00000000cbb00000| Complete 
| 166|0x00000000cbc00000, 0x00000000cbd00000, 0x00000000cbd00000|100%| E|CS|TAMS 0x00000000cbc00000, 0x00000000cbc00000| Complete 
| 167|0x00000000cbd00000, 0x00000000cbe00000, 0x00000000cbe00000|100%| E|CS|TAMS 0x00000000cbd00000, 0x00000000cbd00000| Complete 
| 168|0x00000000cbe00000, 0x00000000cbf00000, 0x00000000cbf00000|100%| E|CS|TAMS 0x00000000cbe00000, 0x00000000cbe00000| Complete 
| 169|0x00000000cbf00000, 0x00000000cc000000, 0x00000000cc000000|100%| E|CS|TAMS 0x00000000cbf00000, 0x00000000cbf00000| Complete 

Card table byte_map: [0x000001f471c60000,0x000001f471e60000] _byte_map_base: 0x000001f471655000

Marking Bits (Prev, Next): (CMBitMap*) 0x000001f45fe1bd40, (CMBitMap*) 0x000001f45fe1bd00
 Prev Bits: [0x000001f473010000, 0x000001f473fb8000)
 Next Bits: [0x000001f472060000, 0x000001f473008000)

Polling page: 0x000001f45dc10000

Metaspace:

Usage:
  Non-class:     49.82 MB used.
      Class:      7.32 MB used.
       Both:     57.14 MB used.

Virtual space:
  Non-class space:       56.00 MB reserved,      50.06 MB ( 89%) committed,  7 nodes.
      Class space:        1.00 GB reserved,       7.50 MB ( <1%) committed,  1 nodes.
             Both:        1.05 GB reserved,      57.56 MB (  5%) committed. 

Chunk freelists:
   Non-Class:  1.86 MB
       Class:  401.00 KB
        Both:  2.25 MB

MaxMetaspaceSize: unlimited
CompressedClassSpaceSize: 1.00 GB
Initial GC threshold: 21.00 MB
Current GC threshold: 95.00 MB
CDS: off
MetaspaceReclaimPolicy: balanced
 - commit_granule_bytes: 65536.
 - commit_granule_words: 8192.
 - virtual_space_node_default_size: 1048576.
 - enlarge_chunks_in_place: 1.
 - new_chunks_are_fully_committed: 0.
 - uncommit_free_chunks: 1.
 - use_allocation_guard: 0.
 - handle_deallocations: 1.


Internal statistics:

num_allocs_failed_limit: 6.
num_arena_births: 562.
num_arena_deaths: 0.
num_vsnodes_births: 8.
num_vsnodes_deaths: 0.
num_space_committed: 921.
num_space_uncommitted: 0.
num_chunks_returned_to_freelist: 6.
num_chunks_taken_from_freelist: 2388.
num_chunk_merges: 6.
num_chunk_splits: 1538.
num_chunks_enlarged: 1088.
num_purges: 0.
num_inconsistent_stats: 0.

CodeHeap 'non-profiled nmethods': size=120000Kb used=4102Kb max_used=4897Kb free=115898Kb
 bounds [0x000001f46a530000, 0x000001f46aa00000, 0x000001f471a60000]
CodeHeap 'profiled nmethods': size=120000Kb used=12264Kb max_used=12942Kb free=107735Kb
 bounds [0x000001f463000000, 0x000001f463cb0000, 0x000001f46a530000]
CodeHeap 'non-nmethods': size=5760Kb used=1273Kb max_used=1350Kb free=4486Kb
 bounds [0x000001f462a60000, 0x000001f462cd0000, 0x000001f463000000]
 total_blobs=6127 nmethods=5539 adapters=499
 compilation: enabled
              stopped_count=0, restarted_count=0
 full_count=0

Compilation events (20 events):
Event: 124.028 Thread 0x000001f4764b1530 6639       3       org.springframework.beans.factory.annotation.InitDestroyAnnotationBeanPostProcessor::requiresDestruction (12 bytes)
Event: 124.028 Thread 0x000001f4764b1530 nmethod 6639 0x000001f463ca3610 code [0x000001f463ca37c0, 0x000001f463ca39f8]
Event: 124.363 Thread 0x000001f47648d840 nmethod 6636 0x000001f46a9ede10 code [0x000001f46a9ee360, 0x000001f46a9f3678]
Event: 124.364 Thread 0x000001f47648d840 6637   !   4       org.springframework.beans.factory.support.DefaultSingletonBeanRegistry::getSingleton (147 bytes)
Event: 124.422 Thread 0x000001f47648d840 nmethod 6637 0x000001f46a9f6610 code [0x000001f46a9f6820, 0x000001f46a9f7be8]
Event: 124.520 Thread 0x000001f47648d840 6640       4       org.springframework.beans.factory.support.AbstractBeanFactory::isTypeMatch (607 bytes)
Event: 124.538 Thread 0x000001f4764b1530 6641       3       org.springframework.context.annotation.CommonAnnotationBeanPostProcessor::postProcessMergedBeanDefinition (23 bytes)
Event: 124.538 Thread 0x000001f4764b1530 nmethod 6641 0x000001f46307c390 code [0x000001f46307c560, 0x000001f46307c8f8]
Event: 124.538 Thread 0x000001f4764b1530 6642       3       org.springframework.beans.factory.annotation.InitDestroyAnnotationBeanPostProcessor::postProcessMergedBeanDefinition (14 bytes)
Event: 124.539 Thread 0x000001f4764b1530 nmethod 6642 0x000001f46301e090 code [0x000001f46301e240, 0x000001f46301e458]
Event: 124.539 Thread 0x000001f4764b1530 6643       3       org.springframework.beans.factory.annotation.InitDestroyAnnotationBeanPostProcessor$1::checkConfigMembers (1 bytes)
Event: 124.539 Thread 0x000001f4764b1530 nmethod 6643 0x000001f463005790 code [0x000001f463005920, 0x000001f463005a38]
Event: 124.542 Thread 0x000001f4764b1530 6645       3       org.springframework.beans.factory.support.DisposableBeanAdapter::hasApplicableProcessors (50 bytes)
Event: 124.543 Thread 0x000001f4764b1530 nmethod 6645 0x000001f463206e10 code [0x000001f463207020, 0x000001f463207828]
Event: 124.543 Thread 0x000001f4764b1530 6644       3       org.springframework.beans.factory.support.AbstractBeanFactory::hasDestructionAwareBeanPostProcessors (21 bytes)
Event: 124.543 Thread 0x000001f4764b1530 nmethod 6644 0x000001f4631c2410 code [0x000001f4631c25c0, 0x000001f4631c2898]
Event: 124.555 Thread 0x000001f4764b1530 6647       3       org.springframework.aop.framework.autoproxy.AbstractAutoProxyCreator::postProcessBeforeInstantiation (149 bytes)
Event: 124.557 Thread 0x000001f4764b1530 nmethod 6647 0x000001f4631afd90 code [0x000001f4631b0080, 0x000001f4631b1328]
Event: 124.575 Thread 0x000001f4764b1530 6648       3       java.util.IdentityHashMap::get (60 bytes)
Event: 124.576 Thread 0x000001f4764b1530 nmethod 6648 0x000001f463053e10 code [0x000001f463053fe0, 0x000001f463054468]

GC Heap History (20 events):
Event: 95.028 GC heap before
{Heap before GC invocations=37 (full 0):
 garbage-first heap   total 60416K, used 44103K [0x00000000c1600000, 0x0000000100000000)
  region size 1024K, 13 young (13312K), 2 survivors (2048K)
 Metaspace       used 57703K, committed 58112K, reserved 1105920K
  class space    used 7444K, committed 7616K, reserved 1048576K
}
Event: 95.036 GC heap after
{Heap after GC invocations=38 (full 0):
 garbage-first heap   total 60416K, used 35820K [0x00000000c1600000, 0x0000000100000000)
  region size 1024K, 2 young (2048K), 2 survivors (2048K)
 Metaspace       used 57703K, committed 58112K, reserved 1105920K
  class space    used 7444K, committed 7616K, reserved 1048576K
}
Event: 95.249 GC heap before
{Heap before GC invocations=38 (full 0):
 garbage-first heap   total 60416K, used 45036K [0x00000000c1600000, 0x0000000100000000)
  region size 1024K, 13 young (13312K), 2 survivors (2048K)
 Metaspace       used 57749K, committed 58112K, reserved 1105920K
  class space    used 7444K, committed 7616K, reserved 1048576K
}
Event: 95.259 GC heap after
{Heap after GC invocations=39 (full 0):
 garbage-first heap   total 60416K, used 38548K [0x00000000c1600000, 0x0000000100000000)
  region size 1024K, 2 young (2048K), 2 survivors (2048K)
 Metaspace       used 57749K, committed 58112K, reserved 1105920K
  class space    used 7444K, committed 7616K, reserved 1048576K
}
Event: 95.711 GC heap before
{Heap before GC invocations=40 (full 0):
 garbage-first heap   total 68608K, used 47764K [0x00000000c1600000, 0x0000000100000000)
  region size 1024K, 11 young (11264K), 2 survivors (2048K)
 Metaspace       used 57759K, committed 58176K, reserved 1105920K
  class space    used 7444K, committed 7616K, reserved 1048576K
}
Event: 95.716 GC heap after
{Heap after GC invocations=41 (full 0):
 garbage-first heap   total 68608K, used 40267K [0x00000000c1600000, 0x0000000100000000)
  region size 1024K, 2 young (2048K), 2 survivors (2048K)
 Metaspace       used 57759K, committed 58176K, reserved 1105920K
  class space    used 7444K, committed 7616K, reserved 1048576K
}
Event: 96.190 GC heap before
{Heap before GC invocations=41 (full 0):
 garbage-first heap   total 68608K, used 52555K [0x00000000c1600000, 0x0000000100000000)
  region size 1024K, 15 young (15360K), 2 survivors (2048K)
 Metaspace       used 57832K, committed 58240K, reserved 1105920K
  class space    used 7446K, committed 7616K, reserved 1048576K
}
Event: 96.199 GC heap after
{Heap after GC invocations=42 (full 0):
 garbage-first heap   total 68608K, used 44008K [0x00000000c1600000, 0x0000000100000000)
  region size 1024K, 2 young (2048K), 2 survivors (2048K)
 Metaspace       used 57832K, committed 58240K, reserved 1105920K
  class space    used 7446K, committed 7616K, reserved 1048576K
}
Event: 98.419 GC heap before
{Heap before GC invocations=43 (full 0):
 garbage-first heap   total 81920K, used 52200K [0x00000000c1600000, 0x0000000100000000)
  region size 1024K, 11 young (11264K), 2 survivors (2048K)
 Metaspace       used 57941K, committed 58368K, reserved 1105920K
  class space    used 7456K, committed 7680K, reserved 1048576K
}
Event: 98.427 GC heap after
{Heap after GC invocations=44 (full 0):
 garbage-first heap   total 81920K, used 47258K [0x00000000c1600000, 0x0000000100000000)
  region size 1024K, 2 young (2048K), 2 survivors (2048K)
 Metaspace       used 57941K, committed 58368K, reserved 1105920K
  class space    used 7456K, committed 7680K, reserved 1048576K
}
Event: 98.444 GC heap before
{Heap before GC invocations=44 (full 0):
 garbage-first heap   total 81920K, used 49306K [0x00000000c1600000, 0x0000000100000000)
  region size 1024K, 4 young (4096K), 2 survivors (2048K)
 Metaspace       used 57947K, committed 58368K, reserved 1105920K
  class space    used 7456K, committed 7680K, reserved 1048576K
}
Event: 98.451 GC heap after
{Heap after GC invocations=45 (full 0):
 garbage-first heap   total 81920K, used 47671K [0x00000000c1600000, 0x0000000100000000)
  region size 1024K, 1 young (1024K), 1 survivors (1024K)
 Metaspace       used 57947K, committed 58368K, reserved 1105920K
  class space    used 7456K, committed 7680K, reserved 1048576K
}
Event: 98.612 GC heap before
{Heap before GC invocations=45 (full 0):
 garbage-first heap   total 81920K, used 57911K [0x00000000c1600000, 0x0000000100000000)
  region size 1024K, 13 young (13312K), 1 survivors (1024K)
 Metaspace       used 57948K, committed 58368K, reserved 1105920K
  class space    used 7456K, committed 7680K, reserved 1048576K
}
Event: 98.617 GC heap after
{Heap after GC invocations=46 (full 0):
 garbage-first heap   total 81920K, used 50176K [0x00000000c1600000, 0x0000000100000000)
  region size 1024K, 2 young (2048K), 2 survivors (2048K)
 Metaspace       used 57948K, committed 58368K, reserved 1105920K
  class space    used 7456K, committed 7680K, reserved 1048576K
}
Event: 99.252 GC heap before
{Heap before GC invocations=47 (full 0):
 garbage-first heap   total 87040K, used 60416K [0x00000000c1600000, 0x0000000100000000)
  region size 1024K, 14 young (14336K), 2 survivors (2048K)
 Metaspace       used 57954K, committed 58368K, reserved 1105920K
  class space    used 7456K, committed 7680K, reserved 1048576K
}
Event: 99.259 GC heap after
{Heap after GC invocations=48 (full 0):
 garbage-first heap   total 87040K, used 50708K [0x00000000c1600000, 0x0000000100000000)
  region size 1024K, 2 young (2048K), 2 survivors (2048K)
 Metaspace       used 57954K, committed 58368K, reserved 1105920K
  class space    used 7456K, committed 7680K, reserved 1048576K
}
Event: 99.297 GC heap before
{Heap before GC invocations=48 (full 0):
 garbage-first heap   total 87040K, used 52756K [0x00000000c1600000, 0x0000000100000000)
  region size 1024K, 4 young (4096K), 2 survivors (2048K)
 Metaspace       used 57956K, committed 58368K, reserved 1105920K
  class space    used 7456K, committed 7680K, reserved 1048576K
}
Event: 99.301 GC heap after
{Heap after GC invocations=49 (full 0):
 garbage-first heap   total 87040K, used 42376K [0x00000000c1600000, 0x0000000100000000)
  region size 1024K, 1 young (1024K), 1 survivors (1024K)
 Metaspace       used 57956K, committed 58368K, reserved 1105920K
  class space    used 7456K, committed 7680K, reserved 1048576K
}
Event: 105.803 GC heap before
{Heap before GC invocations=49 (full 0):
 garbage-first heap   total 87040K, used 62856K [0x00000000c1600000, 0x0000000100000000)
  region size 1024K, 21 young (21504K), 1 survivors (1024K)
 Metaspace       used 58042K, committed 58496K, reserved 1105920K
  class space    used 7456K, committed 7680K, reserved 1048576K
}
Event: 105.831 GC heap after
{Heap after GC invocations=50 (full 0):
 garbage-first heap   total 174080K, used 48988K [0x00000000c1600000, 0x0000000100000000)
  region size 1024K, 3 young (3072K), 3 survivors (3072K)
 Metaspace       used 58042K, committed 58496K, reserved 1105920K
  class space    used 7456K, committed 7680K, reserved 1048576K
}

Deoptimization events (20 events):
Event: 107.766 Thread 0x000001f47abffd00 DEOPT PACKING pc=0x000001f463baba5f sp=0x00000063212fef80
Event: 107.767 Thread 0x000001f47abffd00 DEOPT UNPACKING pc=0x000001f462ab2b43 sp=0x00000063212fe560 mode 0
Event: 107.773 Thread 0x000001f47abffd00 DEOPT PACKING pc=0x000001f463baba5f sp=0x00000063212fef80
Event: 107.773 Thread 0x000001f47abffd00 DEOPT UNPACKING pc=0x000001f462ab2b43 sp=0x00000063212fe560 mode 0
Event: 107.777 Thread 0x000001f47abffd00 DEOPT PACKING pc=0x000001f463baba5f sp=0x00000063212fef80
Event: 107.777 Thread 0x000001f47abffd00 DEOPT UNPACKING pc=0x000001f462ab2b43 sp=0x00000063212fe560 mode 0
Event: 107.781 Thread 0x000001f47abffd00 DEOPT PACKING pc=0x000001f463babcbd sp=0x00000063212fef80
Event: 107.781 Thread 0x000001f47abffd00 DEOPT UNPACKING pc=0x000001f462ab2b43 sp=0x00000063212fe560 mode 0
Event: 107.788 Thread 0x000001f47abffd00 DEOPT PACKING pc=0x000001f463baba5f sp=0x00000063212fef80
Event: 107.788 Thread 0x000001f47abffd00 DEOPT UNPACKING pc=0x000001f462ab2b43 sp=0x00000063212fe560 mode 0
Event: 107.795 Thread 0x000001f47abffd00 DEOPT PACKING pc=0x000001f463baba5f sp=0x00000063212fef80
Event: 107.795 Thread 0x000001f47abffd00 DEOPT UNPACKING pc=0x000001f462ab2b43 sp=0x00000063212fe560 mode 0
Event: 107.803 Thread 0x000001f47ac04060 DEOPT PACKING pc=0x000001f463baba5f sp=0x0000006322afee50
Event: 107.803 Thread 0x000001f47ac04060 DEOPT UNPACKING pc=0x000001f462ab2b43 sp=0x0000006322afe430 mode 0
Event: 107.817 Thread 0x000001f47abfe9c0 DEOPT PACKING pc=0x000001f463baba5f sp=0x0000006322dfefe0
Event: 107.817 Thread 0x000001f47abfe9c0 DEOPT UNPACKING pc=0x000001f462ab2b43 sp=0x0000006322dfe5c0 mode 0
Event: 123.645 Thread 0x000001f477f4d2e0 Uncommon trap: trap_request=0xfffffff4 fr.pc=0x000001f46a779f68 relative=0x0000000000001248
Event: 123.645 Thread 0x000001f477f4d2e0 Uncommon trap: reason=null_check action=make_not_entrant pc=0x000001f46a779f68 method=org.springframework.beans.factory.support.DefaultSingletonBeanRegistry.getSingleton(Ljava/lang/String;Z)Ljava/lang/Object; @ 90 c2
Event: 123.645 Thread 0x000001f477f4d2e0 DEOPT PACKING pc=0x000001f46a779f68 sp=0x00000063218fd630
Event: 123.646 Thread 0x000001f477f4d2e0 DEOPT UNPACKING pc=0x000001f462ab23a3 sp=0x00000063218fd5d8 mode 2

Classes unloaded (0 events):
No events

Classes redefined (0 events):
No events

Internal exceptions (20 events):
Event: 81.593 Thread 0x000001f477f4d2e0 Exception <a 'java/lang/ClassNotFoundException'{0x00000000c43cb658}: org/springframework/beans/factory/AwareCustomizer> (0x00000000c43cb658) 
thrown [e:\jenkins\tmp\workspace\build\src\src\hotspot\share\classfile\systemDictionary.cpp, line 256]
Event: 81.594 Thread 0x000001f477f4d2e0 Exception <a 'java/lang/ClassNotFoundException'{0x00000000c43d1930}: org/springframework/aop/framework/AopInfrastructureBeanCustomizer> (0x00000000c43d1930) 
thrown [e:\jenkins\tmp\workspace\build\src\src\hotspot\share\classfile\systemDictionary.cpp, line 256]
Event: 81.732 Thread 0x000001f478988070 Exception <a 'java/lang/reflect/InvocationTargetException'{0x00000000c434e9b0}> (0x00000000c434e9b0) 
thrown [e:\jenkins\tmp\workspace\build\src\src\hotspot\share\runtime\reflection.cpp, line 1121]
Event: 82.963 Thread 0x000001f477f4d2e0 Exception <a 'java/lang/NoSuchMethodError'{0x00000000c45b2fb0}: 'java.lang.Object java.lang.invoke.DirectMethodHandle$Holder.newInvokeSpecial(java.lang.Object, long)'> (0x00000000c45b2fb0) 
thrown [e:\jenkins\tmp\workspace\build\src\src\hotspot\share\interpreter\linkResolver.cpp, line 766]
Event: 83.709 Thread 0x000001f478988070 Exception <a 'java/lang/NoSuchMethodError'{0x00000000c41d7aa8}: 'void java.lang.invoke.DirectMethodHandle$Holder.invokeVirtual(java.lang.Object, java.lang.Object)'> (0x00000000c41d7aa8) 
thrown [e:\jenkins\tmp\workspace\build\src\src\hotspot\share\interpreter\linkResolver.cpp, line 766]
Event: 84.300 Thread 0x000001f477f4d2e0 Exception <a 'java/lang/IncompatibleClassChangeError'{0x00000000c4b70130}: Found class java.lang.Object, but interface was expected> (0x00000000c4b70130) 
thrown [e:\jenkins\tmp\workspace\build\src\src\hotspot\share\interpreter\linkResolver.cpp, line 833]
Event: 84.515 Thread 0x000001f477f4d2e0 Exception <a 'java/lang/NoSuchMethodError'{0x00000000c4bb2010}: 'void java.lang.invoke.DirectMethodHandle$Holder.invokeSpecial(java.lang.Object, java.lang.Object, java.lang.Object, java.lang.Object, java.lang.Object, java.lang.Object, java.lang.Object)'> (0x00000000c4bb2010) 
thrown [e:\jenkins\tmp\workspace\build\src\src\hotspot\share\interpreter\linkResolver.cpp, line 766]
Event: 85.036 Thread 0x000001f477f4d2e0 Exception <a 'java/lang/ClassNotFoundException'{0x00000000c4947b00}: java/lang/ObjectCustomizer> (0x00000000c4947b00) 
thrown [e:\jenkins\tmp\workspace\build\src\src\hotspot\share\classfile\systemDictionary.cpp, line 256]
Event: 85.038 Thread 0x000001f477f4d2e0 Exception <a 'java/lang/ClassNotFoundException'{0x00000000c4950130}: org/springframework/security/config/annotation/web/configuration/WebSecurityConfigurationCustomizer> (0x00000000c4950130) 
thrown [e:\jenkins\tmp\workspace\build\src\src\hotspot\share\classfile\systemDictionary.cpp, line 256]
Event: 85.156 Thread 0x000001f477f4d2e0 Exception <a 'java/lang/ClassNotFoundException'{0x00000000c495f3c8}: org/springframework/context/annotation/ImportAwareCustomizer> (0x00000000c495f3c8) 
thrown [e:\jenkins\tmp\workspace\build\src\src\hotspot\share\classfile\systemDictionary.cpp, line 256]
Event: 85.157 Thread 0x000001f477f4d2e0 Exception <a 'java/lang/ClassNotFoundException'{0x00000000c4964b18}: org/springframework/beans/factory/AwareCustomizer> (0x00000000c4964b18) 
thrown [e:\jenkins\tmp\workspace\build\src\src\hotspot\share\classfile\systemDictionary.cpp, line 256]
Event: 85.158 Thread 0x000001f477f4d2e0 Exception <a 'java/lang/ClassNotFoundException'{0x00000000c49695f8}: org/springframework/beans/factory/BeanClassLoaderAwareCustomizer> (0x00000000c49695f8) 
thrown [e:\jenkins\tmp\workspace\build\src\src\hotspot\share\classfile\systemDictionary.cpp, line 256]
Event: 85.159 Thread 0x000001f477f4d2e0 Exception <a 'java/lang/ClassNotFoundException'{0x00000000c496e908}: org/springframework/beans/factory/AwareCustomizer> (0x00000000c496e908) 
thrown [e:\jenkins\tmp\workspace\build\src\src\hotspot\share\classfile\systemDictionary.cpp, line 256]
Event: 85.895 Thread 0x000001f477f4d2e0 Implicit null exception at 0x000001f46a6482c6 to 0x000001f46a64837e
Event: 87.746 Thread 0x000001f477f4d2e0 Exception <a 'java/lang/ClassNotFoundException'{0x00000000c43af428}: java/lang/ObjectCustomizer> (0x00000000c43af428) 
thrown [e:\jenkins\tmp\workspace\build\src\src\hotspot\share\classfile\systemDictionary.cpp, line 256]
Event: 87.747 Thread 0x000001f477f4d2e0 Exception <a 'java/lang/ClassNotFoundException'{0x00000000c43b7a58}: org/springframework/security/config/annotation/web/configuration/HttpSecurityConfigurationCustomizer> (0x00000000c43b7a58) 
thrown [e:\jenkins\tmp\workspace\build\src\src\hotspot\share\classfile\systemDictionary.cpp, line 256]
Event: 90.205 Thread 0x000001f477f4d2e0 Exception <a 'java/lang/NoSuchMethodError'{0x00000000c486bdd0}: 'void java.lang.invoke.DirectMethodHandle$Holder.invokeVirtual(java.lang.Object, java.lang.Object, long)'> (0x00000000c486bdd0) 
thrown [e:\jenkins\tmp\workspace\build\src\src\hotspot\share\interpreter\linkResolver.cpp, line 766]
Event: 91.734 Thread 0x000001f477f4d2e0 Exception <a 'java/lang/IncompatibleClassChangeError'{0x00000000c42ef770}: Found class java.lang.Object, but interface was expected> (0x00000000c42ef770) 
thrown [e:\jenkins\tmp\workspace\build\src\src\hotspot\share\interpreter\linkResolver.cpp, line 833]
Event: 96.614 Thread 0x000001f47abff360 Implicit null exception at 0x000001f46a7a1d6c to 0x000001f46a7a1e20
Event: 123.645 Thread 0x000001f477f4d2e0 Implicit null exception at 0x000001f46a779a17 to 0x000001f46a779f56

VM Operations (20 events):
Event: 110.408 Executing VM operation: Cleanup
Event: 111.168 Executing VM operation: Cleanup done
Event: 112.168 Executing VM operation: Cleanup
Event: 116.948 Executing VM operation: Cleanup done
Event: 117.952 Executing VM operation: Cleanup
Event: 117.953 Executing VM operation: Cleanup done
Event: 118.966 Executing VM operation: Cleanup
Event: 119.377 Executing VM operation: Cleanup done
Event: 120.384 Executing VM operation: Cleanup
Event: 120.384 Executing VM operation: Cleanup done
Event: 122.403 Executing VM operation: Cleanup
Event: 122.403 Executing VM operation: Cleanup done
Event: 123.418 Executing VM operation: Cleanup
Event: 123.436 Executing VM operation: Cleanup done
Event: 123.521 Executing VM operation: HandshakeAllThreads
Event: 123.529 Executing VM operation: HandshakeAllThreads done
Event: 124.362 Executing VM operation: HandshakeAllThreads
Event: 124.516 Executing VM operation: HandshakeAllThreads done
Event: 124.516 Executing VM operation: Cleanup
Event: 124.516 Executing VM operation: Cleanup done

Events (20 events):
Event: 124.548 Thread 0x000001f477010060 flushing nmethod 0x000001f463963490
Event: 124.548 Thread 0x000001f477010060 flushing nmethod 0x000001f463963b90
Event: 124.548 Thread 0x000001f477010060 flushing nmethod 0x000001f463963f10
Event: 124.548 Thread 0x000001f477010060 flushing nmethod 0x000001f463964390
Event: 124.548 Thread 0x000001f477010060 flushing nmethod 0x000001f463964790
Event: 124.548 Thread 0x000001f477010060 flushing nmethod 0x000001f463965a10
Event: 124.548 Thread 0x000001f477010060 flushing nmethod 0x000001f463965d90
Event: 124.548 Thread 0x000001f477010060 flushing nmethod 0x000001f463967210
Event: 124.549 Thread 0x000001f477010060 flushing nmethod 0x000001f46396b210
Event: 124.549 Thread 0x000001f477010060 flushing nmethod 0x000001f46396b590
Event: 124.549 Thread 0x000001f477010060 flushing nmethod 0x000001f46396c690
Event: 124.549 Thread 0x000001f477010060 flushing nmethod 0x000001f46396d290
Event: 124.549 Thread 0x000001f477010060 flushing nmethod 0x000001f46396e790
Event: 124.549 Thread 0x000001f477010060 flushing nmethod 0x000001f463996390
Event: 124.549 Thread 0x000001f477010060 flushing nmethod 0x000001f463997790
Event: 124.549 Thread 0x000001f477010060 flushing nmethod 0x000001f463999790
Event: 124.549 Thread 0x000001f477010060 flushing nmethod 0x000001f46399aa10
Event: 124.549 Thread 0x000001f477010060 flushing nmethod 0x000001f4639ab410
Event: 124.549 Thread 0x000001f477010060 flushing nmethod 0x000001f4639b2410
Event: 124.550 Thread 0x000001f477010060 flushing nmethod 0x000001f4639d3510


Dynamic libraries:
0x00007ff61ea20000 - 0x00007ff61ea2e000 	C:\Users\User\.vscode\extensions\redhat.java-1.6.0-win32-x64\jre\17.0.2-win32-x86_64\bin\java.exe
0x00007ffe28370000 - 0x00007ffe28565000 	C:\Windows\SYSTEM32\ntdll.dll
0x00007ffe27150000 - 0x00007ffe2720d000 	C:\Windows\System32\KERNEL32.DLL
0x00007ffe25ab0000 - 0x00007ffe25d78000 	C:\Windows\System32\KERNELBASE.dll
0x00007ffe26010000 - 0x00007ffe26110000 	C:\Windows\System32\ucrtbase.dll
0x00007ffe1aff0000 - 0x00007ffe1b008000 	C:\Users\User\.vscode\extensions\redhat.java-1.6.0-win32-x64\jre\17.0.2-win32-x86_64\bin\jli.dll
0x00007ffe27210000 - 0x00007ffe273b0000 	C:\Windows\System32\USER32.dll
0x00007ffe25d80000 - 0x00007ffe25da2000 	C:\Windows\System32\win32u.dll
0x00007ffe26bf0000 - 0x00007ffe26c1a000 	C:\Windows\System32\GDI32.dll
0x00007ffe26260000 - 0x00007ffe2636b000 	C:\Windows\System32\gdi32full.dll
0x00007ffe261c0000 - 0x00007ffe2625d000 	C:\Windows\System32\msvcp_win.dll
0x00007ffe0aa00000 - 0x00007ffe0aa19000 	C:\Users\User\.vscode\extensions\redhat.java-1.6.0-win32-x64\jre\17.0.2-win32-x86_64\bin\VCRUNTIME140.dll
0x00007ffe16760000 - 0x00007ffe169fa000 	C:\Windows\WinSxS\amd64_microsoft.windows.common-controls_6595b64144ccf1df_6.0.19041.844_none_ca00b6081b84eb1d\COMCTL32.dll
0x00007ffe278d0000 - 0x00007ffe2796e000 	C:\Windows\System32\msvcrt.dll
0x00007ffe26f80000 - 0x00007ffe26fb0000 	C:\Windows\System32\IMM32.DLL
0x00007ffe210c0000 - 0x00007ffe210cc000 	C:\Users\User\.vscode\extensions\redhat.java-1.6.0-win32-x64\jre\17.0.2-win32-x86_64\bin\vcruntime140_1.dll
0x00007ffdf1830000 - 0x00007ffdf18c1000 	C:\Users\User\.vscode\extensions\redhat.java-1.6.0-win32-x64\jre\17.0.2-win32-x86_64\bin\msvcp140.dll
0x00007ffde05b0000 - 0x00007ffde11f7000 	C:\Users\User\.vscode\extensions\redhat.java-1.6.0-win32-x64\jre\17.0.2-win32-x86_64\bin\server\jvm.dll
0x00007ffe26fc0000 - 0x00007ffe2706c000 	C:\Windows\System32\ADVAPI32.dll
0x00007ffe26620000 - 0x00007ffe266bb000 	C:\Windows\System32\sechost.dll
0x00007ffe27720000 - 0x00007ffe2784b000 	C:\Windows\System32\RPCRT4.dll
0x00007ffe26be0000 - 0x00007ffe26be8000 	C:\Windows\System32\PSAPI.DLL
0x00007ffe14210000 - 0x00007ffe14219000 	C:\Windows\SYSTEM32\WSOCK32.dll
0x00007ffe270e0000 - 0x00007ffe2714b000 	C:\Windows\System32\WS2_32.dll
0x00007ffe17880000 - 0x00007ffe178a7000 	C:\Windows\SYSTEM32\WINMM.dll
0x00007ffe14100000 - 0x00007ffe1410a000 	C:\Windows\SYSTEM32\VERSION.dll
0x00007ffe24340000 - 0x00007ffe24352000 	C:\Windows\SYSTEM32\kernel.appcore.dll
0x00007ffe20950000 - 0x00007ffe2095a000 	C:\Users\User\.vscode\extensions\redhat.java-1.6.0-win32-x64\jre\17.0.2-win32-x86_64\bin\jimage.dll
0x00007ffe24040000 - 0x00007ffe24224000 	C:\Windows\SYSTEM32\DBGHELP.DLL
0x00007ffe12c60000 - 0x00007ffe12c8c000 	C:\Windows\SYSTEM32\dbgcore.DLL
0x00007ffe26140000 - 0x00007ffe261c0000 	C:\Windows\System32\bcryptPrimitives.dll
0x00007ffdff170000 - 0x00007ffdff195000 	C:\Users\User\.vscode\extensions\redhat.java-1.6.0-win32-x64\jre\17.0.2-win32-x86_64\bin\java.dll
0x00007ffe089a0000 - 0x00007ffe089b8000 	C:\Users\User\.vscode\extensions\redhat.java-1.6.0-win32-x64\jre\17.0.2-win32-x86_64\bin\zip.dll
0x00007ffe27be0000 - 0x00007ffe28322000 	C:\Windows\System32\SHELL32.dll
0x00007ffe237f0000 - 0x00007ffe23f80000 	C:\Windows\SYSTEM32\windows.storage.dll
0x00007ffe26c20000 - 0x00007ffe26f75000 	C:\Windows\System32\combase.dll
0x00007ffe25450000 - 0x00007ffe2547c000 	C:\Windows\SYSTEM32\Wldp.dll
0x00007ffe26b30000 - 0x00007ffe26bde000 	C:\Windows\System32\SHCORE.dll
0x00007ffe264f0000 - 0x00007ffe26545000 	C:\Windows\System32\shlwapi.dll
0x00007ffe259f0000 - 0x00007ffe25a0f000 	C:\Windows\SYSTEM32\profapi.dll
0x00007ffe08c40000 - 0x00007ffe08c59000 	C:\Users\User\.vscode\extensions\redhat.java-1.6.0-win32-x64\jre\17.0.2-win32-x86_64\bin\net.dll
0x00007ffe16510000 - 0x00007ffe1661b000 	C:\Windows\SYSTEM32\WINHTTP.dll
0x00007ffe25230000 - 0x00007ffe2529a000 	C:\Windows\system32\mswsock.dll
0x00007ffe06760000 - 0x00007ffe06775000 	C:\Users\User\.vscode\extensions\redhat.java-1.6.0-win32-x64\jre\17.0.2-win32-x86_64\bin\nio.dll
0x00007ffe1cc40000 - 0x00007ffe1cc50000 	C:\Users\User\.vscode\extensions\redhat.java-1.6.0-win32-x64\jre\17.0.2-win32-x86_64\bin\verify.dll
0x00007ffe1bf80000 - 0x00007ffe1bf89000 	C:\Users\User\.vscode\extensions\redhat.java-1.6.0-win32-x64\jre\17.0.2-win32-x86_64\bin\management.dll
0x00007ffe1a7d0000 - 0x00007ffe1a7db000 	C:\Users\User\.vscode\extensions\redhat.java-1.6.0-win32-x64\jre\17.0.2-win32-x86_64\bin\management_ext.dll
0x00007ffe24ef0000 - 0x00007ffe24f2b000 	C:\Windows\SYSTEM32\IPHLPAPI.DLL
0x00007ffe27070000 - 0x00007ffe27078000 	C:\Windows\System32\NSI.dll
0x00007ffe18580000 - 0x00007ffe18597000 	C:\Windows\SYSTEM32\dhcpcsvc6.DLL
0x00007ffe1a640000 - 0x00007ffe1a65d000 	C:\Windows\SYSTEM32\dhcpcsvc.DLL
0x00007ffe24f30000 - 0x00007ffe24ffc000 	C:\Windows\SYSTEM32\DNSAPI.dll
0x00007ffe154f0000 - 0x00007ffe154fa000 	C:\Windows\System32\rasadhlp.dll
0x00007ffe16df0000 - 0x00007ffe16e6f000 	C:\Windows\System32\fwpuclnt.dll
0x00007ffe26110000 - 0x00007ffe26137000 	C:\Windows\System32\bcrypt.dll
0x00007ffe04210000 - 0x00007ffe04227000 	C:\Windows\system32\napinsp.dll
0x00007ffe041f0000 - 0x00007ffe0420b000 	C:\Windows\system32\pnrpnsp.dll
0x00007ffe06720000 - 0x00007ffe06735000 	C:\Windows\system32\wshbth.dll
0x00007ffe20d50000 - 0x00007ffe20d6d000 	C:\Windows\system32\NLAapi.dll
0x00007ffe041d0000 - 0x00007ffe041e2000 	C:\Windows\System32\winrnr.dll
0x00007ffe25490000 - 0x00007ffe254a8000 	C:\Windows\SYSTEM32\CRYPTSP.dll
0x00007ffe24b80000 - 0x00007ffe24bb4000 	C:\Windows\system32\rsaenh.dll
0x00007ffe259b0000 - 0x00007ffe259de000 	C:\Windows\SYSTEM32\USERENV.dll
0x00007ffe253b0000 - 0x00007ffe253bc000 	C:\Windows\SYSTEM32\CRYPTBASE.dll
0x00007ffe20930000 - 0x00007ffe2093e000 	C:\Users\User\.vscode\extensions\redhat.java-1.6.0-win32-x64\jre\17.0.2-win32-x86_64\bin\sunmscapi.dll
0x00007ffe25eb0000 - 0x00007ffe2600f000 	C:\Windows\System32\CRYPT32.dll
0x00007ffe25590000 - 0x00007ffe255b7000 	C:\Windows\SYSTEM32\ncrypt.dll
0x00007ffe25550000 - 0x00007ffe2558b000 	C:\Windows\SYSTEM32\NTASN1.dll

dbghelp: loaded successfully - version: 4.0.5 - missing functions: none
symbol engine: initialized successfully - sym options: 0x614 - pdb path: .;C:\Users\User\.vscode\extensions\redhat.java-1.6.0-win32-x64\jre\17.0.2-win32-x86_64\bin;C:\Windows\SYSTEM32;C:\Windows\WinSxS\amd64_microsoft.windows.common-controls_6595b64144ccf1df_6.0.19041.844_none_ca00b6081b84eb1d;C:\Users\User\.vscode\extensions\redhat.java-1.6.0-win32-x64\jre\17.0.2-win32-x86_64\bin\server

VM Arguments:
jvm_args: -XX:+ShowCodeDetailsInExceptionMessages -Dspring.jmx.enabled=true -Dspring.application.admin.enabled=true -Dspring.boot.project.name=product 
java_command: com.shop.product.ProductApplication
java_class_path (initial): G:\Capgemni assignments\SHOPPING CART\product\target\classes;C:\Users\User\.m2\repository\org\springframework\boot\spring-boot-starter-data-mongodb\2.6.7\spring-boot-starter-data-mongodb-2.6.7.jar;C:\Users\User\.m2\repository\org\springframework\boot\spring-boot-starter\2.6.7\spring-boot-starter-2.6.7.jar;C:\Users\User\.m2\repository\org\springframework\boot\spring-boot-starter-logging\2.6.7\spring-boot-starter-logging-2.6.7.jar;C:\Users\User\.m2\repository\ch\qos\logback\logback-classic\1.2.11\logback-classic-1.2.11.jar;C:\Users\User\.m2\repository\ch\qos\logback\logback-core\1.2.11\logback-core-1.2.11.jar;C:\Users\User\.m2\repository\org\apache\logging\log4j\log4j-to-slf4j\2.17.2\log4j-to-slf4j-2.17.2.jar;C:\Users\User\.m2\repository\org\apache\logging\log4j\log4j-api\2.17.2\log4j-api-2.17.2.jar;C:\Users\User\.m2\repository\org\slf4j\jul-to-slf4j\1.7.36\jul-to-slf4j-1.7.36.jar;C:\Users\User\.m2\repository\jakarta\annotation\jakarta.annotation-api\1.3.5\jakarta.annotation-api-1.3.5.jar;C:\Users\User\.m2\repository\org\yaml\snakeyaml\1.29\snakeyaml-1.29.jar;C:\Users\User\.m2\repository\org\mongodb\mongodb-driver-sync\4.4.2\mongodb-driver-sync-4.4.2.jar;C:\Users\User\.m2\repository\org\mongodb\bson\4.4.2\bson-4.4.2.jar;C:\Users\User\.m2\repository\org\mongodb\mongodb-driver-core\4.4.2\mongodb-driver-core-4.4.2.jar;C:\Users\User\.m2\repository\org\springframework\data\spring-data-mongodb\3.3.4\spring-data-mongodb-3.3.4.jar;C:\Users\User\.m2\repository\org\springframework\spring-tx\5.3.19\spring-tx-5.3.19.jar;C:\Users\User\.m2\repository\org\springframework\spring-context\5.3.19\spring-context-5.3.19.jar;C:\Users\User\.m2\repository\org\springframework\spring-beans\5.3.19\spring-beans-5.3.19.jar;C:\Users\User\.m2\repository\org\springframework\spring-expression\5.3.19\spring-expression-5.3.19.jar;C:\Users\User\.m2\repository\org\springframework\data\spring-data-commons\2.6.4\spring-data-commons-2.6.4.jar;C:\Users\User\.m2\repository\org\slf
Launcher Type: SUN_STANDARD

[Global flags]
     intx CICompilerCount                          = 3                                         {product} {ergonomic}
     uint ConcGCThreads                            = 1                                         {product} {ergonomic}
     uint G1ConcRefinementThreads                  = 4                                         {product} {ergonomic}
   size_t G1HeapRegionSize                         = 1048576                                   {product} {ergonomic}
    uintx GCDrainStackTargetSize                   = 64                                        {product} {ergonomic}
   size_t InitialHeapSize                          = 67108864                                  {product} {ergonomic}
   size_t MarkStackSize                            = 4194304                                   {product} {ergonomic}
   size_t MaxHeapSize                              = 1050673152                                {product} {ergonomic}
   size_t MaxNewSize                               = 630194176                                 {product} {ergonomic}
   size_t MinHeapDeltaBytes                        = 1048576                                   {product} {ergonomic}
   size_t MinHeapSize                              = 8388608                                   {product} {ergonomic}
    uintx NonNMethodCodeHeapSize                   = 5832780                                {pd product} {ergonomic}
    uintx NonProfiledCodeHeapSize                  = 122912730                              {pd product} {ergonomic}
    uintx ProfiledCodeHeapSize                     = 122912730                              {pd product} {ergonomic}
    uintx ReservedCodeCacheSize                    = 251658240                              {pd product} {ergonomic}
     bool SegmentedCodeCache                       = true                                      {product} {ergonomic}
     bool ShowCodeDetailsInExceptionMessages       = true                                   {manageable} {command line}
   size_t SoftMaxHeapSize                          = 1050673152                             {manageable} {ergonomic}
     bool UseCompressedClassPointers               = true                           {product lp64_product} {ergonomic}
     bool UseCompressedOops                        = true                           {product lp64_product} {ergonomic}
     bool UseG1GC                                  = true                                      {product} {ergonomic}
     bool UseLargePagesIndividualAllocation        = false                                  {pd product} {ergonomic}

Logging:
Log output configuration:
 #0: stdout all=warning uptime,level,tags
 #1: stderr all=off uptime,level,tags

Environment Variables:
JAVA_HOME=C:\Program Files\Java\jdk-17.0.2
PATH=C:\Windows\system32;C:\Windows;C:\Windows\System32\Wbem;C:\Windows\System32\WindowsPowerShell\v1.0\;C:\Windows\System32\OpenSSH\;C:\Program Files\Git\cmd;C:\Program Files\Git\mingw64\bin;C:\Program Files\Git\usr\bin;C:\Program Files\Java\jdk-17.0.2\bin;C:\Program Files\nodejs\;C:\ProgramData\chocolatey\bin;;C:\Program Files\Docker\Docker\resources\bin;C:\ProgramData\DockerDesktop\version-bin;C:\Users\User\AppData\Local\Programs\Python\Python310\Scripts\;C:\Users\User\AppData\Local\Programs\Python\Python310\;C:\Users\User\anaconda3;C:\Users\User\anaconda3\Library\mingw-w64\bin;C:\Users\User\anaconda3\Library\usr\bin;C:\Users\User\anaconda3\Library\bin;C:\Users\User\anaconda3\Scripts;C:\Users\User\AppData\Local\Microsoft\WindowsApps;C:\Users\User\AppData\Local\Programs\Microsoft VS Code\bin;C:\MongoDB\mongosh-1.1.9-win32-x64\bin;;C:\Program Files\JetBrains\IntelliJ IDEA Community Edition 2021.3.2\bin;;C:\Users\User\AppData\Roaming\npm
USERNAME=User
LANG=en_US.UTF-8
OS=Windows_NT
PROCESSOR_IDENTIFIER=Intel64 Family 6 Model 142 Stepping 9, GenuineIntel



---------------  S Y S T E M  ---------------

OS:
 Windows 10 , 64 bit Build 19041 (10.0.19041.928)
OS uptime: 8 days 1:29 hours
Hyper-V role detected

CPU: total 4 (initial active 4) (2 cores per cpu, 2 threads per core) family 6 model 142 stepping 9 microcode 0xde, cx8, cmov, fxsr, ht, mmx, 3dnowpref, sse, sse2, sse3, ssse3, sse4.1, sse4.2, popcnt, lzcnt, tsc, tscinvbit, avx, avx2, aes, erms, clmul, bmi1, bmi2, adx, fma, vzeroupper, clflush, clflushopt, hv

Memory: 4k page, system-wide physical 4007M (59M free)
TotalPageFile size 16294M (AvailPageFile size 20M)
current process WorkingSet (physical memory assigned to process): 114M, peak: 219M
current process commit charge ("private bytes"): 368M, peak: 371M

vm_info: OpenJDK 64-Bit Server VM (17.0.2+8) for windows-amd64 JRE (17.0.2+8), built on Jan 20 2022 04:52:34 by "" with MS VC++ 16.7 (VS2019)

END.
