#
# There is insufficient memory for the Java Runtime Environment to continue.
# Native memory allocation (mmap) failed to map 65536 bytes for Failed to commit metaspace.
# Possible reasons:
#   The system is out of physical RAM or swap space
#   The process is running with CompressedOops enabled, and the Java Heap may be blocking the growth of the native heap
# Possible solutions:
#   Reduce memory load on the system
#   Increase physical memory or swap space
#   Check if swap backing store is full
#   Decrease Java heap size (-Xmx/-Xms)
#   Decrease number of Java threads
#   Decrease Java thread stack sizes (-Xss)
#   Set larger code cache with -XX:ReservedCodeCacheSize=
#   JVM is running with Unscaled Compressed Oops mode in which the Java heap is
#     placed in the first 4GB address space. The Java Heap base address is the
#     maximum limit for the native heap growth. Please use -XX:HeapBaseMinAddress
#     to set the Java Heap base and to place the Java Heap above 4GB virtual address.
# This output file may be truncated or incomplete.
#
#  Out of Memory Error (virtualSpaceNode.cpp:110), pid=66240, tid=64460
#
# JRE version: OpenJDK Runtime Environment Temurin-17.0.3+7 (17.0.3+7) (build 17.0.3+7)
# Java VM: OpenJDK 64-Bit Server VM Temurin-17.0.3+7 (17.0.3+7, mixed mode, emulated-client, tiered, compressed oops, compressed class ptrs, g1 gc, windows-amd64)
# No core dump will be written. Minidumps are not enabled by default on client versions of Windows
#

---------------  S U M M A R Y ------------

Command Line: -Dsts.lsp.client=vscode -Dsts.log.file=/dev/null -XX:TieredStopAtLevel=1 -Dspring.config.location=file:c:\Users\User\.vscode\extensions\pivotal.vscode-spring-boot-1.33.0\language-server\BOOT-INF\classes\application.properties org.springframework.ide.vscode.boot.app.BootLanguageServerBootApp

Host: Intel(R) Core(TM) i3-7100U CPU @ 2.40GHz, 4 cores, 3G,  Windows 10 , 64 bit Build 19041 (10.0.19041.928)
Time: Fri Jun 10 06:56:31 2022 India Standard Time elapsed time: 33.497869 seconds (0d 0h 0m 33s)

---------------  T H R E A D  ---------------

Current thread (0x000001ed3016f410):  JavaThread "main" [_thread_in_vm, id=64460, stack(0x0000006528c00000,0x0000006528d00000)]

Stack: [0x0000006528c00000,0x0000006528d00000]
Native frames: (J=compiled Java code, j=interpreted, Vv=VM code, C=native code)
V  [jvm.dll+0x675efa]
V  [jvm.dll+0x830a24]
V  [jvm.dll+0x8321ce]
V  [jvm.dll+0x832833]
V  [jvm.dll+0x2454b5]
V  [jvm.dll+0x82c9cb]
V  [jvm.dll+0x61ab26]
V  [jvm.dll+0x1c046e]
V  [jvm.dll+0x61d471]
V  [jvm.dll+0x61b4c6]
V  [jvm.dll+0x36b4e2]
V  [jvm.dll+0x1e1e3b]
V  [jvm.dll+0x53bba9]
V  [jvm.dll+0x7abbad]
V  [jvm.dll+0x7abb0a]
V  [jvm.dll+0x40ce64]
V  [jvm.dll+0x42075b]
C  [java.dll+0x1657]

Java frames: (J=compiled Java code, j=interpreted, Vv=VM code)
J 1556  java.lang.ClassLoader.defineClass0(Ljava/lang/ClassLoader;Ljava/lang/Class;Ljava/lang/String;[BIILjava/security/ProtectionDomain;ZILjava/lang/Object;)Ljava/lang/Class; java.base@17.0.3 (0 bytes) @ 0x000001ed33151f89 [0x000001ed33151ea0+0x00000000000000e9]
J 1555 c1 java.lang.System$2.defineClass(Ljava/lang/ClassLoader;Ljava/lang/Class;Ljava/lang/String;[BLjava/security/ProtectionDomain;ZILjava/lang/Object;)Ljava/lang/Class; java.base@17.0.3 (21 bytes) @ 0x000001ed3315248c [0x000001ed33152420+0x000000000000006c]
J 1554 c1 java.lang.invoke.MethodHandles$Lookup$ClassDefiner.defineClass(ZLjava/lang/Object;)Ljava/lang/Class; java.base@17.0.3 (97 bytes) @ 0x000001ed33151884 [0x000001ed33151580+0x0000000000000304]
j  java.lang.invoke.InvokerBytecodeGenerator.loadMethod([B)Ljava/lang/invoke/MemberName;+16 java.base@17.0.3
j  java.lang.invoke.InvokerBytecodeGenerator.generateCustomizedCode(Ljava/lang/invoke/LambdaForm;Ljava/lang/invoke/MethodType;)Ljava/lang/invoke/MemberName;+30 java.base@17.0.3
j  java.lang.invoke.LambdaForm.compileToBytecode()V+69 java.base@17.0.3
j  java.lang.invoke.DirectMethodHandle.makePreparedLambdaForm(Ljava/lang/invoke/MethodType;I)Ljava/lang/invoke/LambdaForm;+792 java.base@17.0.3
J 1238 c1 java.lang.invoke.DirectMethodHandle.preparedLambdaForm(Ljava/lang/invoke/MemberName;Z)Ljava/lang/invoke/LambdaForm; java.base@17.0.3 (244 bytes) @ 0x000001ed330cfe3c [0x000001ed330cfbe0+0x000000000000025c]
J 1445 c1 java.lang.invoke.DirectMethodHandle.make(BLjava/lang/Class;Ljava/lang/invoke/MemberName;Ljava/lang/Class;)Ljava/lang/invoke/DirectMethodHandle; java.base@17.0.3 (275 bytes) @ 0x000001ed33123504 [0x000001ed33122f80+0x0000000000000584]
J 1879 c1 java.lang.invoke.MethodHandles$Lookup.getDirectMethodCommon(BLjava/lang/Class;Ljava/lang/invoke/MemberName;ZZLjava/lang/invoke/MethodHandles$Lookup;)Ljava/lang/invoke/MethodHandle; java.base@17.0.3 (280 bytes) @ 0x000001ed331c6a24 [0x000001ed331c6680+0x00000000000003a4]
J 2077 c1 java.lang.invoke.MethodHandles$Lookup.getDirectMethodForConstant(BLjava/lang/Class;Ljava/lang/invoke/MemberName;)Ljava/lang/invoke/MethodHandle; java.base@17.0.3 (72 bytes) @ 0x000001ed3321beb4 [0x000001ed3321bae0+0x00000000000003d4]
J 1439 c1 java.lang.invoke.MethodHandles$Lookup.linkMethodHandleConstant(BLjava/lang/Class;Ljava/lang/String;Ljava/lang/Object;)Ljava/lang/invoke/MethodHandle; java.base@17.0.3 (222 bytes) @ 0x000001ed3311cb74 [0x000001ed3311c600+0x0000000000000574]
J 1438 c1 java.lang.invoke.MethodHandleNatives.linkMethodHandleConstant(Ljava/lang/Class;ILjava/lang/Class;Ljava/lang/String;Ljava/lang/Object;)Ljava/lang/invoke/MethodHandle; java.base@17.0.3 (50 bytes) @ 0x000001ed3311c09c [0x000001ed3311c040+0x000000000000005c]
v  ~StubRoutines::call_stub
j  org.springframework.ide.vscode.boot.app.BootLanguageServerInitializer.afterPropertiesSet()V+227
j  org.springframework.beans.factory.support.AbstractAutowireCapableBeanFactory.invokeInitMethods(Ljava/lang/String;Ljava/lang/Object;Lorg/springframework/beans/factory/support/RootBeanDefinition;)V+106
j  org.springframework.beans.factory.support.AbstractAutowireCapableBeanFactory.initializeBean(Ljava/lang/String;Ljava/lang/Object;Lorg/springframework/beans/factory/support/RootBeanDefinition;)Ljava/lang/Object;+59
j  org.springframework.beans.factory.support.AbstractAutowireCapableBeanFactory.doCreateBean(Ljava/lang/String;Lorg/springframework/beans/factory/support/RootBeanDefinition;[Ljava/lang/Object;)Ljava/lang/Object;+245
j  org.springframework.beans.factory.support.AbstractAutowireCapableBeanFactory.createBean(Ljava/lang/String;Lorg/springframework/beans/factory/support/RootBeanDefinition;[Ljava/lang/Object;)Ljava/lang/Object;+169
j  org.springframework.beans.factory.support.AbstractBeanFactory.lambda$doGetBean$0(Ljava/lang/String;Lorg/springframework/beans/factory/support/RootBeanDefinition;[Ljava/lang/Object;)Ljava/lang/Object;+4
j  org.springframework.beans.factory.support.AbstractBeanFactory$$Lambda$205+0x000000010028d990.getObject()Ljava/lang/Object;+16
j  org.springframework.beans.factory.support.DefaultSingletonBeanRegistry.getSingleton(Ljava/lang/String;Lorg/springframework/beans/factory/ObjectFactory;)Ljava/lang/Object;+132
j  org.springframework.beans.factory.support.AbstractBeanFactory.doGetBean(Ljava/lang/String;Ljava/lang/Class;[Ljava/lang/Object;Z)Ljava/lang/Object;+467
j  org.springframework.beans.factory.support.AbstractBeanFactory.getBean(Ljava/lang/String;)Ljava/lang/Object;+5
j  org.springframework.beans.factory.support.DefaultListableBeanFactory.preInstantiateSingletons()V+248
j  org.springframework.context.support.AbstractApplicationContext.finishBeanFactoryInitialization(Lorg/springframework/beans/factory/config/ConfigurableListableBeanFactory;)V+124
j  org.springframework.context.support.AbstractApplicationContext.refresh()V+54
j  org.springframework.boot.SpringApplication.refresh(Lorg/springframework/context/ConfigurableApplicationContext;)V+1
j  org.springframework.boot.SpringApplication.refresh(Lorg/springframework/context/ApplicationContext;)V+11
j  org.springframework.boot.SpringApplication.refreshContext(Lorg/springframework/context/ConfigurableApplicationContext;)V+19
j  org.springframework.boot.SpringApplication.run([Ljava/lang/String;)Lorg/springframework/context/ConfigurableApplicationContext;+118
j  org.springframework.boot.SpringApplication.run([Ljava/lang/Class;[Ljava/lang/String;)Lorg/springframework/context/ConfigurableApplicationContext;+9
j  org.springframework.boot.SpringApplication.run(Ljava/lang/Class;[Ljava/lang/String;)Lorg/springframework/context/ConfigurableApplicationContext;+9
j  org.springframework.ide.vscode.boot.app.BootLanguageServerBootApp.main([Ljava/lang/String;)V+19
v  ~StubRoutines::call_stub

---------------  P R O C E S S  ---------------

Threads class SMR info:
_java_thread_list=0x000001ed3bb4ffc0, length=11, elements={
0x000001ed3016f410, 0x000001ed3a6fe750, 0x000001ed3a7005d0, 0x000001ed3a73a130,
0x000001ed3a73ddd0, 0x000001ed3a73f790, 0x000001ed3a740140, 0x000001ed3a740af0,
0x000001ed3a7414e0, 0x000001ed3b0e7000, 0x000001ed3b0f3f30
}

Java Threads: ( => current thread )
=>0x000001ed3016f410 JavaThread "main" [_thread_in_vm, id=64460, stack(0x0000006528c00000,0x0000006528d00000)]
  0x000001ed3a6fe750 JavaThread "Reference Handler" daemon [_thread_blocked, id=64912, stack(0x0000006529300000,0x0000006529400000)]
  0x000001ed3a7005d0 JavaThread "Finalizer" daemon [_thread_blocked, id=61328, stack(0x0000006529400000,0x0000006529500000)]
  0x000001ed3a73a130 JavaThread "Signal Dispatcher" daemon [_thread_blocked, id=7536, stack(0x0000006529500000,0x0000006529600000)]
  0x000001ed3a73ddd0 JavaThread "Attach Listener" daemon [_thread_blocked, id=24792, stack(0x0000006529600000,0x0000006529700000)]
  0x000001ed3a73f790 JavaThread "Service Thread" daemon [_thread_blocked, id=66712, stack(0x0000006529700000,0x0000006529800000)]
  0x000001ed3a740140 JavaThread "Monitor Deflation Thread" daemon [_thread_blocked, id=29152, stack(0x0000006529800000,0x0000006529900000)]
  0x000001ed3a740af0 JavaThread "C1 CompilerThread0" daemon [_thread_blocked, id=56484, stack(0x0000006529900000,0x0000006529a00000)]
  0x000001ed3a7414e0 JavaThread "Sweeper thread" daemon [_thread_blocked, id=64356, stack(0x0000006529a00000,0x0000006529b00000)]
  0x000001ed3b0e7000 JavaThread "Notification Thread" daemon [_thread_blocked, id=67208, stack(0x0000006529b00000,0x0000006529c00000)]
  0x000001ed3b0f3f30 JavaThread "Common-Cleaner" daemon [_thread_blocked, id=66832, stack(0x0000006529d00000,0x0000006529e00000)]

Other Threads:
  0x000001ed3a6da1e0 VMThread "VM Thread" [stack: 0x0000006529200000,0x0000006529300000] [id=65576]
  0x000001ed3b0eb4e0 WatcherThread [stack: 0x0000006529c00000,0x0000006529d00000] [id=56540]
  0x000001ed301adc50 GCTaskThread "GC Thread#0" [stack: 0x0000006528d00000,0x0000006528e00000] [id=18132]
  0x000001ed3b7c53e0 GCTaskThread "GC Thread#1" [stack: 0x0000006529e00000,0x0000006529f00000] [id=66096]
  0x000001ed3b7af1b0 GCTaskThread "GC Thread#2" [stack: 0x0000006529f00000,0x000000652a000000] [id=65340]
  0x000001ed3b7ec8e0 GCTaskThread "GC Thread#3" [stack: 0x000000652a000000,0x000000652a100000] [id=59248]
  0x000001ed301b78e0 ConcurrentGCThread "G1 Main Marker" [stack: 0x0000006528e00000,0x0000006528f00000] [id=64312]
  0x000001ed301b82f0 ConcurrentGCThread "G1 Conc#0" [stack: 0x0000006528f00000,0x0000006529000000] [id=62324]
  0x000001ed30207730 ConcurrentGCThread "G1 Refine#0" [stack: 0x0000006529000000,0x0000006529100000] [id=66928]
  0x000001ed30209160 ConcurrentGCThread "G1 Service" [stack: 0x0000006529100000,0x0000006529200000] [id=67412]

Threads with active compile tasks:

VM state: not at safepoint (normal execution)

VM Mutex/Monitor currently owned by a thread:  ([mutex/lock_event])
[0x000001ed2e076b70] Metaspace_lock - owner thread: 0x000001ed3016f410

Heap address: 0x00000000c1600000, size: 1002 MB, Compressed Oops mode: 32-bit

CDS archive(s) not mapped
Compressed class space mapped at: 0x0000000100000000-0x0000000140000000, reserved size: 1073741824
Narrow klass base: 0x0000000000000000, Narrow klass shift: 3, Narrow klass range: 0x140000000

GC Precious Log:
 CPUs: 4 total, 4 available
 Memory: 4007M
 Large Page Support: Disabled
 NUMA Support: Disabled
 Compressed Oops: Enabled (32-bit)
 Heap Region Size: 1M
 Heap Min Capacity: 8M
 Heap Initial Capacity: 64M
 Heap Max Capacity: 1002M
 Pre-touch: Disabled
 Parallel Workers: 4
 Concurrent Workers: 1
 Concurrent Refinement Workers: 4
 Periodic GC: Disabled

Heap:
 garbage-first heap   total 37888K, used 18028K [0x00000000c1600000, 0x0000000100000000)
  region size 1024K, 11 young (11264K), 4 survivors (4096K)
 Metaspace       used 25704K, committed 25984K, reserved 1073152K
  class space    used 3333K, committed 3456K, reserved 1048576K

Heap Regions: E=young(eden), S=young(survivor), O=old, HS=humongous(starts), HC=humongous(continues), CS=collection set, F=free, OA=open archive, CA=closed archive, TAMS=top-at-mark-start (previous, next)
|   0|0x00000000c1600000, 0x00000000c1700000, 0x00000000c1700000|100%| O|  |TAMS 0x00000000c1700000, 0x00000000c1600000| Untracked 
|   1|0x00000000c1700000, 0x00000000c1800000, 0x00000000c1800000|100%| O|  |TAMS 0x00000000c1800000, 0x00000000c1700000| Untracked 
|   2|0x00000000c1800000, 0x00000000c1900000, 0x00000000c1900000|100%| O|  |TAMS 0x00000000c1900000, 0x00000000c1800000| Untracked 
|   3|0x00000000c1900000, 0x00000000c1a00000, 0x00000000c1a00000|100%| O|  |TAMS 0x00000000c1a00000, 0x00000000c1900000| Untracked 
|   4|0x00000000c1a00000, 0x00000000c1b00000, 0x00000000c1b00000|100%| O|  |TAMS 0x00000000c1b00000, 0x00000000c1a00000| Untracked 
|   5|0x00000000c1b00000, 0x00000000c1bf7200, 0x00000000c1c00000| 96%| O|  |TAMS 0x00000000c1bf7200, 0x00000000c1b00000| Untracked 
|   6|0x00000000c1c00000, 0x00000000c1d00000, 0x00000000c1d00000|100%| O|  |TAMS 0x00000000c1c00000, 0x00000000c1c00000| Untracked 
|   7|0x00000000c1d00000, 0x00000000c1e00000, 0x00000000c1e00000|100%| O|  |TAMS 0x00000000c1d00000, 0x00000000c1d00000| Untracked 
|   8|0x00000000c1e00000, 0x00000000c1e13000, 0x00000000c1f00000|  7%| O|  |TAMS 0x00000000c1e00000, 0x00000000c1e00000| Untracked 
|   9|0x00000000c1f00000, 0x00000000c1f00000, 0x00000000c2000000|  0%| F|  |TAMS 0x00000000c1f00000, 0x00000000c1f00000| Untracked 
|  10|0x00000000c2000000, 0x00000000c2090fe0, 0x00000000c2100000| 56%| S|CS|TAMS 0x00000000c2000000, 0x00000000c2000000| Complete 
|  11|0x00000000c2100000, 0x00000000c2200000, 0x00000000c2200000|100%| S|CS|TAMS 0x00000000c2100000, 0x00000000c2100000| Complete 
|  12|0x00000000c2200000, 0x00000000c2300000, 0x00000000c2300000|100%| S|CS|TAMS 0x00000000c2200000, 0x00000000c2200000| Complete 
|  13|0x00000000c2300000, 0x00000000c2400000, 0x00000000c2400000|100%| S|CS|TAMS 0x00000000c2300000, 0x00000000c2300000| Complete 
|  14|0x00000000c2400000, 0x00000000c2400000, 0x00000000c2500000|  0%| F|  |TAMS 0x00000000c2400000, 0x00000000c2400000| Untracked 
|  15|0x00000000c2500000, 0x00000000c2500000, 0x00000000c2600000|  0%| F|  |TAMS 0x00000000c2500000, 0x00000000c2500000| Untracked 
|  16|0x00000000c2600000, 0x00000000c2600000, 0x00000000c2700000|  0%| F|  |TAMS 0x00000000c2600000, 0x00000000c2600000| Untracked 
|  17|0x00000000c2700000, 0x00000000c2700000, 0x00000000c2800000|  0%| F|  |TAMS 0x00000000c2700000, 0x00000000c2700000| Untracked 
|  18|0x00000000c2800000, 0x00000000c2800000, 0x00000000c2900000|  0%| F|  |TAMS 0x00000000c2800000, 0x00000000c2800000| Untracked 
|  19|0x00000000c2900000, 0x00000000c2900000, 0x00000000c2a00000|  0%| F|  |TAMS 0x00000000c2900000, 0x00000000c2900000| Untracked 
|  20|0x00000000c2a00000, 0x00000000c2a00000, 0x00000000c2b00000|  0%| F|  |TAMS 0x00000000c2a00000, 0x00000000c2a00000| Untracked 
|  21|0x00000000c2b00000, 0x00000000c2b00000, 0x00000000c2c00000|  0%| F|  |TAMS 0x00000000c2b00000, 0x00000000c2b00000| Untracked 
|  22|0x00000000c2c00000, 0x00000000c2c00000, 0x00000000c2d00000|  0%| F|  |TAMS 0x00000000c2c00000, 0x00000000c2c00000| Untracked 
|  23|0x00000000c2d00000, 0x00000000c2d00000, 0x00000000c2e00000|  0%| F|  |TAMS 0x00000000c2d00000, 0x00000000c2d00000| Untracked 
|  24|0x00000000c2e00000, 0x00000000c2e00000, 0x00000000c2f00000|  0%| F|  |TAMS 0x00000000c2e00000, 0x00000000c2e00000| Untracked 
|  25|0x00000000c2f00000, 0x00000000c2f00000, 0x00000000c3000000|  0%| F|  |TAMS 0x00000000c2f00000, 0x00000000c2f00000| Untracked 
|  26|0x00000000c3000000, 0x00000000c3000000, 0x00000000c3100000|  0%| F|  |TAMS 0x00000000c3000000, 0x00000000c3000000| Untracked 
|  27|0x00000000c3100000, 0x00000000c3100000, 0x00000000c3200000|  0%| F|  |TAMS 0x00000000c3100000, 0x00000000c3100000| Untracked 
|  28|0x00000000c3200000, 0x00000000c3200000, 0x00000000c3300000|  0%| F|  |TAMS 0x00000000c3200000, 0x00000000c3200000| Untracked 
|  29|0x00000000c3300000, 0x00000000c3300000, 0x00000000c3400000|  0%| F|  |TAMS 0x00000000c3300000, 0x00000000c3300000| Untracked 
|  30|0x00000000c3400000, 0x00000000c3476820, 0x00000000c3500000| 46%| E|  |TAMS 0x00000000c3400000, 0x00000000c3400000| Complete 
|  31|0x00000000c3500000, 0x00000000c3600000, 0x00000000c3600000|100%| E|CS|TAMS 0x00000000c3500000, 0x00000000c3500000| Complete 
|  45|0x00000000c4300000, 0x00000000c4400000, 0x00000000c4400000|100%| E|CS|TAMS 0x00000000c4300000, 0x00000000c4300000| Complete 
|  46|0x00000000c4400000, 0x00000000c4500000, 0x00000000c4500000|100%| E|CS|TAMS 0x00000000c4400000, 0x00000000c4400000| Complete 
|  47|0x00000000c4500000, 0x00000000c4600000, 0x00000000c4600000|100%| E|CS|TAMS 0x00000000c4500000, 0x00000000c4500000| Complete 
|  48|0x00000000c4600000, 0x00000000c4700000, 0x00000000c4700000|100%| E|CS|TAMS 0x00000000c4600000, 0x00000000c4600000| Complete 
|  63|0x00000000c5500000, 0x00000000c5600000, 0x00000000c5600000|100%| E|CS|TAMS 0x00000000c5500000, 0x00000000c5500000| Complete 

Card table byte_map: [0x000001ed35e00000,0x000001ed36000000] _byte_map_base: 0x000001ed357f5000

Marking Bits (Prev, Next): (CMBitMap*) 0x000001ed301af2b0, (CMBitMap*) 0x000001ed301af270
 Prev Bits: [0x000001ed371b0000, 0x000001ed38158000)
 Next Bits: [0x000001ed36200000, 0x000001ed371a8000)

Polling page: 0x000001ed2f950000

Metaspace:

Usage:
  Non-class:     21.85 MB used.
      Class:      3.26 MB used.
       Both:     25.10 MB used.

Virtual space:
  Non-class space:       24.00 MB reserved,      22.00 MB ( 92%) committed,  3 nodes.
      Class space:        1.00 GB reserved,       3.38 MB ( <1%) committed,  1 nodes.
             Both:        1.02 GB reserved,      25.38 MB (  2%) committed. 

Chunk freelists:
   Non-Class:  2.05 MB
       Class:  575.00 KB
        Both:  2.61 MB

MaxMetaspaceSize: unlimited
CompressedClassSpaceSize: 1.00 GB
Initial GC threshold: 21.00 MB
Current GC threshold: 35.12 MB
CDS: off
MetaspaceReclaimPolicy: balanced
 - commit_granule_bytes: 65536.
 - commit_granule_words: 8192.
 - virtual_space_node_default_size: 1048576.
 - enlarge_chunks_in_place: 1.
 - new_chunks_are_fully_committed: 0.
 - uncommit_free_chunks: 1.
 - use_allocation_guard: 0.
 - handle_deallocations: 1.


Internal statistics:

num_allocs_failed_limit: 3.
num_arena_births: 234.
num_arena_deaths: 0.
num_vsnodes_births: 4.
num_vsnodes_deaths: 0.
num_space_committed: 406.
num_space_uncommitted: 0.
num_chunks_returned_to_freelist: 3.
num_chunks_taken_from_freelist: 873.
num_chunk_merges: 0.
num_chunk_splits: 578.
num_chunks_enlarged: 436.
num_purges: 0.
num_inconsistent_stats: 0.

CodeCache: size=49152Kb used=4763Kb max_used=4763Kb free=44388Kb
 bounds [0x000001ed32e00000, 0x000001ed332b0000, 0x000001ed35e00000]
 total_blobs=2928 nmethods=2448 adapters=407
 compilation: enabled
              stopped_count=0, restarted_count=0
 full_count=0

Compilation events (20 events):
Event: 32.473 Thread 0x000001ed3a740af0 2443       1       java.io.FileDescriptor$1::get (5 bytes)
Event: 32.473 Thread 0x000001ed3a740af0 nmethod 2443 0x000001ed332a3a90 code [0x000001ed332a3c20, 0x000001ed332a3cf8]
Event: 32.473 Thread 0x000001ed3a740af0 2444       1       java.io.FileDescriptor$1::getHandle (5 bytes)
Event: 32.474 Thread 0x000001ed3a740af0 nmethod 2444 0x000001ed332a3d90 code [0x000001ed332a3f20, 0x000001ed332a3ff8]
Event: 32.474 Thread 0x000001ed3a740af0 2445       1       java.io.FileCleanable::<init> (18 bytes)
Event: 32.474 Thread 0x000001ed3a740af0 nmethod 2445 0x000001ed332a4090 code [0x000001ed332a4220, 0x000001ed332a4328]
Event: 32.474 Thread 0x000001ed3a740af0 2446  s    1       java.io.FileDescriptor::registerCleanup (27 bytes)
Event: 32.475 Thread 0x000001ed3a740af0 nmethod 2446 0x000001ed332a4390 code [0x000001ed332a4540, 0x000001ed332a47f8]
Event: 32.840 Thread 0x000001ed3a740af0 2447  s    1       java.io.FileDescriptor::attach (73 bytes)
Event: 32.841 Thread 0x000001ed3a740af0 nmethod 2447 0x000001ed332a4910 code [0x000001ed332a4ae0, 0x000001ed332a4fe8]
Event: 33.321 Thread 0x000001ed3a740af0 2448       1       java.lang.StackStreamFactory::isReflectionFrame (48 bytes)
Event: 33.322 Thread 0x000001ed3a740af0 nmethod 2448 0x000001ed332a5210 code [0x000001ed332a53e0, 0x000001ed332a5598]
Event: 33.344 Thread 0x000001ed3a740af0 2449       1       java.lang.invoke.LambdaForm::editor (5 bytes)
Event: 33.344 Thread 0x000001ed3a740af0 nmethod 2449 0x000001ed332a5710 code [0x000001ed332a58a0, 0x000001ed332a5a28]
Event: 33.344 Thread 0x000001ed3a740af0 2452       1       java.lang.invoke.LambdaFormEditor::getInCache (165 bytes)
Event: 33.345 Thread 0x000001ed3a740af0 nmethod 2452 0x000001ed332a5b10 code [0x000001ed332a5d00, 0x000001ed332a61e8]
Event: 33.345 Thread 0x000001ed3a740af0 2450       1       java.lang.invoke.LambdaFormEditor::lambdaFormEditor (12 bytes)
Event: 33.346 Thread 0x000001ed3a740af0 nmethod 2450 0x000001ed332a6510 code [0x000001ed332a66a0, 0x000001ed332a6808]
Event: 33.346 Thread 0x000001ed3a740af0 2451       1       java.lang.invoke.LambdaFormEditor::<init> (10 bytes)
Event: 33.346 Thread 0x000001ed3a740af0 nmethod 2451 0x000001ed332a6910 code [0x000001ed332a6aa0, 0x000001ed332a6bb8]

GC Heap History (10 events):
Event: 5.820 GC heap before
{Heap before GC invocations=0 (full 0):
 garbage-first heap   total 65536K, used 13312K [0x00000000c1600000, 0x0000000100000000)
  region size 1024K, 13 young (13312K), 0 survivors (0K)
 Metaspace       used 8364K, committed 8512K, reserved 1056768K
  class space    used 924K, committed 1024K, reserved 1048576K
}
Event: 6.025 GC heap after
{Heap after GC invocations=1 (full 0):
 garbage-first heap   total 65536K, used 4224K [0x00000000c1600000, 0x0000000100000000)
  region size 1024K, 2 young (2048K), 2 survivors (2048K)
 Metaspace       used 8364K, committed 8512K, reserved 1056768K
  class space    used 924K, committed 1024K, reserved 1048576K
}
Event: 10.963 GC heap before
{Heap before GC invocations=1 (full 0):
 garbage-first heap   total 65536K, used 16512K [0x00000000c1600000, 0x0000000100000000)
  region size 1024K, 14 young (14336K), 2 survivors (2048K)
 Metaspace       used 13408K, committed 13568K, reserved 1064960K
  class space    used 1577K, committed 1664K, reserved 1048576K
}
Event: 10.973 GC heap after
{Heap after GC invocations=2 (full 0):
 garbage-first heap   total 65536K, used 6238K [0x00000000c1600000, 0x0000000100000000)
  region size 1024K, 2 young (2048K), 2 survivors (2048K)
 Metaspace       used 13408K, committed 13568K, reserved 1064960K
  class space    used 1577K, committed 1664K, reserved 1048576K
}
Event: 15.329 GC heap before
{Heap before GC invocations=2 (full 0):
 garbage-first heap   total 65536K, used 25694K [0x00000000c1600000, 0x0000000100000000)
  region size 1024K, 22 young (22528K), 2 survivors (2048K)
 Metaspace       used 19379K, committed 19584K, reserved 1073152K
  class space    used 2412K, committed 2496K, reserved 1048576K
}
Event: 15.344 GC heap after
{Heap after GC invocations=3 (full 0):
 garbage-first heap   total 65536K, used 8315K [0x00000000c1600000, 0x0000000100000000)
  region size 1024K, 3 young (3072K), 3 survivors (3072K)
 Metaspace       used 19379K, committed 19584K, reserved 1073152K
  class space    used 2412K, committed 2496K, reserved 1048576K
}
Event: 19.876 GC heap before
{Heap before GC invocations=3 (full 0):
 garbage-first heap   total 65536K, used 22651K [0x00000000c1600000, 0x0000000100000000)
  region size 1024K, 18 young (18432K), 3 survivors (3072K)
 Metaspace       used 21341K, committed 21504K, reserved 1073152K
  class space    used 2669K, committed 2752K, reserved 1048576K
}
Event: 19.887 GC heap after
{Heap after GC invocations=4 (full 0):
 garbage-first heap   total 65536K, used 9565K [0x00000000c1600000, 0x0000000100000000)
  region size 1024K, 4 young (4096K), 4 survivors (4096K)
 Metaspace       used 21341K, committed 21504K, reserved 1073152K
  class space    used 2669K, committed 2752K, reserved 1048576K
}
Event: 30.315 GC heap before
{Heap before GC invocations=5 (full 0):
 garbage-first heap   total 37888K, used 26973K [0x00000000c1600000, 0x0000000100000000)
  region size 1024K, 23 young (23552K), 4 survivors (4096K)
 Metaspace       used 24162K, committed 24512K, reserved 1073152K
  class space    used 3103K, committed 3264K, reserved 1048576K
}
Event: 30.334 GC heap after
{Heap after GC invocations=6 (full 0):
 garbage-first heap   total 37888K, used 11884K [0x00000000c1600000, 0x0000000100000000)
  region size 1024K, 4 young (4096K), 4 survivors (4096K)
 Metaspace       used 24162K, committed 24512K, reserved 1073152K
  class space    used 3103K, committed 3264K, reserved 1048576K
}

Deoptimization events (6 events):
Event: 7.984 Thread 0x000001ed3016f410 DEOPT PACKING pc=0x000001ed330515f5 sp=0x0000006528cfd7f0
Event: 7.984 Thread 0x000001ed3016f410 DEOPT UNPACKING pc=0x000001ed32e52b43 sp=0x0000006528cfcc60 mode 3
Event: 15.059 Thread 0x000001ed3016f410 DEOPT PACKING pc=0x000001ed3314b519 sp=0x0000006528cfcfa0
Event: 15.059 Thread 0x000001ed3016f410 DEOPT UNPACKING pc=0x000001ed32e52b43 sp=0x0000006528cfc480 mode 3
Event: 31.775 Thread 0x000001ed3016f410 DEOPT PACKING pc=0x000001ed3328d875 sp=0x0000006528cfb7d0
Event: 31.778 Thread 0x000001ed3016f410 DEOPT UNPACKING pc=0x000001ed32e52b43 sp=0x0000006528cfac28 mode 3

Classes unloaded (0 events):
No events

Classes redefined (0 events):
No events

Internal exceptions (20 events):
Event: 15.179 Thread 0x000001ed3016f410 Exception <a 'java/lang/ClassNotFoundException'{0x00000000c4093390}: org/springframework/core/OrderedCustomizer> (0x00000000c4093390) 
thrown [e:\jenkins\tmp\workspace\build\src\src\hotspot\share\classfile\systemDictionary.cpp, line 256]
Event: 15.181 Thread 0x000001ed3016f410 Exception <a 'java/lang/ClassNotFoundException'{0x00000000c4097448}: org/springframework/context/ResourceLoaderAwareCustomizer> (0x00000000c4097448) 
thrown [e:\jenkins\tmp\workspace\build\src\src\hotspot\share\classfile\systemDictionary.cpp, line 256]
Event: 15.183 Thread 0x000001ed3016f410 Exception <a 'java/lang/ClassNotFoundException'{0x00000000c409b718}: org/springframework/beans/factory/AwareCustomizer> (0x00000000c409b718) 
thrown [e:\jenkins\tmp\workspace\build\src\src\hotspot\share\classfile\systemDictionary.cpp, line 256]
Event: 15.184 Thread 0x000001ed3016f410 Exception <a 'java/lang/ClassNotFoundException'{0x00000000c409e958}: org/springframework/beans/factory/BeanClassLoaderAwareCustomizer> (0x00000000c409e958) 
thrown [e:\jenkins\tmp\workspace\build\src\src\hotspot\share\classfile\systemDictionary.cpp, line 256]
Event: 15.187 Thread 0x000001ed3016f410 Exception <a 'java/lang/ClassNotFoundException'{0x00000000c40a2c10}: org/springframework/beans/factory/AwareCustomizer> (0x00000000c40a2c10) 
thrown [e:\jenkins\tmp\workspace\build\src\src\hotspot\share\classfile\systemDictionary.cpp, line 256]
Event: 15.189 Thread 0x000001ed3016f410 Exception <a 'java/lang/ClassNotFoundException'{0x00000000c40a5c30}: org/springframework/context/EnvironmentAwareCustomizer> (0x00000000c40a5c30) 
thrown [e:\jenkins\tmp\workspace\build\src\src\hotspot\share\classfile\systemDictionary.cpp, line 256]
Event: 15.195 Thread 0x000001ed3016f410 Exception <a 'java/lang/ClassNotFoundException'{0x00000000c40a9e58}: org/springframework/beans/factory/AwareCustomizer> (0x00000000c40a9e58) 
thrown [e:\jenkins\tmp\workspace\build\src\src\hotspot\share\classfile\systemDictionary.cpp, line 256]
Event: 16.238 Thread 0x000001ed3016f410 Exception <a 'java/lang/NoSuchMethodError'{0x00000000c5119df0}: 'int java.lang.invoke.DirectMethodHandle$Holder.invokeSpecialIFC(java.lang.Object, java.lang.Object, java.lang.Object, java.lang.Object)'> (0x00000000c5119df0) 
thrown [e:\jenkins\tmp\workspace\build\src\src\hotspot\share\interpreter\linkResolver.cpp, line 766]
Event: 17.328 Thread 0x000001ed3016f410 Exception <a 'java/lang/IncompatibleClassChangeError'{0x00000000c4d061c8}: Found class java.lang.Object, but interface was expected> (0x00000000c4d061c8) 
thrown [e:\jenkins\tmp\workspace\build\src\src\hotspot\share\interpreter\linkResolver.cpp, line 833]
Event: 17.667 Thread 0x000001ed3016f410 Exception <a 'java/lang/NoSuchMethodError'{0x00000000c4c46cb0}: 'void java.lang.invoke.DirectMethodHandle$Holder.invokeInterface(java.lang.Object, java.lang.Object, java.lang.Object, java.lang.Object)'> (0x00000000c4c46cb0) 
thrown [e:\jenkins\tmp\workspace\build\src\src\hotspot\share\interpreter\linkResolver.cpp, line 766]
Event: 21.469 Thread 0x000001ed3016f410 Exception <a 'java/lang/NoSuchMethodError'{0x00000000c35ca900}: 'void java.lang.invoke.DirectMethodHandle$Holder.invokeInterface(java.lang.Object, java.lang.Object, java.lang.Object)'> (0x00000000c35ca900) 
thrown [e:\jenkins\tmp\workspace\build\src\src\hotspot\share\interpreter\linkResolver.cpp, line 766]
Event: 21.670 Thread 0x000001ed3016f410 Exception <a 'java/lang/NoSuchMethodError'{0x00000000c34535b0}: 'java.lang.Object java.lang.invoke.DirectMethodHandle$Holder.invokeStaticInit(java.lang.Object, int, int, int, int)'> (0x00000000c34535b0) 
thrown [e:\jenkins\tmp\workspace\build\src\src\hotspot\share\interpreter\linkResolver.cpp, line 766]
Event: 26.751 Thread 0x000001ed3016f410 Exception <a 'java/lang/NoSuchMethodError'{0x00000000c333f148}: 'java.lang.Object java.lang.invoke.DirectMethodHandle$Holder.invokeStaticInit(java.lang.Object, java.lang.Object, int, int, int, int)'> (0x00000000c333f148) 
thrown [e:\jenkins\tmp\workspace\build\src\src\hotspot\share\interpreter\linkResolver.cpp, line 766]
Event: 27.957 Thread 0x000001ed3016f410 Exception <a 'java/lang/NoSuchMethodError'{0x00000000c2f778a8}: 'int java.lang.invoke.DirectMethodHandle$Holder.invokeVirtual(java.lang.Object, java.lang.Object, java.lang.Object)'> (0x00000000c2f778a8) 
thrown [e:\jenkins\tmp\workspace\build\src\src\hotspot\share\interpreter\linkResolver.cpp, line 766]
Event: 28.600 Thread 0x000001ed3016f410 Exception <a 'java/lang/NoSuchMethodError'{0x00000000c2d75880}: 'java.lang.Object java.lang.invoke.DirectMethodHandle$Holder.newInvokeSpecial(java.lang.Object, java.lang.Object, java.lang.Object, int, java.lang.Object)'> (0x00000000c2d75880) 
thrown [e:\jenkins\tmp\workspace\build\src\src\hotspot\share\interpreter\linkResolver.cpp, line 766]
Event: 28.733 Thread 0x000001ed3016f410 Exception <a 'java/lang/NoSuchMethodError'{0x00000000c2d89b08}: 'void java.lang.invoke.DirectMethodHandle$Holder.invokeSpecialIFC(java.lang.Object, java.lang.Object, java.lang.Object)'> (0x00000000c2d89b08) 
thrown [e:\jenkins\tmp\workspace\build\src\src\hotspot\share\interpreter\linkResolver.cpp, line 766]
Event: 30.825 Thread 0x000001ed3016f410 Exception <a 'java/lang/NoSuchMethodError'{0x00000000c463ce20}: 'void java.lang.invoke.DirectMethodHandle$Holder.invokeVirtual(java.lang.Object, java.lang.Object)'> (0x00000000c463ce20) 
thrown [e:\jenkins\tmp\workspace\build\src\src\hotspot\share\interpreter\linkResolver.cpp, line 766]
Event: 32.201 Thread 0x000001ed3016f410 Exception <a 'java/lang/NoSuchMethodError'{0x00000000c44f5bc8}: 'int java.lang.invoke.DirectMethodHandle$Holder.invokeSpecial(java.lang.Object, java.lang.Object, java.lang.Object, java.lang.Object, java.lang.Object)'> (0x00000000c44f5bc8) 
thrown [e:\jenkins\tmp\workspace\build\src\src\hotspot\share\interpreter\linkResolver.cpp, line 766]
Event: 33.343 Thread 0x000001ed3016f410 Exception <a 'java/lang/IncompatibleClassChangeError'{0x00000000c3428098}: Found class java.lang.Object, but interface was expected> (0x00000000c3428098) 
thrown [e:\jenkins\tmp\workspace\build\src\src\hotspot\share\interpreter\linkResolver.cpp, line 833]
Event: 33.481 Thread 0x000001ed3016f410 Exception <a 'java/lang/NoSuchMethodError'{0x00000000c3460b18}: 'java.lang.Object java.lang.invoke.DirectMethodHandle$Holder.invokeVirtual(java.lang.Object, java.lang.Object, java.lang.Object, java.lang.Object)'> (0x00000000c3460b18) 
thrown [e:\jenkins\tmp\workspace\build\src\src\hotspot\share\interpreter\linkResolver.cpp, line 766]

VM Operations (20 events):
Event: 20.929 Executing VM operation: Cleanup
Event: 20.930 Executing VM operation: Cleanup done
Event: 21.933 Executing VM operation: Cleanup
Event: 21.933 Executing VM operation: Cleanup done
Event: 26.955 Executing VM operation: Cleanup
Event: 26.956 Executing VM operation: Cleanup done
Event: 27.960 Executing VM operation: Cleanup
Event: 27.960 Executing VM operation: Cleanup done
Event: 28.963 Executing VM operation: Cleanup
Event: 28.964 Executing VM operation: Cleanup done
Event: 29.830 Executing VM operation: HandshakeAllThreads
Event: 29.830 Executing VM operation: HandshakeAllThreads done
Event: 30.315 Executing VM operation: G1CollectForAllocation
Event: 30.334 Executing VM operation: G1CollectForAllocation done
Event: 31.337 Executing VM operation: Cleanup
Event: 31.352 Executing VM operation: Cleanup done
Event: 32.360 Executing VM operation: Cleanup
Event: 32.360 Executing VM operation: Cleanup done
Event: 33.375 Executing VM operation: Cleanup
Event: 33.375 Executing VM operation: Cleanup done

Events (20 events):
Event: 29.282 loading class java/util/concurrent/ForkJoinPool$ManagedBlocker done
Event: 29.282 loading class java/util/concurrent/SynchronousQueue$TransferStack$SNode done
Event: 29.533 loading class java/util/concurrent/TimeoutException
Event: 29.533 loading class java/util/concurrent/TimeoutException done
Event: 29.636 loading class java/util/regex/Pattern$Caret
Event: 29.636 loading class java/util/regex/Pattern$Caret done
Event: 29.701 loading class java/io/FileReader
Event: 29.701 loading class java/io/FileReader done
Event: 29.830 loading class java/util/concurrent/Executors$FinalizableDelegatedExecutorService
Event: 29.830 loading class java/util/concurrent/Executors$FinalizableDelegatedExecutorService done
Event: 29.949 loading class sun/reflect/generics/repository/FieldRepository
Event: 29.950 loading class sun/reflect/generics/repository/FieldRepository done
Event: 30.340 loading class org/w3c/dom/Document
Event: 30.340 loading class org/w3c/dom/Document done
Event: 30.842 loading class java/util/concurrent/ConcurrentLinkedQueue
Event: 30.842 loading class java/util/concurrent/ConcurrentLinkedQueue done
Event: 30.843 loading class java/util/concurrent/ConcurrentLinkedQueue$Node
Event: 30.843 loading class java/util/concurrent/ConcurrentLinkedQueue$Node done
Event: 32.330 loading class java/util/concurrent/CompletableFuture$UniAccept
Event: 32.330 loading class java/util/concurrent/CompletableFuture$UniAccept done


Dynamic libraries:
0x00007ff65c480000 - 0x00007ff65c48e000 	c:\Users\User\.vscode\extensions\redhat.java-1.7.0-win32-x64\jre\17.0.3-win32-x86_64\bin\java.exe
0x00007ffda7630000 - 0x00007ffda7825000 	C:\Windows\SYSTEM32\ntdll.dll
0x00007ffda6560000 - 0x00007ffda661d000 	C:\Windows\System32\KERNEL32.DLL
0x00007ffda4fb0000 - 0x00007ffda5278000 	C:\Windows\System32\KERNELBASE.dll
0x00007ffda4eb0000 - 0x00007ffda4fb0000 	C:\Windows\System32\ucrtbase.dll
0x00007ffd97250000 - 0x00007ffd97268000 	c:\Users\User\.vscode\extensions\redhat.java-1.7.0-win32-x64\jre\17.0.3-win32-x86_64\bin\jli.dll
0x00007ffda57b0000 - 0x00007ffda5950000 	C:\Windows\System32\USER32.dll
0x00007ffda4dd0000 - 0x00007ffda4df2000 	C:\Windows\System32\win32u.dll
0x00007ffda7450000 - 0x00007ffda747a000 	C:\Windows\System32\GDI32.dll
0x00007ffda5580000 - 0x00007ffda568b000 	C:\Windows\System32\gdi32full.dll
0x00007ffda54e0000 - 0x00007ffda557d000 	C:\Windows\System32\msvcp_win.dll
0x00007ffd954f0000 - 0x00007ffd95509000 	c:\Users\User\.vscode\extensions\redhat.java-1.7.0-win32-x64\jre\17.0.3-win32-x86_64\bin\VCRUNTIME140.dll
0x00007ffd95b60000 - 0x00007ffd95dfa000 	C:\Windows\WinSxS\amd64_microsoft.windows.common-controls_6595b64144ccf1df_6.0.19041.844_none_ca00b6081b84eb1d\COMCTL32.dll
0x00007ffda73a0000 - 0x00007ffda743e000 	C:\Windows\System32\msvcrt.dll
0x00007ffda6c20000 - 0x00007ffda6c50000 	C:\Windows\System32\IMM32.DLL
0x00007ffd9bf20000 - 0x00007ffd9bf2c000 	c:\Users\User\.vscode\extensions\redhat.java-1.7.0-win32-x64\jre\17.0.3-win32-x86_64\bin\vcruntime140_1.dll
0x00007ffd5dc10000 - 0x00007ffd5dca1000 	c:\Users\User\.vscode\extensions\redhat.java-1.7.0-win32-x64\jre\17.0.3-win32-x86_64\bin\msvcp140.dll
0x00007ffd39af0000 - 0x00007ffd3a738000 	c:\Users\User\.vscode\extensions\redhat.java-1.7.0-win32-x64\jre\17.0.3-win32-x86_64\bin\server\jvm.dll
0x00007ffda6f70000 - 0x00007ffda701c000 	C:\Windows\System32\ADVAPI32.dll
0x00007ffda6c50000 - 0x00007ffda6ceb000 	C:\Windows\System32\sechost.dll
0x00007ffda5bb0000 - 0x00007ffda5cdb000 	C:\Windows\System32\RPCRT4.dll
0x00007ffda7440000 - 0x00007ffda7448000 	C:\Windows\System32\PSAPI.DLL
0x00007ffd93660000 - 0x00007ffd93669000 	C:\Windows\SYSTEM32\WSOCK32.dll
0x00007ffda6430000 - 0x00007ffda649b000 	C:\Windows\System32\WS2_32.dll
0x00007ffd975e0000 - 0x00007ffd97607000 	C:\Windows\SYSTEM32\WINMM.dll
0x00007ffd93120000 - 0x00007ffd9312a000 	C:\Windows\SYSTEM32\VERSION.dll
0x00007ffda3600000 - 0x00007ffda3612000 	C:\Windows\SYSTEM32\kernel.appcore.dll
0x00007ffd9af90000 - 0x00007ffd9af9a000 	c:\Users\User\.vscode\extensions\redhat.java-1.7.0-win32-x64\jre\17.0.3-win32-x86_64\bin\jimage.dll
0x00007ffda3310000 - 0x00007ffda34f4000 	C:\Windows\SYSTEM32\DBGHELP.DLL
0x00007ffd921f0000 - 0x00007ffd9221c000 	C:\Windows\SYSTEM32\dbgcore.DLL
0x00007ffda5300000 - 0x00007ffda5380000 	C:\Windows\System32\bcryptPrimitives.dll
0x00007ffd833c0000 - 0x00007ffd833e5000 	c:\Users\User\.vscode\extensions\redhat.java-1.7.0-win32-x64\jre\17.0.3-win32-x86_64\bin\java.dll
0x00007ffd8ac70000 - 0x00007ffd8ac88000 	c:\Users\User\.vscode\extensions\redhat.java-1.7.0-win32-x64\jre\17.0.3-win32-x86_64\bin\zip.dll
0x00007ffda5ce0000 - 0x00007ffda6422000 	C:\Windows\System32\SHELL32.dll
0x00007ffda2ab0000 - 0x00007ffda3240000 	C:\Windows\SYSTEM32\windows.storage.dll
0x00007ffda7040000 - 0x00007ffda7395000 	C:\Windows\System32\combase.dll
0x00007ffda4710000 - 0x00007ffda473c000 	C:\Windows\SYSTEM32\Wldp.dll
0x00007ffda64b0000 - 0x00007ffda655e000 	C:\Windows\System32\SHCORE.dll
0x00007ffda6e40000 - 0x00007ffda6e95000 	C:\Windows\System32\shlwapi.dll
0x00007ffda4cb0000 - 0x00007ffda4ccf000 	C:\Windows\SYSTEM32\profapi.dll
0x00007ffd7dd40000 - 0x00007ffd7dd59000 	C:\Users\User\.vscode\extensions\redhat.java-1.7.0-win32-x64\jre\17.0.3-win32-x86_64\bin\net.dll
0x00007ffd96490000 - 0x00007ffd9659b000 	C:\Windows\SYSTEM32\WINHTTP.dll
0x00007ffda44f0000 - 0x00007ffda455a000 	C:\Windows\system32\mswsock.dll
0x00007ffd7d210000 - 0x00007ffd7d225000 	C:\Users\User\.vscode\extensions\redhat.java-1.7.0-win32-x64\jre\17.0.3-win32-x86_64\bin\nio.dll
0x00007ffd96a20000 - 0x00007ffd96a30000 	c:\Users\User\.vscode\extensions\redhat.java-1.7.0-win32-x64\jre\17.0.3-win32-x86_64\bin\verify.dll
0x00007ffda0070000 - 0x00007ffda0079000 	C:\Users\User\.vscode\extensions\redhat.java-1.7.0-win32-x64\jre\17.0.3-win32-x86_64\bin\management.dll
0x00007ffd9c190000 - 0x00007ffd9c19b000 	C:\Users\User\.vscode\extensions\redhat.java-1.7.0-win32-x64\jre\17.0.3-win32-x86_64\bin\management_ext.dll
0x00007ffd856c0000 - 0x00007ffd856d7000 	C:\Windows\system32\napinsp.dll
0x00007ffd856a0000 - 0x00007ffd856bb000 	C:\Windows\system32\pnrpnsp.dll
0x00007ffd85680000 - 0x00007ffd85695000 	C:\Windows\system32\wshbth.dll
0x00007ffd9ffc0000 - 0x00007ffd9ffdd000 	C:\Windows\system32\NLAapi.dll
0x00007ffda41b0000 - 0x00007ffda41eb000 	C:\Windows\SYSTEM32\IPHLPAPI.DLL
0x00007ffda4200000 - 0x00007ffda42cc000 	C:\Windows\SYSTEM32\DNSAPI.dll
0x00007ffda64a0000 - 0x00007ffda64a8000 	C:\Windows\System32\NSI.dll
0x00007ffd85660000 - 0x00007ffd85672000 	C:\Windows\System32\winrnr.dll
0x00007ffd96450000 - 0x00007ffd9645a000 	C:\Windows\System32\rasadhlp.dll
0x00007ffd96030000 - 0x00007ffd960af000 	C:\Windows\System32\fwpuclnt.dll
0x00007ffda52d0000 - 0x00007ffda52f7000 	C:\Windows\System32\bcrypt.dll
0x00007ffda4750000 - 0x00007ffda4768000 	C:\Windows\SYSTEM32\CRYPTSP.dll
0x00007ffda3e40000 - 0x00007ffda3e74000 	C:\Windows\system32\rsaenh.dll
0x00007ffda4c70000 - 0x00007ffda4c9e000 	C:\Windows\SYSTEM32\USERENV.dll
0x00007ffda4670000 - 0x00007ffda467c000 	C:\Windows\SYSTEM32\CRYPTBASE.dll
0x00007ffd9c440000 - 0x00007ffd9c457000 	C:\Windows\SYSTEM32\dhcpcsvc6.DLL
0x00007ffd9c3c0000 - 0x00007ffd9c3dd000 	C:\Windows\SYSTEM32\dhcpcsvc.DLL

dbghelp: loaded successfully - version: 4.0.5 - missing functions: none
symbol engine: initialized successfully - sym options: 0x614 - pdb path: .;c:\Users\User\.vscode\extensions\redhat.java-1.7.0-win32-x64\jre\17.0.3-win32-x86_64\bin;C:\Windows\SYSTEM32;C:\Windows\WinSxS\amd64_microsoft.windows.common-controls_6595b64144ccf1df_6.0.19041.844_none_ca00b6081b84eb1d;c:\Users\User\.vscode\extensions\redhat.java-1.7.0-win32-x64\jre\17.0.3-win32-x86_64\bin\server

VM Arguments:
jvm_args: -Dsts.lsp.client=vscode -Dsts.log.file=/dev/null -XX:TieredStopAtLevel=1 -Dspring.config.location=file:c:\Users\User\.vscode\extensions\pivotal.vscode-spring-boot-1.33.0\language-server\BOOT-INF\classes\application.properties 
java_command: org.springframework.ide.vscode.boot.app.BootLanguageServerBootApp
java_class_path (initial): c:\Users\User\.vscode\extensions\pivotal.vscode-spring-boot-1.33.0\language-server\BOOT-INF\classes;c:\Users\User\.vscode\extensions\pivotal.vscode-spring-boot-1.33.0\language-server\BOOT-INF\lib\antlr4-runtime-4.5.3.jar;c:\Users\User\.vscode\extensions\pivotal.vscode-spring-boot-1.33.0\language-server\BOOT-INF\lib\byte-buddy-1.10.18.jar;c:\Users\User\.vscode\extensions\pivotal.vscode-spring-boot-1.33.0\language-server\BOOT-INF\lib\commons-codec-1.14.jar;c:\Users\User\.vscode\extensions\pivotal.vscode-spring-boot-1.33.0\language-server\BOOT-INF\lib\commons-io-2.4.jar;c:\Users\User\.vscode\extensions\pivotal.vscode-spring-boot-1.33.0\language-server\BOOT-INF\lib\commons-java-1.33.0-SNAPSHOT.jar;c:\Users\User\.vscode\extensions\pivotal.vscode-spring-boot-1.33.0\language-server\BOOT-INF\lib\commons-lang3-3.10.jar;c:\Users\User\.vscode\extensions\pivotal.vscode-spring-boot-1.33.0\language-server\BOOT-INF\lib\commons-language-server-1.33.0-SNAPSHOT.jar;c:\Users\User\.vscode\extensions\pivotal.vscode-spring-boot-1.33.0\language-server\BOOT-INF\lib\commons-lsp-extensions-1.33.0-SNAPSHOT.jar;c:\Users\User\.vscode\extensions\pivotal.vscode-spring-boot-1.33.0\language-server\BOOT-INF\lib\commons-util-1.33.0-SNAPSHOT.jar;c:\Users\User\.vscode\extensions\pivotal.vscode-spring-boot-1.33.0\language-server\BOOT-INF\lib\commons-yaml-1.33.0-SNAPSHOT.jar;c:\Users\User\.vscode\extensions\pivotal.vscode-spring-boot-1.33.0\language-server\BOOT-INF\lib\gson-2.8.6.jar;c:\Users\User\.vscode\extensions\pivotal.vscode-spring-boot-1.33.0\language-server\BOOT-INF\lib\guava-19.0.jar;c:\Users\User\.vscode\extensions\pivotal.vscode-spring-boot-1.33.0\language-server\BOOT-INF\lib\jakarta.annotation-api-1.3.5.jar;c:\Users\User\.vscode\extensions\pivotal.vscode-spring-boot-1.33.0\language-server\BOOT-INF\lib\jandex-2.0.5.Final.jar;c:\Users\User\.vscode\extensions\pivotal.vscode-spring-boot-1.33.0\language-server\BOOT-INF\lib\java-properties-1.33.0-SNAPSHOT.jar;c:\Users\U
Launcher Type: SUN_STANDARD

[Global flags]
     intx CICompilerCount                          = 3                                         {product} {ergonomic}
     uint ConcGCThreads                            = 1                                         {product} {ergonomic}
     uint G1ConcRefinementThreads                  = 4                                         {product} {ergonomic}
   size_t G1HeapRegionSize                         = 1048576                                   {product} {ergonomic}
    uintx GCDrainStackTargetSize                   = 64                                        {product} {ergonomic}
   size_t InitialHeapSize                          = 67108864                                  {product} {ergonomic}
   size_t MarkStackSize                            = 4194304                                   {product} {ergonomic}
   size_t MaxHeapSize                              = 1050673152                                {product} {ergonomic}
   size_t MaxNewSize                               = 630194176                                 {product} {ergonomic}
   size_t MinHeapDeltaBytes                        = 1048576                                   {product} {ergonomic}
   size_t MinHeapSize                              = 8388608                                   {product} {ergonomic}
    uintx NonProfiledCodeHeapSize                  = 0                                      {pd product} {ergonomic}
     bool ProfileInterpreter                       = false                                  {pd product} {command line}
    uintx ProfiledCodeHeapSize                     = 0                                      {pd product} {ergonomic}
   size_t SoftMaxHeapSize                          = 1050673152                             {manageable} {ergonomic}
     intx TieredStopAtLevel                        = 1                                         {product} {command line}
     bool UseCompressedClassPointers               = true                           {product lp64_product} {ergonomic}
     bool UseCompressedOops                        = true                           {product lp64_product} {ergonomic}
     bool UseG1GC                                  = true                                      {product} {ergonomic}
     bool UseLargePagesIndividualAllocation        = false                                  {pd product} {ergonomic}

Logging:
Log output configuration:
 #0: stdout all=warning uptime,level,tags
 #1: stderr all=off uptime,level,tags

Environment Variables:
JAVA_HOME=C:\Program Files\Java\jdk-17.0.2
PATH=C:\Windows\system32;C:\Windows;C:\Windows\System32\Wbem;C:\Windows\System32\WindowsPowerShell\v1.0\;C:\Windows\System32\OpenSSH\;C:\Program Files\Git\cmd;C:\Program Files\Git\mingw64\bin;C:\Program Files\Git\usr\bin;C:\Program Files\Java\jdk-17.0.2\bin;C:\Program Files\nodejs\;C:\ProgramData\chocolatey\bin;;C:\Program Files\Docker\Docker\resources\bin;C:\ProgramData\DockerDesktop\version-bin;C:\Users\User\AppData\Local\Programs\Python\Python310\Scripts\;C:\Users\User\AppData\Local\Programs\Python\Python310\;C:\Users\User\anaconda3;C:\Users\User\anaconda3\Library\mingw-w64\bin;C:\Users\User\anaconda3\Library\usr\bin;C:\Users\User\anaconda3\Library\bin;C:\Users\User\anaconda3\Scripts;C:\Users\User\AppData\Local\Microsoft\WindowsApps;C:\Users\User\AppData\Local\Programs\Microsoft VS Code\bin;C:\MongoDB\mongosh-1.1.9-win32-x64\bin;;C:\Program Files\JetBrains\IntelliJ IDEA Community Edition 2021.3.2\bin;;C:\Users\User\AppData\Roaming\npm
USERNAME=User
OS=Windows_NT
PROCESSOR_IDENTIFIER=Intel64 Family 6 Model 142 Stepping 9, GenuineIntel



---------------  S Y S T E M  ---------------

OS:
 Windows 10 , 64 bit Build 19041 (10.0.19041.928)
OS uptime: 4 days 20:06 hours
Hyper-V role detected

CPU: total 4 (initial active 4) (2 cores per cpu, 2 threads per core) family 6 model 142 stepping 9 microcode 0xde, cx8, cmov, fxsr, ht, mmx, 3dnowpref, sse, sse2, sse3, ssse3, sse4.1, sse4.2, popcnt, lzcnt, tsc, tscinvbit, avx, avx2, aes, erms, clmul, bmi1, bmi2, adx, fma, vzeroupper, clflush, clflushopt, hv

Memory: 4k page, system-wide physical 4007M (76M free)
TotalPageFile size 16295M (AvailPageFile size 0M)
current process WorkingSet (physical memory assigned to process): 85M, peak: 92M
current process commit charge ("private bytes"): 129M, peak: 151M

vm_info: OpenJDK 64-Bit Server VM (17.0.3+7) for windows-amd64 JRE (17.0.3+7), built on Apr 19 2022 16:55:35 by "" with MS VC++ 16.7 (VS2019)

END.
