SonarQube plugins:
  - Python Code Quality and Security 3.13.0.9611 (python)
  - Go Code Quality and Security 1.9.0.3429 (go)
  - JaCoCo 1.1.1.1157 (jacoco)
  - Kotlin Code Quality and Security 2.9.0.1147 (kotlin)
  - IaC Code Quality and Security 1.7.0.2012 (iac)
  - JavaScript/TypeScript/CSS Code Quality and Security 9.3.0.18033 (javascript)
  - Ruby Code Quality and Security 1.9.0.3429 (ruby)
  - Scala Code Quality and Security 1.9.0.3429 (sonarscala)
  - C# Code Quality and Security 8.40.0.48530 (csharp)
  - Java Code Quality and Security 7.12.0.29739 (java)
  - HTML Code Quality and Security 3.6.0.3106 (web)
  - Flex Code Quality and Security 2.7.0.2865 (flex)
  - XML Code Quality and Security 2.5.0.3376 (xml)
  - PHP Code Quality and Security 3.23.1.8766 (php)
  - Text file Code Quality and Security 1.1.0.282 (text)
  - VB.NET Code Quality and Security 8.40.0.48530 (vbnet)
  - Configuration detection fot Code Quality and Security 1.2.0.267 (config)
Global server settings:
  - sonar.core.id=147B411E-AYHiRGFGTXeY5nAz_gPT
  - sonar.core.startTime=2022-07-11T09:41:50+0530
  - sonar.forceAuthentication=true
Project server settings:
Project scanner properties:
  - sonar.binaries=D:\shop cart\Case-study-shopping-cart-main\Case-study-shopping-cart-main\user\target\classes
  - sonar.groovy.binaries=D:\shop cart\Case-study-shopping-cart-main\Case-study-shopping-cart-main\user\target\classes
  - sonar.host.url=http://localhost:9000
  - sonar.java.binaries=D:\shop cart\Case-study-shopping-cart-main\Case-study-shopping-cart-main\user\target\classes
  - sonar.java.libraries=C:\Users\Rushikesh\.m2\repository\org\springframework\boot\spring-boot-starter-data-mongodb\2.6.7\spring-boot-starter-data-mongodb-2.6.7.jar,C:\Users\Rushikesh\.m2\repository\org\springframework\boot\spring-boot-starter\2.6.7\spring-boot-starter-2.6.7.jar,C:\Users\Rushikesh\.m2\repository\org\springframework\boot\spring-boot-starter-logging\2.6.7\spring-boot-starter-logging-2.6.7.jar,C:\Users\Rushikesh\.m2\repository\ch\qos\logback\logback-classic\1.2.11\logback-classic-1.2.11.jar,C:\Users\Rushikesh\.m2\repository\ch\qos\logback\logback-core\1.2.11\logback-core-1.2.11.jar,C:\Users\Rushikesh\.m2\repository\org\apache\logging\log4j\log4j-to-slf4j\2.17.2\log4j-to-slf4j-2.17.2.jar,C:\Users\Rushikesh\.m2\repository\org\apache\logging\log4j\log4j-api\2.17.2\log4j-api-2.17.2.jar,C:\Users\Rushikesh\.m2\repository\org\slf4j\jul-to-slf4j\1.7.36\jul-to-slf4j-1.7.36.jar,C:\Users\Rushikesh\.m2\repository\jakarta\annotation\jakarta.annotation-api\1.3.5\jakarta.annotation-api-1.3.5.jar,C:\Users\Ru...
  - sonar.java.source=17
  - sonar.java.target=17
  - sonar.java.test.binaries=D:\shop cart\Case-study-shopping-cart-main\Case-study-shopping-cart-main\user\target\test-classes
  - sonar.java.test.libraries=D:\shop cart\Case-study-shopping-cart-main\Case-study-shopping-cart-main\user\target\classes,C:\Users\Rushikesh\.m2\repository\org\springframework\boot\spring-boot-starter-data-mongodb\2.6.7\spring-boot-starter-data-mongodb-2.6.7.jar,C:\Users\Rushikesh\.m2\repository\org\springframework\boot\spring-boot-starter\2.6.7\spring-boot-starter-2.6.7.jar,C:\Users\Rushikesh\.m2\repository\org\springframework\boot\spring-boot-starter-logging\2.6.7\spring-boot-starter-logging-2.6.7.jar,C:\Users\Rushikesh\.m2\repository\ch\qos\logback\logback-classic\1.2.11\logback-classic-1.2.11.jar,C:\Users\Rushikesh\.m2\repository\ch\qos\logback\logback-core\1.2.11\logback-core-1.2.11.jar,C:\Users\Rushikesh\.m2\repository\org\apache\logging\log4j\log4j-to-slf4j\2.17.2\log4j-to-slf4j-2.17.2.jar,C:\Users\Rushikesh\.m2\repository\org\apache\logging\log4j\log4j-api\2.17.2\log4j-api-2.17.2.jar,C:\Users\Rushikesh\.m2\repository\org\slf4j\jul-to-slf4j\1.7.36\jul-to-slf4j-1.7.36.jar,C:\Users\Rushikesh\.m2\repository...
  - sonar.libraries=C:\Users\Rushikesh\.m2\repository\org\springframework\boot\spring-boot-starter-data-mongodb\2.6.7\spring-boot-starter-data-mongodb-2.6.7.jar,C:\Users\Rushikesh\.m2\repository\org\springframework\boot\spring-boot-starter\2.6.7\spring-boot-starter-2.6.7.jar,C:\Users\Rushikesh\.m2\repository\org\springframework\boot\spring-boot-starter-logging\2.6.7\spring-boot-starter-logging-2.6.7.jar,C:\Users\Rushikesh\.m2\repository\ch\qos\logback\logback-classic\1.2.11\logback-classic-1.2.11.jar,C:\Users\Rushikesh\.m2\repository\ch\qos\logback\logback-core\1.2.11\logback-core-1.2.11.jar,C:\Users\Rushikesh\.m2\repository\org\apache\logging\log4j\log4j-to-slf4j\2.17.2\log4j-to-slf4j-2.17.2.jar,C:\Users\Rushikesh\.m2\repository\org\apache\logging\log4j\log4j-api\2.17.2\log4j-api-2.17.2.jar,C:\Users\Rushikesh\.m2\repository\org\slf4j\jul-to-slf4j\1.7.36\jul-to-slf4j-1.7.36.jar,C:\Users\Rushikesh\.m2\repository\jakarta\annotation\jakarta.annotation-api\1.3.5\jakarta.annotation-api-1.3.5.jar,C:\Users\Ru...
  - sonar.links.ci=
  - sonar.links.homepage=https://spring.io/projects/spring-boot/user
  - sonar.links.issue=
  - sonar.links.scm=https://github.com/spring-projects/spring-boot/user
  - sonar.links.scm_dev=
  - sonar.login=******
  - sonar.moduleKey=com.shop:user
  - sonar.projectBaseDir=D:\shop cart\Case-study-shopping-cart-main\Case-study-shopping-cart-main\user
  - sonar.projectBuildDir=D:\shop cart\Case-study-shopping-cart-main\Case-study-shopping-cart-main\user\target
  - sonar.projectDescription=Demo project for Spring Boot
  - sonar.projectKey=com.shop:user
  - sonar.projectName=user
  - sonar.projectVersion=0.0.1-SNAPSHOT
  - sonar.scanner.app=ScannerMaven
  - sonar.scanner.appVersion=3.8.0.2131/3.8.4
  - sonar.sourceEncoding=UTF-8
  - sonar.sources=D:\shop cart\Case-study-shopping-cart-main\Case-study-shopping-cart-main\user\pom.xml,D:\shop cart\Case-study-shopping-cart-main\Case-study-shopping-cart-main\user\src\main\java
  - sonar.tests=D:\shop cart\Case-study-shopping-cart-main\Case-study-shopping-cart-main\user\src\test\java
  - sonar.working.directory=D:\shop cart\Case-study-shopping-cart-main\Case-study-shopping-cart-main\user\target\sonar
