#
# There is insufficient memory for the Java Runtime Environment to continue.
# Native memory allocation (malloc) failed to allocate 2097152 bytes for AllocateHeap
# Possible reasons:
#   The system is out of physical RAM or swap space
#   The process is running with CompressedOops enabled, and the Java Heap may be blocking the growth of the native heap
# Possible solutions:
#   Reduce memory load on the system
#   Increase physical memory or swap space
#   Check if swap backing store is full
#   Decrease Java heap size (-Xmx/-Xms)
#   Decrease number of Java threads
#   Decrease Java thread stack sizes (-Xss)
#   Set larger code cache with -XX:ReservedCodeCacheSize=
#   JVM is running with Unscaled Compressed Oops mode in which the Java heap is
#     placed in the first 4GB address space. The Java Heap base address is the
#     maximum limit for the native heap growth. Please use -XX:HeapBaseMinAddress
#     to set the Java Heap base and to place the Java Heap above 4GB virtual address.
# This output file may be truncated or incomplete.
#
#  Out of Memory Error (allocation.cpp:44), pid=88044, tid=77200
#
# JRE version: OpenJDK Runtime Environment Temurin-17.0.2+8 (17.0.2+8) (build 17.0.2+8)
# Java VM: OpenJDK 64-Bit Server VM Temurin-17.0.2+8 (17.0.2+8, mixed mode, emulated-client, tiered, compressed oops, compressed class ptrs, g1 gc, windows-amd64)
# No core dump will be written. Minidumps are not enabled by default on client versions of Windows
#

---------------  S U M M A R Y ------------

Command Line: -Dsts.lsp.client=vscode -Dsts.log.file=/dev/null -XX:TieredStopAtLevel=1 -Dspring.config.location=file:c:\Users\User\.vscode\extensions\pivotal.vscode-spring-boot-1.33.0\language-server\BOOT-INF\classes\application.properties org.springframework.ide.vscode.boot.app.BootLanguageServerBootApp

Host: Intel(R) Core(TM) i3-7100U CPU @ 2.40GHz, 4 cores, 3G,  Windows 10 , 64 bit Build 19041 (10.0.19041.928)
Time: Fri May 20 13:53:38 2022 India Standard Time elapsed time: 9810.946539 seconds (0d 2h 43m 30s)

---------------  T H R E A D  ---------------

Current thread (0x000002eb7f69e1b0):  VMThread "VM Thread" [stack: 0x000000fa60700000,0x000000fa60800000] [id=77200]

Stack: [0x000000fa60700000,0x000000fa60800000]
Native frames: (J=compiled Java code, j=interpreted, Vv=VM code, C=native code)
V  [jvm.dll+0x67564a]
V  [jvm.dll+0x82fc04]
V  [jvm.dll+0x8313ae]
V  [jvm.dll+0x831a13]
V  [jvm.dll+0x245235]
V  [jvm.dll+0xa6393]
V  [jvm.dll+0x2f52c1]
V  [jvm.dll+0x2f0f70]
V  [jvm.dll+0x2d96c7]
V  [jvm.dll+0x31c6b7]
V  [jvm.dll+0x835ebb]
V  [jvm.dll+0x836bf4]
V  [jvm.dll+0x83710c]
V  [jvm.dll+0x8374e4]
V  [jvm.dll+0x8375b0]
V  [jvm.dll+0x7dff2a]
V  [jvm.dll+0x6744d5]
C  [ucrtbase.dll+0x21bb2]
C  [KERNEL32.DLL+0x17034]
C  [ntdll.dll+0x52651]

VM_Operation (0x000000fa616fecf0): G1CollectFull, mode: safepoint, requested by thread 0x000002eb01023320


---------------  P R O C E S S  ---------------

Threads class SMR info:
_java_thread_list=0x000002eb02da5ae0, length=16, elements={
0x000002eb7f6c1750, 0x000002eb7f6c24d0, 0x000002eb7f6fc130, 0x000002eb7f6ffdd0,
0x000002eb7f7016a0, 0x000002eb7f701f60, 0x000002eb7f7028d0, 0x000002eb7f7031d0,
0x000002eb009e9560, 0x000002eb009f82a0, 0x000002eb01023320, 0x000002eb012a7360,
0x000002eb752511b0, 0x000002eb014e8080, 0x000002eb02ed6040, 0x000002eb02ed6510
}

Java Threads: ( => current thread )
  0x000002eb7f6c1750 JavaThread "Reference Handler" daemon [_thread_blocked, id=100268, stack(0x000000fa60800000,0x000000fa60900000)]
  0x000002eb7f6c24d0 JavaThread "Finalizer" daemon [_thread_blocked, id=69456, stack(0x000000fa60900000,0x000000fa60a00000)]
  0x000002eb7f6fc130 JavaThread "Signal Dispatcher" daemon [_thread_blocked, id=102288, stack(0x000000fa60a00000,0x000000fa60b00000)]
  0x000002eb7f6ffdd0 JavaThread "Attach Listener" daemon [_thread_blocked, id=27760, stack(0x000000fa60b00000,0x000000fa60c00000)]
  0x000002eb7f7016a0 JavaThread "Service Thread" daemon [_thread_blocked, id=3628, stack(0x000000fa60c00000,0x000000fa60d00000)]
  0x000002eb7f701f60 JavaThread "Monitor Deflation Thread" daemon [_thread_blocked, id=65416, stack(0x000000fa60d00000,0x000000fa60e00000)]
  0x000002eb7f7028d0 JavaThread "C1 CompilerThread0" daemon [_thread_blocked, id=88440, stack(0x000000fa60e00000,0x000000fa60f00000)]
  0x000002eb7f7031d0 JavaThread "Sweeper thread" daemon [_thread_blocked, id=32788, stack(0x000000fa60f00000,0x000000fa61000000)]
  0x000002eb009e9560 JavaThread "Notification Thread" daemon [_thread_blocked, id=1412, stack(0x000000fa61000000,0x000000fa61100000)]
  0x000002eb009f82a0 JavaThread "Common-Cleaner" daemon [_thread_blocked, id=75108, stack(0x000000fa61200000,0x000000fa61300000)]
  0x000002eb01023320 JavaThread "pool-7-thread-1" [_thread_blocked, id=49832, stack(0x000000fa61600000,0x000000fa61700000)]
  0x000002eb012a7360 JavaThread "LanguageServerApp-lifecycle" [_thread_blocked, id=55484, stack(0x000000fa61700000,0x000000fa61800000)]
  0x000002eb752511b0 JavaThread "DestroyJavaVM" [_thread_blocked, id=3392, stack(0x000000fa60100000,0x000000fa60200000)]
  0x000002eb014e8080 JavaThread "pool-8-thread-1" [_thread_in_native, id=4024, stack(0x000000fa61800000,0x000000fa61900000)]
  0x000002eb02ed6040 JavaThread "Simple-Language-Server main thread" daemon [_thread_blocked, id=72724, stack(0x000000fa61900000,0x000000fa61a00000)]
  0x000002eb02ed6510 JavaThread "parallel-1" daemon [_thread_blocked, id=55756, stack(0x000000fa61a00000,0x000000fa61b00000)]

Other Threads:
=>0x000002eb7f69e1b0 VMThread "VM Thread" [stack: 0x000000fa60700000,0x000000fa60800000] [id=77200]
  0x000002eb009ec250 WatcherThread [stack: 0x000000fa61100000,0x000000fa61200000] [id=24400]
  0x000002eb7527f1e0 GCTaskThread "GC Thread#0" [stack: 0x000000fa60200000,0x000000fa60300000] [id=23460]
  0x000002eb01084770 GCTaskThread "GC Thread#1" [stack: 0x000000fa61300000,0x000000fa61400000] [id=10896]
  0x000002eb010bb9c0 GCTaskThread "GC Thread#2" [stack: 0x000000fa61400000,0x000000fa61500000] [id=8460]
  0x000002eb010b3210 GCTaskThread "GC Thread#3" [stack: 0x000000fa61500000,0x000000fa61600000] [id=62496]
  0x000002eb75288d80 ConcurrentGCThread "G1 Main Marker" [stack: 0x000000fa60300000,0x000000fa60400000] [id=86480]
  0x000002eb752896a0 ConcurrentGCThread "G1 Conc#0" [stack: 0x000000fa60400000,0x000000fa60500000] [id=115252]
  0x000002eb752d8750 ConcurrentGCThread "G1 Refine#0" [stack: 0x000000fa60500000,0x000000fa60600000] [id=95284]
  0x000002eb752d9080 ConcurrentGCThread "G1 Service" [stack: 0x000000fa60600000,0x000000fa60700000] [id=37972]

Threads with active compile tasks:

VM state: at safepoint (normal execution)

VM Mutex/Monitor currently owned by a thread:  ([mutex/lock_event])
[0x000002eb7524c580] Threads_lock - owner thread: 0x000002eb7f69e1b0
[0x000002eb7524c220] Heap_lock - owner thread: 0x000002eb01023320

Heap address: 0x00000000c1600000, size: 1002 MB, Compressed Oops mode: 32-bit

CDS archive(s) not mapped
Compressed class space mapped at: 0x0000000100000000-0x0000000140000000, reserved size: 1073741824
Narrow klass base: 0x0000000000000000, Narrow klass shift: 3, Narrow klass range: 0x140000000

GC Precious Log:
 CPUs: 4 total, 4 available
 Memory: 4007M
 Large Page Support: Disabled
 NUMA Support: Disabled
 Compressed Oops: Enabled (32-bit)
 Heap Region Size: 1M
 Heap Min Capacity: 8M
 Heap Initial Capacity: 64M
 Heap Max Capacity: 1002M
 Pre-touch: Disabled
 Parallel Workers: 4
 Concurrent Workers: 1
 Concurrent Refinement Workers: 4
 Periodic GC: Disabled

Heap:
 garbage-first heap   total 37888K, used 10316K [0x00000000c1600000, 0x0000000100000000)
  region size 1024K, 1 young (1024K), 0 survivors (0K)
 Metaspace       used 29021K, committed 29248K, reserved 1081344K
  class space    used 3882K, committed 3968K, reserved 1048576K

Heap Regions: E=young(eden), S=young(survivor), O=old, HS=humongous(starts), HC=humongous(continues), CS=collection set, F=free, OA=open archive, CA=closed archive, TAMS=top-at-mark-start (previous, next)
|   0|0x00000000c1600000, 0x00000000c1700000, 0x00000000c1700000|100%| O|  |TAMS 0x00000000c1700000, 0x00000000c1600000| Untracked 
|   1|0x00000000c1700000, 0x00000000c17fff80, 0x00000000c1800000| 99%| O|  |TAMS 0x00000000c17fff80, 0x00000000c1700000| Untracked 
|   2|0x00000000c1800000, 0x00000000c18ffff0, 0x00000000c1900000| 99%| O|  |TAMS 0x00000000c18ffff0, 0x00000000c1800000| Untracked 
|   3|0x00000000c1900000, 0x00000000c19fffd0, 0x00000000c1a00000| 99%| O|  |TAMS 0x00000000c19fffd0, 0x00000000c1900000| Untracked 
|   4|0x00000000c1a00000, 0x00000000c1affff8, 0x00000000c1b00000| 99%| O|  |TAMS 0x00000000c1affff8, 0x00000000c1a00000| Untracked 
|   5|0x00000000c1b00000, 0x00000000c1bfffc8, 0x00000000c1c00000| 99%| O|  |TAMS 0x00000000c1bfffc8, 0x00000000c1b00000| Untracked 
|   6|0x00000000c1c00000, 0x00000000c1cfffd0, 0x00000000c1d00000| 99%| O|  |TAMS 0x00000000c1cfffd0, 0x00000000c1c00000| Untracked 
|   7|0x00000000c1d00000, 0x00000000c1dffff0, 0x00000000c1e00000| 99%| O|  |TAMS 0x00000000c1dffff0, 0x00000000c1d00000| Untracked 
|   8|0x00000000c1e00000, 0x00000000c1effff0, 0x00000000c1f00000| 99%| O|  |TAMS 0x00000000c1effff0, 0x00000000c1e00000| Untracked 
|   9|0x00000000c1f00000, 0x00000000c1ffffe0, 0x00000000c2000000| 99%| O|  |TAMS 0x00000000c1ffffe0, 0x00000000c1f00000| Untracked 
|  10|0x00000000c2000000, 0x00000000c2013190, 0x00000000c2100000|  7%| O|  |TAMS 0x00000000c2000000, 0x00000000c2000000| Untracked 
|  11|0x00000000c2100000, 0x00000000c2100048, 0x00000000c2200000|  0%| O|  |TAMS 0x00000000c2100000, 0x00000000c2100000| Untracked 
|  12|0x00000000c2200000, 0x00000000c2200000, 0x00000000c2300000|  0%| F|  |TAMS 0x00000000c2200000, 0x00000000c2200000| Untracked 
|  13|0x00000000c2300000, 0x00000000c2300000, 0x00000000c2400000|  0%| F|  |TAMS 0x00000000c2300000, 0x00000000c2300000| Untracked 
|  14|0x00000000c2400000, 0x00000000c2400000, 0x00000000c2500000|  0%| F|  |TAMS 0x00000000c2400000, 0x00000000c2400000| Untracked 
|  15|0x00000000c2500000, 0x00000000c2500000, 0x00000000c2600000|  0%| F|  |TAMS 0x00000000c2500000, 0x00000000c2500000| Untracked 
|  16|0x00000000c2600000, 0x00000000c2600000, 0x00000000c2700000|  0%| F|  |TAMS 0x00000000c2600000, 0x00000000c2600000| Untracked 
|  17|0x00000000c2700000, 0x00000000c2700000, 0x00000000c2800000|  0%| F|  |TAMS 0x00000000c2700000, 0x00000000c2700000| Untracked 
|  18|0x00000000c2800000, 0x00000000c2800000, 0x00000000c2900000|  0%| F|  |TAMS 0x00000000c2800000, 0x00000000c2800000| Untracked 
|  19|0x00000000c2900000, 0x00000000c2900000, 0x00000000c2a00000|  0%| F|  |TAMS 0x00000000c2900000, 0x00000000c2900000| Untracked 
|  20|0x00000000c2a00000, 0x00000000c2a00000, 0x00000000c2b00000|  0%| F|  |TAMS 0x00000000c2a00000, 0x00000000c2a00000| Untracked 
|  21|0x00000000c2b00000, 0x00000000c2b00000, 0x00000000c2c00000|  0%| F|  |TAMS 0x00000000c2b00000, 0x00000000c2b00000| Untracked 
|  22|0x00000000c2c00000, 0x00000000c2c00000, 0x00000000c2d00000|  0%| F|  |TAMS 0x00000000c2c00000, 0x00000000c2c00000| Untracked 
|  23|0x00000000c2d00000, 0x00000000c2d00000, 0x00000000c2e00000|  0%| F|  |TAMS 0x00000000c2d00000, 0x00000000c2d00000| Untracked 
|  24|0x00000000c2e00000, 0x00000000c2e00000, 0x00000000c2f00000|  0%| F|  |TAMS 0x00000000c2e00000, 0x00000000c2e00000| Untracked 
|  25|0x00000000c2f00000, 0x00000000c2f00000, 0x00000000c3000000|  0%| F|  |TAMS 0x00000000c2f00000, 0x00000000c2f00000| Untracked 
|  26|0x00000000c3000000, 0x00000000c3000000, 0x00000000c3100000|  0%| F|  |TAMS 0x00000000c3000000, 0x00000000c3000000| Untracked 
|  27|0x00000000c3100000, 0x00000000c3100000, 0x00000000c3200000|  0%| F|  |TAMS 0x00000000c3100000, 0x00000000c3100000| Untracked 
|  28|0x00000000c3200000, 0x00000000c3200000, 0x00000000c3300000|  0%| F|  |TAMS 0x00000000c3200000, 0x00000000c3200000| Untracked 
|  29|0x00000000c3300000, 0x00000000c3300000, 0x00000000c3400000|  0%| F|  |TAMS 0x00000000c3300000, 0x00000000c3300000| Untracked 
|  30|0x00000000c3400000, 0x00000000c3400000, 0x00000000c3500000|  0%| F|  |TAMS 0x00000000c3400000, 0x00000000c3400000| Untracked 
|  31|0x00000000c3500000, 0x00000000c3500000, 0x00000000c3600000|  0%| F|  |TAMS 0x00000000c3500000, 0x00000000c3500000| Untracked 
|  45|0x00000000c4300000, 0x00000000c4300000, 0x00000000c4400000|  0%| F|  |TAMS 0x00000000c4300000, 0x00000000c4300000| Untracked 
|  46|0x00000000c4400000, 0x00000000c4400000, 0x00000000c4500000|  0%| F|  |TAMS 0x00000000c4400000, 0x00000000c4400000| Untracked 
|  47|0x00000000c4500000, 0x00000000c4500000, 0x00000000c4600000|  0%| F|  |TAMS 0x00000000c4500000, 0x00000000c4500000| Untracked 
|  48|0x00000000c4600000, 0x00000000c4600000, 0x00000000c4700000|  0%| F|  |TAMS 0x00000000c4600000, 0x00000000c4600000| Untracked 
|  63|0x00000000c5500000, 0x00000000c550c488, 0x00000000c5600000|  4%| E|  |TAMS 0x00000000c5500000, 0x00000000c5500000| Complete 

Card table byte_map: [0x000002eb7aee0000,0x000002eb7b0e0000] _byte_map_base: 0x000002eb7a8d5000

Marking Bits (Prev, Next): (CMBitMap*) 0x000002eb75280750, (CMBitMap*) 0x000002eb75280710
 Prev Bits: [0x000002eb7c290000, 0x000002eb7d238000)
 Next Bits: [0x000002eb7b2e0000, 0x000002eb7c288000)

Polling page: 0x000002eb731f0000

Metaspace:

Usage:
  Non-class:     24.55 MB used.
      Class:      3.79 MB used.
       Both:     28.34 MB used.

Virtual space:
  Non-class space:       32.00 MB reserved,      24.69 MB ( 77%) committed,  4 nodes.
      Class space:        1.00 GB reserved,       3.88 MB ( <1%) committed,  1 nodes.
             Both:        1.03 GB reserved,      28.56 MB (  3%) committed. 

Chunk freelists:
   Non-Class:  2.73 MB
       Class:  86.00 KB
        Both:  2.81 MB

MaxMetaspaceSize: unlimited
CompressedClassSpaceSize: 1.00 GB
Initial GC threshold: 21.00 MB
Current GC threshold: 47.44 MB
CDS: off
MetaspaceReclaimPolicy: balanced
 - commit_granule_bytes: 65536.
 - commit_granule_words: 8192.
 - virtual_space_node_default_size: 1048576.
 - enlarge_chunks_in_place: 1.
 - new_chunks_are_fully_committed: 0.
 - uncommit_free_chunks: 1.
 - use_allocation_guard: 0.
 - handle_deallocations: 1.


Internal statistics:

num_allocs_failed_limit: 3.
num_arena_births: 312.
num_arena_deaths: 90.
num_vsnodes_births: 5.
num_vsnodes_deaths: 0.
num_space_committed: 457.
num_space_uncommitted: 0.
num_chunks_returned_to_freelist: 99.
num_chunks_taken_from_freelist: 1109.
num_chunk_merges: 26.
num_chunk_splits: 715.
num_chunks_enlarged: 536.
num_purges: 6.
num_inconsistent_stats: 0.

CodeCache: size=49152Kb used=5899Kb max_used=5899Kb free=43252Kb
 bounds [0x000002eb77ee0000, 0x000002eb784b0000, 0x000002eb7aee0000]
 total_blobs=3539 nmethods=3049 adapters=417
 compilation: enabled
              stopped_count=0, restarted_count=0
 full_count=0

Compilation events (20 events):
Event: 3167.702 Thread 0x000002eb7f7028d0 3038       1       java.lang.ProcessImpl::lambda$new$0 (6 bytes)
Event: 3167.702 Thread 0x000002eb7f7028d0 nmethod 3038 0x000002eb78498a90 code [0x000002eb78498c20, 0x000002eb78498ce8]
Event: 4303.296 Thread 0x000002eb7f7028d0 3040       1       java.util.concurrent.locks.AbstractQueuedSynchronizer$ConditionObject::unlinkCancelledWaiters (91 bytes)
Event: 4303.305 Thread 0x000002eb7f7028d0 nmethod 3040 0x000002eb78498d90 code [0x000002eb78498f40, 0x000002eb784991d8]
Event: 4303.307 Thread 0x000002eb7f7028d0 3041   !   1       java.util.concurrent.FutureTask::runAndReset (125 bytes)
Event: 4303.354 Thread 0x000002eb7f7028d0 nmethod 3041 0x000002eb78499310 code [0x000002eb78499580, 0x000002eb78499eb8]
Event: 4608.501 Thread 0x000002eb7f7028d0 3046       1       java.lang.ProcessImpl$2::run (242 bytes)
Event: 4608.520 Thread 0x000002eb7f7028d0 nmethod 3046 0x000002eb7849b110 code [0x000002eb7849b3c0, 0x000002eb7849c158]
Event: 4608.520 Thread 0x000002eb7f7028d0 3047       1       java.io.BufferedOutputStream::<init> (9 bytes)
Event: 4608.521 Thread 0x000002eb7f7028d0 nmethod 3047 0x000002eb7849c790 code [0x000002eb7849c920, 0x000002eb7849cbf8]
Event: 4608.522 Thread 0x000002eb7f7028d0 3048       1       java.lang.ProcessImpl::waitFor (136 bytes)
Event: 4608.527 Thread 0x000002eb7f7028d0 nmethod 3048 0x000002eb7849cd10 code [0x000002eb7849cf20, 0x000002eb7849d338]
Event: 5663.875 Thread 0x000002eb7f7028d0 3050       1       org.springframework.ide.vscode.commons.languageserver.util.ParentProcessWatcher::run (36 bytes)
Event: 5663.932 Thread 0x000002eb7f7028d0 nmethod 3050 0x000002eb7849d590 code [0x000002eb7849d780, 0x000002eb7849da98]
Event: 7051.145 Thread 0x000002eb7f7028d0 3052   !   1       org.springframework.ide.vscode.commons.languageserver.util.ParentProcessWatcher::parentProcessStillRunning (413 bytes)
Event: 7051.240 Thread 0x000002eb7f7028d0 nmethod 3052 0x000002eb7849dd10 code [0x000002eb7849e400, 0x000002eb784a0c18]
Event: 9810.606 Thread 0x000002eb7f7028d0 3053       1       java.util.Calendar::getFirstDayOfWeek (5 bytes)
Event: 9810.609 Thread 0x000002eb7f7028d0 nmethod 3053 0x000002eb784a2690 code [0x000002eb784a2820, 0x000002eb784a28f8]
Event: 9810.610 Thread 0x000002eb7f7028d0 3054       1       java.util.Calendar::getMinimalDaysInFirstWeek (5 bytes)
Event: 9810.610 Thread 0x000002eb7f7028d0 nmethod 3054 0x000002eb784a2990 code [0x000002eb784a2b20, 0x000002eb784a2bf8]

GC Heap History (20 events):
Event: 9695.454 GC heap before
{Heap before GC invocations=869 (full 862):
 garbage-first heap   total 37888K, used 10316K [0x00000000c1600000, 0x0000000100000000)
  region size 1024K, 1 young (1024K), 0 survivors (0K)
 Metaspace       used 29021K, committed 29248K, reserved 1081344K
  class space    used 3882K, committed 3968K, reserved 1048576K
}
Event: 9695.491 GC heap after
{Heap after GC invocations=870 (full 863):
 garbage-first heap   total 37888K, used 10316K [0x00000000c1600000, 0x0000000100000000)
  region size 1024K, 0 young (0K), 0 survivors (0K)
 Metaspace       used 29021K, committed 29248K, reserved 1081344K
  class space    used 3882K, committed 3968K, reserved 1048576K
}
Event: 9705.804 GC heap before
{Heap before GC invocations=870 (full 863):
 garbage-first heap   total 37888K, used 10316K [0x00000000c1600000, 0x0000000100000000)
  region size 1024K, 1 young (1024K), 0 survivors (0K)
 Metaspace       used 29021K, committed 29248K, reserved 1081344K
  class space    used 3882K, committed 3968K, reserved 1048576K
}
Event: 9705.835 GC heap after
{Heap after GC invocations=871 (full 864):
 garbage-first heap   total 37888K, used 10316K [0x00000000c1600000, 0x0000000100000000)
  region size 1024K, 0 young (0K), 0 survivors (0K)
 Metaspace       used 29021K, committed 29248K, reserved 1081344K
  class space    used 3882K, committed 3968K, reserved 1048576K
}
Event: 9716.177 GC heap before
{Heap before GC invocations=871 (full 864):
 garbage-first heap   total 37888K, used 10316K [0x00000000c1600000, 0x0000000100000000)
  region size 1024K, 1 young (1024K), 0 survivors (0K)
 Metaspace       used 29021K, committed 29248K, reserved 1081344K
  class space    used 3882K, committed 3968K, reserved 1048576K
}
Event: 9716.205 GC heap after
{Heap after GC invocations=872 (full 865):
 garbage-first heap   total 37888K, used 10316K [0x00000000c1600000, 0x0000000100000000)
  region size 1024K, 0 young (0K), 0 survivors (0K)
 Metaspace       used 29021K, committed 29248K, reserved 1081344K
  class space    used 3882K, committed 3968K, reserved 1048576K
}
Event: 9726.623 GC heap before
{Heap before GC invocations=872 (full 865):
 garbage-first heap   total 37888K, used 10316K [0x00000000c1600000, 0x0000000100000000)
  region size 1024K, 1 young (1024K), 0 survivors (0K)
 Metaspace       used 29021K, committed 29248K, reserved 1081344K
  class space    used 3882K, committed 3968K, reserved 1048576K
}
Event: 9726.651 GC heap after
{Heap after GC invocations=873 (full 866):
 garbage-first heap   total 37888K, used 10316K [0x00000000c1600000, 0x0000000100000000)
  region size 1024K, 0 young (0K), 0 survivors (0K)
 Metaspace       used 29021K, committed 29248K, reserved 1081344K
  class space    used 3882K, committed 3968K, reserved 1048576K
}
Event: 9740.740 GC heap before
{Heap before GC invocations=873 (full 866):
 garbage-first heap   total 37888K, used 10316K [0x00000000c1600000, 0x0000000100000000)
  region size 1024K, 1 young (1024K), 0 survivors (0K)
 Metaspace       used 29021K, committed 29248K, reserved 1081344K
  class space    used 3882K, committed 3968K, reserved 1048576K
}
Event: 9740.775 GC heap after
{Heap after GC invocations=874 (full 867):
 garbage-first heap   total 37888K, used 10316K [0x00000000c1600000, 0x0000000100000000)
  region size 1024K, 0 young (0K), 0 survivors (0K)
 Metaspace       used 29021K, committed 29248K, reserved 1081344K
  class space    used 3882K, committed 3968K, reserved 1048576K
}
Event: 9751.118 GC heap before
{Heap before GC invocations=874 (full 867):
 garbage-first heap   total 37888K, used 10316K [0x00000000c1600000, 0x0000000100000000)
  region size 1024K, 1 young (1024K), 0 survivors (0K)
 Metaspace       used 29021K, committed 29248K, reserved 1081344K
  class space    used 3882K, committed 3968K, reserved 1048576K
}
Event: 9751.147 GC heap after
{Heap after GC invocations=875 (full 868):
 garbage-first heap   total 37888K, used 10316K [0x00000000c1600000, 0x0000000100000000)
  region size 1024K, 0 young (0K), 0 survivors (0K)
 Metaspace       used 29021K, committed 29248K, reserved 1081344K
  class space    used 3882K, committed 3968K, reserved 1048576K
}
Event: 9761.615 GC heap before
{Heap before GC invocations=875 (full 868):
 garbage-first heap   total 37888K, used 10316K [0x00000000c1600000, 0x0000000100000000)
  region size 1024K, 1 young (1024K), 0 survivors (0K)
 Metaspace       used 29021K, committed 29248K, reserved 1081344K
  class space    used 3882K, committed 3968K, reserved 1048576K
}
Event: 9761.646 GC heap after
{Heap after GC invocations=876 (full 869):
 garbage-first heap   total 37888K, used 10316K [0x00000000c1600000, 0x0000000100000000)
  region size 1024K, 0 young (0K), 0 survivors (0K)
 Metaspace       used 29021K, committed 29248K, reserved 1081344K
  class space    used 3882K, committed 3968K, reserved 1048576K
}
Event: 9773.836 GC heap before
{Heap before GC invocations=876 (full 869):
 garbage-first heap   total 37888K, used 10316K [0x00000000c1600000, 0x0000000100000000)
  region size 1024K, 1 young (1024K), 0 survivors (0K)
 Metaspace       used 29021K, committed 29248K, reserved 1081344K
  class space    used 3882K, committed 3968K, reserved 1048576K
}
Event: 9773.863 GC heap after
{Heap after GC invocations=877 (full 870):
 garbage-first heap   total 37888K, used 10316K [0x00000000c1600000, 0x0000000100000000)
  region size 1024K, 0 young (0K), 0 survivors (0K)
 Metaspace       used 29021K, committed 29248K, reserved 1081344K
  class space    used 3882K, committed 3968K, reserved 1048576K
}
Event: 9784.655 GC heap before
{Heap before GC invocations=877 (full 870):
 garbage-first heap   total 37888K, used 10316K [0x00000000c1600000, 0x0000000100000000)
  region size 1024K, 1 young (1024K), 0 survivors (0K)
 Metaspace       used 29021K, committed 29248K, reserved 1081344K
  class space    used 3882K, committed 3968K, reserved 1048576K
}
Event: 9784.683 GC heap after
{Heap after GC invocations=878 (full 871):
 garbage-first heap   total 37888K, used 10316K [0x00000000c1600000, 0x0000000100000000)
  region size 1024K, 0 young (0K), 0 survivors (0K)
 Metaspace       used 29021K, committed 29248K, reserved 1081344K
  class space    used 3882K, committed 3968K, reserved 1048576K
}
Event: 9798.354 GC heap before
{Heap before GC invocations=878 (full 871):
 garbage-first heap   total 37888K, used 10316K [0x00000000c1600000, 0x0000000100000000)
  region size 1024K, 1 young (1024K), 0 survivors (0K)
 Metaspace       used 29021K, committed 29248K, reserved 1081344K
  class space    used 3882K, committed 3968K, reserved 1048576K
}
Event: 9798.383 GC heap after
{Heap after GC invocations=879 (full 872):
 garbage-first heap   total 37888K, used 10316K [0x00000000c1600000, 0x0000000100000000)
  region size 1024K, 0 young (0K), 0 survivors (0K)
 Metaspace       used 29021K, committed 29248K, reserved 1081344K
  class space    used 3882K, committed 3968K, reserved 1048576K
}

Deoptimization events (10 events):
Event: 4.766 Thread 0x000002eb752511b0 DEOPT PACKING pc=0x000002eb7812fc75 sp=0x000000fa601fd9c0
Event: 4.766 Thread 0x000002eb752511b0 DEOPT UNPACKING pc=0x000002eb77f32b43 sp=0x000000fa601fce30 mode 3
Event: 12.523 Thread 0x000002eb752511b0 DEOPT PACKING pc=0x000002eb7822ee99 sp=0x000000fa601fd170
Event: 12.523 Thread 0x000002eb752511b0 DEOPT UNPACKING pc=0x000002eb77f32b43 sp=0x000000fa601fc650 mode 3
Event: 15.799 Thread 0x000002eb752511b0 DEOPT PACKING pc=0x000002eb782ebc75 sp=0x000000fa601fcce0
Event: 15.799 Thread 0x000002eb752511b0 DEOPT UNPACKING pc=0x000002eb77f32b43 sp=0x000000fa601fc150 mode 3
Event: 31.124 Thread 0x000002eb02ed6040 DEOPT PACKING pc=0x000002eb78433335 sp=0x000000fa619fe2c0
Event: 31.124 Thread 0x000002eb02ed6040 DEOPT UNPACKING pc=0x000002eb77f32b43 sp=0x000000fa619fd7e8 mode 3
Event: 312.726 Thread 0x000002eb014e8080 DEOPT PACKING pc=0x000002eb78357d54 sp=0x000000fa618fee10
Event: 312.727 Thread 0x000002eb014e8080 DEOPT UNPACKING pc=0x000002eb77f32b43 sp=0x000000fa618fe2b8 mode 0

Classes unloaded (20 events):
Event: 106.097 Thread 0x000002eb7f69e1b0 Unloading class 0x00000001001dec00 'java/lang/invoke/LambdaForm$MH+0x00000001001dec00'
Event: 106.098 Thread 0x000002eb7f69e1b0 Unloading class 0x00000001001de800 'java/lang/invoke/LambdaForm$MH+0x00000001001de800'
Event: 106.098 Thread 0x000002eb7f69e1b0 Unloading class 0x00000001001de400 'java/lang/invoke/LambdaForm$MH+0x00000001001de400'
Event: 106.098 Thread 0x000002eb7f69e1b0 Unloading class 0x00000001001de000 'java/lang/invoke/LambdaForm$MH+0x00000001001de000'
Event: 106.098 Thread 0x000002eb7f69e1b0 Unloading class 0x00000001001ddc00 'java/lang/invoke/LambdaForm$MH+0x00000001001ddc00'
Event: 106.098 Thread 0x000002eb7f69e1b0 Unloading class 0x00000001001dd400 'java/lang/invoke/LambdaForm$MH+0x00000001001dd400'
Event: 106.098 Thread 0x000002eb7f69e1b0 Unloading class 0x00000001000ca800 'java/lang/invoke/LambdaForm$MH+0x00000001000ca800'
Event: 106.098 Thread 0x000002eb7f69e1b0 Unloading class 0x00000001000ca000 'java/lang/invoke/LambdaForm$MH+0x00000001000ca000'
Event: 106.098 Thread 0x000002eb7f69e1b0 Unloading class 0x00000001000c9c00 'java/lang/invoke/LambdaForm$MH+0x00000001000c9c00'
Event: 106.098 Thread 0x000002eb7f69e1b0 Unloading class 0x00000001000c9800 'java/lang/invoke/LambdaForm$MH+0x00000001000c9800'
Event: 106.098 Thread 0x000002eb7f69e1b0 Unloading class 0x00000001000c9000 'java/lang/invoke/LambdaForm$MH+0x00000001000c9000'
Event: 106.098 Thread 0x000002eb7f69e1b0 Unloading class 0x00000001000c8c00 'java/lang/invoke/LambdaForm$MH+0x00000001000c8c00'
Event: 106.098 Thread 0x000002eb7f69e1b0 Unloading class 0x00000001000c8800 'java/lang/invoke/LambdaForm$MH+0x00000001000c8800'
Event: 106.098 Thread 0x000002eb7f69e1b0 Unloading class 0x00000001000c8000 'java/lang/invoke/LambdaForm$MH+0x00000001000c8000'
Event: 709.437 Thread 0x000002eb7f69e1b0 Unloading class 0x00000001002f6800 'java/lang/invoke/LambdaForm$MH+0x00000001002f6800'
Event: 709.437 Thread 0x000002eb7f69e1b0 Unloading class 0x000000010031c800 'java/lang/invoke/LambdaForm$MH+0x000000010031c800'
Event: 709.437 Thread 0x000002eb7f69e1b0 Unloading class 0x00000001003eec00 'java/lang/invoke/LambdaForm$MH+0x00000001003eec00'
Event: 1667.037 Thread 0x000002eb7f69e1b0 Unloading class 0x00000001002e4400 'java/lang/invoke/LambdaForm$MH+0x00000001002e4400'
Event: 1667.038 Thread 0x000002eb7f69e1b0 Unloading class 0x00000001003eec00 'java/lang/invoke/LambdaForm$MH+0x00000001003eec00'
Event: 1667.038 Thread 0x000002eb7f69e1b0 Unloading class 0x000000010031c800 'java/lang/invoke/LambdaForm$MH+0x000000010031c800'

Classes redefined (0 events):
No events

Internal exceptions (20 events):
Event: 19.947 Thread 0x000002eb752511b0 Exception <a 'java/lang/NoSuchMethodError'{0x00000000c2d87f98}: 'void java.lang.invoke.DirectMethodHandle$Holder.invokeSpecialIFC(java.lang.Object, java.lang.Object, java.lang.Object)'> (0x00000000c2d87f98) 
thrown [e:\jenkins\tmp\workspace\build\src\src\hotspot\share\interpreter\linkResolver.cpp, line 766]
Event: 20.949 Thread 0x000002eb752511b0 Exception <a 'java/lang/NoSuchMethodError'{0x00000000c463b8d8}: 'void java.lang.invoke.DirectMethodHandle$Holder.invokeVirtual(java.lang.Object, java.lang.Object)'> (0x00000000c463b8d8) 
thrown [e:\jenkins\tmp\workspace\build\src\src\hotspot\share\interpreter\linkResolver.cpp, line 766]
Event: 21.640 Thread 0x000002eb752511b0 Exception <a 'java/lang/NoSuchMethodError'{0x00000000c44f33f8}: 'int java.lang.invoke.DirectMethodHandle$Holder.invokeSpecial(java.lang.Object, java.lang.Object, java.lang.Object, java.lang.Object, java.lang.Object)'> (0x00000000c44f33f8) 
thrown [e:\jenkins\tmp\workspace\build\src\src\hotspot\share\interpreter\linkResolver.cpp, line 766]
Event: 24.085 Thread 0x000002eb752511b0 Exception <a 'java/lang/IncompatibleClassChangeError'{0x00000000c3424848}: Found class java.lang.Object, but interface was expected> (0x00000000c3424848) 
thrown [e:\jenkins\tmp\workspace\build\src\src\hotspot\share\interpreter\linkResolver.cpp, line 833]
Event: 24.102 Thread 0x000002eb752511b0 Exception <a 'java/lang/NoSuchMethodError'{0x00000000c345d610}: 'java.lang.Object java.lang.invoke.DirectMethodHandle$Holder.invokeVirtual(java.lang.Object, java.lang.Object, java.lang.Object, java.lang.Object)'> (0x00000000c345d610) 
thrown [e:\jenkins\tmp\workspace\build\src\src\hotspot\share\interpreter\linkResolver.cpp, line 766]
Event: 24.841 Thread 0x000002eb752511b0 Exception <a 'java/lang/NoSuchMethodError'{0x00000000c32a8840}: 'java.lang.Object java.lang.invoke.DirectMethodHandle$Holder.newInvokeSpecial(java.lang.Object, java.lang.Object, int, java.lang.Object, java.lang.Object)'> (0x00000000c32a8840) 
thrown [e:\jenkins\tmp\workspace\build\src\src\hotspot\share\interpreter\linkResolver.cpp, line 766]
Event: 30.871 Thread 0x000002eb014e8080 Exception <a 'java/lang/NoSuchMethodError'{0x00000000c444a058}: 'java.lang.Object java.lang.invoke.DirectMethodHandle$Holder.invokeStatic(java.lang.Object, java.lang.Object, java.lang.Object, int, java.lang.Object, java.lang.Object)'> (0x00000000c444a058) 
thrown [e:\jenkins\tmp\workspace\build\src\src\hotspot\share\interpreter\linkResolver.cpp, line 766]
Event: 31.058 Thread 0x000002eb014e8080 Exception <a 'java/lang/reflect/InvocationTargetException'{0x00000000c44e62e8}> (0x00000000c44e62e8) 
thrown [e:\jenkins\tmp\workspace\build\src\src\hotspot\share\runtime\reflection.cpp, line 1121]
Event: 31.095 Thread 0x000002eb014e8080 Exception <a 'java/lang/reflect/InvocationTargetException'{0x00000000c4311ed8}> (0x00000000c4311ed8) 
thrown [e:\jenkins\tmp\workspace\build\src\src\hotspot\share\runtime\reflection.cpp, line 1121]
Event: 31.105 Thread 0x000002eb014e8080 Exception <a 'java/lang/reflect/InvocationTargetException'{0x00000000c433ac18}> (0x00000000c433ac18) 
thrown [e:\jenkins\tmp\workspace\build\src\src\hotspot\share\runtime\reflection.cpp, line 1121]
Event: 31.114 Thread 0x000002eb02ed6040 Exception <a 'java/lang/NoSuchMethodError'{0x00000000c4357a50}: 'java.lang.Object java.lang.invoke.DirectMethodHandle$Holder.invokeStatic(java.lang.Object, int, java.lang.Object)'> (0x00000000c4357a50) 
thrown [e:\jenkins\tmp\workspace\build\src\src\hotspot\share\interpreter\linkResolver.cpp, line 766]
Event: 32.740 Thread 0x000002eb02ed6040 Exception <a 'java/lang/NoSuchMethodError'{0x00000000c3331f70}: 'int java.lang.invoke.DirectMethodHandle$Holder.invokeStatic(java.lang.Object)'> (0x00000000c3331f70) 
thrown [e:\jenkins\tmp\workspace\build\src\src\hotspot\share\interpreter\linkResolver.cpp, line 766]
Event: 32.740 Thread 0x000002eb02ed6040 Exception <a 'java/lang/NoSuchMethodError'{0x00000000c33356f8}: 'int java.lang.invoke.DirectMethodHandle$Holder.invokeStaticInit(java.lang.Object)'> (0x00000000c33356f8) 
thrown [e:\jenkins\tmp\workspace\build\src\src\hotspot\share\interpreter\linkResolver.cpp, line 766]
Event: 32.833 Thread 0x000002eb014e8080 Exception <a 'java/lang/NoSuchMethodError'{0x00000000c33ac6a8}: 'int java.lang.invoke.DirectMethodHandle$Holder.invokeVirtual(java.lang.Object, java.lang.Object)'> (0x00000000c33ac6a8) 
thrown [e:\jenkins\tmp\workspace\build\src\src\hotspot\share\interpreter\linkResolver.cpp, line 766]
Event: 94.958 Thread 0x000002eb01023320 Exception <a 'java/lang/NoSuchMethodError'{0x00000000c3239980}: 'void java.lang.invoke.DirectMethodHandle$Holder.invokeStatic(java.lang.Object, long)'> (0x00000000c3239980) 
thrown [e:\jenkins\tmp\workspace\build\src\src\hotspot\share\interpreter\linkResolver.cpp, line 766]
Event: 94.963 Thread 0x000002eb01023320 Exception <a 'java/lang/NoSuchMethodError'{0x00000000c323ed28}: 'java.lang.Object java.lang.invoke.DirectMethodHandle$Holder.newInvokeSpecial(java.lang.Object, long)'> (0x00000000c323ed28) 
thrown [e:\jenkins\tmp\workspace\build\src\src\hotspot\share\interpreter\linkResolver.cpp, line 766]
Event: 94.973 Thread 0x000002eb01023320 Exception <a 'java/lang/NoSuchMethodError'{0x00000000c32458e8}: 'java.lang.Object java.lang.invoke.DirectMethodHandle$Holder.invokeStatic(java.lang.Object, java.lang.Object, long, java.lang.Object)'> (0x00000000c32458e8) 
thrown [e:\jenkins\tmp\workspace\build\src\src\hotspot\share\interpreter\linkResolver.cpp, line 766]
Event: 94.975 Thread 0x000002eb01023320 Exception <a 'java/lang/NoSuchMethodError'{0x00000000c3249380}: 'java.lang.Object java.lang.invoke.DirectMethodHandle$Holder.invokeStaticInit(java.lang.Object, java.lang.Object, long, java.lang.Object)'> (0x00000000c3249380) 
thrown [e:\jenkins\tmp\workspace\build\src\src\hotspot\share\interpreter\linkResolver.cpp, line 766]
Event: 94.978 Thread 0x000002eb01023320 Exception <a 'java/lang/NoSuchMethodError'{0x00000000c324f6b0}: 'java.lang.Object java.lang.invoke.DirectMethodHandle$Holder.newInvokeSpecial(java.lang.Object, java.lang.Object, long)'> (0x00000000c324f6b0) 
thrown [e:\jenkins\tmp\workspace\build\src\src\hotspot\share\interpreter\linkResolver.cpp, line 766]
Event: 94.979 Thread 0x000002eb01023320 Exception <a 'java/lang/NoSuchMethodError'{0x00000000c3253220}: 'java.lang.Object java.lang.invoke.Invokers$Holder.linkToTargetMethod(java.lang.Object, long, java.lang.Object)'> (0x00000000c3253220) 
thrown [e:\jenkins\tmp\workspace\build\src\src\hotspot\share\interpreter\linkResolver.cpp, line 766]

VM Operations (20 events):
Event: 9695.491 Executing VM operation: G1CollectFull done
Event: 9705.803 Executing VM operation: G1CollectFull
Event: 9705.835 Executing VM operation: G1CollectFull done
Event: 9716.177 Executing VM operation: G1CollectFull
Event: 9716.205 Executing VM operation: G1CollectFull done
Event: 9726.623 Executing VM operation: G1CollectFull
Event: 9726.651 Executing VM operation: G1CollectFull done
Event: 9740.739 Executing VM operation: G1CollectFull
Event: 9740.775 Executing VM operation: G1CollectFull done
Event: 9751.118 Executing VM operation: G1CollectFull
Event: 9751.147 Executing VM operation: G1CollectFull done
Event: 9761.614 Executing VM operation: G1CollectFull
Event: 9761.646 Executing VM operation: G1CollectFull done
Event: 9773.835 Executing VM operation: G1CollectFull
Event: 9773.863 Executing VM operation: G1CollectFull done
Event: 9784.655 Executing VM operation: G1CollectFull
Event: 9784.683 Executing VM operation: G1CollectFull done
Event: 9798.354 Executing VM operation: G1CollectFull
Event: 9798.383 Executing VM operation: G1CollectFull done
Event: 9810.620 Executing VM operation: G1CollectFull

Events (20 events):
Event: 503.660 loading class sun/util/resources/OpenListResourceBundle
Event: 503.662 loading class sun/util/resources/OpenListResourceBundle done
Event: 503.662 loading class sun/util/resources/TimeZoneNamesBundle done
Event: 503.662 loading class sun/util/resources/cldr/TimeZoneNames done
Event: 503.663 loading class sun/util/resources/cldr/TimeZoneNames_en
Event: 503.694 loading class sun/util/resources/cldr/TimeZoneNames_en done
Event: 503.695 loading class sun/util/resources/cldr/TimeZoneNames_en_US
Event: 503.695 loading class sun/util/resources/cldr/TimeZoneNames_en_US done
Event: 503.715 loading class sun/util/resources/TimeZoneNames
Event: 503.723 loading class sun/util/resources/TimeZoneNames done
Event: 503.724 loading class sun/util/resources/TimeZoneNames_en
Event: 503.724 loading class sun/util/resources/TimeZoneNames_en done
Event: 652.612 Thread 0x000002eb02c9c060 Thread added: 0x000002eb02c9c060
Event: 722.748 Thread 0x000002eb02c9c060 Thread exited: 0x000002eb02c9c060
Event: 1244.272 Thread 0x000002eb02c9c060 Thread added: 0x000002eb02c9c060
Event: 1304.364 Thread 0x000002eb02c9c060 Thread exited: 0x000002eb02c9c060
Event: 1616.592 Thread 0x000002eb02c9c060 Thread added: 0x000002eb02c9c060
Event: 1681.399 Thread 0x000002eb02c9c060 Thread exited: 0x000002eb02c9c060
Event: 1728.258 Thread 0x000002eb02c9c060 Thread added: 0x000002eb02c9c060
Event: 1851.463 Thread 0x000002eb02c9c060 Thread exited: 0x000002eb02c9c060


Dynamic libraries:
0x00007ff764bf0000 - 0x00007ff764bfe000 	c:\Users\User\.vscode\extensions\redhat.java-1.6.0-win32-x64\jre\17.0.2-win32-x86_64\bin\java.exe
0x00007ffe28370000 - 0x00007ffe28565000 	C:\Windows\SYSTEM32\ntdll.dll
0x00007ffe27150000 - 0x00007ffe2720d000 	C:\Windows\System32\KERNEL32.DLL
0x00007ffe25ab0000 - 0x00007ffe25d78000 	C:\Windows\System32\KERNELBASE.dll
0x00007ffe26010000 - 0x00007ffe26110000 	C:\Windows\System32\ucrtbase.dll
0x00007ffe01680000 - 0x00007ffe01698000 	c:\Users\User\.vscode\extensions\redhat.java-1.6.0-win32-x64\jre\17.0.2-win32-x86_64\bin\jli.dll
0x00007ffe27210000 - 0x00007ffe273b0000 	C:\Windows\System32\USER32.dll
0x00007ffe25d80000 - 0x00007ffe25da2000 	C:\Windows\System32\win32u.dll
0x00007ffe26bf0000 - 0x00007ffe26c1a000 	C:\Windows\System32\GDI32.dll
0x00007ffe26260000 - 0x00007ffe2636b000 	C:\Windows\System32\gdi32full.dll
0x00007ffe261c0000 - 0x00007ffe2625d000 	C:\Windows\System32\msvcp_win.dll
0x00007ffe012a0000 - 0x00007ffe012b9000 	c:\Users\User\.vscode\extensions\redhat.java-1.6.0-win32-x64\jre\17.0.2-win32-x86_64\bin\VCRUNTIME140.dll
0x00007ffe16760000 - 0x00007ffe169fa000 	C:\Windows\WinSxS\amd64_microsoft.windows.common-controls_6595b64144ccf1df_6.0.19041.844_none_ca00b6081b84eb1d\COMCTL32.dll
0x00007ffe278d0000 - 0x00007ffe2796e000 	C:\Windows\System32\msvcrt.dll
0x00007ffe26f80000 - 0x00007ffe26fb0000 	C:\Windows\System32\IMM32.DLL
0x00007ffe1dad0000 - 0x00007ffe1dadc000 	c:\Users\User\.vscode\extensions\redhat.java-1.6.0-win32-x64\jre\17.0.2-win32-x86_64\bin\vcruntime140_1.dll
0x00007ffdd8500000 - 0x00007ffdd8591000 	c:\Users\User\.vscode\extensions\redhat.java-1.6.0-win32-x64\jre\17.0.2-win32-x86_64\bin\msvcp140.dll
0x00007ffdd37b0000 - 0x00007ffdd43f7000 	c:\Users\User\.vscode\extensions\redhat.java-1.6.0-win32-x64\jre\17.0.2-win32-x86_64\bin\server\jvm.dll
0x00007ffe26fc0000 - 0x00007ffe2706c000 	C:\Windows\System32\ADVAPI32.dll
0x00007ffe26620000 - 0x00007ffe266bb000 	C:\Windows\System32\sechost.dll
0x00007ffe27720000 - 0x00007ffe2784b000 	C:\Windows\System32\RPCRT4.dll
0x00007ffe26be0000 - 0x00007ffe26be8000 	C:\Windows\System32\PSAPI.DLL
0x00007ffe14210000 - 0x00007ffe14219000 	C:\Windows\SYSTEM32\WSOCK32.dll
0x00007ffe270e0000 - 0x00007ffe2714b000 	C:\Windows\System32\WS2_32.dll
0x00007ffe17880000 - 0x00007ffe178a7000 	C:\Windows\SYSTEM32\WINMM.dll
0x00007ffe14100000 - 0x00007ffe1410a000 	C:\Windows\SYSTEM32\VERSION.dll
0x00007ffe24340000 - 0x00007ffe24352000 	C:\Windows\SYSTEM32\kernel.appcore.dll
0x00007ffe1cd60000 - 0x00007ffe1cd6a000 	c:\Users\User\.vscode\extensions\redhat.java-1.6.0-win32-x64\jre\17.0.2-win32-x86_64\bin\jimage.dll
0x00007ffe24040000 - 0x00007ffe24224000 	C:\Windows\SYSTEM32\DBGHELP.DLL
0x00007ffe12c60000 - 0x00007ffe12c8c000 	C:\Windows\SYSTEM32\dbgcore.DLL
0x00007ffe26140000 - 0x00007ffe261c0000 	C:\Windows\System32\bcryptPrimitives.dll
0x00007ffdf49b0000 - 0x00007ffdf49d5000 	c:\Users\User\.vscode\extensions\redhat.java-1.6.0-win32-x64\jre\17.0.2-win32-x86_64\bin\java.dll
0x00007ffe00fd0000 - 0x00007ffe00fe8000 	c:\Users\User\.vscode\extensions\redhat.java-1.6.0-win32-x64\jre\17.0.2-win32-x86_64\bin\zip.dll
0x00007ffe27be0000 - 0x00007ffe28322000 	C:\Windows\System32\SHELL32.dll
0x00007ffe237f0000 - 0x00007ffe23f80000 	C:\Windows\SYSTEM32\windows.storage.dll
0x00007ffe26c20000 - 0x00007ffe26f75000 	C:\Windows\System32\combase.dll
0x00007ffe25450000 - 0x00007ffe2547c000 	C:\Windows\SYSTEM32\Wldp.dll
0x00007ffe26b30000 - 0x00007ffe26bde000 	C:\Windows\System32\SHCORE.dll
0x00007ffe264f0000 - 0x00007ffe26545000 	C:\Windows\System32\shlwapi.dll
0x00007ffe259f0000 - 0x00007ffe25a0f000 	C:\Windows\SYSTEM32\profapi.dll
0x00007ffe20dd0000 - 0x00007ffe20de9000 	C:\Users\User\.vscode\extensions\redhat.java-1.6.0-win32-x64\jre\17.0.2-win32-x86_64\bin\net.dll
0x00007ffe16510000 - 0x00007ffe1661b000 	C:\Windows\SYSTEM32\WINHTTP.dll
0x00007ffe25230000 - 0x00007ffe2529a000 	C:\Windows\system32\mswsock.dll
0x00007ffe17db0000 - 0x00007ffe17dc5000 	C:\Users\User\.vscode\extensions\redhat.java-1.6.0-win32-x64\jre\17.0.2-win32-x86_64\bin\nio.dll
0x00007ffe20dc0000 - 0x00007ffe20dd0000 	c:\Users\User\.vscode\extensions\redhat.java-1.6.0-win32-x64\jre\17.0.2-win32-x86_64\bin\verify.dll
0x00007ffe20610000 - 0x00007ffe20619000 	C:\Users\User\.vscode\extensions\redhat.java-1.6.0-win32-x64\jre\17.0.2-win32-x86_64\bin\management.dll
0x00007ffe1ff20000 - 0x00007ffe1ff2b000 	C:\Users\User\.vscode\extensions\redhat.java-1.6.0-win32-x64\jre\17.0.2-win32-x86_64\bin\management_ext.dll
0x00007ffe04210000 - 0x00007ffe04227000 	C:\Windows\system32\napinsp.dll
0x00007ffe041f0000 - 0x00007ffe0420b000 	C:\Windows\system32\pnrpnsp.dll
0x00007ffe06720000 - 0x00007ffe06735000 	C:\Windows\system32\wshbth.dll
0x00007ffe20d50000 - 0x00007ffe20d6d000 	C:\Windows\system32\NLAapi.dll
0x00007ffe24ef0000 - 0x00007ffe24f2b000 	C:\Windows\SYSTEM32\IPHLPAPI.DLL
0x00007ffe24f30000 - 0x00007ffe24ffc000 	C:\Windows\SYSTEM32\DNSAPI.dll
0x00007ffe27070000 - 0x00007ffe27078000 	C:\Windows\System32\NSI.dll
0x00007ffe041d0000 - 0x00007ffe041e2000 	C:\Windows\System32\winrnr.dll
0x00007ffe154f0000 - 0x00007ffe154fa000 	C:\Windows\System32\rasadhlp.dll
0x00007ffe16df0000 - 0x00007ffe16e6f000 	C:\Windows\System32\fwpuclnt.dll
0x00007ffe26110000 - 0x00007ffe26137000 	C:\Windows\System32\bcrypt.dll
0x00007ffe25490000 - 0x00007ffe254a8000 	C:\Windows\SYSTEM32\CRYPTSP.dll
0x00007ffe24b80000 - 0x00007ffe24bb4000 	C:\Windows\system32\rsaenh.dll
0x00007ffe259b0000 - 0x00007ffe259de000 	C:\Windows\SYSTEM32\USERENV.dll
0x00007ffe253b0000 - 0x00007ffe253bc000 	C:\Windows\SYSTEM32\CRYPTBASE.dll
0x00007ffe18580000 - 0x00007ffe18597000 	C:\Windows\SYSTEM32\dhcpcsvc6.DLL
0x00007ffe1a640000 - 0x00007ffe1a65d000 	C:\Windows\SYSTEM32\dhcpcsvc.DLL

dbghelp: loaded successfully - version: 4.0.5 - missing functions: none
symbol engine: initialized successfully - sym options: 0x614 - pdb path: .;c:\Users\User\.vscode\extensions\redhat.java-1.6.0-win32-x64\jre\17.0.2-win32-x86_64\bin;C:\Windows\SYSTEM32;C:\Windows\WinSxS\amd64_microsoft.windows.common-controls_6595b64144ccf1df_6.0.19041.844_none_ca00b6081b84eb1d;c:\Users\User\.vscode\extensions\redhat.java-1.6.0-win32-x64\jre\17.0.2-win32-x86_64\bin\server

VM Arguments:
jvm_args: -Dsts.lsp.client=vscode -Dsts.log.file=/dev/null -XX:TieredStopAtLevel=1 -Dspring.config.location=file:c:\Users\User\.vscode\extensions\pivotal.vscode-spring-boot-1.33.0\language-server\BOOT-INF\classes\application.properties 
java_command: org.springframework.ide.vscode.boot.app.BootLanguageServerBootApp
java_class_path (initial): c:\Users\User\.vscode\extensions\pivotal.vscode-spring-boot-1.33.0\language-server\BOOT-INF\classes;c:\Users\User\.vscode\extensions\pivotal.vscode-spring-boot-1.33.0\language-server\BOOT-INF\lib\antlr4-runtime-4.5.3.jar;c:\Users\User\.vscode\extensions\pivotal.vscode-spring-boot-1.33.0\language-server\BOOT-INF\lib\byte-buddy-1.10.18.jar;c:\Users\User\.vscode\extensions\pivotal.vscode-spring-boot-1.33.0\language-server\BOOT-INF\lib\commons-codec-1.14.jar;c:\Users\User\.vscode\extensions\pivotal.vscode-spring-boot-1.33.0\language-server\BOOT-INF\lib\commons-io-2.4.jar;c:\Users\User\.vscode\extensions\pivotal.vscode-spring-boot-1.33.0\language-server\BOOT-INF\lib\commons-java-1.33.0-SNAPSHOT.jar;c:\Users\User\.vscode\extensions\pivotal.vscode-spring-boot-1.33.0\language-server\BOOT-INF\lib\commons-lang3-3.10.jar;c:\Users\User\.vscode\extensions\pivotal.vscode-spring-boot-1.33.0\language-server\BOOT-INF\lib\commons-language-server-1.33.0-SNAPSHOT.jar;c:\Users\User\.vscode\extensions\pivotal.vscode-spring-boot-1.33.0\language-server\BOOT-INF\lib\commons-lsp-extensions-1.33.0-SNAPSHOT.jar;c:\Users\User\.vscode\extensions\pivotal.vscode-spring-boot-1.33.0\language-server\BOOT-INF\lib\commons-util-1.33.0-SNAPSHOT.jar;c:\Users\User\.vscode\extensions\pivotal.vscode-spring-boot-1.33.0\language-server\BOOT-INF\lib\commons-yaml-1.33.0-SNAPSHOT.jar;c:\Users\User\.vscode\extensions\pivotal.vscode-spring-boot-1.33.0\language-server\BOOT-INF\lib\gson-2.8.6.jar;c:\Users\User\.vscode\extensions\pivotal.vscode-spring-boot-1.33.0\language-server\BOOT-INF\lib\guava-19.0.jar;c:\Users\User\.vscode\extensions\pivotal.vscode-spring-boot-1.33.0\language-server\BOOT-INF\lib\jakarta.annotation-api-1.3.5.jar;c:\Users\User\.vscode\extensions\pivotal.vscode-spring-boot-1.33.0\language-server\BOOT-INF\lib\jandex-2.0.5.Final.jar;c:\Users\User\.vscode\extensions\pivotal.vscode-spring-boot-1.33.0\language-server\BOOT-INF\lib\java-properties-1.33.0-SNAPSHOT.jar;c:\Users\U
Launcher Type: SUN_STANDARD

[Global flags]
     intx CICompilerCount                          = 3                                         {product} {ergonomic}
     uint ConcGCThreads                            = 1                                         {product} {ergonomic}
     uint G1ConcRefinementThreads                  = 4                                         {product} {ergonomic}
   size_t G1HeapRegionSize                         = 1048576                                   {product} {ergonomic}
    uintx GCDrainStackTargetSize                   = 64                                        {product} {ergonomic}
   size_t InitialHeapSize                          = 67108864                                  {product} {ergonomic}
   size_t MarkStackSize                            = 4194304                                   {product} {ergonomic}
   size_t MaxHeapSize                              = 1050673152                                {product} {ergonomic}
   size_t MaxNewSize                               = 630194176                                 {product} {ergonomic}
   size_t MinHeapDeltaBytes                        = 1048576                                   {product} {ergonomic}
   size_t MinHeapSize                              = 8388608                                   {product} {ergonomic}
    uintx NonProfiledCodeHeapSize                  = 0                                      {pd product} {ergonomic}
     bool ProfileInterpreter                       = false                                  {pd product} {command line}
    uintx ProfiledCodeHeapSize                     = 0                                      {pd product} {ergonomic}
   size_t SoftMaxHeapSize                          = 1050673152                             {manageable} {ergonomic}
     intx TieredStopAtLevel                        = 1                                         {product} {command line}
     bool UseCompressedClassPointers               = true                           {product lp64_product} {ergonomic}
     bool UseCompressedOops                        = true                           {product lp64_product} {ergonomic}
     bool UseG1GC                                  = true                                      {product} {ergonomic}
     bool UseLargePagesIndividualAllocation        = false                                  {pd product} {ergonomic}

Logging:
Log output configuration:
 #0: stdout all=warning uptime,level,tags
 #1: stderr all=off uptime,level,tags

Environment Variables:
JAVA_HOME=C:\Program Files\Java\jdk-17.0.2
PATH=C:\Windows\system32;C:\Windows;C:\Windows\System32\Wbem;C:\Windows\System32\WindowsPowerShell\v1.0\;C:\Windows\System32\OpenSSH\;C:\Program Files\Git\cmd;C:\Program Files\Git\mingw64\bin;C:\Program Files\Git\usr\bin;C:\Program Files\Java\jdk-17.0.2\bin;C:\Program Files\nodejs\;C:\ProgramData\chocolatey\bin;;C:\Program Files\Docker\Docker\resources\bin;C:\ProgramData\DockerDesktop\version-bin;C:\Users\User\AppData\Local\Programs\Python\Python310\Scripts\;C:\Users\User\AppData\Local\Programs\Python\Python310\;C:\Users\User\anaconda3;C:\Users\User\anaconda3\Library\mingw-w64\bin;C:\Users\User\anaconda3\Library\usr\bin;C:\Users\User\anaconda3\Library\bin;C:\Users\User\anaconda3\Scripts;C:\Users\User\AppData\Local\Microsoft\WindowsApps;C:\Users\User\AppData\Local\Programs\Microsoft VS Code\bin;C:\MongoDB\mongosh-1.1.9-win32-x64\bin;;C:\Program Files\JetBrains\IntelliJ IDEA Community Edition 2021.3.2\bin;;C:\Users\User\AppData\Roaming\npm
USERNAME=User
OS=Windows_NT
PROCESSOR_IDENTIFIER=Intel64 Family 6 Model 142 Stepping 9, GenuineIntel



---------------  S Y S T E M  ---------------

OS:
 Windows 10 , 64 bit Build 19041 (10.0.19041.928)
OS uptime: 7 days 3:39 hours
Hyper-V role detected

CPU: total 4 (initial active 4) (2 cores per cpu, 2 threads per core) family 6 model 142 stepping 9 microcode 0xde, cx8, cmov, fxsr, ht, mmx, 3dnowpref, sse, sse2, sse3, ssse3, sse4.1, sse4.2, popcnt, lzcnt, tsc, tscinvbit, avx, avx2, aes, erms, clmul, bmi1, bmi2, adx, fma, vzeroupper, clflush, clflushopt, hv

Memory: 4k page, system-wide physical 4007M (373M free)
TotalPageFile size 16295M (AvailPageFile size 502M)
current process WorkingSet (physical memory assigned to process): 30M, peak: 106M
current process commit charge ("private bytes"): 141M, peak: 152M

vm_info: OpenJDK 64-Bit Server VM (17.0.2+8) for windows-amd64 JRE (17.0.2+8), built on Jan 20 2022 04:52:34 by "" with MS VC++ 16.7 (VS2019)

END.
