#
# There is insufficient memory for the Java Runtime Environment to continue.
# Native memory allocation (mmap) failed to map 65536 bytes for Failed to commit metaspace.
# Possible reasons:
#   The system is out of physical RAM or swap space
#   The process is running with CompressedOops enabled, and the Java Heap may be blocking the growth of the native heap
# Possible solutions:
#   Reduce memory load on the system
#   Increase physical memory or swap space
#   Check if swap backing store is full
#   Decrease Java heap size (-Xmx/-Xms)
#   Decrease number of Java threads
#   Decrease Java thread stack sizes (-Xss)
#   Set larger code cache with -XX:ReservedCodeCacheSize=
#   JVM is running with Unscaled Compressed Oops mode in which the Java heap is
#     placed in the first 4GB address space. The Java Heap base address is the
#     maximum limit for the native heap growth. Please use -XX:HeapBaseMinAddress
#     to set the Java Heap base and to place the Java Heap above 4GB virtual address.
# This output file may be truncated or incomplete.
#
#  Out of Memory Error (virtualSpaceNode.cpp:110), pid=102276, tid=51460
#
# JRE version:  (17.0.2+8) (build )
# Java VM: OpenJDK 64-Bit Server VM (17.0.2+8, mixed mode, emulated-client, tiered, compressed oops, compressed class ptrs, g1 gc, windows-amd64)
# No core dump will be written. Minidumps are not enabled by default on client versions of Windows
#

---------------  S U M M A R Y ------------

Command Line: -Dsts.lsp.client=vscode -Dsts.log.file=/dev/null -XX:TieredStopAtLevel=1 -Dspring.config.location=file:c:\Users\User\.vscode\extensions\pivotal.vscode-spring-boot-1.33.0\language-server\BOOT-INF\classes\application.properties org.springframework.ide.vscode.boot.app.BootLanguageServerBootApp

Host: Intel(R) Core(TM) i3-7100U CPU @ 2.40GHz, 4 cores, 3G,  Windows 10 , 64 bit Build 19041 (10.0.19041.928)
Time: Sat May 21 11:43:20 2022 India Standard Time elapsed time: 1.210209 seconds (0d 0h 0m 1s)

---------------  T H R E A D  ---------------

Current thread (0x00000191c0ff4a10):  JavaThread "Unknown thread" [_thread_in_vm, id=51460, stack(0x000000823b400000,0x000000823b500000)]

Stack: [0x000000823b400000,0x000000823b500000]
Native frames: (J=compiled Java code, j=interpreted, Vv=VM code, C=native code)
V  [jvm.dll+0x67564a]
V  [jvm.dll+0x82fc04]
V  [jvm.dll+0x8313ae]
V  [jvm.dll+0x831a13]
V  [jvm.dll+0x245235]
V  [jvm.dll+0x82bbab]
V  [jvm.dll+0x61a336]
V  [jvm.dll+0x61a39a]
V  [jvm.dll+0x61cbba]
V  [jvm.dll+0x61acd6]
V  [jvm.dll+0x624a37]
V  [jvm.dll+0x1e9eab]
V  [jvm.dll+0x1ea3e5]
V  [jvm.dll+0x1eae1f]
V  [jvm.dll+0x1e02c1]
V  [jvm.dll+0x53b6e0]
V  [jvm.dll+0x1f0ab7]
V  [jvm.dll+0x7aa1bb]
V  [jvm.dll+0x7ab562]
V  [jvm.dll+0x7ab898]
V  [jvm.dll+0x82e38f]
V  [jvm.dll+0x82e04f]
V  [jvm.dll+0x7ffff4]
V  [jvm.dll+0x8017ad]
V  [jvm.dll+0x368fb1]
V  [jvm.dll+0x7e0cdc]
V  [jvm.dll+0x3eb8bf]
V  [jvm.dll+0x3ed441]
C  [jli.dll+0x5277]
C  [ucrtbase.dll+0x21bb2]
C  [KERNEL32.DLL+0x17034]
C  [ntdll.dll+0x52651]


---------------  P R O C E S S  ---------------

Threads class SMR info:
_java_thread_list=0x00007ffde10c5e98, length=0, elements={
}

Java Threads: ( => current thread )

Other Threads:
  0x00000191c101dd50 GCTaskThread "GC Thread#0" [stack: 0x000000823b500000,0x000000823b600000] [id=21092]
  0x00000191c1028d00 ConcurrentGCThread "G1 Main Marker" [stack: 0x000000823b600000,0x000000823b700000] [id=27660]
  0x00000191c1029620 ConcurrentGCThread "G1 Conc#0" [stack: 0x000000823b700000,0x000000823b800000] [id=88860]
  0x00000191c10797c0 ConcurrentGCThread "G1 Refine#0" [stack: 0x000000823b800000,0x000000823b900000] [id=72868]
  0x00000191c107a0f0 ConcurrentGCThread "G1 Service" [stack: 0x000000823b900000,0x000000823ba00000] [id=114932]

=>0x00000191c0ff4a10 (exited) JavaThread "Unknown thread" [_thread_in_vm, id=51460, stack(0x000000823b400000,0x000000823b500000)]

Threads with active compile tasks:

VM state: not at safepoint (not fully initialized)

VM Mutex/Monitor currently owned by a thread:  ([mutex/lock_event])
[0x00000191c0ff19f0] Metaspace_lock - owner thread: 0x00000191c0ff4a10

Heap address: 0x00000000c1600000, size: 1002 MB, Compressed Oops mode: 32-bit

CDS archive(s) not mapped
Compressed class space mapped at: 0x0000000100000000-0x0000000140000000, reserved size: 1073741824
Narrow klass base: 0x0000000000000000, Narrow klass shift: 3, Narrow klass range: 0x140000000

GC Precious Log:
 CPUs: 4 total, 4 available
 Memory: 4007M
 Large Page Support: Disabled
 NUMA Support: Disabled
 Compressed Oops: Enabled (32-bit)
 Heap Region Size: 1M
 Heap Min Capacity: 8M
 Heap Initial Capacity: 64M
 Heap Max Capacity: 1002M
 Pre-touch: Disabled
 Parallel Workers: 4
 Concurrent Workers: 1
 Concurrent Refinement Workers: 4
 Periodic GC: Disabled

Heap:
 garbage-first heap   total 65536K, used 0K [0x00000000c1600000, 0x0000000100000000)
  region size 1024K, 1 young (1024K), 0 survivors (0K)
 Metaspace       used 139K, committed 192K, reserved 1056768K
  class space    used 11K, committed 64K, reserved 1048576K

Heap Regions: E=young(eden), S=young(survivor), O=old, HS=humongous(starts), HC=humongous(continues), CS=collection set, F=free, OA=open archive, CA=closed archive, TAMS=top-at-mark-start (previous, next)
|   0|0x00000000c1600000, 0x00000000c1600000, 0x00000000c1700000|  0%| F|  |TAMS 0x00000000c1600000, 0x00000000c1600000| Untracked 
|   1|0x00000000c1700000, 0x00000000c1700000, 0x00000000c1800000|  0%| F|  |TAMS 0x00000000c1700000, 0x00000000c1700000| Untracked 
|   2|0x00000000c1800000, 0x00000000c1800000, 0x00000000c1900000|  0%| F|  |TAMS 0x00000000c1800000, 0x00000000c1800000| Untracked 
|   3|0x00000000c1900000, 0x00000000c1900000, 0x00000000c1a00000|  0%| F|  |TAMS 0x00000000c1900000, 0x00000000c1900000| Untracked 
|   4|0x00000000c1a00000, 0x00000000c1a00000, 0x00000000c1b00000|  0%| F|  |TAMS 0x00000000c1a00000, 0x00000000c1a00000| Untracked 
|   5|0x00000000c1b00000, 0x00000000c1b00000, 0x00000000c1c00000|  0%| F|  |TAMS 0x00000000c1b00000, 0x00000000c1b00000| Untracked 
|   6|0x00000000c1c00000, 0x00000000c1c00000, 0x00000000c1d00000|  0%| F|  |TAMS 0x00000000c1c00000, 0x00000000c1c00000| Untracked 
|   7|0x00000000c1d00000, 0x00000000c1d00000, 0x00000000c1e00000|  0%| F|  |TAMS 0x00000000c1d00000, 0x00000000c1d00000| Untracked 
|   8|0x00000000c1e00000, 0x00000000c1e00000, 0x00000000c1f00000|  0%| F|  |TAMS 0x00000000c1e00000, 0x00000000c1e00000| Untracked 
|   9|0x00000000c1f00000, 0x00000000c1f00000, 0x00000000c2000000|  0%| F|  |TAMS 0x00000000c1f00000, 0x00000000c1f00000| Untracked 
|  10|0x00000000c2000000, 0x00000000c2000000, 0x00000000c2100000|  0%| F|  |TAMS 0x00000000c2000000, 0x00000000c2000000| Untracked 
|  11|0x00000000c2100000, 0x00000000c2100000, 0x00000000c2200000|  0%| F|  |TAMS 0x00000000c2100000, 0x00000000c2100000| Untracked 
|  12|0x00000000c2200000, 0x00000000c2200000, 0x00000000c2300000|  0%| F|  |TAMS 0x00000000c2200000, 0x00000000c2200000| Untracked 
|  13|0x00000000c2300000, 0x00000000c2300000, 0x00000000c2400000|  0%| F|  |TAMS 0x00000000c2300000, 0x00000000c2300000| Untracked 
|  14|0x00000000c2400000, 0x00000000c2400000, 0x00000000c2500000|  0%| F|  |TAMS 0x00000000c2400000, 0x00000000c2400000| Untracked 
|  15|0x00000000c2500000, 0x00000000c2500000, 0x00000000c2600000|  0%| F|  |TAMS 0x00000000c2500000, 0x00000000c2500000| Untracked 
|  16|0x00000000c2600000, 0x00000000c2600000, 0x00000000c2700000|  0%| F|  |TAMS 0x00000000c2600000, 0x00000000c2600000| Untracked 
|  17|0x00000000c2700000, 0x00000000c2700000, 0x00000000c2800000|  0%| F|  |TAMS 0x00000000c2700000, 0x00000000c2700000| Untracked 
|  18|0x00000000c2800000, 0x00000000c2800000, 0x00000000c2900000|  0%| F|  |TAMS 0x00000000c2800000, 0x00000000c2800000| Untracked 
|  19|0x00000000c2900000, 0x00000000c2900000, 0x00000000c2a00000|  0%| F|  |TAMS 0x00000000c2900000, 0x00000000c2900000| Untracked 
|  20|0x00000000c2a00000, 0x00000000c2a00000, 0x00000000c2b00000|  0%| F|  |TAMS 0x00000000c2a00000, 0x00000000c2a00000| Untracked 
|  21|0x00000000c2b00000, 0x00000000c2b00000, 0x00000000c2c00000|  0%| F|  |TAMS 0x00000000c2b00000, 0x00000000c2b00000| Untracked 
|  22|0x00000000c2c00000, 0x00000000c2c00000, 0x00000000c2d00000|  0%| F|  |TAMS 0x00000000c2c00000, 0x00000000c2c00000| Untracked 
|  23|0x00000000c2d00000, 0x00000000c2d00000, 0x00000000c2e00000|  0%| F|  |TAMS 0x00000000c2d00000, 0x00000000c2d00000| Untracked 
|  24|0x00000000c2e00000, 0x00000000c2e00000, 0x00000000c2f00000|  0%| F|  |TAMS 0x00000000c2e00000, 0x00000000c2e00000| Untracked 
|  25|0x00000000c2f00000, 0x00000000c2f00000, 0x00000000c3000000|  0%| F|  |TAMS 0x00000000c2f00000, 0x00000000c2f00000| Untracked 
|  26|0x00000000c3000000, 0x00000000c3000000, 0x00000000c3100000|  0%| F|  |TAMS 0x00000000c3000000, 0x00000000c3000000| Untracked 
|  27|0x00000000c3100000, 0x00000000c3100000, 0x00000000c3200000|  0%| F|  |TAMS 0x00000000c3100000, 0x00000000c3100000| Untracked 
|  28|0x00000000c3200000, 0x00000000c3200000, 0x00000000c3300000|  0%| F|  |TAMS 0x00000000c3200000, 0x00000000c3200000| Untracked 
|  29|0x00000000c3300000, 0x00000000c3300000, 0x00000000c3400000|  0%| F|  |TAMS 0x00000000c3300000, 0x00000000c3300000| Untracked 
|  30|0x00000000c3400000, 0x00000000c3400000, 0x00000000c3500000|  0%| F|  |TAMS 0x00000000c3400000, 0x00000000c3400000| Untracked 
|  31|0x00000000c3500000, 0x00000000c3500000, 0x00000000c3600000|  0%| F|  |TAMS 0x00000000c3500000, 0x00000000c3500000| Untracked 
|  32|0x00000000c3600000, 0x00000000c3600000, 0x00000000c3700000|  0%| F|  |TAMS 0x00000000c3600000, 0x00000000c3600000| Untracked 
|  33|0x00000000c3700000, 0x00000000c3700000, 0x00000000c3800000|  0%| F|  |TAMS 0x00000000c3700000, 0x00000000c3700000| Untracked 
|  34|0x00000000c3800000, 0x00000000c3800000, 0x00000000c3900000|  0%| F|  |TAMS 0x00000000c3800000, 0x00000000c3800000| Untracked 
|  35|0x00000000c3900000, 0x00000000c3900000, 0x00000000c3a00000|  0%| F|  |TAMS 0x00000000c3900000, 0x00000000c3900000| Untracked 
|  36|0x00000000c3a00000, 0x00000000c3a00000, 0x00000000c3b00000|  0%| F|  |TAMS 0x00000000c3a00000, 0x00000000c3a00000| Untracked 
|  37|0x00000000c3b00000, 0x00000000c3b00000, 0x00000000c3c00000|  0%| F|  |TAMS 0x00000000c3b00000, 0x00000000c3b00000| Untracked 
|  38|0x00000000c3c00000, 0x00000000c3c00000, 0x00000000c3d00000|  0%| F|  |TAMS 0x00000000c3c00000, 0x00000000c3c00000| Untracked 
|  39|0x00000000c3d00000, 0x00000000c3d00000, 0x00000000c3e00000|  0%| F|  |TAMS 0x00000000c3d00000, 0x00000000c3d00000| Untracked 
|  40|0x00000000c3e00000, 0x00000000c3e00000, 0x00000000c3f00000|  0%| F|  |TAMS 0x00000000c3e00000, 0x00000000c3e00000| Untracked 
|  41|0x00000000c3f00000, 0x00000000c3f00000, 0x00000000c4000000|  0%| F|  |TAMS 0x00000000c3f00000, 0x00000000c3f00000| Untracked 
|  42|0x00000000c4000000, 0x00000000c4000000, 0x00000000c4100000|  0%| F|  |TAMS 0x00000000c4000000, 0x00000000c4000000| Untracked 
|  43|0x00000000c4100000, 0x00000000c4100000, 0x00000000c4200000|  0%| F|  |TAMS 0x00000000c4100000, 0x00000000c4100000| Untracked 
|  44|0x00000000c4200000, 0x00000000c4200000, 0x00000000c4300000|  0%| F|  |TAMS 0x00000000c4200000, 0x00000000c4200000| Untracked 
|  45|0x00000000c4300000, 0x00000000c4300000, 0x00000000c4400000|  0%| F|  |TAMS 0x00000000c4300000, 0x00000000c4300000| Untracked 
|  46|0x00000000c4400000, 0x00000000c4400000, 0x00000000c4500000|  0%| F|  |TAMS 0x00000000c4400000, 0x00000000c4400000| Untracked 
|  47|0x00000000c4500000, 0x00000000c4500000, 0x00000000c4600000|  0%| F|  |TAMS 0x00000000c4500000, 0x00000000c4500000| Untracked 
|  48|0x00000000c4600000, 0x00000000c4600000, 0x00000000c4700000|  0%| F|  |TAMS 0x00000000c4600000, 0x00000000c4600000| Untracked 
|  49|0x00000000c4700000, 0x00000000c4700000, 0x00000000c4800000|  0%| F|  |TAMS 0x00000000c4700000, 0x00000000c4700000| Untracked 
|  50|0x00000000c4800000, 0x00000000c4800000, 0x00000000c4900000|  0%| F|  |TAMS 0x00000000c4800000, 0x00000000c4800000| Untracked 
|  51|0x00000000c4900000, 0x00000000c4900000, 0x00000000c4a00000|  0%| F|  |TAMS 0x00000000c4900000, 0x00000000c4900000| Untracked 
|  52|0x00000000c4a00000, 0x00000000c4a00000, 0x00000000c4b00000|  0%| F|  |TAMS 0x00000000c4a00000, 0x00000000c4a00000| Untracked 
|  53|0x00000000c4b00000, 0x00000000c4b00000, 0x00000000c4c00000|  0%| F|  |TAMS 0x00000000c4b00000, 0x00000000c4b00000| Untracked 
|  54|0x00000000c4c00000, 0x00000000c4c00000, 0x00000000c4d00000|  0%| F|  |TAMS 0x00000000c4c00000, 0x00000000c4c00000| Untracked 
|  55|0x00000000c4d00000, 0x00000000c4d00000, 0x00000000c4e00000|  0%| F|  |TAMS 0x00000000c4d00000, 0x00000000c4d00000| Untracked 
|  56|0x00000000c4e00000, 0x00000000c4e00000, 0x00000000c4f00000|  0%| F|  |TAMS 0x00000000c4e00000, 0x00000000c4e00000| Untracked 
|  57|0x00000000c4f00000, 0x00000000c4f00000, 0x00000000c5000000|  0%| F|  |TAMS 0x00000000c4f00000, 0x00000000c4f00000| Untracked 
|  58|0x00000000c5000000, 0x00000000c5000000, 0x00000000c5100000|  0%| F|  |TAMS 0x00000000c5000000, 0x00000000c5000000| Untracked 
|  59|0x00000000c5100000, 0x00000000c5100000, 0x00000000c5200000|  0%| F|  |TAMS 0x00000000c5100000, 0x00000000c5100000| Untracked 
|  60|0x00000000c5200000, 0x00000000c5200000, 0x00000000c5300000|  0%| F|  |TAMS 0x00000000c5200000, 0x00000000c5200000| Untracked 
|  61|0x00000000c5300000, 0x00000000c5300000, 0x00000000c5400000|  0%| F|  |TAMS 0x00000000c5300000, 0x00000000c5300000| Untracked 
|  62|0x00000000c5400000, 0x00000000c5400000, 0x00000000c5500000|  0%| F|  |TAMS 0x00000000c5400000, 0x00000000c5400000| Untracked 
|  63|0x00000000c5500000, 0x00000000c5542960, 0x00000000c5600000| 26%| E|  |TAMS 0x00000000c5500000, 0x00000000c5500000| Complete 

Card table byte_map: [0x00000191c6c80000,0x00000191c6e80000] _byte_map_base: 0x00000191c6675000

Marking Bits (Prev, Next): (CMBitMap*) 0x00000191c1020690, (CMBitMap*) 0x00000191c10206d0
 Prev Bits: [0x00000191c7080000, 0x00000191c8028000)
 Next Bits: [0x00000191c8030000, 0x00000191c8fd8000)

GC Heap History (0 events):
No events

Deoptimization events (0 events):
No events

Classes unloaded (0 events):
No events

Classes redefined (0 events):
No events

Internal exceptions (0 events):
No events

VM Operations (0 events):
No events

Events (20 events):
Event: 0.969 loading class java/lang/constant/Constable
Event: 0.969 loading class java/lang/constant/Constable done
Event: 0.969 loading class java/lang/constant/ConstantDesc
Event: 0.970 loading class java/lang/constant/ConstantDesc done
Event: 0.970 loading class java/lang/String done
Event: 0.970 loading class java/lang/Class
Event: 0.971 loading class java/lang/reflect/GenericDeclaration
Event: 0.971 loading class java/lang/reflect/AnnotatedElement
Event: 0.971 loading class java/lang/reflect/AnnotatedElement done
Event: 0.971 loading class java/lang/reflect/GenericDeclaration done
Event: 0.971 loading class java/lang/reflect/Type
Event: 0.971 loading class java/lang/reflect/Type done
Event: 0.971 loading class java/lang/invoke/TypeDescriptor$OfField
Event: 0.971 loading class java/lang/invoke/TypeDescriptor
Event: 0.971 loading class java/lang/invoke/TypeDescriptor done
Event: 0.971 loading class java/lang/invoke/TypeDescriptor$OfField done
Event: 0.972 loading class java/lang/Class done
Event: 0.972 loading class java/lang/Cloneable
Event: 0.972 loading class java/lang/Cloneable done
Event: 0.972 loading class java/lang/ClassLoader


Dynamic libraries:
0x00007ff61ea20000 - 0x00007ff61ea2e000 	c:\Users\User\.vscode\extensions\redhat.java-1.6.0-win32-x64\jre\17.0.2-win32-x86_64\bin\java.exe
0x00007ffe28370000 - 0x00007ffe28565000 	C:\Windows\SYSTEM32\ntdll.dll
0x00007ffe27150000 - 0x00007ffe2720d000 	C:\Windows\System32\KERNEL32.DLL
0x00007ffe25ab0000 - 0x00007ffe25d78000 	C:\Windows\System32\KERNELBASE.dll
0x00007ffe26010000 - 0x00007ffe26110000 	C:\Windows\System32\ucrtbase.dll
0x00007ffe1aff0000 - 0x00007ffe1b008000 	c:\Users\User\.vscode\extensions\redhat.java-1.6.0-win32-x64\jre\17.0.2-win32-x86_64\bin\jli.dll
0x00007ffe27210000 - 0x00007ffe273b0000 	C:\Windows\System32\USER32.dll
0x00007ffe25d80000 - 0x00007ffe25da2000 	C:\Windows\System32\win32u.dll
0x00007ffe26bf0000 - 0x00007ffe26c1a000 	C:\Windows\System32\GDI32.dll
0x00007ffe26260000 - 0x00007ffe2636b000 	C:\Windows\System32\gdi32full.dll
0x00007ffe261c0000 - 0x00007ffe2625d000 	C:\Windows\System32\msvcp_win.dll
0x00007ffe0aa00000 - 0x00007ffe0aa19000 	c:\Users\User\.vscode\extensions\redhat.java-1.6.0-win32-x64\jre\17.0.2-win32-x86_64\bin\VCRUNTIME140.dll
0x00007ffe16760000 - 0x00007ffe169fa000 	C:\Windows\WinSxS\amd64_microsoft.windows.common-controls_6595b64144ccf1df_6.0.19041.844_none_ca00b6081b84eb1d\COMCTL32.dll
0x00007ffe278d0000 - 0x00007ffe2796e000 	C:\Windows\System32\msvcrt.dll
0x00007ffe26f80000 - 0x00007ffe26fb0000 	C:\Windows\System32\IMM32.DLL
0x00007ffe210c0000 - 0x00007ffe210cc000 	c:\Users\User\.vscode\extensions\redhat.java-1.6.0-win32-x64\jre\17.0.2-win32-x86_64\bin\vcruntime140_1.dll
0x00007ffdf1830000 - 0x00007ffdf18c1000 	c:\Users\User\.vscode\extensions\redhat.java-1.6.0-win32-x64\jre\17.0.2-win32-x86_64\bin\msvcp140.dll
0x00007ffde05b0000 - 0x00007ffde11f7000 	c:\Users\User\.vscode\extensions\redhat.java-1.6.0-win32-x64\jre\17.0.2-win32-x86_64\bin\server\jvm.dll
0x00007ffe26fc0000 - 0x00007ffe2706c000 	C:\Windows\System32\ADVAPI32.dll
0x00007ffe26620000 - 0x00007ffe266bb000 	C:\Windows\System32\sechost.dll
0x00007ffe27720000 - 0x00007ffe2784b000 	C:\Windows\System32\RPCRT4.dll
0x00007ffe26be0000 - 0x00007ffe26be8000 	C:\Windows\System32\PSAPI.DLL
0x00007ffe14210000 - 0x00007ffe14219000 	C:\Windows\SYSTEM32\WSOCK32.dll
0x00007ffe270e0000 - 0x00007ffe2714b000 	C:\Windows\System32\WS2_32.dll
0x00007ffe17880000 - 0x00007ffe178a7000 	C:\Windows\SYSTEM32\WINMM.dll
0x00007ffe14100000 - 0x00007ffe1410a000 	C:\Windows\SYSTEM32\VERSION.dll
0x00007ffe24340000 - 0x00007ffe24352000 	C:\Windows\SYSTEM32\kernel.appcore.dll
0x00007ffe20950000 - 0x00007ffe2095a000 	c:\Users\User\.vscode\extensions\redhat.java-1.6.0-win32-x64\jre\17.0.2-win32-x86_64\bin\jimage.dll
0x00007ffe24040000 - 0x00007ffe24224000 	C:\Windows\SYSTEM32\DBGHELP.DLL
0x00007ffe12c60000 - 0x00007ffe12c8c000 	C:\Windows\SYSTEM32\dbgcore.DLL
0x00007ffe26140000 - 0x00007ffe261c0000 	C:\Windows\System32\bcryptPrimitives.dll
0x00007ffdff170000 - 0x00007ffdff195000 	c:\Users\User\.vscode\extensions\redhat.java-1.6.0-win32-x64\jre\17.0.2-win32-x86_64\bin\java.dll
0x00007ffe089a0000 - 0x00007ffe089b8000 	c:\Users\User\.vscode\extensions\redhat.java-1.6.0-win32-x64\jre\17.0.2-win32-x86_64\bin\zip.dll

dbghelp: loaded successfully - version: 4.0.5 - missing functions: none
symbol engine: initialized successfully - sym options: 0x614 - pdb path: .;c:\Users\User\.vscode\extensions\redhat.java-1.6.0-win32-x64\jre\17.0.2-win32-x86_64\bin;C:\Windows\SYSTEM32;C:\Windows\WinSxS\amd64_microsoft.windows.common-controls_6595b64144ccf1df_6.0.19041.844_none_ca00b6081b84eb1d;c:\Users\User\.vscode\extensions\redhat.java-1.6.0-win32-x64\jre\17.0.2-win32-x86_64\bin\server

VM Arguments:
jvm_args: -Dsts.lsp.client=vscode -Dsts.log.file=/dev/null -XX:TieredStopAtLevel=1 -Dspring.config.location=file:c:\Users\User\.vscode\extensions\pivotal.vscode-spring-boot-1.33.0\language-server\BOOT-INF\classes\application.properties 
java_command: org.springframework.ide.vscode.boot.app.BootLanguageServerBootApp
java_class_path (initial): c:\Users\User\.vscode\extensions\pivotal.vscode-spring-boot-1.33.0\language-server\BOOT-INF\classes;c:\Users\User\.vscode\extensions\pivotal.vscode-spring-boot-1.33.0\language-server\BOOT-INF\lib\antlr4-runtime-4.5.3.jar;c:\Users\User\.vscode\extensions\pivotal.vscode-spring-boot-1.33.0\language-server\BOOT-INF\lib\byte-buddy-1.10.18.jar;c:\Users\User\.vscode\extensions\pivotal.vscode-spring-boot-1.33.0\language-server\BOOT-INF\lib\commons-codec-1.14.jar;c:\Users\User\.vscode\extensions\pivotal.vscode-spring-boot-1.33.0\language-server\BOOT-INF\lib\commons-io-2.4.jar;c:\Users\User\.vscode\extensions\pivotal.vscode-spring-boot-1.33.0\language-server\BOOT-INF\lib\commons-java-1.33.0-SNAPSHOT.jar;c:\Users\User\.vscode\extensions\pivotal.vscode-spring-boot-1.33.0\language-server\BOOT-INF\lib\commons-lang3-3.10.jar;c:\Users\User\.vscode\extensions\pivotal.vscode-spring-boot-1.33.0\language-server\BOOT-INF\lib\commons-language-server-1.33.0-SNAPSHOT.jar;c:\Users\User\.vscode\extensions\pivotal.vscode-spring-boot-1.33.0\language-server\BOOT-INF\lib\commons-lsp-extensions-1.33.0-SNAPSHOT.jar;c:\Users\User\.vscode\extensions\pivotal.vscode-spring-boot-1.33.0\language-server\BOOT-INF\lib\commons-util-1.33.0-SNAPSHOT.jar;c:\Users\User\.vscode\extensions\pivotal.vscode-spring-boot-1.33.0\language-server\BOOT-INF\lib\commons-yaml-1.33.0-SNAPSHOT.jar;c:\Users\User\.vscode\extensions\pivotal.vscode-spring-boot-1.33.0\language-server\BOOT-INF\lib\gson-2.8.6.jar;c:\Users\User\.vscode\extensions\pivotal.vscode-spring-boot-1.33.0\language-server\BOOT-INF\lib\guava-19.0.jar;c:\Users\User\.vscode\extensions\pivotal.vscode-spring-boot-1.33.0\language-server\BOOT-INF\lib\jakarta.annotation-api-1.3.5.jar;c:\Users\User\.vscode\extensions\pivotal.vscode-spring-boot-1.33.0\language-server\BOOT-INF\lib\jandex-2.0.5.Final.jar;c:\Users\User\.vscode\extensions\pivotal.vscode-spring-boot-1.33.0\language-server\BOOT-INF\lib\java-properties-1.33.0-SNAPSHOT.jar;c:\Users\U
Launcher Type: SUN_STANDARD

[Global flags]
     intx CICompilerCount                          = 3                                         {product} {ergonomic}
     uint ConcGCThreads                            = 1                                         {product} {ergonomic}
     uint G1ConcRefinementThreads                  = 4                                         {product} {ergonomic}
   size_t G1HeapRegionSize                         = 1048576                                   {product} {ergonomic}
    uintx GCDrainStackTargetSize                   = 64                                        {product} {ergonomic}
   size_t InitialHeapSize                          = 67108864                                  {product} {ergonomic}
   size_t MarkStackSize                            = 4194304                                   {product} {ergonomic}
   size_t MaxHeapSize                              = 1050673152                                {product} {ergonomic}
   size_t MaxNewSize                               = 630194176                                 {product} {ergonomic}
   size_t MinHeapDeltaBytes                        = 1048576                                   {product} {ergonomic}
   size_t MinHeapSize                              = 8388608                                   {product} {ergonomic}
    uintx NonProfiledCodeHeapSize                  = 0                                      {pd product} {ergonomic}
     bool ProfileInterpreter                       = false                                  {pd product} {command line}
    uintx ProfiledCodeHeapSize                     = 0                                      {pd product} {ergonomic}
   size_t SoftMaxHeapSize                          = 1050673152                             {manageable} {ergonomic}
     intx TieredStopAtLevel                        = 1                                         {product} {command line}
     bool UseCompressedClassPointers               = true                           {product lp64_product} {ergonomic}
     bool UseCompressedOops                        = true                           {product lp64_product} {ergonomic}
     bool UseG1GC                                  = true                                      {product} {ergonomic}
     bool UseLargePagesIndividualAllocation        = false                                  {pd product} {ergonomic}

Logging:
Log output configuration:
 #0: stdout all=warning uptime,level,tags
 #1: stderr all=off uptime,level,tags

Environment Variables:
JAVA_HOME=C:\Program Files\Java\jdk-17.0.2
PATH=C:\Windows\system32;C:\Windows;C:\Windows\System32\Wbem;C:\Windows\System32\WindowsPowerShell\v1.0\;C:\Windows\System32\OpenSSH\;C:\Program Files\Git\cmd;C:\Program Files\Git\mingw64\bin;C:\Program Files\Git\usr\bin;C:\Program Files\Java\jdk-17.0.2\bin;C:\Program Files\nodejs\;C:\ProgramData\chocolatey\bin;;C:\Program Files\Docker\Docker\resources\bin;C:\ProgramData\DockerDesktop\version-bin;C:\Users\User\AppData\Local\Programs\Python\Python310\Scripts\;C:\Users\User\AppData\Local\Programs\Python\Python310\;C:\Users\User\anaconda3;C:\Users\User\anaconda3\Library\mingw-w64\bin;C:\Users\User\anaconda3\Library\usr\bin;C:\Users\User\anaconda3\Library\bin;C:\Users\User\anaconda3\Scripts;C:\Users\User\AppData\Local\Microsoft\WindowsApps;C:\Users\User\AppData\Local\Programs\Microsoft VS Code\bin;C:\MongoDB\mongosh-1.1.9-win32-x64\bin;;C:\Program Files\JetBrains\IntelliJ IDEA Community Edition 2021.3.2\bin;;C:\Users\User\AppData\Roaming\npm
USERNAME=User
OS=Windows_NT
PROCESSOR_IDENTIFIER=Intel64 Family 6 Model 142 Stepping 9, GenuineIntel



---------------  S Y S T E M  ---------------

OS:
 Windows 10 , 64 bit Build 19041 (10.0.19041.928)
OS uptime: 8 days 1:29 hours
Hyper-V role detected

CPU: total 4 (initial active 4) (2 cores per cpu, 2 threads per core) family 6 model 142 stepping 9 microcode 0xde, cx8, cmov, fxsr, ht, mmx, 3dnowpref, sse, sse2, sse3, ssse3, sse4.1, sse4.2, popcnt, lzcnt, tsc, tscinvbit, avx, avx2, aes, erms, clmul, bmi1, bmi2, adx, fma, vzeroupper, clflush, clflushopt, hv

Memory: 4k page, system-wide physical 4007M (80M free)
TotalPageFile size 16294M (AvailPageFile size 258M)
current process WorkingSet (physical memory assigned to process): 12M, peak: 12M
current process commit charge ("private bytes"): 114M, peak: 114M

vm_info: OpenJDK 64-Bit Server VM (17.0.2+8) for windows-amd64 JRE (17.0.2+8), built on Jan 20 2022 04:52:34 by "" with MS VC++ 16.7 (VS2019)

END.
