#
# There is insufficient memory for the Java Runtime Environment to continue.
# Native memory allocation (malloc) failed to allocate 32744 bytes for ChunkPool::allocate
# Possible reasons:
#   The system is out of physical RAM or swap space
#   The process is running with CompressedOops enabled, and the Java Heap may be blocking the growth of the native heap
# Possible solutions:
#   Reduce memory load on the system
#   Increase physical memory or swap space
#   Check if swap backing store is full
#   Decrease Java heap size (-Xmx/-Xms)
#   Decrease number of Java threads
#   Decrease Java thread stack sizes (-Xss)
#   Set larger code cache with -XX:ReservedCodeCacheSize=
#   JVM is running with Unscaled Compressed Oops mode in which the Java heap is
#     placed in the first 4GB address space. The Java Heap base address is the
#     maximum limit for the native heap growth. Please use -XX:HeapBaseMinAddress
#     to set the Java Heap base and to place the Java Heap above 4GB virtual address.
# This output file may be truncated or incomplete.
#
#  Out of Memory Error (arena.cpp:78), pid=59704, tid=47416
#
# JRE version: OpenJDK Runtime Environment Temurin-17.0.3+7 (17.0.3+7) (build 17.0.3+7)
# Java VM: OpenJDK 64-Bit Server VM Temurin-17.0.3+7 (17.0.3+7, mixed mode, emulated-client, tiered, compressed oops, compressed class ptrs, g1 gc, windows-amd64)
# No core dump will be written. Minidumps are not enabled by default on client versions of Windows
#

---------------  S U M M A R Y ------------

Command Line: -Dsts.lsp.client=vscode -Dsts.log.file=/dev/null -XX:TieredStopAtLevel=1 -Dspring.config.location=file:c:\Users\User\.vscode\extensions\pivotal.vscode-spring-boot-1.33.0\language-server\BOOT-INF\classes\application.properties org.springframework.ide.vscode.boot.app.BootLanguageServerBootApp

Host: Intel(R) Core(TM) i3-7100U CPU @ 2.40GHz, 4 cores, 3G,  Windows 10 , 64 bit Build 19041 (10.0.19041.928)
Time: Fri Jun 10 15:28:25 2022 India Standard Time elapsed time: 6.980375 seconds (0d 0h 0m 6s)

---------------  T H R E A D  ---------------

Current thread (0x000001f9402303e0):  JavaThread "main" [_thread_in_vm, id=47416, stack(0x000000071e200000,0x000000071e300000)]

Stack: [0x000000071e200000,0x000000071e300000]
Native frames: (J=compiled Java code, j=interpreted, Vv=VM code, C=native code)
V  [jvm.dll+0x675efa]
V  [jvm.dll+0x830a24]
V  [jvm.dll+0x8321ce]
V  [jvm.dll+0x832833]
V  [jvm.dll+0x2454b5]
V  [jvm.dll+0xabfc0]
V  [jvm.dll+0xac30c]
V  [jvm.dll+0x7abde8]
V  [jvm.dll+0x7ac999]
V  [jvm.dll+0x1e8946]
V  [jvm.dll+0x1eb04b]
V  [jvm.dll+0x1e05b1]
V  [jvm.dll+0x53bb80]
V  [jvm.dll+0x7aba28]
V  [jvm.dll+0x7abb14]
V  [jvm.dll+0x40c7c5]
V  [jvm.dll+0x4129b8]
C  [java.dll+0x17ec]

Java frames: (J=compiled Java code, j=interpreted, Vv=VM code)
j  java.lang.ClassLoader.defineClass1(Ljava/lang/ClassLoader;Ljava/lang/String;[BIILjava/security/ProtectionDomain;Ljava/lang/String;)Ljava/lang/Class;+0 java.base@17.0.3
j  java.lang.ClassLoader.defineClass(Ljava/lang/String;[BIILjava/security/ProtectionDomain;)Ljava/lang/Class;+27 java.base@17.0.3
j  java.security.SecureClassLoader.defineClass(Ljava/lang/String;[BIILjava/security/CodeSource;)Ljava/lang/Class;+12 java.base@17.0.3
j  jdk.internal.loader.BuiltinClassLoader.defineClass(Ljava/lang/String;Ljdk/internal/loader/Resource;)Ljava/lang/Class;+117 java.base@17.0.3
j  jdk.internal.loader.BuiltinClassLoader.findClassOnClassPathOrNull(Ljava/lang/String;)Ljava/lang/Class;+37 java.base@17.0.3
J 347 c1 jdk.internal.loader.BuiltinClassLoader.loadClassOrNull(Ljava/lang/String;Z)Ljava/lang/Class; java.base@17.0.3 (143 bytes) @ 0x000001f94303c9c4 [0x000001f94303c580+0x0000000000000444]
j  jdk.internal.loader.BuiltinClassLoader.loadClass(Ljava/lang/String;Z)Ljava/lang/Class;+3 java.base@17.0.3
j  jdk.internal.loader.ClassLoaders$AppClassLoader.loadClass(Ljava/lang/String;Z)Ljava/lang/Class;+36 java.base@17.0.3
j  java.lang.ClassLoader.loadClass(Ljava/lang/String;)Ljava/lang/Class;+3 java.base@17.0.3
v  ~StubRoutines::call_stub
j  ch.qos.logback.core.joran.event.SaxEventRecorder.<init>(Lch/qos/logback/core/Context;)V+27
j  ch.qos.logback.core.joran.GenericConfigurator.doConfigure(Lorg/xml/sax/InputSource;)V+12
j  ch.qos.logback.core.joran.GenericConfigurator.doConfigure(Ljava/io/InputStream;Ljava/lang/String;)V+16
j  ch.qos.logback.core.joran.GenericConfigurator.doConfigure(Ljava/net/URL;)V+31
j  ch.qos.logback.classic.util.ContextInitializer.configureByResource(Ljava/net/URL;)V+103
j  ch.qos.logback.classic.util.ContextInitializer.autoConfig()V+19
j  org.slf4j.impl.StaticLoggerBinder.init()V+11
j  org.slf4j.impl.StaticLoggerBinder.<clinit>()V+28
v  ~StubRoutines::call_stub
j  org.slf4j.LoggerFactory.bind()V+16
j  org.slf4j.LoggerFactory.performInitialization()V+0
j  org.slf4j.LoggerFactory.getILoggerFactory()Lorg/slf4j/ILoggerFactory;+22
j  org.slf4j.LoggerFactory.getLogger(Ljava/lang/String;)Lorg/slf4j/Logger;+0
j  reactor.util.Loggers$Slf4JLoggerFactory.getLogger(Ljava/lang/String;)Lreactor/util/Logger;+5
j  reactor.util.Loggers.useSl4jLoggers()V+17
j  reactor.util.Loggers.resetLoggerFactory()V+0
j  reactor.util.Loggers.<clinit>()V+0
v  ~StubRoutines::call_stub
j  reactor.core.publisher.Hooks.<clinit>()V+2
v  ~StubRoutines::call_stub
j  org.springframework.ide.vscode.boot.app.BootLanguageServerBootApp.main([Ljava/lang/String;)V+0
v  ~StubRoutines::call_stub

---------------  P R O C E S S  ---------------

Threads class SMR info:
_java_thread_list=0x000001f94b1f1040, length=11, elements={
0x000001f9402303e0, 0x000001f94a6b7750, 0x000001f94a6b88e0, 0x000001f94a6df950,
0x000001f94a6e35f0, 0x000001f94a6e4ec0, 0x000001f94a6e5780, 0x000001f94a6e60f0,
0x000001f94a6e69f0, 0x000001f94b1f7a10, 0x000001f94b1fa180
}

Java Threads: ( => current thread )
=>0x000001f9402303e0 JavaThread "main" [_thread_in_vm, id=47416, stack(0x000000071e200000,0x000000071e300000)]
  0x000001f94a6b7750 JavaThread "Reference Handler" daemon [_thread_blocked, id=22812, stack(0x000000071e900000,0x000000071ea00000)]
  0x000001f94a6b88e0 JavaThread "Finalizer" daemon [_thread_blocked, id=53676, stack(0x000000071ea00000,0x000000071eb00000)]
  0x000001f94a6df950 JavaThread "Signal Dispatcher" daemon [_thread_blocked, id=51960, stack(0x000000071eb00000,0x000000071ec00000)]
  0x000001f94a6e35f0 JavaThread "Attach Listener" daemon [_thread_blocked, id=58768, stack(0x000000071ec00000,0x000000071ed00000)]
  0x000001f94a6e4ec0 JavaThread "Service Thread" daemon [_thread_blocked, id=3828, stack(0x000000071ed00000,0x000000071ee00000)]
  0x000001f94a6e5780 JavaThread "Monitor Deflation Thread" daemon [_thread_blocked, id=55156, stack(0x000000071ee00000,0x000000071ef00000)]
  0x000001f94a6e60f0 JavaThread "C1 CompilerThread0" daemon [_thread_blocked, id=17088, stack(0x000000071ef00000,0x000000071f000000)]
  0x000001f94a6e69f0 JavaThread "Sweeper thread" daemon [_thread_blocked, id=4500, stack(0x000000071f000000,0x000000071f100000)]
  0x000001f94b1f7a10 JavaThread "Notification Thread" daemon [_thread_blocked, id=56700, stack(0x000000071f100000,0x000000071f200000)]
  0x000001f94b1fa180 JavaThread "Common-Cleaner" daemon [_thread_blocked, id=1264, stack(0x000000071f300000,0x000000071f400000)]

Other Threads:
  0x000001f940306cd0 VMThread "VM Thread" [stack: 0x000000071e800000,0x000000071e900000] [id=59140]
  0x000001f94b1f7ee0 WatcherThread [stack: 0x000000071f200000,0x000000071f300000] [id=15432]
  0x000001f94026b970 GCTaskThread "GC Thread#0" [stack: 0x000000071e300000,0x000000071e400000] [id=9804]
  0x000001f940276920 ConcurrentGCThread "G1 Main Marker" [stack: 0x000000071e400000,0x000000071e500000] [id=52760]
  0x000001f940277240 ConcurrentGCThread "G1 Conc#0" [stack: 0x000000071e500000,0x000000071e600000] [id=9472]
  0x000001f9402c63d0 ConcurrentGCThread "G1 Refine#0" [stack: 0x000000071e600000,0x000000071e700000] [id=59596]
  0x000001f9402c6d00 ConcurrentGCThread "G1 Service" [stack: 0x000000071e700000,0x000000071e800000] [id=57596]

Threads with active compile tasks:

VM state: not at safepoint (normal execution)

VM Mutex/Monitor currently owned by a thread: None

Heap address: 0x00000000c1600000, size: 1002 MB, Compressed Oops mode: 32-bit

CDS archive(s) not mapped
Compressed class space mapped at: 0x0000000100000000-0x0000000140000000, reserved size: 1073741824
Narrow klass base: 0x0000000000000000, Narrow klass shift: 3, Narrow klass range: 0x140000000

GC Precious Log:
 CPUs: 4 total, 4 available
 Memory: 4007M
 Large Page Support: Disabled
 NUMA Support: Disabled
 Compressed Oops: Enabled (32-bit)
 Heap Region Size: 1M
 Heap Min Capacity: 8M
 Heap Initial Capacity: 64M
 Heap Max Capacity: 1002M
 Pre-touch: Disabled
 Parallel Workers: 4
 Concurrent Workers: 1
 Concurrent Refinement Workers: 4
 Periodic GC: Disabled

Heap:
 garbage-first heap   total 65536K, used 8192K [0x00000000c1600000, 0x0000000100000000)
  region size 1024K, 9 young (9216K), 0 survivors (0K)
 Metaspace       used 5481K, committed 5632K, reserved 1056768K
  class space    used 579K, committed 640K, reserved 1048576K

Heap Regions: E=young(eden), S=young(survivor), O=old, HS=humongous(starts), HC=humongous(continues), CS=collection set, F=free, OA=open archive, CA=closed archive, TAMS=top-at-mark-start (previous, next)
|   0|0x00000000c1600000, 0x00000000c1600000, 0x00000000c1700000|  0%| F|  |TAMS 0x00000000c1600000, 0x00000000c1600000| Untracked 
|   1|0x00000000c1700000, 0x00000000c1700000, 0x00000000c1800000|  0%| F|  |TAMS 0x00000000c1700000, 0x00000000c1700000| Untracked 
|   2|0x00000000c1800000, 0x00000000c1800000, 0x00000000c1900000|  0%| F|  |TAMS 0x00000000c1800000, 0x00000000c1800000| Untracked 
|   3|0x00000000c1900000, 0x00000000c1900000, 0x00000000c1a00000|  0%| F|  |TAMS 0x00000000c1900000, 0x00000000c1900000| Untracked 
|   4|0x00000000c1a00000, 0x00000000c1a00000, 0x00000000c1b00000|  0%| F|  |TAMS 0x00000000c1a00000, 0x00000000c1a00000| Untracked 
|   5|0x00000000c1b00000, 0x00000000c1b00000, 0x00000000c1c00000|  0%| F|  |TAMS 0x00000000c1b00000, 0x00000000c1b00000| Untracked 
|   6|0x00000000c1c00000, 0x00000000c1c00000, 0x00000000c1d00000|  0%| F|  |TAMS 0x00000000c1c00000, 0x00000000c1c00000| Untracked 
|   7|0x00000000c1d00000, 0x00000000c1d00000, 0x00000000c1e00000|  0%| F|  |TAMS 0x00000000c1d00000, 0x00000000c1d00000| Untracked 
|   8|0x00000000c1e00000, 0x00000000c1e00000, 0x00000000c1f00000|  0%| F|  |TAMS 0x00000000c1e00000, 0x00000000c1e00000| Untracked 
|   9|0x00000000c1f00000, 0x00000000c1f00000, 0x00000000c2000000|  0%| F|  |TAMS 0x00000000c1f00000, 0x00000000c1f00000| Untracked 
|  10|0x00000000c2000000, 0x00000000c2000000, 0x00000000c2100000|  0%| F|  |TAMS 0x00000000c2000000, 0x00000000c2000000| Untracked 
|  11|0x00000000c2100000, 0x00000000c2100000, 0x00000000c2200000|  0%| F|  |TAMS 0x00000000c2100000, 0x00000000c2100000| Untracked 
|  12|0x00000000c2200000, 0x00000000c2200000, 0x00000000c2300000|  0%| F|  |TAMS 0x00000000c2200000, 0x00000000c2200000| Untracked 
|  13|0x00000000c2300000, 0x00000000c2300000, 0x00000000c2400000|  0%| F|  |TAMS 0x00000000c2300000, 0x00000000c2300000| Untracked 
|  14|0x00000000c2400000, 0x00000000c2400000, 0x00000000c2500000|  0%| F|  |TAMS 0x00000000c2400000, 0x00000000c2400000| Untracked 
|  15|0x00000000c2500000, 0x00000000c2500000, 0x00000000c2600000|  0%| F|  |TAMS 0x00000000c2500000, 0x00000000c2500000| Untracked 
|  16|0x00000000c2600000, 0x00000000c2600000, 0x00000000c2700000|  0%| F|  |TAMS 0x00000000c2600000, 0x00000000c2600000| Untracked 
|  17|0x00000000c2700000, 0x00000000c2700000, 0x00000000c2800000|  0%| F|  |TAMS 0x00000000c2700000, 0x00000000c2700000| Untracked 
|  18|0x00000000c2800000, 0x00000000c2800000, 0x00000000c2900000|  0%| F|  |TAMS 0x00000000c2800000, 0x00000000c2800000| Untracked 
|  19|0x00000000c2900000, 0x00000000c2900000, 0x00000000c2a00000|  0%| F|  |TAMS 0x00000000c2900000, 0x00000000c2900000| Untracked 
|  20|0x00000000c2a00000, 0x00000000c2a00000, 0x00000000c2b00000|  0%| F|  |TAMS 0x00000000c2a00000, 0x00000000c2a00000| Untracked 
|  21|0x00000000c2b00000, 0x00000000c2b00000, 0x00000000c2c00000|  0%| F|  |TAMS 0x00000000c2b00000, 0x00000000c2b00000| Untracked 
|  22|0x00000000c2c00000, 0x00000000c2c00000, 0x00000000c2d00000|  0%| F|  |TAMS 0x00000000c2c00000, 0x00000000c2c00000| Untracked 
|  23|0x00000000c2d00000, 0x00000000c2d00000, 0x00000000c2e00000|  0%| F|  |TAMS 0x00000000c2d00000, 0x00000000c2d00000| Untracked 
|  24|0x00000000c2e00000, 0x00000000c2e00000, 0x00000000c2f00000|  0%| F|  |TAMS 0x00000000c2e00000, 0x00000000c2e00000| Untracked 
|  25|0x00000000c2f00000, 0x00000000c2f00000, 0x00000000c3000000|  0%| F|  |TAMS 0x00000000c2f00000, 0x00000000c2f00000| Untracked 
|  26|0x00000000c3000000, 0x00000000c3000000, 0x00000000c3100000|  0%| F|  |TAMS 0x00000000c3000000, 0x00000000c3000000| Untracked 
|  27|0x00000000c3100000, 0x00000000c3100000, 0x00000000c3200000|  0%| F|  |TAMS 0x00000000c3100000, 0x00000000c3100000| Untracked 
|  28|0x00000000c3200000, 0x00000000c3200000, 0x00000000c3300000|  0%| F|  |TAMS 0x00000000c3200000, 0x00000000c3200000| Untracked 
|  29|0x00000000c3300000, 0x00000000c3300000, 0x00000000c3400000|  0%| F|  |TAMS 0x00000000c3300000, 0x00000000c3300000| Untracked 
|  30|0x00000000c3400000, 0x00000000c3400000, 0x00000000c3500000|  0%| F|  |TAMS 0x00000000c3400000, 0x00000000c3400000| Untracked 
|  31|0x00000000c3500000, 0x00000000c3500000, 0x00000000c3600000|  0%| F|  |TAMS 0x00000000c3500000, 0x00000000c3500000| Untracked 
|  32|0x00000000c3600000, 0x00000000c3600000, 0x00000000c3700000|  0%| F|  |TAMS 0x00000000c3600000, 0x00000000c3600000| Untracked 
|  33|0x00000000c3700000, 0x00000000c3700000, 0x00000000c3800000|  0%| F|  |TAMS 0x00000000c3700000, 0x00000000c3700000| Untracked 
|  34|0x00000000c3800000, 0x00000000c3800000, 0x00000000c3900000|  0%| F|  |TAMS 0x00000000c3800000, 0x00000000c3800000| Untracked 
|  35|0x00000000c3900000, 0x00000000c3900000, 0x00000000c3a00000|  0%| F|  |TAMS 0x00000000c3900000, 0x00000000c3900000| Untracked 
|  36|0x00000000c3a00000, 0x00000000c3a00000, 0x00000000c3b00000|  0%| F|  |TAMS 0x00000000c3a00000, 0x00000000c3a00000| Untracked 
|  37|0x00000000c3b00000, 0x00000000c3b00000, 0x00000000c3c00000|  0%| F|  |TAMS 0x00000000c3b00000, 0x00000000c3b00000| Untracked 
|  38|0x00000000c3c00000, 0x00000000c3c00000, 0x00000000c3d00000|  0%| F|  |TAMS 0x00000000c3c00000, 0x00000000c3c00000| Untracked 
|  39|0x00000000c3d00000, 0x00000000c3d00000, 0x00000000c3e00000|  0%| F|  |TAMS 0x00000000c3d00000, 0x00000000c3d00000| Untracked 
|  40|0x00000000c3e00000, 0x00000000c3e00000, 0x00000000c3f00000|  0%| F|  |TAMS 0x00000000c3e00000, 0x00000000c3e00000| Untracked 
|  41|0x00000000c3f00000, 0x00000000c3f00000, 0x00000000c4000000|  0%| F|  |TAMS 0x00000000c3f00000, 0x00000000c3f00000| Untracked 
|  42|0x00000000c4000000, 0x00000000c4000000, 0x00000000c4100000|  0%| F|  |TAMS 0x00000000c4000000, 0x00000000c4000000| Untracked 
|  43|0x00000000c4100000, 0x00000000c4100000, 0x00000000c4200000|  0%| F|  |TAMS 0x00000000c4100000, 0x00000000c4100000| Untracked 
|  44|0x00000000c4200000, 0x00000000c4200000, 0x00000000c4300000|  0%| F|  |TAMS 0x00000000c4200000, 0x00000000c4200000| Untracked 
|  45|0x00000000c4300000, 0x00000000c4300000, 0x00000000c4400000|  0%| F|  |TAMS 0x00000000c4300000, 0x00000000c4300000| Untracked 
|  46|0x00000000c4400000, 0x00000000c4400000, 0x00000000c4500000|  0%| F|  |TAMS 0x00000000c4400000, 0x00000000c4400000| Untracked 
|  47|0x00000000c4500000, 0x00000000c4500000, 0x00000000c4600000|  0%| F|  |TAMS 0x00000000c4500000, 0x00000000c4500000| Untracked 
|  48|0x00000000c4600000, 0x00000000c4600000, 0x00000000c4700000|  0%| F|  |TAMS 0x00000000c4600000, 0x00000000c4600000| Untracked 
|  49|0x00000000c4700000, 0x00000000c4700000, 0x00000000c4800000|  0%| F|  |TAMS 0x00000000c4700000, 0x00000000c4700000| Untracked 
|  50|0x00000000c4800000, 0x00000000c4800000, 0x00000000c4900000|  0%| F|  |TAMS 0x00000000c4800000, 0x00000000c4800000| Untracked 
|  51|0x00000000c4900000, 0x00000000c4900000, 0x00000000c4a00000|  0%| F|  |TAMS 0x00000000c4900000, 0x00000000c4900000| Untracked 
|  52|0x00000000c4a00000, 0x00000000c4a00000, 0x00000000c4b00000|  0%| F|  |TAMS 0x00000000c4a00000, 0x00000000c4a00000| Untracked 
|  53|0x00000000c4b00000, 0x00000000c4b00000, 0x00000000c4c00000|  0%| F|  |TAMS 0x00000000c4b00000, 0x00000000c4b00000| Untracked 
|  54|0x00000000c4c00000, 0x00000000c4c00000, 0x00000000c4d00000|  0%| F|  |TAMS 0x00000000c4c00000, 0x00000000c4c00000| Untracked 
|  55|0x00000000c4d00000, 0x00000000c4d44290, 0x00000000c4e00000| 26%| E|  |TAMS 0x00000000c4d00000, 0x00000000c4d00000| Complete 
|  56|0x00000000c4e00000, 0x00000000c4f00000, 0x00000000c4f00000|100%| E|CS|TAMS 0x00000000c4e00000, 0x00000000c4e00000| Complete 
|  57|0x00000000c4f00000, 0x00000000c5000000, 0x00000000c5000000|100%| E|CS|TAMS 0x00000000c4f00000, 0x00000000c4f00000| Complete 
|  58|0x00000000c5000000, 0x00000000c5100000, 0x00000000c5100000|100%| E|CS|TAMS 0x00000000c5000000, 0x00000000c5000000| Complete 
|  59|0x00000000c5100000, 0x00000000c5200000, 0x00000000c5200000|100%| E|CS|TAMS 0x00000000c5100000, 0x00000000c5100000| Complete 
|  60|0x00000000c5200000, 0x00000000c5300000, 0x00000000c5300000|100%| E|CS|TAMS 0x00000000c5200000, 0x00000000c5200000| Complete 
|  61|0x00000000c5300000, 0x00000000c5400000, 0x00000000c5400000|100%| E|CS|TAMS 0x00000000c5300000, 0x00000000c5300000| Complete 
|  62|0x00000000c5400000, 0x00000000c5500000, 0x00000000c5500000|100%| E|CS|TAMS 0x00000000c5400000, 0x00000000c5400000| Complete 
|  63|0x00000000c5500000, 0x00000000c5600000, 0x00000000c5600000|100%| E|CS|TAMS 0x00000000c5500000, 0x00000000c5500000| Complete 

Card table byte_map: [0x000001f945ec0000,0x000001f9460c0000] _byte_map_base: 0x000001f9458b5000

Marking Bits (Prev, Next): (CMBitMap*) 0x000001f94026e2b0, (CMBitMap*) 0x000001f94026e2f0
 Prev Bits: [0x000001f9462c0000, 0x000001f947268000)
 Next Bits: [0x000001f947270000, 0x000001f948218000)

Polling page: 0x000001f93e020000

Metaspace:

Usage:
  Non-class:      4.79 MB used.
      Class:    579.33 KB used.
       Both:      5.35 MB used.

Virtual space:
  Non-class space:        8.00 MB reserved,       4.88 MB ( 61%) committed,  1 nodes.
      Class space:        1.00 GB reserved,     640.00 KB ( <1%) committed,  1 nodes.
             Both:        1.01 GB reserved,       5.50 MB ( <1%) committed. 

Chunk freelists:
   Non-Class:  2.61 MB
       Class:  3.22 MB
        Both:  5.83 MB

MaxMetaspaceSize: unlimited
CompressedClassSpaceSize: 1.00 GB
Initial GC threshold: 21.00 MB
Current GC threshold: 21.00 MB
CDS: off
MetaspaceReclaimPolicy: balanced
 - commit_granule_bytes: 65536.
 - commit_granule_words: 8192.
 - virtual_space_node_default_size: 1048576.
 - enlarge_chunks_in_place: 1.
 - new_chunks_are_fully_committed: 0.
 - uncommit_free_chunks: 1.
 - use_allocation_guard: 0.
 - handle_deallocations: 1.


Internal statistics:

num_allocs_failed_limit: 0.
num_arena_births: 4.
num_arena_deaths: 0.
num_vsnodes_births: 2.
num_vsnodes_deaths: 0.
num_space_committed: 88.
num_space_uncommitted: 0.
num_chunks_returned_to_freelist: 0.
num_chunks_taken_from_freelist: 30.
num_chunk_merges: 0.
num_chunk_splits: 19.
num_chunks_enlarged: 17.
num_purges: 0.
num_inconsistent_stats: 0.

CodeCache: size=49152Kb used=1567Kb max_used=1567Kb free=47584Kb
 bounds [0x000001f942ec0000, 0x000001f943130000, 0x000001f945ec0000]
 total_blobs=682 nmethods=360 adapters=250
 compilation: enabled
              stopped_count=0, restarted_count=0
 full_count=0

Compilation events (20 events):
Event: 6.933 Thread 0x000001f94a6e60f0 nmethod 343 0x000001f94303ae90 code [0x000001f94303b040, 0x000001f94303b208]
Event: 6.935 Thread 0x000001f94a6e60f0  344       1       java.nio.Buffer::position (52 bytes)
Event: 6.935 Thread 0x000001f94a6e60f0 nmethod 344 0x000001f94303b390 code [0x000001f94303b520, 0x000001f94303b648]
Event: 6.936 Thread 0x000001f94a6e60f0  345       1       java.io.FileSystem::hasBooleanAttributes (17 bytes)
Event: 6.936 Thread 0x000001f94a6e60f0 nmethod 345 0x000001f94303bb10 code [0x000001f94303bca0, 0x000001f94303bda8]
Event: 6.936 Thread 0x000001f94a6e60f0  347   !   1       jdk.internal.loader.BuiltinClassLoader::loadClassOrNull (143 bytes)
Event: 6.938 Thread 0x000001f94a6e60f0 nmethod 347 0x000001f94303c310 code [0x000001f94303c580, 0x000001f94303ccf8]
Event: 6.938 Thread 0x000001f94a6e60f0  348       1       java.lang.ClassLoader::getClassLoadingLock (35 bytes)
Event: 6.939 Thread 0x000001f94a6e60f0 nmethod 348 0x000001f94303d490 code [0x000001f94303d620, 0x000001f94303d788]
Event: 6.939 Thread 0x000001f94a6e60f0  349       1       java.lang.ClassLoader::findLoadedClass (15 bytes)
Event: 6.939 Thread 0x000001f94a6e60f0 nmethod 349 0x000001f94303d890 code [0x000001f94303da40, 0x000001f94303db98]
Event: 6.939 Thread 0x000001f94a6e60f0  351       1       jdk.internal.loader.BuiltinClassLoader::findLoadedModule (33 bytes)
Event: 6.940 Thread 0x000001f94a6e60f0 nmethod 351 0x000001f94303dc90 code [0x000001f94303de60, 0x000001f94303e078]
Event: 6.940 Thread 0x000001f94a6e60f0  352       1       jdk.internal.loader.BuiltinClassLoader::loadClassOrNull (7 bytes)
Event: 6.940 Thread 0x000001f94a6e60f0 nmethod 352 0x000001f94303e210 code [0x000001f94303e3a0, 0x000001f94303e488]
Event: 6.940 Thread 0x000001f94a6e60f0  353       1       java.util.ArrayDeque::elementAt (4 bytes)
Event: 6.941 Thread 0x000001f94a6e60f0 nmethod 353 0x000001f94303e510 code [0x000001f94303e6a0, 0x000001f94303e778]
Event: 6.941 Thread 0x000001f94a6e60f0  354       1       java.lang.Class::getModule (5 bytes)
Event: 6.941 Thread 0x000001f94a6e60f0 nmethod 354 0x000001f94303e810 code [0x000001f94303e9a0, 0x000001f94303ea78]
Event: 6.943 Thread 0x000001f94a6e60f0  355       1       java.net.URLStreamHandler::parseURL (1201 bytes)

GC Heap History (0 events):
No events

Deoptimization events (0 events):
No events

Classes unloaded (0 events):
No events

Classes redefined (0 events):
No events

Internal exceptions (2 events):
Event: 6.331 Thread 0x000001f9402303e0 Exception <a 'java/lang/ClassNotFoundException'{0x00000000c4e40dc0}: javax/smartcardio/CardPermission> (0x00000000c4e40dc0) 
thrown [e:\jenkins\tmp\workspace\build\src\src\hotspot\share\classfile\systemDictionary.cpp, line 256]
Event: 6.349 Thread 0x000001f9402303e0 Exception <a 'java/io/FileNotFoundException'{0x00000000c4e4f3a8}> (0x00000000c4e4f3a8) 
thrown [e:\jenkins\tmp\workspace\build\src\src\hotspot\share\prims\jni.cpp, line 516]

VM Operations (12 events):
Event: 2.361 Executing VM operation: Cleanup
Event: 3.168 Executing VM operation: Cleanup done
Event: 4.182 Executing VM operation: Cleanup
Event: 4.215 Executing VM operation: Cleanup done
Event: 4.387 Executing VM operation: HandshakeAllThreads
Event: 4.387 Executing VM operation: HandshakeAllThreads done
Event: 5.401 Executing VM operation: Cleanup
Event: 5.496 Executing VM operation: Cleanup done
Event: 6.511 Executing VM operation: Cleanup
Event: 6.511 Executing VM operation: Cleanup done
Event: 6.950 Executing VM operation: HandshakeAllThreads
Event: 6.950 Executing VM operation: HandshakeAllThreads done

Events (20 events):
Event: 6.951 loading class sun/net/www/protocol/jar/URLJarFile$URLJarFileEntry
Event: 6.951 loading class sun/net/www/protocol/jar/URLJarFile$URLJarFileEntry done
Event: 6.951 loading class sun/net/www/protocol/jar/JarURLConnection$JarURLInputStream
Event: 6.951 loading class sun/net/www/protocol/jar/JarURLConnection$JarURLInputStream done
Event: 6.951 loading class org/xml/sax/InputSource
Event: 6.952 loading class org/xml/sax/InputSource done
Event: 6.954 loading class org/xml/sax/helpers/DefaultHandler
Event: 6.954 loading class org/xml/sax/EntityResolver
Event: 6.960 loading class org/xml/sax/EntityResolver done
Event: 6.960 loading class org/xml/sax/DTDHandler
Event: 6.960 loading class org/xml/sax/DTDHandler done
Event: 6.960 loading class org/xml/sax/ContentHandler
Event: 6.960 loading class org/xml/sax/ContentHandler done
Event: 6.960 loading class org/xml/sax/ErrorHandler
Event: 6.960 loading class org/xml/sax/ErrorHandler done
Event: 6.960 loading class org/xml/sax/helpers/DefaultHandler done
Event: 6.960 loading class org/xml/sax/SAXParseException
Event: 6.960 loading class org/xml/sax/SAXException
Event: 6.961 loading class org/xml/sax/SAXException done
Event: 6.961 loading class org/xml/sax/SAXParseException done


Dynamic libraries:
0x00007ff70f7e0000 - 0x00007ff70f7ee000 	c:\Users\User\.vscode\extensions\redhat.java-1.7.0-win32-x64\jre\17.0.3-win32-x86_64\bin\java.exe
0x00007ffba0e30000 - 0x00007ffba1025000 	C:\Windows\SYSTEM32\ntdll.dll
0x00007ffb9fe00000 - 0x00007ffb9febd000 	C:\Windows\System32\KERNEL32.DLL
0x00007ffb9e7f0000 - 0x00007ffb9eab8000 	C:\Windows\System32\KERNELBASE.dll
0x00007ffb9ebd0000 - 0x00007ffb9ecd0000 	C:\Windows\System32\ucrtbase.dll
0x00007ffb973a0000 - 0x00007ffb973b8000 	c:\Users\User\.vscode\extensions\redhat.java-1.7.0-win32-x64\jre\17.0.3-win32-x86_64\bin\jli.dll
0x00007ffb9f870000 - 0x00007ffb9fa10000 	C:\Windows\System32\USER32.dll
0x00007ffb9e720000 - 0x00007ffb9e742000 	C:\Windows\System32\win32u.dll
0x00007ffba0050000 - 0x00007ffba007a000 	C:\Windows\System32\GDI32.dll
0x00007ffb9eac0000 - 0x00007ffb9ebcb000 	C:\Windows\System32\gdi32full.dll
0x00007ffb9e750000 - 0x00007ffb9e7ed000 	C:\Windows\System32\msvcp_win.dll
0x00007ffb8ef10000 - 0x00007ffb8ef29000 	c:\Users\User\.vscode\extensions\redhat.java-1.7.0-win32-x64\jre\17.0.3-win32-x86_64\bin\VCRUNTIME140.dll
0x00007ffb8f530000 - 0x00007ffb8f7ca000 	C:\Windows\WinSxS\amd64_microsoft.windows.common-controls_6595b64144ccf1df_6.0.19041.844_none_ca00b6081b84eb1d\COMCTL32.dll
0x00007ffb9fd60000 - 0x00007ffb9fdfe000 	C:\Windows\System32\msvcrt.dll
0x00007ffba0dc0000 - 0x00007ffba0df0000 	C:\Windows\System32\IMM32.DLL
0x00007ffb98ed0000 - 0x00007ffb98edc000 	c:\Users\User\.vscode\extensions\redhat.java-1.7.0-win32-x64\jre\17.0.3-win32-x86_64\bin\vcruntime140_1.dll
0x00007ffb4bca0000 - 0x00007ffb4bd31000 	c:\Users\User\.vscode\extensions\redhat.java-1.7.0-win32-x64\jre\17.0.3-win32-x86_64\bin\msvcp140.dll
0x00007ffb40ab0000 - 0x00007ffb416f8000 	c:\Users\User\.vscode\extensions\redhat.java-1.7.0-win32-x64\jre\17.0.3-win32-x86_64\bin\server\jvm.dll
0x00007ffb9f010000 - 0x00007ffb9f0bc000 	C:\Windows\System32\ADVAPI32.dll
0x00007ffb9eea0000 - 0x00007ffb9ef3b000 	C:\Windows\System32\sechost.dll
0x00007ffba0440000 - 0x00007ffba056b000 	C:\Windows\System32\RPCRT4.dll
0x00007ffb9ee90000 - 0x00007ffb9ee98000 	C:\Windows\System32\PSAPI.DLL
0x00007ffb8ca40000 - 0x00007ffb8ca49000 	C:\Windows\SYSTEM32\WSOCK32.dll
0x00007ffb9fec0000 - 0x00007ffb9ff2b000 	C:\Windows\System32\WS2_32.dll
0x00007ffb8e3f0000 - 0x00007ffb8e417000 	C:\Windows\SYSTEM32\WINMM.dll
0x00007ffb8c370000 - 0x00007ffb8c37a000 	C:\Windows\SYSTEM32\VERSION.dll
0x00007ffb9ce00000 - 0x00007ffb9ce12000 	C:\Windows\SYSTEM32\kernel.appcore.dll
0x00007ffb98d50000 - 0x00007ffb98d5a000 	c:\Users\User\.vscode\extensions\redhat.java-1.7.0-win32-x64\jre\17.0.3-win32-x86_64\bin\jimage.dll
0x00007ffb9cb00000 - 0x00007ffb9cce4000 	C:\Windows\SYSTEM32\DBGHELP.DLL
0x00007ffb8b8e0000 - 0x00007ffb8b90c000 	C:\Windows\SYSTEM32\dbgcore.DLL
0x00007ffb9e5c0000 - 0x00007ffb9e640000 	C:\Windows\System32\bcryptPrimitives.dll
0x00007ffb8edb0000 - 0x00007ffb8edd5000 	c:\Users\User\.vscode\extensions\redhat.java-1.7.0-win32-x64\jre\17.0.3-win32-x86_64\bin\java.dll
0x00007ffb8e420000 - 0x00007ffb8e438000 	c:\Users\User\.vscode\extensions\redhat.java-1.7.0-win32-x64\jre\17.0.3-win32-x86_64\bin\zip.dll
0x00007ffb9f120000 - 0x00007ffb9f862000 	C:\Windows\System32\SHELL32.dll
0x00007ffb9c2b0000 - 0x00007ffb9ca40000 	C:\Windows\SYSTEM32\windows.storage.dll
0x00007ffba0570000 - 0x00007ffba08c5000 	C:\Windows\System32\combase.dll
0x00007ffb9df10000 - 0x00007ffb9df3c000 	C:\Windows\SYSTEM32\Wldp.dll
0x00007ffb9fc20000 - 0x00007ffb9fcce000 	C:\Windows\System32\SHCORE.dll
0x00007ffb9fa10000 - 0x00007ffb9fa65000 	C:\Windows\System32\shlwapi.dll
0x00007ffb9e4b0000 - 0x00007ffb9e4cf000 	C:\Windows\SYSTEM32\profapi.dll
0x00007ffb8e3d0000 - 0x00007ffb8e3e9000 	C:\Users\User\.vscode\extensions\redhat.java-1.7.0-win32-x64\jre\17.0.3-win32-x86_64\bin\net.dll
0x00007ffb8fe40000 - 0x00007ffb8ff4b000 	C:\Windows\SYSTEM32\WINHTTP.dll
0x00007ffb9dcf0000 - 0x00007ffb9dd5a000 	C:\Windows\system32\mswsock.dll
0x00007ffb791c0000 - 0x00007ffb791d5000 	C:\Users\User\.vscode\extensions\redhat.java-1.7.0-win32-x64\jre\17.0.3-win32-x86_64\bin\nio.dll
0x00007ffb973e0000 - 0x00007ffb973f0000 	c:\Users\User\.vscode\extensions\redhat.java-1.7.0-win32-x64\jre\17.0.3-win32-x86_64\bin\verify.dll

dbghelp: loaded successfully - version: 4.0.5 - missing functions: none
symbol engine: initialized successfully - sym options: 0x614 - pdb path: .;c:\Users\User\.vscode\extensions\redhat.java-1.7.0-win32-x64\jre\17.0.3-win32-x86_64\bin;C:\Windows\SYSTEM32;C:\Windows\WinSxS\amd64_microsoft.windows.common-controls_6595b64144ccf1df_6.0.19041.844_none_ca00b6081b84eb1d;c:\Users\User\.vscode\extensions\redhat.java-1.7.0-win32-x64\jre\17.0.3-win32-x86_64\bin\server

VM Arguments:
jvm_args: -Dsts.lsp.client=vscode -Dsts.log.file=/dev/null -XX:TieredStopAtLevel=1 -Dspring.config.location=file:c:\Users\User\.vscode\extensions\pivotal.vscode-spring-boot-1.33.0\language-server\BOOT-INF\classes\application.properties 
java_command: org.springframework.ide.vscode.boot.app.BootLanguageServerBootApp
java_class_path (initial): c:\Users\User\.vscode\extensions\pivotal.vscode-spring-boot-1.33.0\language-server\BOOT-INF\classes;c:\Users\User\.vscode\extensions\pivotal.vscode-spring-boot-1.33.0\language-server\BOOT-INF\lib\antlr4-runtime-4.5.3.jar;c:\Users\User\.vscode\extensions\pivotal.vscode-spring-boot-1.33.0\language-server\BOOT-INF\lib\byte-buddy-1.10.18.jar;c:\Users\User\.vscode\extensions\pivotal.vscode-spring-boot-1.33.0\language-server\BOOT-INF\lib\commons-codec-1.14.jar;c:\Users\User\.vscode\extensions\pivotal.vscode-spring-boot-1.33.0\language-server\BOOT-INF\lib\commons-io-2.4.jar;c:\Users\User\.vscode\extensions\pivotal.vscode-spring-boot-1.33.0\language-server\BOOT-INF\lib\commons-java-1.33.0-SNAPSHOT.jar;c:\Users\User\.vscode\extensions\pivotal.vscode-spring-boot-1.33.0\language-server\BOOT-INF\lib\commons-lang3-3.10.jar;c:\Users\User\.vscode\extensions\pivotal.vscode-spring-boot-1.33.0\language-server\BOOT-INF\lib\commons-language-server-1.33.0-SNAPSHOT.jar;c:\Users\User\.vscode\extensions\pivotal.vscode-spring-boot-1.33.0\language-server\BOOT-INF\lib\commons-lsp-extensions-1.33.0-SNAPSHOT.jar;c:\Users\User\.vscode\extensions\pivotal.vscode-spring-boot-1.33.0\language-server\BOOT-INF\lib\commons-util-1.33.0-SNAPSHOT.jar;c:\Users\User\.vscode\extensions\pivotal.vscode-spring-boot-1.33.0\language-server\BOOT-INF\lib\commons-yaml-1.33.0-SNAPSHOT.jar;c:\Users\User\.vscode\extensions\pivotal.vscode-spring-boot-1.33.0\language-server\BOOT-INF\lib\gson-2.8.6.jar;c:\Users\User\.vscode\extensions\pivotal.vscode-spring-boot-1.33.0\language-server\BOOT-INF\lib\guava-19.0.jar;c:\Users\User\.vscode\extensions\pivotal.vscode-spring-boot-1.33.0\language-server\BOOT-INF\lib\jakarta.annotation-api-1.3.5.jar;c:\Users\User\.vscode\extensions\pivotal.vscode-spring-boot-1.33.0\language-server\BOOT-INF\lib\jandex-2.0.5.Final.jar;c:\Users\User\.vscode\extensions\pivotal.vscode-spring-boot-1.33.0\language-server\BOOT-INF\lib\java-properties-1.33.0-SNAPSHOT.jar;c:\Users\U
Launcher Type: SUN_STANDARD

[Global flags]
     intx CICompilerCount                          = 3                                         {product} {ergonomic}
     uint ConcGCThreads                            = 1                                         {product} {ergonomic}
     uint G1ConcRefinementThreads                  = 4                                         {product} {ergonomic}
   size_t G1HeapRegionSize                         = 1048576                                   {product} {ergonomic}
    uintx GCDrainStackTargetSize                   = 64                                        {product} {ergonomic}
   size_t InitialHeapSize                          = 67108864                                  {product} {ergonomic}
   size_t MarkStackSize                            = 4194304                                   {product} {ergonomic}
   size_t MaxHeapSize                              = 1050673152                                {product} {ergonomic}
   size_t MaxNewSize                               = 630194176                                 {product} {ergonomic}
   size_t MinHeapDeltaBytes                        = 1048576                                   {product} {ergonomic}
   size_t MinHeapSize                              = 8388608                                   {product} {ergonomic}
    uintx NonProfiledCodeHeapSize                  = 0                                      {pd product} {ergonomic}
     bool ProfileInterpreter                       = false                                  {pd product} {command line}
    uintx ProfiledCodeHeapSize                     = 0                                      {pd product} {ergonomic}
   size_t SoftMaxHeapSize                          = 1050673152                             {manageable} {ergonomic}
     intx TieredStopAtLevel                        = 1                                         {product} {command line}
     bool UseCompressedClassPointers               = true                           {product lp64_product} {ergonomic}
     bool UseCompressedOops                        = true                           {product lp64_product} {ergonomic}
     bool UseG1GC                                  = true                                      {product} {ergonomic}
     bool UseLargePagesIndividualAllocation        = false                                  {pd product} {ergonomic}

Logging:
Log output configuration:
 #0: stdout all=warning uptime,level,tags
 #1: stderr all=off uptime,level,tags

Environment Variables:
JAVA_HOME=C:\Program Files\Java\jdk-17.0.2
PATH=C:\Windows\system32;C:\Windows;C:\Windows\System32\Wbem;C:\Windows\System32\WindowsPowerShell\v1.0\;C:\Windows\System32\OpenSSH\;C:\Program Files\Git\cmd;C:\Program Files\Git\mingw64\bin;C:\Program Files\Git\usr\bin;C:\Program Files\Java\jdk-17.0.2\bin;C:\Program Files\nodejs\;C:\ProgramData\chocolatey\bin;;C:\Program Files\Docker\Docker\resources\bin;C:\ProgramData\DockerDesktop\version-bin;C:\Users\User\AppData\Local\Programs\Python\Python310\Scripts\;C:\Users\User\AppData\Local\Programs\Python\Python310\;C:\Users\User\anaconda3;C:\Users\User\anaconda3\Library\mingw-w64\bin;C:\Users\User\anaconda3\Library\usr\bin;C:\Users\User\anaconda3\Library\bin;C:\Users\User\anaconda3\Scripts;C:\Users\User\AppData\Local\Microsoft\WindowsApps;C:\Users\User\AppData\Local\Programs\Microsoft VS Code\bin;C:\MongoDB\mongosh-1.1.9-win32-x64\bin;;C:\Program Files\JetBrains\IntelliJ IDEA Community Edition 2021.3.2\bin;;C:\Users\User\AppData\Roaming\npm
USERNAME=User
OS=Windows_NT
PROCESSOR_IDENTIFIER=Intel64 Family 6 Model 142 Stepping 9, GenuineIntel



---------------  S Y S T E M  ---------------

OS:
 Windows 10 , 64 bit Build 19041 (10.0.19041.928)
OS uptime: 0 days 7:58 hours
Hyper-V role detected

CPU: total 4 (initial active 4) (2 cores per cpu, 2 threads per core) family 6 model 142 stepping 9 microcode 0xde, cx8, cmov, fxsr, ht, mmx, 3dnowpref, sse, sse2, sse3, ssse3, sse4.1, sse4.2, popcnt, lzcnt, tsc, tscinvbit, avx, avx2, aes, erms, clmul, bmi1, bmi2, adx, fma, vzeroupper, clflush, clflushopt, hv

Memory: 4k page, system-wide physical 4007M (130M free)
TotalPageFile size 16295M (AvailPageFile size 9M)
current process WorkingSet (physical memory assigned to process): 40M, peak: 40M
current process commit charge ("private bytes"): 129M, peak: 129M

vm_info: OpenJDK 64-Bit Server VM (17.0.3+7) for windows-amd64 JRE (17.0.3+7), built on Apr 19 2022 16:55:35 by "" with MS VC++ 16.7 (VS2019)

END.
