#
# There is insufficient memory for the Java Runtime Environment to continue.
# Native memory allocation (malloc) failed to allocate 137616 bytes for Chunk::new
# Possible reasons:
#   The system is out of physical RAM or swap space
#   The process is running with CompressedOops enabled, and the Java Heap may be blocking the growth of the native heap
# Possible solutions:
#   Reduce memory load on the system
#   Increase physical memory or swap space
#   Check if swap backing store is full
#   Decrease Java heap size (-Xmx/-Xms)
#   Decrease number of Java threads
#   Decrease Java thread stack sizes (-Xss)
#   Set larger code cache with -XX:ReservedCodeCacheSize=
#   JVM is running with Unscaled Compressed Oops mode in which the Java heap is
#     placed in the first 4GB address space. The Java Heap base address is the
#     maximum limit for the native heap growth. Please use -XX:HeapBaseMinAddress
#     to set the Java Heap base and to place the Java Heap above 4GB virtual address.
# This output file may be truncated or incomplete.
#
#  Out of Memory Error (arena.cpp:189), pid=50936, tid=64352
#
# JRE version: OpenJDK Runtime Environment Temurin-17.0.3+7 (17.0.3+7) (build 17.0.3+7)
# Java VM: OpenJDK 64-Bit Server VM Temurin-17.0.3+7 (17.0.3+7, mixed mode, tiered, compressed oops, compressed class ptrs, parallel gc, windows-amd64)
# No core dump will be written. Minidumps are not enabled by default on client versions of Windows
#

---------------  S U M M A R Y ------------

Command Line: --add-modules=ALL-SYSTEM --add-opens=java.base/java.util=ALL-UNNAMED --add-opens=java.base/java.lang=ALL-UNNAMED --add-opens=java.base/sun.nio.fs=ALL-UNNAMED -Declipse.application=org.eclipse.jdt.ls.core.id1 -Dosgi.bundles.defaultStartLevel=4 -Declipse.product=org.eclipse.jdt.ls.core.product -Djava.import.generatesMetadataFilesAtProjectRoot=false -Dfile.encoding=utf8 -DwatchParentProcess=false -XX:+UseParallelGC -XX:GCTimeRatio=4 -XX:AdaptiveSizePolicyWeight=90 -Dsun.zip.disableMemoryMapping=true -Xmx1G -Xms100m -javaagent:c:\Users\User\.vscode\extensions\gabrielbb.vscode-lombok-1.0.1\server\lombok.jar c:\Users\User\.vscode\extensions\redhat.java-1.7.0-win32-x64\server\plugins\org.eclipse.equinox.launcher_1.6.400.v20210924-0641.jar -configuration c:\Users\User\AppData\Roaming\Code\User\globalStorage\redhat.java\1.7.0\config_ss_win -data c:\Users\User\AppData\Roaming\Code\User\workspaceStorage\a9902b046c2dc337595b12003a0e8262\redhat.java\ss_ws

Host: Intel(R) Core(TM) i3-7100U CPU @ 2.40GHz, 4 cores, 3G,  Windows 10 , 64 bit Build 19041 (10.0.19041.928)
Time: Fri Jun 10 07:26:20 2022 India Standard Time elapsed time: 8.982186 seconds (0d 0h 0m 8s)

---------------  T H R E A D  ---------------

Current thread (0x00000122f3aa4010):  JavaThread "C2 CompilerThread0" daemon [_thread_in_native, id=64352, stack(0x0000000510900000,0x0000000510a00000)]


Current CompileTask:
C2:   8982  916       4       lombok.patcher.scripts.AddFieldScript::patch (55 bytes)

Stack: [0x0000000510900000,0x0000000510a00000]
Native frames: (J=compiled Java code, j=interpreted, Vv=VM code, C=native code)
V  [jvm.dll+0x675efa]
V  [jvm.dll+0x830a24]
V  [jvm.dll+0x8321ce]
V  [jvm.dll+0x832833]
V  [jvm.dll+0x2454b5]
V  [jvm.dll+0xabd7b]
V  [jvm.dll+0xac30c]
V  [jvm.dll+0x3635d2]
V  [jvm.dll+0x32dca1]
V  [jvm.dll+0x32d14a]
V  [jvm.dll+0x218361]
V  [jvm.dll+0x217781]
V  [jvm.dll+0x1a3ccd]
V  [jvm.dll+0x227178]
V  [jvm.dll+0x2252bc]
V  [jvm.dll+0x7e673b]
V  [jvm.dll+0x7e0cfa]
V  [jvm.dll+0x674d85]
C  [ucrtbase.dll+0x21bb2]
C  [KERNEL32.DLL+0x17034]
C  [ntdll.dll+0x52651]


---------------  P R O C E S S  ---------------

Threads class SMR info:
_java_thread_list=0x00000122f5672430, length=12, elements={
0x00000122ddd10ed0, 0x00000122f3a74750, 0x00000122f3a754d0, 0x00000122f3a9b010,
0x00000122f3a9bd90, 0x00000122f3aa0930, 0x00000122f3aa3370, 0x00000122f3aa4010,
0x00000122f3ab64c0, 0x00000122f5420020, 0x00000122f3aee720, 0x00000122f5676850
}

Java Threads: ( => current thread )
  0x00000122ddd10ed0 JavaThread "main" [_thread_in_native, id=64732, stack(0x0000000510000000,0x0000000510100000)]
  0x00000122f3a74750 JavaThread "Reference Handler" daemon [_thread_blocked, id=65916, stack(0x0000000510300000,0x0000000510400000)]
  0x00000122f3a754d0 JavaThread "Finalizer" daemon [_thread_blocked, id=63136, stack(0x0000000510400000,0x0000000510500000)]
  0x00000122f3a9b010 JavaThread "Signal Dispatcher" daemon [_thread_blocked, id=65912, stack(0x0000000510500000,0x0000000510600000)]
  0x00000122f3a9bd90 JavaThread "Attach Listener" daemon [_thread_blocked, id=65660, stack(0x0000000510600000,0x0000000510700000)]
  0x00000122f3aa0930 JavaThread "Service Thread" daemon [_thread_blocked, id=62624, stack(0x0000000510700000,0x0000000510800000)]
  0x00000122f3aa3370 JavaThread "Monitor Deflation Thread" daemon [_thread_blocked, id=5504, stack(0x0000000510800000,0x0000000510900000)]
=>0x00000122f3aa4010 JavaThread "C2 CompilerThread0" daemon [_thread_in_native, id=64352, stack(0x0000000510900000,0x0000000510a00000)]
  0x00000122f3ab64c0 JavaThread "C1 CompilerThread0" daemon [_thread_blocked, id=54500, stack(0x0000000510a00000,0x0000000510b00000)]
  0x00000122f5420020 JavaThread "Sweeper thread" daemon [_thread_blocked, id=46684, stack(0x0000000510b00000,0x0000000510c00000)]
  0x00000122f3aee720 JavaThread "Common-Cleaner" daemon [_thread_blocked, id=65272, stack(0x0000000510c00000,0x0000000510d00000)]
  0x00000122f5676850 JavaThread "Notification Thread" daemon [_thread_blocked, id=36660, stack(0x0000000510d00000,0x0000000510e00000)]

Other Threads:
  0x00000122f3a5aeb0 VMThread "VM Thread" [stack: 0x0000000510200000,0x0000000510300000] [id=64096]
  0x00000122f56f8010 WatcherThread [stack: 0x0000000510e00000,0x0000000510f00000] [id=65204]
  0x00000122ddd262f0 GCTaskThread "GC Thread#0" [stack: 0x0000000510100000,0x0000000510200000] [id=64868]
  0x00000122f5bab880 GCTaskThread "GC Thread#1" [stack: 0x0000000510f00000,0x0000000511000000] [id=63824]
  0x00000122f5ada590 GCTaskThread "GC Thread#2" [stack: 0x0000000511000000,0x0000000511100000] [id=65296]
  0x00000122f5ada840 GCTaskThread "GC Thread#3" [stack: 0x0000000511100000,0x0000000511200000] [id=26088]

Threads with active compile tasks:
C2 CompilerThread0     9089  916       4       lombok.patcher.scripts.AddFieldScript::patch (55 bytes)

VM state: not at safepoint (normal execution)

VM Mutex/Monitor currently owned by a thread: None

Heap address: 0x00000000c0000000, size: 1024 MB, Compressed Oops mode: 32-bit

CDS archive(s) not mapped
Compressed class space mapped at: 0x0000000100000000-0x0000000140000000, reserved size: 1073741824
Narrow klass base: 0x0000000000000000, Narrow klass shift: 3, Narrow klass range: 0x140000000

GC Precious Log:
 CPUs: 4 total, 4 available
 Memory: 4007M
 Large Page Support: Disabled
 NUMA Support: Disabled
 Compressed Oops: Enabled (32-bit)
 Alignments: Space 512K, Generation 512K, Heap 2M
 Heap Min Capacity: 100M
 Heap Initial Capacity: 100M
 Heap Max Capacity: 1G
 Pre-touch: Disabled
 Parallel Workers: 4

Heap:
 PSYoungGen      total 29696K, used 6335K [0x00000000eab00000, 0x00000000ecc00000, 0x0000000100000000)
  eden space 25600K, 13% used [0x00000000eab00000,0x00000000eae4d0f8,0x00000000ec400000)
  from space 4096K, 72% used [0x00000000ec400000,0x00000000ec6e2d18,0x00000000ec800000)
  to   space 4096K, 0% used [0x00000000ec800000,0x00000000ec800000,0x00000000ecc00000)
 ParOldGen       total 68608K, used 0K [0x00000000c0000000, 0x00000000c4300000, 0x00000000eab00000)
  object space 68608K, 0% used [0x00000000c0000000,0x00000000c0000000,0x00000000c4300000)
 Metaspace       used 10821K, committed 11072K, reserved 1064960K
  class space    used 1092K, committed 1216K, reserved 1048576K

Card table byte_map: [0x00000122f1360000,0x00000122f1570000] _byte_map_base: 0x00000122f0d60000

Marking Bits: (ParMarkBitMap*) 0x00007ffd3a674b80
 Begin Bits: [0x00000122f16d0000, 0x00000122f26d0000)
 End Bits:   [0x00000122f26d0000, 0x00000122f36d0000)

Polling page: 0x00000122dddf0000

Metaspace:

Usage:
  Non-class:      9.50 MB used.
      Class:      1.07 MB used.
       Both:     10.57 MB used.

Virtual space:
  Non-class space:       16.00 MB reserved,       9.62 MB ( 60%) committed,  2 nodes.
      Class space:        1.00 GB reserved,       1.19 MB ( <1%) committed,  1 nodes.
             Both:        1.02 GB reserved,      10.81 MB (  1%) committed. 

Chunk freelists:
   Non-Class:  2.11 MB
       Class:  2.68 MB
        Both:  4.78 MB

MaxMetaspaceSize: unlimited
CompressedClassSpaceSize: 1.00 GB
Initial GC threshold: 21.00 MB
Current GC threshold: 21.00 MB
CDS: off
MetaspaceReclaimPolicy: balanced
 - commit_granule_bytes: 65536.
 - commit_granule_words: 8192.
 - virtual_space_node_default_size: 1048576.
 - enlarge_chunks_in_place: 1.
 - new_chunks_are_fully_committed: 0.
 - uncommit_free_chunks: 1.
 - use_allocation_guard: 0.
 - handle_deallocations: 1.


Internal statistics:

num_allocs_failed_limit: 0.
num_arena_births: 32.
num_arena_deaths: 0.
num_vsnodes_births: 3.
num_vsnodes_deaths: 0.
num_space_committed: 173.
num_space_uncommitted: 0.
num_chunks_returned_to_freelist: 0.
num_chunks_taken_from_freelist: 101.
num_chunk_merges: 0.
num_chunk_splits: 69.
num_chunks_enlarged: 59.
num_purges: 0.
num_inconsistent_stats: 0.

CodeHeap 'non-profiled nmethods': size=120000Kb used=348Kb max_used=348Kb free=119651Kb
 bounds [0x00000122e9c40000, 0x00000122e9eb0000, 0x00000122f1170000]
CodeHeap 'profiled nmethods': size=120000Kb used=1586Kb max_used=1586Kb free=118413Kb
 bounds [0x00000122e2710000, 0x00000122e2980000, 0x00000122e9c40000]
CodeHeap 'non-nmethods': size=5760Kb used=1135Kb max_used=1157Kb free=4624Kb
 bounds [0x00000122e2170000, 0x00000122e23e0000, 0x00000122e2710000]
 total_blobs=1353 nmethods=927 adapters=341
 compilation: enabled
              stopped_count=0, restarted_count=0
 full_count=0

Compilation events (20 events):
Event: 8.668 Thread 0x00000122f3ab64c0 nmethod 906 0x00000122e2893090 code [0x00000122e2893240, 0x00000122e2893468]
Event: 8.668 Thread 0x00000122f3ab64c0  907       3       java.lang.SecurityManager::lambda$addNonExportedPackages$1 (14 bytes)
Event: 8.668 Thread 0x00000122f3ab64c0 nmethod 907 0x00000122e2893510 code [0x00000122e28936c0, 0x00000122e2893948]
Event: 8.668 Thread 0x00000122f3ab64c0  908       3       java.util.HashMap::remove (26 bytes)
Event: 8.668 Thread 0x00000122f3ab64c0 nmethod 908 0x00000122e2893a10 code [0x00000122e2893be0, 0x00000122e2893f58]
Event: 8.668 Thread 0x00000122f3ab64c0  909       1       java.util.ImmutableCollections$SetN::size (5 bytes)
Event: 8.669 Thread 0x00000122f3ab64c0 nmethod 909 0x00000122e9c95e90 code [0x00000122e9c96020, 0x00000122e9c960f8]
Event: 8.669 Thread 0x00000122f3ab64c0  910       3       java.util.stream.ReferencePipeline$StatelessOp::<init> (29 bytes)
Event: 8.669 Thread 0x00000122f3ab64c0 nmethod 910 0x00000122e2894090 code [0x00000122e2894240, 0x00000122e2894408]
Event: 8.673 Thread 0x00000122f3ab64c0  911       3       java.util.stream.Sink$ChainedReference::end (10 bytes)
Event: 8.674 Thread 0x00000122f3ab64c0 nmethod 911 0x00000122e2894510 code [0x00000122e28946c0, 0x00000122e2894888]
Event: 8.674 Thread 0x00000122f3ab64c0  912       3       java.util.HashSet::remove (20 bytes)
Event: 8.674 Thread 0x00000122f3ab64c0 nmethod 912 0x00000122e2894990 code [0x00000122e2894b40, 0x00000122e2894d68]
Event: 8.718 Thread 0x00000122f3ab64c0  913       3       sun.net.util.IPAddressUtil::scan (92 bytes)
Event: 8.723 Thread 0x00000122f3ab64c0 nmethod 913 0x00000122e2894e10 code [0x00000122e2895080, 0x00000122e2895bb8]
Event: 8.732 Thread 0x00000122f3ab64c0  914   !   3       jdk.internal.loader.URLClassPath$JarLoader::ensureOpen (36 bytes)
Event: 8.733 Thread 0x00000122f3ab64c0 nmethod 914 0x00000122e2896190 code [0x00000122e2896360, 0x00000122e28967d8]
Event: 8.876 Thread 0x00000122f3ab64c0  915       3       java.lang.System::checkKey (34 bytes)
Event: 8.877 Thread 0x00000122f3ab64c0 nmethod 915 0x00000122e2896990 code [0x00000122e2896b60, 0x00000122e2896f18]
Event: 8.893 Thread 0x00000122f3aa4010  916       4       lombok.patcher.scripts.AddFieldScript::patch (55 bytes)

GC Heap History (2 events):
Event: 6.475 GC heap before
{Heap before GC invocations=1 (full 0):
 PSYoungGen      total 29696K, used 25599K [0x00000000eab00000, 0x00000000ecc00000, 0x0000000100000000)
  eden space 25600K, 99% used [0x00000000eab00000,0x00000000ec3ffdc8,0x00000000ec400000)
  from space 4096K, 0% used [0x00000000ec800000,0x00000000ec800000,0x00000000ecc00000)
  to   space 4096K, 0% used [0x00000000ec400000,0x00000000ec400000,0x00000000ec800000)
 ParOldGen       total 68608K, used 0K [0x00000000c0000000, 0x00000000c4300000, 0x00000000eab00000)
  object space 68608K, 0% used [0x00000000c0000000,0x00000000c0000000,0x00000000c4300000)
 Metaspace       used 10015K, committed 10176K, reserved 1064960K
  class space    used 1007K, committed 1088K, reserved 1048576K
}
Event: 7.819 GC heap after
{Heap after GC invocations=1 (full 0):
 PSYoungGen      total 29696K, used 2955K [0x00000000eab00000, 0x00000000ecc00000, 0x0000000100000000)
  eden space 25600K, 0% used [0x00000000eab00000,0x00000000eab00000,0x00000000ec400000)
  from space 4096K, 72% used [0x00000000ec400000,0x00000000ec6e2d18,0x00000000ec800000)
  to   space 4096K, 0% used [0x00000000ec800000,0x00000000ec800000,0x00000000ecc00000)
 ParOldGen       total 68608K, used 0K [0x00000000c0000000, 0x00000000c4300000, 0x00000000eab00000)
  object space 68608K, 0% used [0x00000000c0000000,0x00000000c0000000,0x00000000c4300000)
 Metaspace       used 10015K, committed 10176K, reserved 1064960K
  class space    used 1007K, committed 1088K, reserved 1048576K
}

Deoptimization events (20 events):
Event: 6.118 Thread 0x00000122ddd10ed0 Uncommon trap: trap_request=0xffffffde fr.pc=0x00000122e9c6c470 relative=0x0000000000000510
Event: 6.118 Thread 0x00000122ddd10ed0 Uncommon trap: reason=class_check action=maybe_recompile pc=0x00000122e9c6c470 method=java.util.Collections$UnmodifiableCollection$1.<init>(Ljava/util/Collections$UnmodifiableCollection;)V @ 17 c2
Event: 6.118 Thread 0x00000122ddd10ed0 DEOPT PACKING pc=0x00000122e9c6c470 sp=0x00000005100fe590
Event: 6.118 Thread 0x00000122ddd10ed0 DEOPT UNPACKING pc=0x00000122e21c20a3 sp=0x00000005100fe4d8 mode 2
Event: 6.118 Thread 0x00000122ddd10ed0 Uncommon trap: trap_request=0xffffff45 fr.pc=0x00000122e9c89d84 relative=0x0000000000000264
Event: 6.118 Thread 0x00000122ddd10ed0 Uncommon trap: reason=unstable_if action=reinterpret pc=0x00000122e9c89d84 method=java.util.HashMap.hash(Ljava/lang/Object;)I @ 1 c2
Event: 6.119 Thread 0x00000122ddd10ed0 DEOPT PACKING pc=0x00000122e9c89d84 sp=0x00000005100fe540
Event: 6.119 Thread 0x00000122ddd10ed0 DEOPT UNPACKING pc=0x00000122e21c20a3 sp=0x00000005100fe3d8 mode 2
Event: 6.119 Thread 0x00000122ddd10ed0 Uncommon trap: trap_request=0xffffff45 fr.pc=0x00000122e9c867e4 relative=0x0000000000000244
Event: 6.119 Thread 0x00000122ddd10ed0 Uncommon trap: reason=unstable_if action=reinterpret pc=0x00000122e9c867e4 method=java.util.HashMap.hash(Ljava/lang/Object;)I @ 1 c2
Event: 6.119 Thread 0x00000122ddd10ed0 DEOPT PACKING pc=0x00000122e9c867e4 sp=0x00000005100fe5e0
Event: 6.119 Thread 0x00000122ddd10ed0 DEOPT UNPACKING pc=0x00000122e21c20a3 sp=0x00000005100fe4e8 mode 2
Event: 6.119 Thread 0x00000122ddd10ed0 Uncommon trap: trap_request=0xffffffde fr.pc=0x00000122e9c6c470 relative=0x0000000000000510
Event: 6.119 Thread 0x00000122ddd10ed0 Uncommon trap: reason=class_check action=maybe_recompile pc=0x00000122e9c6c470 method=java.util.Collections$UnmodifiableCollection$1.<init>(Ljava/util/Collections$UnmodifiableCollection;)V @ 17 c2
Event: 6.119 Thread 0x00000122ddd10ed0 DEOPT PACKING pc=0x00000122e9c6c470 sp=0x00000005100fe590
Event: 6.119 Thread 0x00000122ddd10ed0 DEOPT UNPACKING pc=0x00000122e21c20a3 sp=0x00000005100fe4d8 mode 2
Event: 6.119 Thread 0x00000122ddd10ed0 Uncommon trap: trap_request=0xffffff45 fr.pc=0x00000122e9c7ab18 relative=0x0000000000000098
Event: 6.119 Thread 0x00000122ddd10ed0 Uncommon trap: reason=unstable_if action=reinterpret pc=0x00000122e9c7ab18 method=java.util.HashMap.hash(Ljava/lang/Object;)I @ 1 c2
Event: 6.119 Thread 0x00000122ddd10ed0 DEOPT PACKING pc=0x00000122e9c7ab18 sp=0x00000005100fe440
Event: 6.119 Thread 0x00000122ddd10ed0 DEOPT UNPACKING pc=0x00000122e21c20a3 sp=0x00000005100fe3d8 mode 2

Classes unloaded (0 events):
No events

Classes redefined (0 events):
No events

Internal exceptions (20 events):
Event: 3.365 Thread 0x00000122ddd10ed0 Exception <a 'java/lang/ClassNotFoundException'{0x00000000eb8f3010}: sun/net/www/protocol/c/Handler> (0x00000000eb8f3010) 
thrown [e:\jenkins\tmp\workspace\build\src\src\hotspot\share\classfile\systemDictionary.cpp, line 256]
Event: 3.381 Thread 0x00000122ddd10ed0 Exception <a 'java/io/FileNotFoundException'{0x00000000eb909ab0}> (0x00000000eb909ab0) 
thrown [e:\jenkins\tmp\workspace\build\src\src\hotspot\share\prims\jni.cpp, line 516]
Event: 3.382 Thread 0x00000122ddd10ed0 Exception <a 'java/io/FileNotFoundException'{0x00000000eb90a7a8}> (0x00000000eb90a7a8) 
thrown [e:\jenkins\tmp\workspace\build\src\src\hotspot\share\prims\jni.cpp, line 516]
Event: 3.383 Thread 0x00000122ddd10ed0 Exception <a 'java/io/FileNotFoundException'{0x00000000eb90b480}> (0x00000000eb90b480) 
thrown [e:\jenkins\tmp\workspace\build\src\src\hotspot\share\prims\jni.cpp, line 516]
Event: 3.384 Thread 0x00000122ddd10ed0 Exception <a 'java/io/FileNotFoundException'{0x00000000eb90c130}> (0x00000000eb90c130) 
thrown [e:\jenkins\tmp\workspace\build\src\src\hotspot\share\prims\jni.cpp, line 516]
Event: 3.479 Thread 0x00000122ddd10ed0 Exception <a 'java/io/FileNotFoundException'{0x00000000eb95c438}> (0x00000000eb95c438) 
thrown [e:\jenkins\tmp\workspace\build\src\src\hotspot\share\prims\jni.cpp, line 516]
Event: 4.495 Thread 0x00000122ddd10ed0 Exception <a 'java/lang/ClassNotFoundException'{0x00000000ec1c90c8}: sun/net/www/protocol/c/Handler> (0x00000000ec1c90c8) 
thrown [e:\jenkins\tmp\workspace\build\src\src\hotspot\share\classfile\systemDictionary.cpp, line 256]
Event: 4.497 Thread 0x00000122ddd10ed0 Exception <a 'java/lang/ClassNotFoundException'{0x00000000ec1ca410}: sun/net/www/protocol/g/Handler> (0x00000000ec1ca410) 
thrown [e:\jenkins\tmp\workspace\build\src\src\hotspot\share\classfile\systemDictionary.cpp, line 256]
Event: 4.497 Thread 0x00000122ddd10ed0 Exception <a 'java/lang/ClassNotFoundException'{0x00000000ec1cb5b0}: sun/net/www/protocol/c/Handler> (0x00000000ec1cb5b0) 
thrown [e:\jenkins\tmp\workspace\build\src\src\hotspot\share\classfile\systemDictionary.cpp, line 256]
Event: 4.600 Thread 0x00000122ddd10ed0 Exception <a 'java/io/FileNotFoundException'{0x00000000ec1ebed0}> (0x00000000ec1ebed0) 
thrown [e:\jenkins\tmp\workspace\build\src\src\hotspot\share\prims\jni.cpp, line 516]
Event: 6.118 Thread 0x00000122ddd10ed0 Implicit null exception at 0x00000122e9c77540 to 0x00000122e9c77e94
Event: 6.118 Thread 0x00000122ddd10ed0 Implicit null exception at 0x00000122e9c89b6c to 0x00000122e9c89d6c
Event: 6.119 Thread 0x00000122ddd10ed0 Implicit null exception at 0x00000122e9c865ec to 0x00000122e9c867cc
Event: 6.119 Thread 0x00000122ddd10ed0 Implicit null exception at 0x00000122e9c7aa8f to 0x00000122e9c7ab09
Event: 8.405 Thread 0x00000122ddd10ed0 Exception <a 'java/lang/NoSuchMethodError'{0x00000000eac8c128}: 'int java.lang.invoke.DirectMethodHandle$Holder.invokeStaticInit(java.lang.Object, java.lang.Object, java.lang.Object, java.lang.Object)'> (0x00000000eac8c128) 
thrown [e:\jenkins\tmp\workspace\build\src\src\hotspot\share\interpreter\linkResolver.cpp, line 766]
Event: 8.428 Thread 0x00000122ddd10ed0 Exception <a 'java/lang/NoSuchMethodError'{0x00000000eac968a0}: 'java.lang.Object java.lang.invoke.DirectMethodHandle$Holder.invokeInterface(java.lang.Object, java.lang.Object)'> (0x00000000eac968a0) 
thrown [e:\jenkins\tmp\workspace\build\src\src\hotspot\share\interpreter\linkResolver.cpp, line 766]
Event: 8.462 Thread 0x00000122ddd10ed0 Exception <a 'java/lang/IncompatibleClassChangeError'{0x00000000eac9a098}: Found class java.lang.Object, but interface was expected> (0x00000000eac9a098) 
thrown [e:\jenkins\tmp\workspace\build\src\src\hotspot\share\interpreter\linkResolver.cpp, line 833]
Event: 8.467 Thread 0x00000122ddd10ed0 Exception <a 'java/lang/NoSuchMethodError'{0x00000000eac9fa38}: 'void java.lang.invoke.DirectMethodHandle$Holder.invokeStatic(java.lang.Object, java.lang.Object)'> (0x00000000eac9fa38) 
thrown [e:\jenkins\tmp\workspace\build\src\src\hotspot\share\interpreter\linkResolver.cpp, line 766]
Event: 8.480 Thread 0x00000122ddd10ed0 Exception <a 'java/lang/NoSuchMethodError'{0x00000000eaca3238}: 'void java.lang.invoke.DirectMethodHandle$Holder.invokeStaticInit(java.lang.Object, java.lang.Object)'> (0x00000000eaca3238) 
thrown [e:\jenkins\tmp\workspace\build\src\src\hotspot\share\interpreter\linkResolver.cpp, line 766]
Event: 8.642 Thread 0x00000122ddd10ed0 Exception <a 'java/lang/NoSuchMethodError'{0x00000000eacabc18}: 'int java.lang.invoke.DirectMethodHandle$Holder.invokeStaticInit(java.lang.Object, java.lang.Object)'> (0x00000000eacabc18) 
thrown [e:\jenkins\tmp\workspace\build\src\src\hotspot\share\interpreter\linkResolver.cpp, line 766]

VM Operations (20 events):
Event: 1.524 Executing VM operation: HandshakeAllThreads
Event: 1.524 Executing VM operation: HandshakeAllThreads done
Event: 1.524 Executing VM operation: Cleanup
Event: 1.524 Executing VM operation: Cleanup done
Event: 2.529 Executing VM operation: Cleanup
Event: 2.529 Executing VM operation: Cleanup done
Event: 3.113 Executing VM operation: HandshakeAllThreads
Event: 3.113 Executing VM operation: HandshakeAllThreads done
Event: 3.350 Executing VM operation: HandshakeAllThreads
Event: 3.350 Executing VM operation: HandshakeAllThreads done
Event: 4.353 Executing VM operation: Cleanup
Event: 4.369 Executing VM operation: Cleanup done
Event: 4.383 Executing VM operation: HandshakeAllThreads
Event: 4.383 Executing VM operation: HandshakeAllThreads done
Event: 5.398 Executing VM operation: Cleanup
Event: 5.609 Executing VM operation: Cleanup done
Event: 6.475 Executing VM operation: ParallelGCFailedAllocation
Event: 7.820 Executing VM operation: ParallelGCFailedAllocation done
Event: 8.820 Executing VM operation: Cleanup
Event: 8.870 Executing VM operation: Cleanup done

Events (20 events):
Event: 8.921 loading class java/io/File$TempDirectory
Event: 8.922 loading class java/io/File$TempDirectory done
Event: 8.922 loading class java/security/SecureRandom
Event: 8.923 loading class java/security/SecureRandom done
Event: 8.923 loading class java/util/AbstractList$Itr
Event: 8.924 loading class java/util/AbstractList$Itr done
Event: 8.924 loading class java/security/SecureRandomParameters
Event: 8.924 loading class java/security/SecureRandomParameters done
Event: 8.924 loading class sun/security/provider/DRBG
Event: 8.925 loading class java/security/SecureRandomSpi
Event: 8.925 loading class java/security/SecureRandomSpi done
Event: 8.925 loading class sun/security/provider/DRBG done
Event: 8.926 loading class java/security/DrbgParameters$Capability
Event: 8.926 loading class java/security/DrbgParameters$Capability done
Event: 8.926 loading class sun/security/provider/MoreDrbgParameters
Event: 8.927 loading class sun/security/provider/MoreDrbgParameters done
Event: 8.927 loading class java/security/DrbgParameters
Event: 8.927 loading class java/security/DrbgParameters done
Event: 8.927 loading class java/security/DrbgParameters$Instantiation
Event: 8.927 loading class java/security/DrbgParameters$Instantiation done


Dynamic libraries:
0x00007ff65c480000 - 0x00007ff65c48e000 	c:\Users\User\.vscode\extensions\redhat.java-1.7.0-win32-x64\jre\17.0.3-win32-x86_64\bin\java.exe
0x00007ffda7630000 - 0x00007ffda7825000 	C:\Windows\SYSTEM32\ntdll.dll
0x00007ffda6560000 - 0x00007ffda661d000 	C:\Windows\System32\KERNEL32.DLL
0x00007ffda4fb0000 - 0x00007ffda5278000 	C:\Windows\System32\KERNELBASE.dll
0x00007ffda4eb0000 - 0x00007ffda4fb0000 	C:\Windows\System32\ucrtbase.dll
0x00007ffd97250000 - 0x00007ffd97268000 	c:\Users\User\.vscode\extensions\redhat.java-1.7.0-win32-x64\jre\17.0.3-win32-x86_64\bin\jli.dll
0x00007ffda57b0000 - 0x00007ffda5950000 	C:\Windows\System32\USER32.dll
0x00007ffda4dd0000 - 0x00007ffda4df2000 	C:\Windows\System32\win32u.dll
0x00007ffda7450000 - 0x00007ffda747a000 	C:\Windows\System32\GDI32.dll
0x00007ffda5580000 - 0x00007ffda568b000 	C:\Windows\System32\gdi32full.dll
0x00007ffda54e0000 - 0x00007ffda557d000 	C:\Windows\System32\msvcp_win.dll
0x00007ffd954f0000 - 0x00007ffd95509000 	c:\Users\User\.vscode\extensions\redhat.java-1.7.0-win32-x64\jre\17.0.3-win32-x86_64\bin\VCRUNTIME140.dll
0x00007ffd95b60000 - 0x00007ffd95dfa000 	C:\Windows\WinSxS\amd64_microsoft.windows.common-controls_6595b64144ccf1df_6.0.19041.844_none_ca00b6081b84eb1d\COMCTL32.dll
0x00007ffda73a0000 - 0x00007ffda743e000 	C:\Windows\System32\msvcrt.dll
0x00007ffda6c20000 - 0x00007ffda6c50000 	C:\Windows\System32\IMM32.DLL
0x00007ffd9bf20000 - 0x00007ffd9bf2c000 	c:\Users\User\.vscode\extensions\redhat.java-1.7.0-win32-x64\jre\17.0.3-win32-x86_64\bin\vcruntime140_1.dll
0x00007ffd5dc10000 - 0x00007ffd5dca1000 	c:\Users\User\.vscode\extensions\redhat.java-1.7.0-win32-x64\jre\17.0.3-win32-x86_64\bin\msvcp140.dll
0x00007ffd39af0000 - 0x00007ffd3a738000 	c:\Users\User\.vscode\extensions\redhat.java-1.7.0-win32-x64\jre\17.0.3-win32-x86_64\bin\server\jvm.dll
0x00007ffda6f70000 - 0x00007ffda701c000 	C:\Windows\System32\ADVAPI32.dll
0x00007ffda6c50000 - 0x00007ffda6ceb000 	C:\Windows\System32\sechost.dll
0x00007ffda5bb0000 - 0x00007ffda5cdb000 	C:\Windows\System32\RPCRT4.dll
0x00007ffda7440000 - 0x00007ffda7448000 	C:\Windows\System32\PSAPI.DLL
0x00007ffd93660000 - 0x00007ffd93669000 	C:\Windows\SYSTEM32\WSOCK32.dll
0x00007ffda6430000 - 0x00007ffda649b000 	C:\Windows\System32\WS2_32.dll
0x00007ffd975e0000 - 0x00007ffd97607000 	C:\Windows\SYSTEM32\WINMM.dll
0x00007ffd93120000 - 0x00007ffd9312a000 	C:\Windows\SYSTEM32\VERSION.dll
0x00007ffda3600000 - 0x00007ffda3612000 	C:\Windows\SYSTEM32\kernel.appcore.dll
0x00007ffd9af90000 - 0x00007ffd9af9a000 	c:\Users\User\.vscode\extensions\redhat.java-1.7.0-win32-x64\jre\17.0.3-win32-x86_64\bin\jimage.dll
0x00007ffda3310000 - 0x00007ffda34f4000 	C:\Windows\SYSTEM32\DBGHELP.DLL
0x00007ffd921f0000 - 0x00007ffd9221c000 	C:\Windows\SYSTEM32\dbgcore.DLL
0x00007ffda5300000 - 0x00007ffda5380000 	C:\Windows\System32\bcryptPrimitives.dll
0x00007ffd9a8b0000 - 0x00007ffd9a8be000 	c:\Users\User\.vscode\extensions\redhat.java-1.7.0-win32-x64\jre\17.0.3-win32-x86_64\bin\instrument.dll
0x00007ffd833c0000 - 0x00007ffd833e5000 	c:\Users\User\.vscode\extensions\redhat.java-1.7.0-win32-x64\jre\17.0.3-win32-x86_64\bin\java.dll
0x00007ffd8ac70000 - 0x00007ffd8ac88000 	c:\Users\User\.vscode\extensions\redhat.java-1.7.0-win32-x64\jre\17.0.3-win32-x86_64\bin\zip.dll
0x00007ffda5ce0000 - 0x00007ffda6422000 	C:\Windows\System32\SHELL32.dll
0x00007ffda2ab0000 - 0x00007ffda3240000 	C:\Windows\SYSTEM32\windows.storage.dll
0x00007ffda7040000 - 0x00007ffda7395000 	C:\Windows\System32\combase.dll
0x00007ffda4710000 - 0x00007ffda473c000 	C:\Windows\SYSTEM32\Wldp.dll
0x00007ffda64b0000 - 0x00007ffda655e000 	C:\Windows\System32\SHCORE.dll
0x00007ffda6e40000 - 0x00007ffda6e95000 	C:\Windows\System32\shlwapi.dll
0x00007ffda4cb0000 - 0x00007ffda4ccf000 	C:\Windows\SYSTEM32\profapi.dll
0x00007ffd7dd40000 - 0x00007ffd7dd59000 	C:\Users\User\.vscode\extensions\redhat.java-1.7.0-win32-x64\jre\17.0.3-win32-x86_64\bin\net.dll
0x00007ffd96490000 - 0x00007ffd9659b000 	C:\Windows\SYSTEM32\WINHTTP.dll
0x00007ffda44f0000 - 0x00007ffda455a000 	C:\Windows\system32\mswsock.dll
0x00007ffd7d210000 - 0x00007ffd7d225000 	C:\Users\User\.vscode\extensions\redhat.java-1.7.0-win32-x64\jre\17.0.3-win32-x86_64\bin\nio.dll
0x00007ffd96a20000 - 0x00007ffd96a30000 	c:\Users\User\.vscode\extensions\redhat.java-1.7.0-win32-x64\jre\17.0.3-win32-x86_64\bin\verify.dll
0x00007ffda4750000 - 0x00007ffda4768000 	C:\Windows\SYSTEM32\CRYPTSP.dll
0x00007ffda3e40000 - 0x00007ffda3e74000 	C:\Windows\system32\rsaenh.dll
0x00007ffda52d0000 - 0x00007ffda52f7000 	C:\Windows\System32\bcrypt.dll
0x00007ffda4c70000 - 0x00007ffda4c9e000 	C:\Windows\SYSTEM32\USERENV.dll
0x00007ffda4670000 - 0x00007ffda467c000 	C:\Windows\SYSTEM32\CRYPTBASE.dll
0x00007ffda41b0000 - 0x00007ffda41eb000 	C:\Windows\SYSTEM32\IPHLPAPI.DLL

dbghelp: loaded successfully - version: 4.0.5 - missing functions: none
symbol engine: initialized successfully - sym options: 0x614 - pdb path: .;c:\Users\User\.vscode\extensions\redhat.java-1.7.0-win32-x64\jre\17.0.3-win32-x86_64\bin;C:\Windows\SYSTEM32;C:\Windows\WinSxS\amd64_microsoft.windows.common-controls_6595b64144ccf1df_6.0.19041.844_none_ca00b6081b84eb1d;c:\Users\User\.vscode\extensions\redhat.java-1.7.0-win32-x64\jre\17.0.3-win32-x86_64\bin\server

VM Arguments:
jvm_args: --add-modules=ALL-SYSTEM --add-opens=java.base/java.util=ALL-UNNAMED --add-opens=java.base/java.lang=ALL-UNNAMED --add-opens=java.base/sun.nio.fs=ALL-UNNAMED -Declipse.application=org.eclipse.jdt.ls.core.id1 -Dosgi.bundles.defaultStartLevel=4 -Declipse.product=org.eclipse.jdt.ls.core.product -Djava.import.generatesMetadataFilesAtProjectRoot=false -Dfile.encoding=utf8 -DwatchParentProcess=false -XX:+UseParallelGC -XX:GCTimeRatio=4 -XX:AdaptiveSizePolicyWeight=90 -Dsun.zip.disableMemoryMapping=true -Xmx1G -Xms100m -javaagent:c:\Users\User\.vscode\extensions\gabrielbb.vscode-lombok-1.0.1\server\lombok.jar 
java_command: c:\Users\User\.vscode\extensions\redhat.java-1.7.0-win32-x64\server\plugins\org.eclipse.equinox.launcher_1.6.400.v20210924-0641.jar -configuration c:\Users\User\AppData\Roaming\Code\User\globalStorage\redhat.java\1.7.0\config_ss_win -data c:\Users\User\AppData\Roaming\Code\User\workspaceStorage\a9902b046c2dc337595b12003a0e8262\redhat.java\ss_ws
java_class_path (initial): c:\Users\User\.vscode\extensions\redhat.java-1.7.0-win32-x64\server\plugins\org.eclipse.equinox.launcher_1.6.400.v20210924-0641.jar
Launcher Type: SUN_STANDARD

[Global flags]
    uintx AdaptiveSizePolicyWeight                 = 90                                        {product} {command line}
     intx CICompilerCount                          = 3                                         {product} {ergonomic}
    uintx GCTimeRatio                              = 4                                         {product} {command line}
   size_t InitialHeapSize                          = 104857600                                 {product} {command line}
   size_t MaxHeapSize                              = 1073741824                                {product} {command line}
   size_t MaxNewSize                               = 357564416                                 {product} {ergonomic}
   size_t MinHeapDeltaBytes                        = 524288                                    {product} {ergonomic}
   size_t MinHeapSize                              = 104857600                                 {product} {command line}
   size_t NewSize                                  = 34603008                                  {product} {ergonomic}
    uintx NonNMethodCodeHeapSize                   = 5832780                                {pd product} {ergonomic}
    uintx NonProfiledCodeHeapSize                  = 122912730                              {pd product} {ergonomic}
   size_t OldSize                                  = 70254592                                  {product} {ergonomic}
    uintx ProfiledCodeHeapSize                     = 122912730                              {pd product} {ergonomic}
    uintx ReservedCodeCacheSize                    = 251658240                              {pd product} {ergonomic}
     bool SegmentedCodeCache                       = true                                      {product} {ergonomic}
   size_t SoftMaxHeapSize                          = 1073741824                             {manageable} {ergonomic}
     bool UseCompressedClassPointers               = true                           {product lp64_product} {ergonomic}
     bool UseCompressedOops                        = true                           {product lp64_product} {ergonomic}
     bool UseLargePagesIndividualAllocation        = false                                  {pd product} {ergonomic}
     bool UseParallelGC                            = true                                      {product} {command line}

Logging:
Log output configuration:
 #0: stdout all=warning uptime,level,tags
 #1: stderr all=off uptime,level,tags

Environment Variables:
JAVA_HOME=C:\Program Files\Java\jdk-17.0.2
PATH=C:\Windows\system32;C:\Windows;C:\Windows\System32\Wbem;C:\Windows\System32\WindowsPowerShell\v1.0\;C:\Windows\System32\OpenSSH\;C:\Program Files\Git\cmd;C:\Program Files\Git\mingw64\bin;C:\Program Files\Git\usr\bin;C:\Program Files\Java\jdk-17.0.2\bin;C:\Program Files\nodejs\;C:\ProgramData\chocolatey\bin;;C:\Program Files\Docker\Docker\resources\bin;C:\ProgramData\DockerDesktop\version-bin;C:\Users\User\AppData\Local\Programs\Python\Python310\Scripts\;C:\Users\User\AppData\Local\Programs\Python\Python310\;C:\Users\User\anaconda3;C:\Users\User\anaconda3\Library\mingw-w64\bin;C:\Users\User\anaconda3\Library\usr\bin;C:\Users\User\anaconda3\Library\bin;C:\Users\User\anaconda3\Scripts;C:\Users\User\AppData\Local\Microsoft\WindowsApps;C:\Users\User\AppData\Local\Programs\Microsoft VS Code\bin;C:\MongoDB\mongosh-1.1.9-win32-x64\bin;;C:\Program Files\JetBrains\IntelliJ IDEA Community Edition 2021.3.2\bin;;C:\Users\User\AppData\Roaming\npm
USERNAME=User
OS=Windows_NT
PROCESSOR_IDENTIFIER=Intel64 Family 6 Model 142 Stepping 9, GenuineIntel



---------------  S Y S T E M  ---------------

OS:
 Windows 10 , 64 bit Build 19041 (10.0.19041.928)
OS uptime: 4 days 20:36 hours
Hyper-V role detected

CPU: total 4 (initial active 4) (2 cores per cpu, 2 threads per core) family 6 model 142 stepping 9 microcode 0xde, cx8, cmov, fxsr, ht, mmx, 3dnowpref, sse, sse2, sse3, ssse3, sse4.1, sse4.2, popcnt, lzcnt, tsc, tscinvbit, avx, avx2, aes, erms, clmul, bmi1, bmi2, adx, fma, vzeroupper, clflush, clflushopt, hv

Memory: 4k page, system-wide physical 4007M (165M free)
TotalPageFile size 16295M (AvailPageFile size 6M)
current process WorkingSet (physical memory assigned to process): 71M, peak: 71M
current process commit charge ("private bytes"): 182M, peak: 183M

vm_info: OpenJDK 64-Bit Server VM (17.0.3+7) for windows-amd64 JRE (17.0.3+7), built on Apr 19 2022 16:55:35 by "" with MS VC++ 16.7 (VS2019)

END.
